#-----------------------------------------------------------
# Vivado v2018.3 (64-bit)
# SW Build 2405991 on Thu Dec  6 23:38:27 MST 2018
# IP Build 2404404 on Fri Dec  7 01:43:56 MST 2018
# Start of session at: Fri Mar  1 11:43:40 2019
# Process ID: 14140
# Current directory: D:/ENES246-master/ENES246-master/-8SevenSegDisplays/1_SevenSegDisplays
# Command line: vivado.exe -gui_launcher_event rodinguilauncherevent43336 D:\ENES246-master\ENES246-master\-8SevenSegDisplays\1_SevenSegDisplays\Testing7SegDisplay.xpr
# Log file: D:/ENES246-master/ENES246-master/-8SevenSegDisplays/1_SevenSegDisplays/vivado.log
# Journal file: D:/ENES246-master/ENES246-master/-8SevenSegDisplays/1_SevenSegDisplays\vivado.jou
#-----------------------------------------------------------
start_gui
open_project D:/ENES246-master/ENES246-master/-8SevenSegDisplays/1_SevenSegDisplays/Testing7SegDisplay.xpr
INFO: [Project 1-313] Project file moved from 'C:/Users/FoersterGame/Documents/GitHub/ENES247/lab2-7segDisplayofAdders/Lab2_0Testing7SegDisplay' since last save.
Scanning sources...
Finished scanning sources
WARNING: [filemgmt 56-2] IPUserFilesDir: Could not find the directory 'D:/ENES246-master/ENES246-master/-8SevenSegDisplays/1_SevenSegDisplays/Testing7SegDisplay.ip_user_files', nor could it be found using path 'C:/Users/FoersterGame/Documents/GitHub/ENES247/lab2-7segDisplayofAdders/Lab2_0Testing7SegDisplay/Testing7SegDisplay.ip_user_files'.
CRITICAL WARNING: [Board 49-67] The board_part definition was not found for digilentinc.com:nexys4_ddr:part0:1.1. This can happen sometimes when you use custom board part. You can resolve this issue by setting 'board.repoPaths' parameter, pointing to the location of custom board files. Valid board_part values can be retrieved with the 'get_board_parts' Tcl command.
INFO: [IP_Flow 19-234] Refreshing IP repositories
INFO: [IP_Flow 19-1704] No user IP repositories specified
INFO: [IP_Flow 19-2313] Loaded Vivado IP repository 'D:/Vivado/2018.3/data/ip'.
open_project: Time (s): cpu = 00:00:14 ; elapsed = 00:00:05 . Memory (MB): peak = 735.488 ; gain = 127.246
update_compile_order -fileset sources_1
synth_design -rtl -name rtl_1
Command: synth_design -rtl -name rtl_1
Starting synth_design
Using part: xc7a100tcsg324-1
Top: simple7Seg
---------------------------------------------------------------------------------
Starting RTL Elaboration : Time (s): cpu = 00:00:02 ; elapsed = 00:00:02 . Memory (MB): peak = 829.594 ; gain = 91.547
---------------------------------------------------------------------------------
INFO: [Synth 8-6157] synthesizing module 'simple7Seg' [D:/ENES246-master/ENES246-master/-8SevenSegDisplays/1_SevenSegDisplays/Testing7SegDisplay.srcs/sources_1/new/simple7Seg.v:1]
INFO: [Synth 8-6155] done synthesizing module 'simple7Seg' (1#1) [D:/ENES246-master/ENES246-master/-8SevenSegDisplays/1_SevenSegDisplays/Testing7SegDisplay.srcs/sources_1/new/simple7Seg.v:1]
WARNING: [Synth 8-3330] design simple7Seg has an empty top module
---------------------------------------------------------------------------------
Finished RTL Elaboration : Time (s): cpu = 00:00:02 ; elapsed = 00:00:03 . Memory (MB): peak = 849.770 ; gain = 111.723
---------------------------------------------------------------------------------

Report Check Netlist: 
+------+------------------+-------+---------+-------+------------------+
|      |Item              |Errors |Warnings |Status |Description       |
+------+------------------+-------+---------+-------+------------------+
|1     |multi_driven_nets |      0|        0|Passed |Multi driven nets |
+------+------------------+-------+---------+-------+------------------+
---------------------------------------------------------------------------------
Start Handling Custom Attributes
---------------------------------------------------------------------------------
---------------------------------------------------------------------------------
Finished Handling Custom Attributes : Time (s): cpu = 00:00:03 ; elapsed = 00:00:03 . Memory (MB): peak = 849.770 ; gain = 111.723
---------------------------------------------------------------------------------
---------------------------------------------------------------------------------
Finished RTL Optimization Phase 1 : Time (s): cpu = 00:00:03 ; elapsed = 00:00:03 . Memory (MB): peak = 849.770 ; gain = 111.723
---------------------------------------------------------------------------------
INFO: [Device 21-403] Loading part xc7a100tcsg324-1
INFO: [Project 1-570] Preparing netlist for logic optimization
INFO: [Opt 31-140] Inserted 16 IBUFs to IO ports without IO buffers.
INFO: [Opt 31-141] Inserted 32 OBUFs to IO ports without IO buffers.

Processing XDC Constraints
Initializing timing engine
Parsing XDC File [D:/ENES246-master/ENES246-master/-8SevenSegDisplays/1_SevenSegDisplays/Testing7SegDisplay.srcs/constrs_1/imports/CONSTANTS/Nexys4DDR_Master.xdc]
Finished Parsing XDC File [D:/ENES246-master/ENES246-master/-8SevenSegDisplays/1_SevenSegDisplays/Testing7SegDisplay.srcs/constrs_1/imports/CONSTANTS/Nexys4DDR_Master.xdc]
Completed Processing XDC Constraints

INFO: [Opt 31-138] Pushed 0 inverter(s) to 0 load pin(s).
Netlist sorting complete. Time (s): cpu = 00:00:00 ; elapsed = 00:00:00 . Memory (MB): peak = 1170.723 ; gain = 0.000
INFO: [Project 1-111] Unisim Transformation Summary:
No Unisim elements were transformed.

RTL Elaboration Complete:  : Time (s): cpu = 00:00:17 ; elapsed = 00:00:12 . Memory (MB): peak = 1218.645 ; gain = 480.598
8 Infos, 1 Warnings, 0 Critical Warnings and 0 Errors encountered.
synth_design completed successfully
synth_design: Time (s): cpu = 00:00:17 ; elapsed = 00:00:12 . Memory (MB): peak = 1218.645 ; gain = 480.598
reset_run synth_1
launch_runs synth_1 -jobs 4
[Fri Mar  1 11:45:12 2019] Launched synth_1...
Run output will be captured here: D:/ENES246-master/ENES246-master/-8SevenSegDisplays/1_SevenSegDisplays/Testing7SegDisplay.runs/synth_1/runme.log
