#-----------------------------------------------------------
# Vivado v2018.3 (64-bit)
# SW Build 2405991 on Thu Dec  6 23:38:27 MST 2018
# IP Build 2404404 on Fri Dec  7 01:43:56 MST 2018
# Start of session at: Wed Feb  6 09:14:22 2019
# Process ID: 17640
# Current directory: C:/Users/FoersterGame/Documents/GitHub/ENES246/-5MuxOfMux/m4x2Mux
# Command line: vivado.exe -gui_launcher_event rodinguilauncherevent9072 C:\Users\FoersterGame\Documents\GitHub\ENES246\-5MuxOfMux\m4x2Mux\m4x2Mux.xpr
# Log file: C:/Users/FoersterGame/Documents/GitHub/ENES246/-5MuxOfMux/m4x2Mux/vivado.log
# Journal file: C:/Users/FoersterGame/Documents/GitHub/ENES246/-5MuxOfMux/m4x2Mux\vivado.jou
#-----------------------------------------------------------
start_gui
open_project C:/Users/FoersterGame/Documents/GitHub/ENES246/-5MuxOfMux/m4x2Mux/m4x2Mux.xpr
INFO: [Project 1-313] Project file moved from 'C:/Users/Scott Foerster/Documents/GitHub/ENES246/-5MuxOfMux/m4x2Mux' since last save.
Scanning sources...
Finished scanning sources
WARNING: [filemgmt 56-2] IPUserFilesDir: Could not find the directory 'C:/Users/FoersterGame/Documents/GitHub/ENES246/-5MuxOfMux/m4x2Mux/m4x2Mux.ip_user_files', nor could it be found using path 'C:/Users/Scott Foerster/Documents/GitHub/ENES246/-5MuxOfMux/m4x2Mux/m4x2Mux.ip_user_files'.
INFO: [IP_Flow 19-234] Refreshing IP repositories
INFO: [IP_Flow 19-1704] No user IP repositories specified
INFO: [IP_Flow 19-2313] Loaded Vivado IP repository 'C:/Xilinx/Vivado/2018.3/data/ip'.
update_compile_order -fileset sources_1
close_project
exit
INFO: [Common 17-206] Exiting Vivado at Wed Feb  6 09:20:30 2019...
