#-----------------------------------------------------------
# Vivado v2018.3 (64-bit)
# SW Build 2405991 on Thu Dec  6 23:38:27 MST 2018
# IP Build 2404404 on Fri Dec  7 01:43:56 MST 2018
# Start of session at: Wed Jan 23 15:47:51 2019
# Process ID: 12476
# Current directory: C:/Users/Scott Foerster/Documents/GitHub/ENES246/-5MuxOfMux/m4x2Mux
# Command line: vivado.exe -gui_launcher_event rodinguilauncherevent11884 C:\Users\Scott Foerster\Documents\GitHub\ENES246\-5MuxOfMux\m4x2Mux\m4x2Mux.xpr
# Log file: C:/Users/Scott Foerster/Documents/GitHub/ENES246/-5MuxOfMux/m4x2Mux/vivado.log
# Journal file: C:/Users/Scott Foerster/Documents/GitHub/ENES246/-5MuxOfMux/m4x2Mux\vivado.jou
#-----------------------------------------------------------
start_gui
open_project {C:/Users/Scott Foerster/Documents/GitHub/ENES246/-5MuxOfMux/m4x2Mux/m4x2Mux.xpr}
INFO: [Project 1-313] Project file moved from 'C:/Users/Scott Foerster/Documents/GitHub/ENES246/-5MuxOfMux/m4x2Mux/m4x2Mux/m4x2Mux' since last save.
Scanning sources...
Finished scanning sources
INFO: [IP_Flow 19-234] Refreshing IP repositories
INFO: [IP_Flow 19-1704] No user IP repositories specified
INFO: [IP_Flow 19-2313] Loaded Vivado IP repository 'C:/Xilinx/Vivado/2018.3/data/ip'.
open_project: Time (s): cpu = 00:00:10 ; elapsed = 00:00:05 . Memory (MB): peak = 685.582 ; gain = 94.676
update_compile_order -fileset sources_1
synth_design -rtl -name rtl_1
Command: synth_design -rtl -name rtl_1
Starting synth_design
Using part: xc7a100tcsg324-1
Top: m4x2Mux
---------------------------------------------------------------------------------
Starting RTL Elaboration : Time (s): cpu = 00:00:02 ; elapsed = 00:00:02 . Memory (MB): peak = 863.910 ; gain = 95.625
---------------------------------------------------------------------------------
INFO: [Synth 8-6157] synthesizing module 'm4x2Mux' [C:/Users/Scott Foerster/Documents/GitHub/ENES246/-5MuxOfMux/m4x2Mux/m4x2Mux.srcs/sources_1/new/m4x2Mux.v:3]
INFO: [Synth 8-6157] synthesizing module 'm2x1Mux' [C:/Users/Scott Foerster/Documents/GitHub/ENES246/-5MuxOfMux/m4x2Mux/m4x2Mux.srcs/sources_1/imports/new/m2x1mux.v:2]
INFO: [Synth 8-6155] done synthesizing module 'm2x1Mux' (1#1) [C:/Users/Scott Foerster/Documents/GitHub/ENES246/-5MuxOfMux/m4x2Mux/m4x2Mux.srcs/sources_1/imports/new/m2x1mux.v:2]
INFO: [Synth 8-6155] done synthesizing module 'm4x2Mux' (2#1) [C:/Users/Scott Foerster/Documents/GitHub/ENES246/-5MuxOfMux/m4x2Mux/m4x2Mux.srcs/sources_1/new/m4x2Mux.v:3]
---------------------------------------------------------------------------------
Finished RTL Elaboration : Time (s): cpu = 00:00:03 ; elapsed = 00:00:03 . Memory (MB): peak = 883.977 ; gain = 115.691
---------------------------------------------------------------------------------

Report Check Netlist: 
+------+------------------+-------+---------+-------+------------------+
|      |Item              |Errors |Warnings |Status |Description       |
+------+------------------+-------+---------+-------+------------------+
|1     |multi_driven_nets |      0|        0|Passed |Multi driven nets |
+------+------------------+-------+---------+-------+------------------+
---------------------------------------------------------------------------------
Start Handling Custom Attributes
---------------------------------------------------------------------------------
---------------------------------------------------------------------------------
Finished Handling Custom Attributes : Time (s): cpu = 00:00:03 ; elapsed = 00:00:03 . Memory (MB): peak = 883.977 ; gain = 115.691
---------------------------------------------------------------------------------
---------------------------------------------------------------------------------
Finished RTL Optimization Phase 1 : Time (s): cpu = 00:00:03 ; elapsed = 00:00:03 . Memory (MB): peak = 883.977 ; gain = 115.691
---------------------------------------------------------------------------------
INFO: [Device 21-403] Loading part xc7a100tcsg324-1
INFO: [Project 1-570] Preparing netlist for logic optimization

Processing XDC Constraints
Initializing timing engine
Parsing XDC File [C:/Users/Scott Foerster/Documents/GitHub/ENES246/-5MuxOfMux/m4x2Mux/m4x2Mux.srcs/constrs_1/imports/m4x2Mux/Nexys4DDR_Master.xdc]
Finished Parsing XDC File [C:/Users/Scott Foerster/Documents/GitHub/ENES246/-5MuxOfMux/m4x2Mux/m4x2Mux.srcs/constrs_1/imports/m4x2Mux/Nexys4DDR_Master.xdc]
Completed Processing XDC Constraints

INFO: [Opt 31-138] Pushed 0 inverter(s) to 0 load pin(s).
Netlist sorting complete. Time (s): cpu = 00:00:00 ; elapsed = 00:00:00 . Memory (MB): peak = 1173.172 ; gain = 0.000
INFO: [Project 1-111] Unisim Transformation Summary:
No Unisim elements were transformed.

RTL Elaboration Complete:  : Time (s): cpu = 00:00:13 ; elapsed = 00:00:10 . Memory (MB): peak = 1224.477 ; gain = 456.191
8 Infos, 0 Warnings, 0 Critical Warnings and 0 Errors encountered.
synth_design completed successfully
synth_design: Time (s): cpu = 00:00:13 ; elapsed = 00:00:10 . Memory (MB): peak = 1224.477 ; gain = 456.191
reset_run synth_1
launch_runs synth_1 -jobs 3
[Wed Jan 23 15:50:52 2019] Launched synth_1...
Run output will be captured here: C:/Users/Scott Foerster/Documents/GitHub/ENES246/-5MuxOfMux/m4x2Mux/m4x2Mux.runs/synth_1/runme.log
launch_runs impl_1 -jobs 3
[Wed Jan 23 15:51:21 2019] Launched impl_1...
Run output will be captured here: C:/Users/Scott Foerster/Documents/GitHub/ENES246/-5MuxOfMux/m4x2Mux/m4x2Mux.runs/impl_1/runme.log
launch_runs impl_1 -to_step write_bitstream -jobs 3
[Wed Jan 23 15:52:20 2019] Launched impl_1...
Run output will be captured here: C:/Users/Scott Foerster/Documents/GitHub/ENES246/-5MuxOfMux/m4x2Mux/m4x2Mux.runs/impl_1/runme.log
open_hw
connect_hw_server
INFO: [Labtools 27-2285] Connecting to hw_server url TCP:localhost:3121
INFO: [Labtools 27-2222] Launching hw_server...
INFO: [Labtools 27-2221] Launch Output:

****** Xilinx hw_server v2018.3
  **** Build date : Dec  7 2018-00:40:27
    ** Copyright 1986-2018 Xilinx, Inc. All Rights Reserved.


open_hw_target
INFO: [Labtoolstcl 44-466] Opening hw_target localhost:3121/xilinx_tcf/Digilent/210292A8B177A
set_property PROGRAM.FILE {C:/Users/Scott Foerster/Documents/GitHub/ENES246/-5MuxOfMux/m4x2Mux/m4x2Mux.runs/impl_1/m4x2Mux.bit} [get_hw_devices xc7a100t_0]
current_hw_device [get_hw_devices xc7a100t_0]
refresh_hw_device -update_hw_probes false [lindex [get_hw_devices xc7a100t_0] 0]
INFO: [Labtools 27-1434] Device xc7a100t (JTAG device index = 0) is programmed with a design that has no supported debug core(s) in it.
set_property PROBES.FILE {} [get_hw_devices xc7a100t_0]
set_property FULL_PROBES.FILE {} [get_hw_devices xc7a100t_0]
set_property PROGRAM.FILE {C:/Users/Scott Foerster/Documents/GitHub/ENES246/-5MuxOfMux/m4x2Mux/m4x2Mux.runs/impl_1/m4x2Mux.bit} [get_hw_devices xc7a100t_0]
program_hw_devices [get_hw_devices xc7a100t_0]
INFO: [Labtools 27-3164] End of startup status: HIGH
refresh_hw_device [lindex [get_hw_devices xc7a100t_0] 0]
INFO: [Labtools 27-1434] Device xc7a100t (JTAG device index = 0) is programmed with a design that has no supported debug core(s) in it.
close_project
exit
INFO: [Common 17-206] Exiting Vivado at Wed Jan 23 15:55:12 2019...
