#-----------------------------------------------------------
# Vivado v2018.3 (64-bit)
# SW Build 2405991 on Thu Dec  6 23:38:27 MST 2018
# IP Build 2404404 on Fri Dec  7 01:43:56 MST 2018
# Start of session at: Wed Feb 13 16:31:35 2019
# Process ID: 9380
# Current directory: D:/GitHub/ENES-246/-5MuxOfMux/m4x2Mux
# Command line: vivado.exe -gui_launcher_event rodinguilauncherevent31444 D:\GitHub\ENES-246\-5MuxOfMux\m4x2Mux\m4x2Mux.xpr
# Log file: D:/GitHub/ENES-246/-5MuxOfMux/m4x2Mux/vivado.log
# Journal file: D:/GitHub/ENES-246/-5MuxOfMux/m4x2Mux\vivado.jou
#-----------------------------------------------------------
start_gui
open_project D:/GitHub/ENES-246/-5MuxOfMux/m4x2Mux/m4x2Mux.xpr
INFO: [Project 1-313] Project file moved from 'C:/Users/Scott Foerster/Documents/GitHub/ENES246/-5MuxOfMux/m4x2Mux' since last save.
Scanning sources...
Finished scanning sources
WARNING: [filemgmt 56-2] IPUserFilesDir: Could not find the directory 'D:/GitHub/ENES-246/-5MuxOfMux/m4x2Mux/m4x2Mux.ip_user_files', nor could it be found using path 'C:/Users/Scott Foerster/Documents/GitHub/ENES246/-5MuxOfMux/m4x2Mux/m4x2Mux.ip_user_files'.
CRITICAL WARNING: [Board 49-67] The board_part definition was not found for digilentinc.com:nexys4_ddr:part0:1.1. This can happen sometimes when you use custom board part. You can resolve this issue by setting 'board.repoPaths' parameter, pointing to the location of custom board files. Valid board_part values can be retrieved with the 'get_board_parts' Tcl command.
INFO: [IP_Flow 19-234] Refreshing IP repositories
INFO: [IP_Flow 19-1704] No user IP repositories specified
INFO: [IP_Flow 19-2313] Loaded Vivado IP repository 'D:/Vivado/2018.3/data/ip'.
open_project: Time (s): cpu = 00:00:16 ; elapsed = 00:00:06 . Memory (MB): peak = 719.891 ; gain = 106.145
update_compile_order -fileset sources_1
synth_design -rtl -name rtl_1
Command: synth_design -rtl -name rtl_1
Starting synth_design
Using part: xc7a100tcsg324-1
Top: m4x2Mux
---------------------------------------------------------------------------------
Starting RTL Elaboration : Time (s): cpu = 00:00:02 ; elapsed = 00:00:02 . Memory (MB): peak = 826.113 ; gain = 56.535
---------------------------------------------------------------------------------
INFO: [Synth 8-6157] synthesizing module 'm4x2Mux' [D:/GitHub/ENES-246/-5MuxOfMux/m4x2Mux/m4x2Mux.srcs/sources_1/new/m4x2Mux.v:3]
INFO: [Synth 8-6157] synthesizing module 'm2x1Mux' [D:/GitHub/ENES-246/-5MuxOfMux/m4x2Mux/m4x2Mux.srcs/sources_1/imports/new/m2x1mux.v:2]
INFO: [Synth 8-6155] done synthesizing module 'm2x1Mux' (1#1) [D:/GitHub/ENES-246/-5MuxOfMux/m4x2Mux/m4x2Mux.srcs/sources_1/imports/new/m2x1mux.v:2]
INFO: [Synth 8-6155] done synthesizing module 'm4x2Mux' (2#1) [D:/GitHub/ENES-246/-5MuxOfMux/m4x2Mux/m4x2Mux.srcs/sources_1/new/m4x2Mux.v:3]
---------------------------------------------------------------------------------
Finished RTL Elaboration : Time (s): cpu = 00:00:03 ; elapsed = 00:00:03 . Memory (MB): peak = 873.648 ; gain = 104.070
---------------------------------------------------------------------------------

Report Check Netlist: 
+------+------------------+-------+---------+-------+------------------+
|      |Item              |Errors |Warnings |Status |Description       |
+------+------------------+-------+---------+-------+------------------+
|1     |multi_driven_nets |      0|        0|Passed |Multi driven nets |
+------+------------------+-------+---------+-------+------------------+
---------------------------------------------------------------------------------
Start Handling Custom Attributes
---------------------------------------------------------------------------------
---------------------------------------------------------------------------------
Finished Handling Custom Attributes : Time (s): cpu = 00:00:03 ; elapsed = 00:00:03 . Memory (MB): peak = 873.648 ; gain = 104.070
---------------------------------------------------------------------------------
---------------------------------------------------------------------------------
Finished RTL Optimization Phase 1 : Time (s): cpu = 00:00:03 ; elapsed = 00:00:03 . Memory (MB): peak = 873.648 ; gain = 104.070
---------------------------------------------------------------------------------
INFO: [Device 21-403] Loading part xc7a100tcsg324-1
INFO: [Project 1-570] Preparing netlist for logic optimization

Processing XDC Constraints
Initializing timing engine
Parsing XDC File [D:/GitHub/ENES-246/-5MuxOfMux/m4x2Mux/m4x2Mux.srcs/constrs_1/imports/m4x2Mux/Nexys4DDR_Master.xdc]
Finished Parsing XDC File [D:/GitHub/ENES-246/-5MuxOfMux/m4x2Mux/m4x2Mux.srcs/constrs_1/imports/m4x2Mux/Nexys4DDR_Master.xdc]
Completed Processing XDC Constraints

INFO: [Opt 31-138] Pushed 0 inverter(s) to 0 load pin(s).
Netlist sorting complete. Time (s): cpu = 00:00:00 ; elapsed = 00:00:00 . Memory (MB): peak = 1174.574 ; gain = 0.000
INFO: [Project 1-111] Unisim Transformation Summary:
No Unisim elements were transformed.

RTL Elaboration Complete:  : Time (s): cpu = 00:00:18 ; elapsed = 00:00:13 . Memory (MB): peak = 1241.340 ; gain = 471.762
8 Infos, 0 Warnings, 0 Critical Warnings and 0 Errors encountered.
synth_design completed successfully
synth_design: Time (s): cpu = 00:00:19 ; elapsed = 00:00:13 . Memory (MB): peak = 1241.340 ; gain = 471.762
reset_run synth_1
launch_runs synth_1 -jobs 4
[Wed Feb 13 16:39:01 2019] Launched synth_1...
Run output will be captured here: D:/GitHub/ENES-246/-5MuxOfMux/m4x2Mux/m4x2Mux.runs/synth_1/runme.log
close_design
open_run synth_1 -name synth_1
Design is defaulting to impl run constrset: constrs_1
Design is defaulting to synth run part: xc7a100tcsg324-1
INFO: [Project 1-479] Netlist was created with Vivado 2018.3
INFO: [Project 1-570] Preparing netlist for logic optimization
Parsing XDC File [D:/GitHub/ENES-246/-5MuxOfMux/m4x2Mux/m4x2Mux.srcs/constrs_1/imports/m4x2Mux/Nexys4DDR_Master.xdc]
Finished Parsing XDC File [D:/GitHub/ENES-246/-5MuxOfMux/m4x2Mux/m4x2Mux.srcs/constrs_1/imports/m4x2Mux/Nexys4DDR_Master.xdc]
INFO: [Opt 31-138] Pushed 0 inverter(s) to 0 load pin(s).
Netlist sorting complete. Time (s): cpu = 00:00:00 ; elapsed = 00:00:00 . Memory (MB): peak = 1252.000 ; gain = 0.000
INFO: [Project 1-111] Unisim Transformation Summary:
No Unisim elements were transformed.

launch_runs impl_1 -jobs 4
Netlist sorting complete. Time (s): cpu = 00:00:00 ; elapsed = 00:00:00 . Memory (MB): peak = 1275.977 ; gain = 0.000
INFO: [Timing 38-480] Writing timing data to binary archive.
Writing placer database...
Writing XDEF routing.
Writing XDEF routing logical nets.
Writing XDEF routing special nets.
Write XDEF Complete: Time (s): cpu = 00:00:00 ; elapsed = 00:00:00.041 . Memory (MB): peak = 1278.605 ; gain = 2.594
Netlist sorting complete. Time (s): cpu = 00:00:00 ; elapsed = 00:00:00 . Memory (MB): peak = 1283.621 ; gain = 0.000
[Wed Feb 13 16:41:13 2019] Launched impl_1...
Run output will be captured here: D:/GitHub/ENES-246/-5MuxOfMux/m4x2Mux/m4x2Mux.runs/impl_1/runme.log
launch_runs impl_1 -to_step write_bitstream -jobs 4
[Wed Feb 13 16:42:33 2019] Launched impl_1...
Run output will be captured here: D:/GitHub/ENES-246/-5MuxOfMux/m4x2Mux/m4x2Mux.runs/impl_1/runme.log
open_hw
connect_hw_server
INFO: [Labtools 27-2285] Connecting to hw_server url TCP:localhost:3121
INFO: [Labtools 27-2222] Launching hw_server...
INFO: [Labtools 27-2221] Launch Output:

****** Xilinx hw_server v2018.3
  **** Build date : Dec  7 2018-00:40:27
    ** Copyright 1986-2018 Xilinx, Inc. All Rights Reserved.


open_hw_target
INFO: [Labtoolstcl 44-466] Opening hw_target localhost:3121/xilinx_tcf/Digilent/210292A4023DA
set_property PROGRAM.FILE {D:/GitHub/ENES-246/-5MuxOfMux/m4x2Mux/m4x2Mux.runs/impl_1/m4x2Mux.bit} [get_hw_devices xc7a100t_0]
current_hw_device [get_hw_devices xc7a100t_0]
refresh_hw_device -update_hw_probes false [lindex [get_hw_devices xc7a100t_0] 0]
INFO: [Labtools 27-1434] Device xc7a100t (JTAG device index = 0) is programmed with a design that has no supported debug core(s) in it.
set_property PROBES.FILE {} [get_hw_devices xc7a100t_0]
set_property FULL_PROBES.FILE {} [get_hw_devices xc7a100t_0]
set_property PROGRAM.FILE {D:/GitHub/ENES-246/-5MuxOfMux/m4x2Mux/m4x2Mux.runs/impl_1/m4x2Mux.bit} [get_hw_devices xc7a100t_0]
program_hw_devices [get_hw_devices xc7a100t_0]
INFO: [Labtools 27-3164] End of startup status: HIGH
refresh_hw_device [lindex [get_hw_devices xc7a100t_0] 0]
INFO: [Labtools 27-1434] Device xc7a100t (JTAG device index = 0) is programmed with a design that has no supported debug core(s) in it.
ERROR: [Labtoolstcl 44-513] HW Target shutdown. Closing target: localhost:3121/xilinx_tcf/Digilent/210292A4023DA
exit
INFO: [Common 17-206] Exiting Vivado at Wed Feb 13 22:58:51 2019...
