#-----------------------------------------------------------
# Vivado v2018.3 (64-bit)
# SW Build 2405991 on Thu Dec  6 23:38:27 MST 2018
# IP Build 2404404 on Fri Dec  7 01:43:56 MST 2018
# Start of session at: Fri Mar 22 12:43:29 2019
# Process ID: 15732
# Current directory: D:/GitHub/ENES-246/10Latches/7_ComboLock_Verilog/ComboLockDone
# Command line: vivado.exe -gui_launcher_event rodinguilauncherevent21728 D:\GitHub\ENES-246\10Latches\7_ComboLock_Verilog\ComboLockDone\ComboLockDone.xpr
# Log file: D:/GitHub/ENES-246/10Latches/7_ComboLock_Verilog/ComboLockDone/vivado.log
# Journal file: D:/GitHub/ENES-246/10Latches/7_ComboLock_Verilog/ComboLockDone\vivado.jou
#-----------------------------------------------------------
start_gui
open_project D:/GitHub/ENES-246/10Latches/7_ComboLock_Verilog/ComboLockDone/ComboLockDone.xpr
INFO: [Project 1-313] Project file moved from 'C:/Users/FoersterGame/Documents/GitHub/ENES246/10Latches/7_ComboLock_Verilog/ComboLockDone' since last save.
Scanning sources...
Finished scanning sources
WARNING: [filemgmt 56-2] IPUserFilesDir: Could not find the directory 'D:/GitHub/ENES-246/10Latches/7_ComboLock_Verilog/ComboLockDone/ComboLockDone.ip_user_files', nor could it be found using path 'C:/Users/FoersterGame/Documents/GitHub/ENES246/10Latches/7_ComboLock_Verilog/ComboLockDone/ComboLockDone.ip_user_files'.
CRITICAL WARNING: [Board 49-67] The board_part definition was not found for digilentinc.com:nexys4_ddr:part0:1.1. This can happen sometimes when you use custom board part. You can resolve this issue by setting 'board.repoPaths' parameter, pointing to the location of custom board files. Valid board_part values can be retrieved with the 'get_board_parts' Tcl command.
INFO: [IP_Flow 19-234] Refreshing IP repositories
INFO: [IP_Flow 19-1704] No user IP repositories specified
INFO: [IP_Flow 19-2313] Loaded Vivado IP repository 'D:/Vivado/2018.3/data/ip'.
open_project: Time (s): cpu = 00:00:17 ; elapsed = 00:00:06 . Memory (MB): peak = 764.734 ; gain = 138.031
update_compile_order -fileset sources_1
synth_design -rtl -name rtl_1
Command: synth_design -rtl -name rtl_1
Starting synth_design
Using part: xc7a100tcsg324-1
Top: comboLockDone
---------------------------------------------------------------------------------
Starting RTL Elaboration : Time (s): cpu = 00:00:03 ; elapsed = 00:00:02 . Memory (MB): peak = 866.766 ; gain = 72.426
---------------------------------------------------------------------------------
INFO: [Synth 8-6157] synthesizing module 'comboLockDone' [D:/GitHub/ENES-246/10Latches/7_ComboLock_Verilog/ComboLockDone/ComboLockDone.srcs/sources_1/new/comboLockDone.sv:2]
INFO: [Synth 8-6155] done synthesizing module 'comboLockDone' (1#1) [D:/GitHub/ENES-246/10Latches/7_ComboLock_Verilog/ComboLockDone/ComboLockDone.srcs/sources_1/new/comboLockDone.sv:2]
---------------------------------------------------------------------------------
Finished RTL Elaboration : Time (s): cpu = 00:00:03 ; elapsed = 00:00:03 . Memory (MB): peak = 892.055 ; gain = 97.715
---------------------------------------------------------------------------------

Report Check Netlist: 
+------+------------------+-------+---------+-------+------------------+
|      |Item              |Errors |Warnings |Status |Description       |
+------+------------------+-------+---------+-------+------------------+
|1     |multi_driven_nets |      0|        0|Passed |Multi driven nets |
+------+------------------+-------+---------+-------+------------------+
---------------------------------------------------------------------------------
Start Handling Custom Attributes
---------------------------------------------------------------------------------
---------------------------------------------------------------------------------
Finished Handling Custom Attributes : Time (s): cpu = 00:00:04 ; elapsed = 00:00:03 . Memory (MB): peak = 892.055 ; gain = 97.715
---------------------------------------------------------------------------------
---------------------------------------------------------------------------------
Finished RTL Optimization Phase 1 : Time (s): cpu = 00:00:04 ; elapsed = 00:00:03 . Memory (MB): peak = 892.055 ; gain = 97.715
---------------------------------------------------------------------------------
INFO: [Device 21-403] Loading part xc7a100tcsg324-1
INFO: [Project 1-570] Preparing netlist for logic optimization

Processing XDC Constraints
Initializing timing engine
Parsing XDC File [D:/GitHub/ENES-246/10Latches/7_ComboLock_Verilog/ComboLockDone/ComboLockDone.srcs/constrs_1/imports/ENES246/Nexys4DDR_Master.xdc]
WARNING: [Vivado 12-507] No nets matched 'y1'. [D:/GitHub/ENES-246/10Latches/7_ComboLock_Verilog/ComboLockDone/ComboLockDone.srcs/constrs_1/imports/ENES246/Nexys4DDR_Master.xdc:17]
CRITICAL WARNING: [Common 17-55] 'set_property' expects at least one object. [D:/GitHub/ENES-246/10Latches/7_ComboLock_Verilog/ComboLockDone/ComboLockDone.srcs/constrs_1/imports/ENES246/Nexys4DDR_Master.xdc:17]
Resolution: If [get_<value>] was used to populate the object, check to make sure this command returns at least one valid object.
WARNING: [Vivado 12-507] No nets matched 'y2'. [D:/GitHub/ENES-246/10Latches/7_ComboLock_Verilog/ComboLockDone/ComboLockDone.srcs/constrs_1/imports/ENES246/Nexys4DDR_Master.xdc:23]
CRITICAL WARNING: [Common 17-55] 'set_property' expects at least one object. [D:/GitHub/ENES-246/10Latches/7_ComboLock_Verilog/ComboLockDone/ComboLockDone.srcs/constrs_1/imports/ENES246/Nexys4DDR_Master.xdc:23]
Resolution: If [get_<value>] was used to populate the object, check to make sure this command returns at least one valid object.
WARNING: [Vivado 12-507] No nets matched 'y3'. [D:/GitHub/ENES-246/10Latches/7_ComboLock_Verilog/ComboLockDone/ComboLockDone.srcs/constrs_1/imports/ENES246/Nexys4DDR_Master.xdc:31]
CRITICAL WARNING: [Common 17-55] 'set_property' expects at least one object. [D:/GitHub/ENES-246/10Latches/7_ComboLock_Verilog/ComboLockDone/ComboLockDone.srcs/constrs_1/imports/ENES246/Nexys4DDR_Master.xdc:31]
Resolution: If [get_<value>] was used to populate the object, check to make sure this command returns at least one valid object.
WARNING: [Vivado 12-507] No nets matched 'y5'. [D:/GitHub/ENES-246/10Latches/7_ComboLock_Verilog/ComboLockDone/ComboLockDone.srcs/constrs_1/imports/ENES246/Nexys4DDR_Master.xdc:40]
CRITICAL WARNING: [Common 17-55] 'set_property' expects at least one object. [D:/GitHub/ENES-246/10Latches/7_ComboLock_Verilog/ComboLockDone/ComboLockDone.srcs/constrs_1/imports/ENES246/Nexys4DDR_Master.xdc:40]
Resolution: If [get_<value>] was used to populate the object, check to make sure this command returns at least one valid object.
WARNING: [Vivado 12-507] No nets matched 'Y33_i_n_0'. [D:/GitHub/ENES-246/10Latches/7_ComboLock_Verilog/ComboLockDone/ComboLockDone.srcs/constrs_1/imports/ENES246/Nexys4DDR_Master.xdc:51]
CRITICAL WARNING: [Common 17-55] 'set_property' expects at least one object. [D:/GitHub/ENES-246/10Latches/7_ComboLock_Verilog/ComboLockDone/ComboLockDone.srcs/constrs_1/imports/ENES246/Nexys4DDR_Master.xdc:51]
Resolution: If [get_<value>] was used to populate the object, check to make sure this command returns at least one valid object.
WARNING: [Vivado 12-507] No nets matched 'S_OBUF'. [D:/GitHub/ENES-246/10Latches/7_ComboLock_Verilog/ComboLockDone/ComboLockDone.srcs/constrs_1/imports/ENES246/Nexys4DDR_Master.xdc:68]
CRITICAL WARNING: [Common 17-55] 'set_property' expects at least one object. [D:/GitHub/ENES-246/10Latches/7_ComboLock_Verilog/ComboLockDone/ComboLockDone.srcs/constrs_1/imports/ENES246/Nexys4DDR_Master.xdc:68]
Resolution: If [get_<value>] was used to populate the object, check to make sure this command returns at least one valid object.
WARNING: [Vivado 12-507] No nets matched 'y1'. [D:/GitHub/ENES-246/10Latches/7_ComboLock_Verilog/ComboLockDone/ComboLockDone.srcs/constrs_1/imports/ENES246/Nexys4DDR_Master.xdc:69]
CRITICAL WARNING: [Common 17-55] 'set_property' expects at least one object. [D:/GitHub/ENES-246/10Latches/7_ComboLock_Verilog/ComboLockDone/ComboLockDone.srcs/constrs_1/imports/ENES246/Nexys4DDR_Master.xdc:69]
Resolution: If [get_<value>] was used to populate the object, check to make sure this command returns at least one valid object.
WARNING: [Vivado 12-507] No nets matched 'y2'. [D:/GitHub/ENES-246/10Latches/7_ComboLock_Verilog/ComboLockDone/ComboLockDone.srcs/constrs_1/imports/ENES246/Nexys4DDR_Master.xdc:70]
CRITICAL WARNING: [Common 17-55] 'set_property' expects at least one object. [D:/GitHub/ENES-246/10Latches/7_ComboLock_Verilog/ComboLockDone/ComboLockDone.srcs/constrs_1/imports/ENES246/Nexys4DDR_Master.xdc:70]
Resolution: If [get_<value>] was used to populate the object, check to make sure this command returns at least one valid object.
WARNING: [Vivado 12-507] No nets matched 'y3'. [D:/GitHub/ENES-246/10Latches/7_ComboLock_Verilog/ComboLockDone/ComboLockDone.srcs/constrs_1/imports/ENES246/Nexys4DDR_Master.xdc:71]
CRITICAL WARNING: [Common 17-55] 'set_property' expects at least one object. [D:/GitHub/ENES-246/10Latches/7_ComboLock_Verilog/ComboLockDone/ComboLockDone.srcs/constrs_1/imports/ENES246/Nexys4DDR_Master.xdc:71]
Resolution: If [get_<value>] was used to populate the object, check to make sure this command returns at least one valid object.
WARNING: [Vivado 12-507] No nets matched 'y4'. [D:/GitHub/ENES-246/10Latches/7_ComboLock_Verilog/ComboLockDone/ComboLockDone.srcs/constrs_1/imports/ENES246/Nexys4DDR_Master.xdc:72]
CRITICAL WARNING: [Common 17-55] 'set_property' expects at least one object. [D:/GitHub/ENES-246/10Latches/7_ComboLock_Verilog/ComboLockDone/ComboLockDone.srcs/constrs_1/imports/ENES246/Nexys4DDR_Master.xdc:72]
Resolution: If [get_<value>] was used to populate the object, check to make sure this command returns at least one valid object.
WARNING: [Vivado 12-507] No nets matched 'y5'. [D:/GitHub/ENES-246/10Latches/7_ComboLock_Verilog/ComboLockDone/ComboLockDone.srcs/constrs_1/imports/ENES246/Nexys4DDR_Master.xdc:73]
CRITICAL WARNING: [Common 17-55] 'set_property' expects at least one object. [D:/GitHub/ENES-246/10Latches/7_ComboLock_Verilog/ComboLockDone/ComboLockDone.srcs/constrs_1/imports/ENES246/Nexys4DDR_Master.xdc:73]
Resolution: If [get_<value>] was used to populate the object, check to make sure this command returns at least one valid object.
WARNING: [Vivado 12-584] No ports matched 's[0]]'. [D:/GitHub/ENES-246/10Latches/7_ComboLock_Verilog/ComboLockDone/ComboLockDone.srcs/constrs_1/imports/ENES246/Nexys4DDR_Master.xdc:102]
CRITICAL WARNING: [Common 17-55] 'set_property' expects at least one object. [D:/GitHub/ENES-246/10Latches/7_ComboLock_Verilog/ComboLockDone/ComboLockDone.srcs/constrs_1/imports/ENES246/Nexys4DDR_Master.xdc:102]
Resolution: If [get_<value>] was used to populate the object, check to make sure this command returns at least one valid object.
Finished Parsing XDC File [D:/GitHub/ENES-246/10Latches/7_ComboLock_Verilog/ComboLockDone/ComboLockDone.srcs/constrs_1/imports/ENES246/Nexys4DDR_Master.xdc]
INFO: [Project 1-236] Implementation specific constraints were found while reading constraint file [D:/GitHub/ENES-246/10Latches/7_ComboLock_Verilog/ComboLockDone/ComboLockDone.srcs/constrs_1/imports/ENES246/Nexys4DDR_Master.xdc]. These constraints will be ignored for synthesis but will be used in implementation. Impacted constraints are listed in the file [.Xil/comboLockDone_propImpl.xdc].
Resolution: To avoid this warning, move constraints listed in [.Xil/comboLockDone_propImpl.xdc] to another XDC file and exclude this new file from synthesis with the used_in_synthesis property (File Properties dialog in GUI) and re-run elaboration/synthesis.
Netlist sorting complete. Time (s): cpu = 00:00:00 ; elapsed = 00:00:00 . Memory (MB): peak = 1164.043 ; gain = 0.000
Completed Processing XDC Constraints

INFO: [Opt 31-138] Pushed 0 inverter(s) to 0 load pin(s).
Netlist sorting complete. Time (s): cpu = 00:00:00 ; elapsed = 00:00:00 . Memory (MB): peak = 1164.043 ; gain = 0.000
INFO: [Project 1-111] Unisim Transformation Summary:
No Unisim elements were transformed.

RTL Elaboration Complete:  : Time (s): cpu = 00:00:19 ; elapsed = 00:00:13 . Memory (MB): peak = 1226.379 ; gain = 432.039
7 Infos, 12 Warnings, 12 Critical Warnings and 0 Errors encountered.
synth_design completed successfully
synth_design: Time (s): cpu = 00:00:19 ; elapsed = 00:00:13 . Memory (MB): peak = 1226.379 ; gain = 432.039
reset_run synth_1
launch_runs impl_1 -to_step write_bitstream -jobs 4
[Fri Mar 22 12:46:59 2019] Launched synth_1...
Run output will be captured here: D:/GitHub/ENES-246/10Latches/7_ComboLock_Verilog/ComboLockDone/ComboLockDone.runs/synth_1/runme.log
[Fri Mar 22 12:46:59 2019] Launched impl_1...
Run output will be captured here: D:/GitHub/ENES-246/10Latches/7_ComboLock_Verilog/ComboLockDone/ComboLockDone.runs/impl_1/runme.log
open_hw
connect_hw_server
INFO: [Labtools 27-2285] Connecting to hw_server url TCP:localhost:3121
INFO: [Labtools 27-2222] Launching hw_server...
INFO: [Labtools 27-2221] Launch Output:

****** Xilinx hw_server v2018.3
  **** Build date : Dec  7 2018-00:40:27
    ** Copyright 1986-2018 Xilinx, Inc. All Rights Reserved.


open_hw_target
INFO: [Labtoolstcl 44-466] Opening hw_target localhost:3121/xilinx_tcf/Digilent/210292A4023DA
set_property PROGRAM.FILE {D:/GitHub/ENES-246/10Latches/7_ComboLock_Verilog/ComboLockDone/ComboLockDone.runs/impl_1/comboLockDone.bit} [get_hw_devices xc7a100t_0]
current_hw_device [get_hw_devices xc7a100t_0]
refresh_hw_device -update_hw_probes false [lindex [get_hw_devices xc7a100t_0] 0]
INFO: [Labtools 27-1434] Device xc7a100t (JTAG device index = 0) is programmed with a design that has no supported debug core(s) in it.
set_property PROBES.FILE {} [get_hw_devices xc7a100t_0]
set_property FULL_PROBES.FILE {} [get_hw_devices xc7a100t_0]
set_property PROGRAM.FILE {D:/GitHub/ENES-246/10Latches/7_ComboLock_Verilog/ComboLockDone/ComboLockDone.runs/impl_1/comboLockDone.bit} [get_hw_devices xc7a100t_0]
program_hw_devices [get_hw_devices xc7a100t_0]
INFO: [Labtools 27-3164] End of startup status: HIGH
refresh_hw_device [lindex [get_hw_devices xc7a100t_0] 0]
INFO: [Labtools 27-1434] Device xc7a100t (JTAG device index = 0) is programmed with a design that has no supported debug core(s) in it.
reset_run impl_1 -prev_step 
launch_runs impl_1 -to_step write_bitstream -jobs 4
[Fri Mar 22 13:01:19 2019] Launched impl_1...
Run output will be captured here: D:/GitHub/ENES-246/10Latches/7_ComboLock_Verilog/ComboLockDone/ComboLockDone.runs/impl_1/runme.log
reset_run synth_1
launch_runs synth_1 -jobs 4
[Fri Mar 22 13:02:30 2019] Launched synth_1...
Run output will be captured here: D:/GitHub/ENES-246/10Latches/7_ComboLock_Verilog/ComboLockDone/ComboLockDone.runs/synth_1/runme.log
launch_runs impl_1 -jobs 4
[Fri Mar 22 13:05:32 2019] Launched impl_1...
Run output will be captured here: D:/GitHub/ENES-246/10Latches/7_ComboLock_Verilog/ComboLockDone/ComboLockDone.runs/impl_1/runme.log
launch_runs impl_1 -to_step write_bitstream -jobs 4
[Fri Mar 22 13:06:57 2019] Launched impl_1...
Run output will be captured here: D:/GitHub/ENES-246/10Latches/7_ComboLock_Verilog/ComboLockDone/ComboLockDone.runs/impl_1/runme.log
set_property PROBES.FILE {} [get_hw_devices xc7a100t_0]
set_property FULL_PROBES.FILE {} [get_hw_devices xc7a100t_0]
set_property PROGRAM.FILE {D:/ENES246-master/ENES246-master/10Latches/7_ComboLock_Verilog/ComboLockDone/ComboLockDone.runs/impl_1/comboLockDone.bit} [get_hw_devices xc7a100t_0]
program_hw_devices [get_hw_devices xc7a100t_0]
INFO: [Labtools 27-3164] End of startup status: HIGH
refresh_hw_device [lindex [get_hw_devices xc7a100t_0] 0]
INFO: [Labtools 27-1434] Device xc7a100t (JTAG device index = 0) is programmed with a design that has no supported debug core(s) in it.
close_design
open_run synth_1 -name synth_1
Design is defaulting to impl run constrset: constrs_1
Design is defaulting to synth run part: xc7a100tcsg324-1
INFO: [Project 1-479] Netlist was created with Vivado 2018.3
INFO: [Project 1-570] Preparing netlist for logic optimization
Parsing XDC File [D:/GitHub/ENES-246/10Latches/7_ComboLock_Verilog/ComboLockDone/ComboLockDone.srcs/constrs_1/imports/ENES246/Nexys4DDR_Master.xdc]
WARNING: [Vivado 12-507] No nets matched 'y1'. [D:/GitHub/ENES-246/10Latches/7_ComboLock_Verilog/ComboLockDone/ComboLockDone.srcs/constrs_1/imports/ENES246/Nexys4DDR_Master.xdc:17]
CRITICAL WARNING: [Common 17-55] 'set_property' expects at least one object. [D:/GitHub/ENES-246/10Latches/7_ComboLock_Verilog/ComboLockDone/ComboLockDone.srcs/constrs_1/imports/ENES246/Nexys4DDR_Master.xdc:17]
Resolution: If [get_<value>] was used to populate the object, check to make sure this command returns at least one valid object.
WARNING: [Vivado 12-507] No nets matched 'y2'. [D:/GitHub/ENES-246/10Latches/7_ComboLock_Verilog/ComboLockDone/ComboLockDone.srcs/constrs_1/imports/ENES246/Nexys4DDR_Master.xdc:23]
CRITICAL WARNING: [Common 17-55] 'set_property' expects at least one object. [D:/GitHub/ENES-246/10Latches/7_ComboLock_Verilog/ComboLockDone/ComboLockDone.srcs/constrs_1/imports/ENES246/Nexys4DDR_Master.xdc:23]
Resolution: If [get_<value>] was used to populate the object, check to make sure this command returns at least one valid object.
WARNING: [Vivado 12-507] No nets matched 'y3'. [D:/GitHub/ENES-246/10Latches/7_ComboLock_Verilog/ComboLockDone/ComboLockDone.srcs/constrs_1/imports/ENES246/Nexys4DDR_Master.xdc:31]
CRITICAL WARNING: [Common 17-55] 'set_property' expects at least one object. [D:/GitHub/ENES-246/10Latches/7_ComboLock_Verilog/ComboLockDone/ComboLockDone.srcs/constrs_1/imports/ENES246/Nexys4DDR_Master.xdc:31]
Resolution: If [get_<value>] was used to populate the object, check to make sure this command returns at least one valid object.
WARNING: [Vivado 12-507] No nets matched 'y5'. [D:/GitHub/ENES-246/10Latches/7_ComboLock_Verilog/ComboLockDone/ComboLockDone.srcs/constrs_1/imports/ENES246/Nexys4DDR_Master.xdc:40]
CRITICAL WARNING: [Common 17-55] 'set_property' expects at least one object. [D:/GitHub/ENES-246/10Latches/7_ComboLock_Verilog/ComboLockDone/ComboLockDone.srcs/constrs_1/imports/ENES246/Nexys4DDR_Master.xdc:40]
Resolution: If [get_<value>] was used to populate the object, check to make sure this command returns at least one valid object.
WARNING: [Vivado 12-507] No nets matched 'Y33_i_n_0'. [D:/GitHub/ENES-246/10Latches/7_ComboLock_Verilog/ComboLockDone/ComboLockDone.srcs/constrs_1/imports/ENES246/Nexys4DDR_Master.xdc:51]
CRITICAL WARNING: [Common 17-55] 'set_property' expects at least one object. [D:/GitHub/ENES-246/10Latches/7_ComboLock_Verilog/ComboLockDone/ComboLockDone.srcs/constrs_1/imports/ENES246/Nexys4DDR_Master.xdc:51]
Resolution: If [get_<value>] was used to populate the object, check to make sure this command returns at least one valid object.
WARNING: [Vivado 12-507] No nets matched '<const0>'. [D:/GitHub/ENES-246/10Latches/7_ComboLock_Verilog/ComboLockDone/ComboLockDone.srcs/constrs_1/imports/ENES246/Nexys4DDR_Master.xdc:59]
CRITICAL WARNING: [Common 17-55] 'set_property' expects at least one object. [D:/GitHub/ENES-246/10Latches/7_ComboLock_Verilog/ComboLockDone/ComboLockDone.srcs/constrs_1/imports/ENES246/Nexys4DDR_Master.xdc:59]
Resolution: If [get_<value>] was used to populate the object, check to make sure this command returns at least one valid object.
WARNING: [Vivado 12-507] No nets matched '<const1>'. [D:/GitHub/ENES-246/10Latches/7_ComboLock_Verilog/ComboLockDone/ComboLockDone.srcs/constrs_1/imports/ENES246/Nexys4DDR_Master.xdc:60]
CRITICAL WARNING: [Common 17-55] 'set_property' expects at least one object. [D:/GitHub/ENES-246/10Latches/7_ComboLock_Verilog/ComboLockDone/ComboLockDone.srcs/constrs_1/imports/ENES246/Nexys4DDR_Master.xdc:60]
Resolution: If [get_<value>] was used to populate the object, check to make sure this command returns at least one valid object.
WARNING: [Vivado 12-507] No nets matched 'y1'. [D:/GitHub/ENES-246/10Latches/7_ComboLock_Verilog/ComboLockDone/ComboLockDone.srcs/constrs_1/imports/ENES246/Nexys4DDR_Master.xdc:69]
CRITICAL WARNING: [Common 17-55] 'set_property' expects at least one object. [D:/GitHub/ENES-246/10Latches/7_ComboLock_Verilog/ComboLockDone/ComboLockDone.srcs/constrs_1/imports/ENES246/Nexys4DDR_Master.xdc:69]
Resolution: If [get_<value>] was used to populate the object, check to make sure this command returns at least one valid object.
WARNING: [Vivado 12-507] No nets matched 'y2'. [D:/GitHub/ENES-246/10Latches/7_ComboLock_Verilog/ComboLockDone/ComboLockDone.srcs/constrs_1/imports/ENES246/Nexys4DDR_Master.xdc:70]
CRITICAL WARNING: [Common 17-55] 'set_property' expects at least one object. [D:/GitHub/ENES-246/10Latches/7_ComboLock_Verilog/ComboLockDone/ComboLockDone.srcs/constrs_1/imports/ENES246/Nexys4DDR_Master.xdc:70]
Resolution: If [get_<value>] was used to populate the object, check to make sure this command returns at least one valid object.
WARNING: [Vivado 12-507] No nets matched 'y3'. [D:/GitHub/ENES-246/10Latches/7_ComboLock_Verilog/ComboLockDone/ComboLockDone.srcs/constrs_1/imports/ENES246/Nexys4DDR_Master.xdc:71]
CRITICAL WARNING: [Common 17-55] 'set_property' expects at least one object. [D:/GitHub/ENES-246/10Latches/7_ComboLock_Verilog/ComboLockDone/ComboLockDone.srcs/constrs_1/imports/ENES246/Nexys4DDR_Master.xdc:71]
Resolution: If [get_<value>] was used to populate the object, check to make sure this command returns at least one valid object.
WARNING: [Vivado 12-507] No nets matched 'y4'. [D:/GitHub/ENES-246/10Latches/7_ComboLock_Verilog/ComboLockDone/ComboLockDone.srcs/constrs_1/imports/ENES246/Nexys4DDR_Master.xdc:72]
CRITICAL WARNING: [Common 17-55] 'set_property' expects at least one object. [D:/GitHub/ENES-246/10Latches/7_ComboLock_Verilog/ComboLockDone/ComboLockDone.srcs/constrs_1/imports/ENES246/Nexys4DDR_Master.xdc:72]
Resolution: If [get_<value>] was used to populate the object, check to make sure this command returns at least one valid object.
WARNING: [Vivado 12-507] No nets matched 'y5'. [D:/GitHub/ENES-246/10Latches/7_ComboLock_Verilog/ComboLockDone/ComboLockDone.srcs/constrs_1/imports/ENES246/Nexys4DDR_Master.xdc:73]
CRITICAL WARNING: [Common 17-55] 'set_property' expects at least one object. [D:/GitHub/ENES-246/10Latches/7_ComboLock_Verilog/ComboLockDone/ComboLockDone.srcs/constrs_1/imports/ENES246/Nexys4DDR_Master.xdc:73]
Resolution: If [get_<value>] was used to populate the object, check to make sure this command returns at least one valid object.
WARNING: [Vivado 12-584] No ports matched 's[0]]'. [D:/GitHub/ENES-246/10Latches/7_ComboLock_Verilog/ComboLockDone/ComboLockDone.srcs/constrs_1/imports/ENES246/Nexys4DDR_Master.xdc:102]
CRITICAL WARNING: [Common 17-55] 'set_property' expects at least one object. [D:/GitHub/ENES-246/10Latches/7_ComboLock_Verilog/ComboLockDone/ComboLockDone.srcs/constrs_1/imports/ENES246/Nexys4DDR_Master.xdc:102]
Resolution: If [get_<value>] was used to populate the object, check to make sure this command returns at least one valid object.
Finished Parsing XDC File [D:/GitHub/ENES-246/10Latches/7_ComboLock_Verilog/ComboLockDone/ComboLockDone.srcs/constrs_1/imports/ENES246/Nexys4DDR_Master.xdc]
INFO: [Opt 31-138] Pushed 0 inverter(s) to 0 load pin(s).
Netlist sorting complete. Time (s): cpu = 00:00:00 ; elapsed = 00:00:00 . Memory (MB): peak = 2399.816 ; gain = 0.000
INFO: [Project 1-111] Unisim Transformation Summary:
No Unisim elements were transformed.

close_design
open_run impl_1
INFO: [Project 1-479] Netlist was created with Vivado 2018.3
INFO: [Project 1-570] Preparing netlist for logic optimization
INFO: [Timing 38-478] Restoring timing data from binary archive.
INFO: [Timing 38-479] Binary timing data restore complete.
INFO: [Project 1-856] Restoring constraints from binary archive.
INFO: [Project 1-853] Binary constraint restore complete.
Reading XDEF placement.
Reading placer database...
Reading XDEF routing.
Read XDEF File: Time (s): cpu = 00:00:00 ; elapsed = 00:00:00.038 . Memory (MB): peak = 3000.953 ; gain = 0.000
Restored from archive | CPU: 0.000000 secs | Memory: 0.000000 MB |
Finished XDEF File Restore: Time (s): cpu = 00:00:00 ; elapsed = 00:00:00.038 . Memory (MB): peak = 3000.953 ; gain = 0.000
Netlist sorting complete. Time (s): cpu = 00:00:00 ; elapsed = 00:00:00 . Memory (MB): peak = 3000.953 ; gain = 0.000
INFO: [Project 1-111] Unisim Transformation Summary:
No Unisim elements were transformed.

WARNING: [Timing 38-313] There are no user specified timing constraints. Timing constraints are needed for proper timing analysis.
exit
INFO: [Common 17-206] Exiting Vivado at Fri Mar 22 13:58:41 2019...
