#-----------------------------------------------------------
# Vivado v2018.3 (64-bit)
# SW Build 2405991 on Thu Dec  6 23:38:27 MST 2018
# IP Build 2404404 on Fri Dec  7 01:43:56 MST 2018
# Start of session at: Mon Feb 25 10:29:51 2019
# Process ID: 12512
# Current directory: C:/Users/SET253-17U.HCCMAIN/Documents/GitHub/ENES246/-9ClocksCounters/4_7segWithZeroBlank
# Command line: vivado.exe -gui_launcher_event rodinguilauncherevent7380 C:\Users\SET253-17U.HCCMAIN\Documents\GitHub\ENES246\-9ClocksCounters\4_7segWithZeroBlank\HexOrBCD7segDisplay.xpr
# Log file: C:/Users/SET253-17U.HCCMAIN/Documents/GitHub/ENES246/-9ClocksCounters/4_7segWithZeroBlank/vivado.log
# Journal file: C:/Users/SET253-17U.HCCMAIN/Documents/GitHub/ENES246/-9ClocksCounters/4_7segWithZeroBlank\vivado.jou
#-----------------------------------------------------------
start_gui
open_project C:/Users/SET253-17U.HCCMAIN/Documents/GitHub/ENES246/-9ClocksCounters/4_7segWithZeroBlank/HexOrBCD7segDisplay.xpr
INFO: [ProjectBase 1-489] The host OS only allows 260 characters in a normal path. The project is stored in a path with more than 80 characters. If you experience issues with IP, Block Designs, or files not being found, please consider moving the project to a location with a shorter path. Alternately consider using the OS subst command to map part of the path to a drive letter.
Current project path is 'C:/Users/SET253-17U.HCCMAIN/Documents/GitHub/ENES246/-9ClocksCounters/4_7segWithZeroBlank'
INFO: [Project 1-313] Project file moved from 'C:/Users/FoersterGame/Documents/GitHub/ENES246/-9ClocksCounters/4_7segWithZeroBlank' since last save.
Scanning sources...
Finished scanning sources
WARNING: [filemgmt 56-2] IPUserFilesDir: Could not find the directory 'C:/Users/SET253-17U.HCCMAIN/Documents/GitHub/ENES246/-9ClocksCounters/4_7segWithZeroBlank/HexOrBCD7segDisplay.ip_user_files', nor could it be found using path 'C:/Users/FoersterGame/Documents/GitHub/ENES246/-9ClocksCounters/4_7segWithZeroBlank/HexOrBCD7segDisplay.ip_user_files'.
INFO: [IP_Flow 19-234] Refreshing IP repositories
INFO: [IP_Flow 19-1704] No user IP repositories specified
INFO: [IP_Flow 19-2313] Loaded Vivado IP repository 'C:/Xilinx/Vivado/2018.3/data/ip'.
open_project: Time (s): cpu = 00:00:12 ; elapsed = 00:00:06 . Memory (MB): peak = 740.770 ; gain = 146.188
update_compile_order -fileset sources_1
open_hw
connect_hw_server
INFO: [Labtools 27-2285] Connecting to hw_server url TCP:localhost:3121
INFO: [Labtools 27-2222] Launching hw_server...
INFO: [Labtools 27-2221] Launch Output:

****** Xilinx hw_server v2018.3
  **** Build date : Dec  7 2018-00:40:27
    ** Copyright 1986-2018 Xilinx, Inc. All Rights Reserved.


open_hw_target
INFO: [Labtoolstcl 44-466] Opening hw_target localhost:3121/xilinx_tcf/Digilent/210292A4022BA
set_property PROGRAM.FILE {C:/Users/SET253-17U.HCCMAIN/Documents/GitHub/ENES246/-9ClocksCounters/4_7segWithZeroBlank/HexOrBCD7segDisplay.runs/impl_1/thirtyTwobitHexTo16LEDs.bit} [get_hw_devices xc7a100t_0]
current_hw_device [get_hw_devices xc7a100t_0]
refresh_hw_device -update_hw_probes false [lindex [get_hw_devices xc7a100t_0] 0]
INFO: [Labtools 27-1434] Device xc7a100t (JTAG device index = 0) is programmed with a design that has no supported debug core(s) in it.
set_property PROBES.FILE {} [get_hw_devices xc7a100t_0]
set_property FULL_PROBES.FILE {} [get_hw_devices xc7a100t_0]
set_property PROGRAM.FILE {C:/Users/SET253-17U.HCCMAIN/Documents/GitHub/ENES246/-9ClocksCounters/4_7segWithZeroBlank/HexOrBCD7segDisplay.runs/impl_1/thirtyTwobitHexTo16LEDs.bit} [get_hw_devices xc7a100t_0]
program_hw_devices [get_hw_devices xc7a100t_0]
INFO: [Labtools 27-3164] End of startup status: HIGH
refresh_hw_device [lindex [get_hw_devices xc7a100t_0] 0]
INFO: [Labtools 27-1434] Device xc7a100t (JTAG device index = 0) is programmed with a design that has no supported debug core(s) in it.
close_hw
synth_design -rtl -name rtl_1
Command: synth_design -rtl -name rtl_1
Starting synth_design
Using part: xc7a100tcsg324-1
Top: thirtyTwobitHexTo16LEDs
---------------------------------------------------------------------------------
Starting RTL Elaboration : Time (s): cpu = 00:00:03 ; elapsed = 00:00:02 . Memory (MB): peak = 1843.090 ; gain = 0.000
---------------------------------------------------------------------------------
INFO: [Synth 8-6157] synthesizing module 'thirtyTwobitHexTo16LEDs' [C:/Users/SET253-17U.HCCMAIN/Documents/GitHub/ENES246/-9ClocksCounters/4_7segWithZeroBlank/HexOrBCD7segDisplay.srcs/sources_1/imports/4_32bitsHexTo7segAnd16LEDs/32bitHexTo16LEDs.sv:2]
WARNING: [Synth 8-5788] Register dp_reg in module thirtyTwobitHexTo16LEDs is has both Set and reset with same priority. This may cause simulation mismatches. Consider rewriting code  [C:/Users/SET253-17U.HCCMAIN/Documents/GitHub/ENES246/-9ClocksCounters/4_7segWithZeroBlank/HexOrBCD7segDisplay.srcs/sources_1/imports/4_32bitsHexTo7segAnd16LEDs/32bitHexTo16LEDs.sv:56]
WARNING: [Synth 8-5788] Register segment_reg in module thirtyTwobitHexTo16LEDs is has both Set and reset with same priority. This may cause simulation mismatches. Consider rewriting code  [C:/Users/SET253-17U.HCCMAIN/Documents/GitHub/ENES246/-9ClocksCounters/4_7segWithZeroBlank/HexOrBCD7segDisplay.srcs/sources_1/imports/4_32bitsHexTo7segAnd16LEDs/32bitHexTo16LEDs.sv:56]
WARNING: [Synth 8-87] always_comb on 'abc_reg' did not result in combinational logic [C:/Users/SET253-17U.HCCMAIN/Documents/GitHub/ENES246/-9ClocksCounters/4_7segWithZeroBlank/HexOrBCD7segDisplay.srcs/sources_1/imports/4_32bitsHexTo7segAnd16LEDs/32bitHexTo16LEDs.sv:121]
INFO: [Synth 8-6155] done synthesizing module 'thirtyTwobitHexTo16LEDs' (1#1) [C:/Users/SET253-17U.HCCMAIN/Documents/GitHub/ENES246/-9ClocksCounters/4_7segWithZeroBlank/HexOrBCD7segDisplay.srcs/sources_1/imports/4_32bitsHexTo7segAnd16LEDs/32bitHexTo16LEDs.sv:2]
---------------------------------------------------------------------------------
Finished RTL Elaboration : Time (s): cpu = 00:00:05 ; elapsed = 00:00:05 . Memory (MB): peak = 1852.863 ; gain = 9.773
---------------------------------------------------------------------------------

Report Check Netlist: 
+------+------------------+-------+---------+-------+------------------+
|      |Item              |Errors |Warnings |Status |Description       |
+------+------------------+-------+---------+-------+------------------+
|1     |multi_driven_nets |      0|        0|Passed |Multi driven nets |
+------+------------------+-------+---------+-------+------------------+
---------------------------------------------------------------------------------
Start Handling Custom Attributes
---------------------------------------------------------------------------------
---------------------------------------------------------------------------------
Finished Handling Custom Attributes : Time (s): cpu = 00:00:05 ; elapsed = 00:00:05 . Memory (MB): peak = 1852.949 ; gain = 9.859
---------------------------------------------------------------------------------
---------------------------------------------------------------------------------
Finished RTL Optimization Phase 1 : Time (s): cpu = 00:00:05 ; elapsed = 00:00:05 . Memory (MB): peak = 1852.949 ; gain = 9.859
---------------------------------------------------------------------------------
INFO: [Device 21-403] Loading part xc7a100tcsg324-1
INFO: [Project 1-570] Preparing netlist for logic optimization

Processing XDC Constraints
Initializing timing engine
Parsing XDC File [C:/Users/SET253-17U.HCCMAIN/Documents/GitHub/ENES246/-9ClocksCounters/4_7segWithZeroBlank/HexOrBCD7segDisplay.srcs/constrs_1/imports/3_32bitsHexTo7segAnd16LEDs/Nexys4DDR_Master.xdc]
Finished Parsing XDC File [C:/Users/SET253-17U.HCCMAIN/Documents/GitHub/ENES246/-9ClocksCounters/4_7segWithZeroBlank/HexOrBCD7segDisplay.srcs/constrs_1/imports/3_32bitsHexTo7segAnd16LEDs/Nexys4DDR_Master.xdc]
Completed Processing XDC Constraints

INFO: [Opt 31-138] Pushed 0 inverter(s) to 0 load pin(s).
Netlist sorting complete. Time (s): cpu = 00:00:00 ; elapsed = 00:00:00.001 . Memory (MB): peak = 2188.840 ; gain = 0.000
INFO: [Project 1-111] Unisim Transformation Summary:
No Unisim elements were transformed.

RTL Elaboration Complete:  : Time (s): cpu = 00:00:26 ; elapsed = 00:00:25 . Memory (MB): peak = 2234.461 ; gain = 391.371
6 Infos, 3 Warnings, 0 Critical Warnings and 0 Errors encountered.
synth_design completed successfully
synth_design: Time (s): cpu = 00:00:26 ; elapsed = 00:00:25 . Memory (MB): peak = 2234.461 ; gain = 391.371
close_design
open_run synth_1 -name synth_1
Design is defaulting to impl run constrset: constrs_1
Design is defaulting to synth run part: xc7a100tcsg324-1
INFO: [Netlist 29-17] Analyzing 28 Unisim elements for replacement
INFO: [Netlist 29-28] Unisim Transformation completed in 0 CPU seconds
INFO: [Project 1-479] Netlist was created with Vivado 2018.3
INFO: [Project 1-570] Preparing netlist for logic optimization
Parsing XDC File [C:/Users/SET253-17U.HCCMAIN/Documents/GitHub/ENES246/-9ClocksCounters/4_7segWithZeroBlank/HexOrBCD7segDisplay.srcs/constrs_1/imports/3_32bitsHexTo7segAnd16LEDs/Nexys4DDR_Master.xdc]
Finished Parsing XDC File [C:/Users/SET253-17U.HCCMAIN/Documents/GitHub/ENES246/-9ClocksCounters/4_7segWithZeroBlank/HexOrBCD7segDisplay.srcs/constrs_1/imports/3_32bitsHexTo7segAnd16LEDs/Nexys4DDR_Master.xdc]
INFO: [Opt 31-138] Pushed 0 inverter(s) to 0 load pin(s).
Netlist sorting complete. Time (s): cpu = 00:00:00 ; elapsed = 00:00:00 . Memory (MB): peak = 2242.492 ; gain = 0.000
INFO: [Project 1-111] Unisim Transformation Summary:
No Unisim elements were transformed.

report_utilization -name utilization_1
close_design
open_run impl_1
INFO: [Netlist 29-17] Analyzing 28 Unisim elements for replacement
INFO: [Netlist 29-28] Unisim Transformation completed in 0 CPU seconds
INFO: [Project 1-479] Netlist was created with Vivado 2018.3
INFO: [Project 1-570] Preparing netlist for logic optimization
INFO: [Timing 38-478] Restoring timing data from binary archive.
INFO: [Timing 38-479] Binary timing data restore complete.
INFO: [Project 1-856] Restoring constraints from binary archive.
INFO: [Project 1-853] Binary constraint restore complete.
Reading XDEF placement.
Reading placer database...
Reading XDEF routing.
Read XDEF File: Time (s): cpu = 00:00:00 ; elapsed = 00:00:00.122 . Memory (MB): peak = 2817.258 ; gain = 0.000
Restored from archive | CPU: 0.000000 secs | Memory: 0.000000 MB |
Finished XDEF File Restore: Time (s): cpu = 00:00:00 ; elapsed = 00:00:00.122 . Memory (MB): peak = 2817.258 ; gain = 0.000
Netlist sorting complete. Time (s): cpu = 00:00:00 ; elapsed = 00:00:00 . Memory (MB): peak = 2817.258 ; gain = 0.000
INFO: [Project 1-111] Unisim Transformation Summary:
No Unisim elements were transformed.

WARNING: [Timing 38-313] There are no user specified timing constraints. Timing constraints are needed for proper timing analysis.
exit
INFO: [Common 17-206] Exiting Vivado at Mon Feb 25 10:46:00 2019...
