#-----------------------------------------------------------
# Vivado v2018.3 (64-bit)
# SW Build 2405991 on Thu Dec  6 23:38:27 MST 2018
# IP Build 2404404 on Fri Dec  7 01:43:56 MST 2018
# Start of session at: Mon Mar 11 15:31:59 2019
# Process ID: 884
# Current directory: D:/GitHub/ENES-246/-9ClocksCounters/4_7segWithZeroBlank
# Command line: vivado.exe -gui_launcher_event rodinguilauncherevent18204 D:\GitHub\ENES-246\-9ClocksCounters\4_7segWithZeroBlank\HexOrBCD7segDisplay.xpr
# Log file: D:/GitHub/ENES-246/-9ClocksCounters/4_7segWithZeroBlank/vivado.log
# Journal file: D:/GitHub/ENES-246/-9ClocksCounters/4_7segWithZeroBlank\vivado.jou
#-----------------------------------------------------------
start_gui
open_project D:/GitHub/ENES-246/-9ClocksCounters/4_7segWithZeroBlank/HexOrBCD7segDisplay.xpr
INFO: [Project 1-313] Project file moved from 'C:/Users/SET253-17U.HCCMAIN/Documents/GitHub/ENES246/-9ClocksCounters/4_7segWithZeroBlank' since last save.
Scanning sources...
Finished scanning sources
WARNING: [filemgmt 56-2] IPUserFilesDir: Could not find the directory 'D:/GitHub/ENES-246/-9ClocksCounters/4_7segWithZeroBlank/HexOrBCD7segDisplay.ip_user_files', nor could it be found using path 'C:/Users/SET253-17U.HCCMAIN/Documents/GitHub/ENES246/-9ClocksCounters/4_7segWithZeroBlank/HexOrBCD7segDisplay.ip_user_files'.
CRITICAL WARNING: [Board 49-67] The board_part definition was not found for digilentinc.com:nexys4_ddr:part0:1.1. This can happen sometimes when you use custom board part. You can resolve this issue by setting 'board.repoPaths' parameter, pointing to the location of custom board files. Valid board_part values can be retrieved with the 'get_board_parts' Tcl command.
INFO: [IP_Flow 19-234] Refreshing IP repositories
INFO: [IP_Flow 19-1704] No user IP repositories specified
INFO: [IP_Flow 19-2313] Loaded Vivado IP repository 'D:/Vivado/2018.3/data/ip'.
open_project: Time (s): cpu = 00:00:15 ; elapsed = 00:00:12 . Memory (MB): peak = 687.234 ; gain = 111.238
update_compile_order -fileset sources_1
synth_design -rtl -name rtl_1
Command: synth_design -rtl -name rtl_1
Starting synth_design
Using part: xc7a100tcsg324-1
Top: thirtyTwobitHexTo16LEDs
WARNING: [Synth 8-2292] literal value truncated to fit in 2 bits [D:/GitHub/ENES-246/-9ClocksCounters/4_7segWithZeroBlank/HexOrBCD7segDisplay.srcs/sources_1/imports/4_32bitsHexTo7segAnd16LEDs/32bitHexTo16LEDs.sv:25]
---------------------------------------------------------------------------------
Starting RTL Elaboration : Time (s): cpu = 00:00:03 ; elapsed = 00:00:03 . Memory (MB): peak = 758.082 ; gain = 59.961
---------------------------------------------------------------------------------
INFO: [Synth 8-6157] synthesizing module 'thirtyTwobitHexTo16LEDs' [D:/GitHub/ENES-246/-9ClocksCounters/4_7segWithZeroBlank/HexOrBCD7segDisplay.srcs/sources_1/imports/4_32bitsHexTo7segAnd16LEDs/32bitHexTo16LEDs.sv:2]
WARNING: [Synth 8-5788] Register dp_reg in module thirtyTwobitHexTo16LEDs is has both Set and reset with same priority. This may cause simulation mismatches. Consider rewriting code  [D:/GitHub/ENES-246/-9ClocksCounters/4_7segWithZeroBlank/HexOrBCD7segDisplay.srcs/sources_1/imports/4_32bitsHexTo7segAnd16LEDs/32bitHexTo16LEDs.sv:56]
WARNING: [Synth 8-5788] Register segment_reg in module thirtyTwobitHexTo16LEDs is has both Set and reset with same priority. This may cause simulation mismatches. Consider rewriting code  [D:/GitHub/ENES-246/-9ClocksCounters/4_7segWithZeroBlank/HexOrBCD7segDisplay.srcs/sources_1/imports/4_32bitsHexTo7segAnd16LEDs/32bitHexTo16LEDs.sv:56]
WARNING: [Synth 8-87] always_comb on 'abc_reg' did not result in combinational logic [D:/GitHub/ENES-246/-9ClocksCounters/4_7segWithZeroBlank/HexOrBCD7segDisplay.srcs/sources_1/imports/4_32bitsHexTo7segAnd16LEDs/32bitHexTo16LEDs.sv:121]
INFO: [Synth 8-6155] done synthesizing module 'thirtyTwobitHexTo16LEDs' (1#1) [D:/GitHub/ENES-246/-9ClocksCounters/4_7segWithZeroBlank/HexOrBCD7segDisplay.srcs/sources_1/imports/4_32bitsHexTo7segAnd16LEDs/32bitHexTo16LEDs.sv:2]
---------------------------------------------------------------------------------
Finished RTL Elaboration : Time (s): cpu = 00:00:05 ; elapsed = 00:00:05 . Memory (MB): peak = 817.258 ; gain = 119.137
---------------------------------------------------------------------------------

Report Check Netlist: 
+------+------------------+-------+---------+-------+------------------+
|      |Item              |Errors |Warnings |Status |Description       |
+------+------------------+-------+---------+-------+------------------+
|1     |multi_driven_nets |      0|        0|Passed |Multi driven nets |
+------+------------------+-------+---------+-------+------------------+
---------------------------------------------------------------------------------
Start Handling Custom Attributes
---------------------------------------------------------------------------------
---------------------------------------------------------------------------------
Finished Handling Custom Attributes : Time (s): cpu = 00:00:05 ; elapsed = 00:00:06 . Memory (MB): peak = 817.258 ; gain = 119.137
---------------------------------------------------------------------------------
---------------------------------------------------------------------------------
Finished RTL Optimization Phase 1 : Time (s): cpu = 00:00:05 ; elapsed = 00:00:06 . Memory (MB): peak = 817.258 ; gain = 119.137
---------------------------------------------------------------------------------
INFO: [Device 21-403] Loading part xc7a100tcsg324-1
INFO: [Project 1-570] Preparing netlist for logic optimization

Processing XDC Constraints
Initializing timing engine
Parsing XDC File [D:/GitHub/ENES-246/-9ClocksCounters/4_7segWithZeroBlank/HexOrBCD7segDisplay.srcs/constrs_1/imports/3_32bitsHexTo7segAnd16LEDs/Nexys4DDR_Master.xdc]
Finished Parsing XDC File [D:/GitHub/ENES-246/-9ClocksCounters/4_7segWithZeroBlank/HexOrBCD7segDisplay.srcs/constrs_1/imports/3_32bitsHexTo7segAnd16LEDs/Nexys4DDR_Master.xdc]
Completed Processing XDC Constraints

INFO: [Opt 31-138] Pushed 0 inverter(s) to 0 load pin(s).
Netlist sorting complete. Time (s): cpu = 00:00:00 ; elapsed = 00:00:00 . Memory (MB): peak = 1153.637 ; gain = 0.000
INFO: [Project 1-111] Unisim Transformation Summary:
No Unisim elements were transformed.

RTL Elaboration Complete:  : Time (s): cpu = 00:00:20 ; elapsed = 00:00:17 . Memory (MB): peak = 1215.219 ; gain = 517.098
6 Infos, 4 Warnings, 0 Critical Warnings and 0 Errors encountered.
synth_design completed successfully
synth_design: Time (s): cpu = 00:00:20 ; elapsed = 00:00:17 . Memory (MB): peak = 1215.219 ; gain = 517.098
reset_run synth_1
launch_runs synth_1 -jobs 4
[Mon Mar 11 15:40:14 2019] Launched synth_1...
Run output will be captured here: D:/GitHub/ENES-246/-9ClocksCounters/4_7segWithZeroBlank/HexOrBCD7segDisplay.runs/synth_1/runme.log
launch_runs impl_1 -jobs 4
[Mon Mar 11 15:41:46 2019] Launched impl_1...
Run output will be captured here: D:/GitHub/ENES-246/-9ClocksCounters/4_7segWithZeroBlank/HexOrBCD7segDisplay.runs/impl_1/runme.log
launch_runs impl_1 -to_step write_bitstream -jobs 4
[Mon Mar 11 15:43:08 2019] Launched impl_1...
Run output will be captured here: D:/GitHub/ENES-246/-9ClocksCounters/4_7segWithZeroBlank/HexOrBCD7segDisplay.runs/impl_1/runme.log
open_hw
connect_hw_server
INFO: [Labtools 27-2285] Connecting to hw_server url TCP:localhost:3121
INFO: [Labtools 27-2222] Launching hw_server...
INFO: [Labtools 27-2221] Launch Output:

****** Xilinx hw_server v2018.3
  **** Build date : Dec  7 2018-00:40:27
    ** Copyright 1986-2018 Xilinx, Inc. All Rights Reserved.


connect_hw_server: Time (s): cpu = 00:00:01 ; elapsed = 00:00:05 . Memory (MB): peak = 1232.711 ; gain = 0.000
open_hw_target
INFO: [Labtoolstcl 44-466] Opening hw_target localhost:3121/xilinx_tcf/Digilent/210292A4023DA
set_property PROGRAM.FILE {D:/GitHub/ENES-246/-9ClocksCounters/4_7segWithZeroBlank/HexOrBCD7segDisplay.runs/impl_1/thirtyTwobitHexTo16LEDs.bit} [get_hw_devices xc7a100t_0]
current_hw_device [get_hw_devices xc7a100t_0]
refresh_hw_device -update_hw_probes false [lindex [get_hw_devices xc7a100t_0] 0]
INFO: [Labtools 27-1434] Device xc7a100t (JTAG device index = 0) is programmed with a design that has no supported debug core(s) in it.
set_property PROBES.FILE {} [get_hw_devices xc7a100t_0]
set_property FULL_PROBES.FILE {} [get_hw_devices xc7a100t_0]
set_property PROGRAM.FILE {D:/GitHub/ENES-246/-9ClocksCounters/4_7segWithZeroBlank/HexOrBCD7segDisplay.runs/impl_1/thirtyTwobitHexTo16LEDs.bit} [get_hw_devices xc7a100t_0]
program_hw_devices [get_hw_devices xc7a100t_0]
INFO: [Labtools 27-3164] End of startup status: HIGH
refresh_hw_device [lindex [get_hw_devices xc7a100t_0] 0]
INFO: [Labtools 27-1434] Device xc7a100t (JTAG device index = 0) is programmed with a design that has no supported debug core(s) in it.
close_design
open_run synth_1 -name synth_1
Design is defaulting to impl run constrset: constrs_1
Design is defaulting to synth run part: xc7a100tcsg324-1
INFO: [Netlist 29-17] Analyzing 28 Unisim elements for replacement
INFO: [Netlist 29-28] Unisim Transformation completed in 0 CPU seconds
INFO: [Project 1-479] Netlist was created with Vivado 2018.3
INFO: [Project 1-570] Preparing netlist for logic optimization
Parsing XDC File [D:/GitHub/ENES-246/-9ClocksCounters/4_7segWithZeroBlank/HexOrBCD7segDisplay.srcs/constrs_1/imports/3_32bitsHexTo7segAnd16LEDs/Nexys4DDR_Master.xdc]
Finished Parsing XDC File [D:/GitHub/ENES-246/-9ClocksCounters/4_7segWithZeroBlank/HexOrBCD7segDisplay.srcs/constrs_1/imports/3_32bitsHexTo7segAnd16LEDs/Nexys4DDR_Master.xdc]
INFO: [Opt 31-138] Pushed 0 inverter(s) to 0 load pin(s).
Netlist sorting complete. Time (s): cpu = 00:00:00 ; elapsed = 00:00:00 . Memory (MB): peak = 2256.715 ; gain = 0.000
INFO: [Project 1-111] Unisim Transformation Summary:
No Unisim elements were transformed.

close_design
open_run impl_1
INFO: [Netlist 29-17] Analyzing 28 Unisim elements for replacement
INFO: [Netlist 29-28] Unisim Transformation completed in 0 CPU seconds
INFO: [Project 1-479] Netlist was created with Vivado 2018.3
INFO: [Project 1-570] Preparing netlist for logic optimization
INFO: [Timing 38-478] Restoring timing data from binary archive.
INFO: [Timing 38-479] Binary timing data restore complete.
INFO: [Project 1-856] Restoring constraints from binary archive.
INFO: [Project 1-853] Binary constraint restore complete.
Reading XDEF placement.
Reading placer database...
Reading XDEF routing.
Read XDEF File: Time (s): cpu = 00:00:00 ; elapsed = 00:00:00.096 . Memory (MB): peak = 2855.938 ; gain = 0.000
Restored from archive | CPU: 0.000000 secs | Memory: 0.000000 MB |
Finished XDEF File Restore: Time (s): cpu = 00:00:00 ; elapsed = 00:00:00.096 . Memory (MB): peak = 2855.938 ; gain = 0.000
Netlist sorting complete. Time (s): cpu = 00:00:00 ; elapsed = 00:00:00 . Memory (MB): peak = 2855.938 ; gain = 0.000
INFO: [Project 1-111] Unisim Transformation Summary:
No Unisim elements were transformed.

WARNING: [Timing 38-313] There are no user specified timing constraints. Timing constraints are needed for proper timing analysis.
startgroup
place_cell {LED_OBUF[15]_inst_i_212} SLICE_X8Y72/D5LUT
endgroup
exit
INFO: [Common 17-206] Exiting Vivado at Mon Mar 11 16:35:28 2019...
