#-----------------------------------------------------------
# Vivado v2018.3 (64-bit)
# SW Build 2405991 on Thu Dec  6 23:38:27 MST 2018
# IP Build 2404404 on Fri Dec  7 01:43:56 MST 2018
# Start of session at: Sat Feb 23 07:38:14 2019
# Process ID: 17676
# Current directory: C:/Users/FoersterGame/Documents/GitHub/ENES246/-9ClocksCounters/4_7segWithZeroBlank
# Command line: vivado.exe -gui_launcher_event rodinguilauncherevent13524 C:\Users\FoersterGame\Documents\GitHub\ENES246\-9ClocksCounters\4_7segWithZeroBlank\HexOrBCD7segDisplay.xpr
# Log file: C:/Users/FoersterGame/Documents/GitHub/ENES246/-9ClocksCounters/4_7segWithZeroBlank/vivado.log
# Journal file: C:/Users/FoersterGame/Documents/GitHub/ENES246/-9ClocksCounters/4_7segWithZeroBlank\vivado.jou
#-----------------------------------------------------------
start_gui
open_project C:/Users/FoersterGame/Documents/GitHub/ENES246/-9ClocksCounters/4_7segWithZeroBlank/HexOrBCD7segDisplay.xpr
INFO: [ProjectBase 1-489] The host OS only allows 260 characters in a normal path. The project is stored in a path with more than 80 characters. If you experience issues with IP, Block Designs, or files not being found, please consider moving the project to a location with a shorter path. Alternately consider using the OS subst command to map part of the path to a drive letter.
Current project path is 'C:/Users/FoersterGame/Documents/GitHub/ENES246/-9ClocksCounters/4_7segWithZeroBlank'
INFO: [Project 1-313] Project file moved from 'C:/Users/SET253-17U.HCCMAIN/Documents/GitHub/ENES247/lab3-ReusableBCDhex7segDisplayCode/8_ReUseable7segDisplay' since last save.
Scanning sources...
Finished scanning sources
WARNING: [filemgmt 56-2] IPUserFilesDir: Could not find the directory 'C:/Users/FoersterGame/Documents/GitHub/ENES246/-9ClocksCounters/4_7segWithZeroBlank/HexOrBCD7segDisplay.ip_user_files', nor could it be found using path 'C:/Users/SET253-17U.HCCMAIN/Documents/GitHub/ENES247/lab3-ReusableBCDhex7segDisplayCode/8_ReUseable7segDisplay/HexOrBCD7segDisplay.ip_user_files'.
INFO: [IP_Flow 19-234] Refreshing IP repositories
INFO: [IP_Flow 19-1704] No user IP repositories specified
INFO: [IP_Flow 19-2313] Loaded Vivado IP repository 'C:/Xilinx/Vivado/2018.3/data/ip'.
update_compile_order -fileset sources_1
synth_design -rtl -name rtl_1
Command: synth_design -rtl -name rtl_1
Starting synth_design
Using part: xc7a100tcsg324-1
Top: thirtyTwobitHexTo16LEDs
---------------------------------------------------------------------------------
Starting RTL Elaboration : Time (s): cpu = 00:00:02 ; elapsed = 00:00:02 . Memory (MB): peak = 939.570 ; gain = 0.000
---------------------------------------------------------------------------------
INFO: [Synth 8-6157] synthesizing module 'thirtyTwobitHexTo16LEDs' [C:/Users/FoersterGame/Documents/GitHub/ENES246/-9ClocksCounters/4_7segWithZeroBlank/HexOrBCD7segDisplay.srcs/sources_1/imports/4_32bitsHexTo7segAnd16LEDs/32bitHexTo16LEDs.sv:2]
WARNING: [Synth 8-5788] Register dp_reg in module thirtyTwobitHexTo16LEDs is has both Set and reset with same priority. This may cause simulation mismatches. Consider rewriting code  [C:/Users/FoersterGame/Documents/GitHub/ENES246/-9ClocksCounters/4_7segWithZeroBlank/HexOrBCD7segDisplay.srcs/sources_1/imports/4_32bitsHexTo7segAnd16LEDs/32bitHexTo16LEDs.sv:56]
WARNING: [Synth 8-5788] Register segment_reg in module thirtyTwobitHexTo16LEDs is has both Set and reset with same priority. This may cause simulation mismatches. Consider rewriting code  [C:/Users/FoersterGame/Documents/GitHub/ENES246/-9ClocksCounters/4_7segWithZeroBlank/HexOrBCD7segDisplay.srcs/sources_1/imports/4_32bitsHexTo7segAnd16LEDs/32bitHexTo16LEDs.sv:56]
INFO: [Synth 8-6155] done synthesizing module 'thirtyTwobitHexTo16LEDs' (1#1) [C:/Users/FoersterGame/Documents/GitHub/ENES246/-9ClocksCounters/4_7segWithZeroBlank/HexOrBCD7segDisplay.srcs/sources_1/imports/4_32bitsHexTo7segAnd16LEDs/32bitHexTo16LEDs.sv:2]
---------------------------------------------------------------------------------
Finished RTL Elaboration : Time (s): cpu = 00:00:04 ; elapsed = 00:00:03 . Memory (MB): peak = 939.570 ; gain = 0.000
---------------------------------------------------------------------------------

Report Check Netlist: 
+------+------------------+-------+---------+-------+------------------+
|      |Item              |Errors |Warnings |Status |Description       |
+------+------------------+-------+---------+-------+------------------+
|1     |multi_driven_nets |      0|        0|Passed |Multi driven nets |
+------+------------------+-------+---------+-------+------------------+
---------------------------------------------------------------------------------
Start Handling Custom Attributes
---------------------------------------------------------------------------------
---------------------------------------------------------------------------------
Finished Handling Custom Attributes : Time (s): cpu = 00:00:04 ; elapsed = 00:00:03 . Memory (MB): peak = 939.570 ; gain = 0.000
---------------------------------------------------------------------------------
---------------------------------------------------------------------------------
Finished RTL Optimization Phase 1 : Time (s): cpu = 00:00:04 ; elapsed = 00:00:03 . Memory (MB): peak = 939.570 ; gain = 0.000
---------------------------------------------------------------------------------
INFO: [Device 21-403] Loading part xc7a100tcsg324-1
INFO: [Project 1-570] Preparing netlist for logic optimization

Processing XDC Constraints
Initializing timing engine
Parsing XDC File [C:/Users/FoersterGame/Documents/GitHub/ENES246/-9ClocksCounters/4_7segWithZeroBlank/HexOrBCD7segDisplay.srcs/constrs_1/imports/3_32bitsHexTo7segAnd16LEDs/Nexys4DDR_Master.xdc]
Finished Parsing XDC File [C:/Users/FoersterGame/Documents/GitHub/ENES246/-9ClocksCounters/4_7segWithZeroBlank/HexOrBCD7segDisplay.srcs/constrs_1/imports/3_32bitsHexTo7segAnd16LEDs/Nexys4DDR_Master.xdc]
Completed Processing XDC Constraints

INFO: [Opt 31-138] Pushed 0 inverter(s) to 0 load pin(s).
Netlist sorting complete. Time (s): cpu = 00:00:00 ; elapsed = 00:00:00.001 . Memory (MB): peak = 1194.402 ; gain = 0.000
INFO: [Project 1-111] Unisim Transformation Summary:
No Unisim elements were transformed.

RTL Elaboration Complete:  : Time (s): cpu = 00:00:15 ; elapsed = 00:00:11 . Memory (MB): peak = 1268.828 ; gain = 329.258
6 Infos, 2 Warnings, 0 Critical Warnings and 0 Errors encountered.
synth_design completed successfully
synth_design: Time (s): cpu = 00:00:15 ; elapsed = 00:00:11 . Memory (MB): peak = 1268.828 ; gain = 329.258
reset_run synth_1
launch_runs impl_1 -to_step write_bitstream -jobs 4
[Sat Feb 23 09:26:06 2019] Launched synth_1...
Run output will be captured here: C:/Users/FoersterGame/Documents/GitHub/ENES246/-9ClocksCounters/4_7segWithZeroBlank/HexOrBCD7segDisplay.runs/synth_1/runme.log
[Sat Feb 23 09:26:06 2019] Launched impl_1...
Run output will be captured here: C:/Users/FoersterGame/Documents/GitHub/ENES246/-9ClocksCounters/4_7segWithZeroBlank/HexOrBCD7segDisplay.runs/impl_1/runme.log
open_hw
connect_hw_server
INFO: [Labtools 27-2285] Connecting to hw_server url TCP:localhost:3121
INFO: [Labtools 27-2222] Launching hw_server...
INFO: [Labtools 27-2221] Launch Output:

****** Xilinx hw_server v2018.3
  **** Build date : Dec  7 2018-00:40:27
    ** Copyright 1986-2018 Xilinx, Inc. All Rights Reserved.


open_hw_target
INFO: [Labtoolstcl 44-466] Opening hw_target localhost:3121/xilinx_tcf/Digilent/210292A8B140A
set_property PROGRAM.FILE {C:/Users/FoersterGame/Documents/GitHub/ENES246/-9ClocksCounters/4_7segWithZeroBlank/HexOrBCD7segDisplay.runs/impl_1/thirtyTwobitHexTo16LEDs.bit} [get_hw_devices xc7a100t_0]
current_hw_device [get_hw_devices xc7a100t_0]
refresh_hw_device -update_hw_probes false [lindex [get_hw_devices xc7a100t_0] 0]
INFO: [Labtools 27-1434] Device xc7a100t (JTAG device index = 0) is programmed with a design that has no supported debug core(s) in it.
set_property PROBES.FILE {} [get_hw_devices xc7a100t_0]
set_property FULL_PROBES.FILE {} [get_hw_devices xc7a100t_0]
set_property PROGRAM.FILE {C:/Users/FoersterGame/Documents/GitHub/ENES246/-9ClocksCounters/4_7segWithZeroBlank/HexOrBCD7segDisplay.runs/impl_1/thirtyTwobitHexTo16LEDs.bit} [get_hw_devices xc7a100t_0]
program_hw_devices [get_hw_devices xc7a100t_0]
INFO: [Labtools 27-3164] End of startup status: HIGH
refresh_hw_device [lindex [get_hw_devices xc7a100t_0] 0]
INFO: [Labtools 27-1434] Device xc7a100t (JTAG device index = 0) is programmed with a design that has no supported debug core(s) in it.
close_hw
reset_run synth_1
launch_runs impl_1 -to_step write_bitstream -jobs 4
[Sat Feb 23 09:33:56 2019] Launched synth_1...
Run output will be captured here: C:/Users/FoersterGame/Documents/GitHub/ENES246/-9ClocksCounters/4_7segWithZeroBlank/HexOrBCD7segDisplay.runs/synth_1/runme.log
[Sat Feb 23 09:33:56 2019] Launched impl_1...
Run output will be captured here: C:/Users/FoersterGame/Documents/GitHub/ENES246/-9ClocksCounters/4_7segWithZeroBlank/HexOrBCD7segDisplay.runs/impl_1/runme.log
reset_run synth_1
launch_runs impl_1 -to_step write_bitstream -jobs 4
[Sat Feb 23 09:36:45 2019] Launched synth_1...
Run output will be captured here: C:/Users/FoersterGame/Documents/GitHub/ENES246/-9ClocksCounters/4_7segWithZeroBlank/HexOrBCD7segDisplay.runs/synth_1/runme.log
[Sat Feb 23 09:36:45 2019] Launched impl_1...
Run output will be captured here: C:/Users/FoersterGame/Documents/GitHub/ENES246/-9ClocksCounters/4_7segWithZeroBlank/HexOrBCD7segDisplay.runs/impl_1/runme.log
reset_run synth_1
launch_runs impl_1 -to_step write_bitstream -jobs 4
[Sat Feb 23 09:40:43 2019] Launched synth_1...
Run output will be captured here: C:/Users/FoersterGame/Documents/GitHub/ENES246/-9ClocksCounters/4_7segWithZeroBlank/HexOrBCD7segDisplay.runs/synth_1/runme.log
[Sat Feb 23 09:40:44 2019] Launched impl_1...
Run output will be captured here: C:/Users/FoersterGame/Documents/GitHub/ENES246/-9ClocksCounters/4_7segWithZeroBlank/HexOrBCD7segDisplay.runs/impl_1/runme.log
open_hw
connect_hw_server
INFO: [Labtools 27-2285] Connecting to hw_server url TCP:localhost:3121
INFO: [Labtools 27-2222] Launching hw_server...
INFO: [Labtools 27-2221] Launch Output:

****** Xilinx hw_server v2018.3
  **** Build date : Dec  7 2018-00:40:27
    ** Copyright 1986-2018 Xilinx, Inc. All Rights Reserved.


open_hw_target
INFO: [Labtoolstcl 44-466] Opening hw_target localhost:3121/xilinx_tcf/Digilent/210292A8B140A
set_property PROGRAM.FILE {C:/Users/FoersterGame/Documents/GitHub/ENES246/-9ClocksCounters/4_7segWithZeroBlank/HexOrBCD7segDisplay.runs/impl_1/thirtyTwobitHexTo16LEDs.bit} [get_hw_devices xc7a100t_0]
current_hw_device [get_hw_devices xc7a100t_0]
refresh_hw_device -update_hw_probes false [lindex [get_hw_devices xc7a100t_0] 0]
INFO: [Labtools 27-1434] Device xc7a100t (JTAG device index = 0) is programmed with a design that has no supported debug core(s) in it.
set_property PROBES.FILE {} [get_hw_devices xc7a100t_0]
set_property FULL_PROBES.FILE {} [get_hw_devices xc7a100t_0]
set_property PROGRAM.FILE {C:/Users/FoersterGame/Documents/GitHub/ENES246/-9ClocksCounters/4_7segWithZeroBlank/HexOrBCD7segDisplay.runs/impl_1/thirtyTwobitHexTo16LEDs.bit} [get_hw_devices xc7a100t_0]
program_hw_devices [get_hw_devices xc7a100t_0]
INFO: [Labtools 27-3164] End of startup status: HIGH
refresh_hw_device [lindex [get_hw_devices xc7a100t_0] 0]
INFO: [Labtools 27-1434] Device xc7a100t (JTAG device index = 0) is programmed with a design that has no supported debug core(s) in it.
reset_run synth_1
launch_runs impl_1 -to_step write_bitstream -jobs 4
[Sat Feb 23 09:56:32 2019] Launched synth_1...
Run output will be captured here: C:/Users/FoersterGame/Documents/GitHub/ENES246/-9ClocksCounters/4_7segWithZeroBlank/HexOrBCD7segDisplay.runs/synth_1/runme.log
[Sat Feb 23 09:56:32 2019] Launched impl_1...
Run output will be captured here: C:/Users/FoersterGame/Documents/GitHub/ENES246/-9ClocksCounters/4_7segWithZeroBlank/HexOrBCD7segDisplay.runs/impl_1/runme.log
reset_run synth_1
launch_runs impl_1 -to_step write_bitstream -jobs 4
[Sat Feb 23 09:57:48 2019] Launched synth_1...
Run output will be captured here: C:/Users/FoersterGame/Documents/GitHub/ENES246/-9ClocksCounters/4_7segWithZeroBlank/HexOrBCD7segDisplay.runs/synth_1/runme.log
[Sat Feb 23 09:57:48 2019] Launched impl_1...
Run output will be captured here: C:/Users/FoersterGame/Documents/GitHub/ENES246/-9ClocksCounters/4_7segWithZeroBlank/HexOrBCD7segDisplay.runs/impl_1/runme.log
reset_run synth_1
launch_runs impl_1 -to_step write_bitstream -jobs 4
[Sat Feb 23 09:58:50 2019] Launched synth_1...
Run output will be captured here: C:/Users/FoersterGame/Documents/GitHub/ENES246/-9ClocksCounters/4_7segWithZeroBlank/HexOrBCD7segDisplay.runs/synth_1/runme.log
[Sat Feb 23 09:58:50 2019] Launched impl_1...
Run output will be captured here: C:/Users/FoersterGame/Documents/GitHub/ENES246/-9ClocksCounters/4_7segWithZeroBlank/HexOrBCD7segDisplay.runs/impl_1/runme.log
reset_run synth_1
launch_runs impl_1 -to_step write_bitstream -jobs 4
[Sat Feb 23 10:02:05 2019] Launched synth_1...
Run output will be captured here: C:/Users/FoersterGame/Documents/GitHub/ENES246/-9ClocksCounters/4_7segWithZeroBlank/HexOrBCD7segDisplay.runs/synth_1/runme.log
[Sat Feb 23 10:02:05 2019] Launched impl_1...
Run output will be captured here: C:/Users/FoersterGame/Documents/GitHub/ENES246/-9ClocksCounters/4_7segWithZeroBlank/HexOrBCD7segDisplay.runs/impl_1/runme.log
set_property PROBES.FILE {} [get_hw_devices xc7a100t_0]
set_property FULL_PROBES.FILE {} [get_hw_devices xc7a100t_0]
set_property PROGRAM.FILE {C:/Users/FoersterGame/Documents/GitHub/ENES246/-9ClocksCounters/4_7segWithZeroBlank/HexOrBCD7segDisplay.runs/impl_1/thirtyTwobitHexTo16LEDs.bit} [get_hw_devices xc7a100t_0]
program_hw_devices [get_hw_devices xc7a100t_0]
INFO: [Labtools 27-3164] End of startup status: HIGH
refresh_hw_device [lindex [get_hw_devices xc7a100t_0] 0]
INFO: [Labtools 27-1434] Device xc7a100t (JTAG device index = 0) is programmed with a design that has no supported debug core(s) in it.
reset_run synth_1
launch_runs impl_1 -to_step write_bitstream -jobs 4
[Sat Feb 23 10:09:46 2019] Launched synth_1...
Run output will be captured here: C:/Users/FoersterGame/Documents/GitHub/ENES246/-9ClocksCounters/4_7segWithZeroBlank/HexOrBCD7segDisplay.runs/synth_1/runme.log
[Sat Feb 23 10:09:46 2019] Launched impl_1...
Run output will be captured here: C:/Users/FoersterGame/Documents/GitHub/ENES246/-9ClocksCounters/4_7segWithZeroBlank/HexOrBCD7segDisplay.runs/impl_1/runme.log
set_property PROBES.FILE {} [get_hw_devices xc7a100t_0]
set_property FULL_PROBES.FILE {} [get_hw_devices xc7a100t_0]
set_property PROGRAM.FILE {C:/Users/FoersterGame/Documents/GitHub/ENES246/-9ClocksCounters/4_7segWithZeroBlank/HexOrBCD7segDisplay.runs/impl_1/thirtyTwobitHexTo16LEDs.bit} [get_hw_devices xc7a100t_0]
program_hw_devices [get_hw_devices xc7a100t_0]
INFO: [Labtools 27-3164] End of startup status: HIGH
refresh_hw_device [lindex [get_hw_devices xc7a100t_0] 0]
INFO: [Labtools 27-1434] Device xc7a100t (JTAG device index = 0) is programmed with a design that has no supported debug core(s) in it.
reset_run synth_1
launch_runs impl_1 -to_step write_bitstream -jobs 4
[Sat Feb 23 10:15:03 2019] Launched synth_1...
Run output will be captured here: C:/Users/FoersterGame/Documents/GitHub/ENES246/-9ClocksCounters/4_7segWithZeroBlank/HexOrBCD7segDisplay.runs/synth_1/runme.log
[Sat Feb 23 10:15:03 2019] Launched impl_1...
Run output will be captured here: C:/Users/FoersterGame/Documents/GitHub/ENES246/-9ClocksCounters/4_7segWithZeroBlank/HexOrBCD7segDisplay.runs/impl_1/runme.log
set_property PROBES.FILE {} [get_hw_devices xc7a100t_0]
set_property FULL_PROBES.FILE {} [get_hw_devices xc7a100t_0]
set_property PROGRAM.FILE {C:/Users/FoersterGame/Documents/GitHub/ENES246/-9ClocksCounters/4_7segWithZeroBlank/HexOrBCD7segDisplay.runs/impl_1/thirtyTwobitHexTo16LEDs.bit} [get_hw_devices xc7a100t_0]
program_hw_devices [get_hw_devices xc7a100t_0]
INFO: [Labtools 27-3164] End of startup status: HIGH
refresh_hw_device [lindex [get_hw_devices xc7a100t_0] 0]
INFO: [Labtools 27-1434] Device xc7a100t (JTAG device index = 0) is programmed with a design that has no supported debug core(s) in it.
reset_run synth_1
launch_runs impl_1 -to_step write_bitstream -jobs 4
[Sat Feb 23 10:20:14 2019] Launched synth_1...
Run output will be captured here: C:/Users/FoersterGame/Documents/GitHub/ENES246/-9ClocksCounters/4_7segWithZeroBlank/HexOrBCD7segDisplay.runs/synth_1/runme.log
[Sat Feb 23 10:20:14 2019] Launched impl_1...
Run output will be captured here: C:/Users/FoersterGame/Documents/GitHub/ENES246/-9ClocksCounters/4_7segWithZeroBlank/HexOrBCD7segDisplay.runs/impl_1/runme.log
set_property PROBES.FILE {} [get_hw_devices xc7a100t_0]
set_property FULL_PROBES.FILE {} [get_hw_devices xc7a100t_0]
set_property PROGRAM.FILE {C:/Users/FoersterGame/Documents/GitHub/ENES246/-9ClocksCounters/4_7segWithZeroBlank/HexOrBCD7segDisplay.runs/impl_1/thirtyTwobitHexTo16LEDs.bit} [get_hw_devices xc7a100t_0]
program_hw_devices [get_hw_devices xc7a100t_0]
INFO: [Labtools 27-3164] End of startup status: HIGH
refresh_hw_device [lindex [get_hw_devices xc7a100t_0] 0]
INFO: [Labtools 27-1434] Device xc7a100t (JTAG device index = 0) is programmed with a design that has no supported debug core(s) in it.
close_project
exit
INFO: [Common 17-206] Exiting Vivado at Sat Feb 23 10:24:36 2019...
