
*** Running vivado
    with args -log d7segDisplay.vds -m64 -product Vivado -mode batch -messageDb vivado.pb -notrace -source d7segDisplay.tcl


****** Vivado v2018.3 (64-bit)
  **** SW Build 2405991 on Thu Dec  6 23:38:27 MST 2018
  **** IP Build 2404404 on Fri Dec  7 01:43:56 MST 2018
    ** Copyright 1986-2018 Xilinx, Inc. All Rights Reserved.

source d7segDisplay.tcl -notrace
Command: synth_design -top d7segDisplay -part xc7a100tcsg324-1
Starting synth_design
Attempting to get a license for feature 'Synthesis' and/or device 'xc7a100t'
INFO: [Common 17-349] Got license for feature 'Synthesis' and/or device 'xc7a100t'
INFO: Launching helper process for spawning children vivado processes
INFO: Helper process launched with PID 45548 
---------------------------------------------------------------------------------
Starting RTL Elaboration : Time (s): cpu = 00:00:03 ; elapsed = 00:00:02 . Memory (MB): peak = 363.461 ; gain = 100.734
---------------------------------------------------------------------------------
INFO: [Synth 8-6157] synthesizing module 'd7segDisplay' [D:/GitHub/ENES-246/-8SevenSegDisplays/3_d7SegDisplay/d7segDisplay.srcs/sources_1/new/d7segDisplay.v:3]
INFO: [Synth 8-6157] synthesizing module 'm16x4Mux' [D:/GitHub/ENES-246/-8SevenSegDisplays/3_d7SegDisplay/d7segDisplay.srcs/sources_1/imports/new/m16x4Mux.v:3]
INFO: [Synth 8-6157] synthesizing module 'm4x2Mux' [D:/GitHub/ENES-246/-8SevenSegDisplays/3_d7SegDisplay/d7segDisplay.srcs/sources_1/imports/new/m4x2Mux.v:3]
INFO: [Synth 8-6157] synthesizing module 'm2x1Mux' [D:/GitHub/ENES-246/-8SevenSegDisplays/3_d7SegDisplay/d7segDisplay.srcs/sources_1/imports/new/m2x1mux.v:2]
INFO: [Synth 8-6155] done synthesizing module 'm2x1Mux' (1#1) [D:/GitHub/ENES-246/-8SevenSegDisplays/3_d7SegDisplay/d7segDisplay.srcs/sources_1/imports/new/m2x1mux.v:2]
INFO: [Synth 8-6155] done synthesizing module 'm4x2Mux' (2#1) [D:/GitHub/ENES-246/-8SevenSegDisplays/3_d7SegDisplay/d7segDisplay.srcs/sources_1/imports/new/m4x2Mux.v:3]
INFO: [Synth 8-6157] synthesizing module 'vcb' [D:/GitHub/ENES-246/-8SevenSegDisplays/3_d7SegDisplay/d7segDisplay.srcs/sources_1/imports/new/vcb.v:3]
INFO: [Synth 8-6155] done synthesizing module 'vcb' (3#1) [D:/GitHub/ENES-246/-8SevenSegDisplays/3_d7SegDisplay/d7segDisplay.srcs/sources_1/imports/new/vcb.v:3]
INFO: [Synth 8-6155] done synthesizing module 'm16x4Mux' (4#1) [D:/GitHub/ENES-246/-8SevenSegDisplays/3_d7SegDisplay/d7segDisplay.srcs/sources_1/imports/new/m16x4Mux.v:3]
INFO: [Synth 8-6155] done synthesizing module 'd7segDisplay' (5#1) [D:/GitHub/ENES-246/-8SevenSegDisplays/3_d7SegDisplay/d7segDisplay.srcs/sources_1/new/d7segDisplay.v:3]
WARNING: [Synth 8-3917] design d7segDisplay has port AN[7] driven by constant 1
WARNING: [Synth 8-3917] design d7segDisplay has port AN[6] driven by constant 1
WARNING: [Synth 8-3917] design d7segDisplay has port AN[5] driven by constant 1
WARNING: [Synth 8-3917] design d7segDisplay has port AN[4] driven by constant 1
WARNING: [Synth 8-3917] design d7segDisplay has port AN[3] driven by constant 1
WARNING: [Synth 8-3917] design d7segDisplay has port AN[2] driven by constant 1
WARNING: [Synth 8-3917] design d7segDisplay has port AN[1] driven by constant 1
---------------------------------------------------------------------------------
Finished RTL Elaboration : Time (s): cpu = 00:00:03 ; elapsed = 00:00:03 . Memory (MB): peak = 419.559 ; gain = 156.832
---------------------------------------------------------------------------------

Report Check Netlist: 
+------+------------------+-------+---------+-------+------------------+
|      |Item              |Errors |Warnings |Status |Description       |
+------+------------------+-------+---------+-------+------------------+
|1     |multi_driven_nets |      0|        0|Passed |Multi driven nets |
+------+------------------+-------+---------+-------+------------------+
---------------------------------------------------------------------------------
Start Handling Custom Attributes
---------------------------------------------------------------------------------
---------------------------------------------------------------------------------
Finished Handling Custom Attributes : Time (s): cpu = 00:00:04 ; elapsed = 00:00:03 . Memory (MB): peak = 419.559 ; gain = 156.832
---------------------------------------------------------------------------------
---------------------------------------------------------------------------------
Finished RTL Optimization Phase 1 : Time (s): cpu = 00:00:04 ; elapsed = 00:00:03 . Memory (MB): peak = 419.559 ; gain = 156.832
---------------------------------------------------------------------------------
INFO: [Device 21-403] Loading part xc7a100tcsg324-1
INFO: [Project 1-570] Preparing netlist for logic optimization

Processing XDC Constraints
Initializing timing engine
Parsing XDC File [D:/GitHub/ENES-246/-8SevenSegDisplays/3_d7SegDisplay/d7segDisplay.srcs/constrs_1/imports/CONSTANTS/Nexys4DDR_Master.xdc]
Finished Parsing XDC File [D:/GitHub/ENES-246/-8SevenSegDisplays/3_d7SegDisplay/d7segDisplay.srcs/constrs_1/imports/CONSTANTS/Nexys4DDR_Master.xdc]
INFO: [Project 1-236] Implementation specific constraints were found while reading constraint file [D:/GitHub/ENES-246/-8SevenSegDisplays/3_d7SegDisplay/d7segDisplay.srcs/constrs_1/imports/CONSTANTS/Nexys4DDR_Master.xdc]. These constraints will be ignored for synthesis but will be used in implementation. Impacted constraints are listed in the file [.Xil/d7segDisplay_propImpl.xdc].
Resolution: To avoid this warning, move constraints listed in [.Xil/d7segDisplay_propImpl.xdc] to another XDC file and exclude this new file from synthesis with the used_in_synthesis property (File Properties dialog in GUI) and re-run elaboration/synthesis.
Netlist sorting complete. Time (s): cpu = 00:00:00 ; elapsed = 00:00:00 . Memory (MB): peak = 762.063 ; gain = 0.000
Completed Processing XDC Constraints

Netlist sorting complete. Time (s): cpu = 00:00:00 ; elapsed = 00:00:00.001 . Memory (MB): peak = 762.063 ; gain = 0.000
INFO: [Project 1-111] Unisim Transformation Summary:
No Unisim elements were transformed.

Netlist sorting complete. Time (s): cpu = 00:00:00 ; elapsed = 00:00:00 . Memory (MB): peak = 762.063 ; gain = 0.000
Constraint Validation Runtime : Time (s): cpu = 00:00:00 ; elapsed = 00:00:00.004 . Memory (MB): peak = 762.063 ; gain = 0.000
---------------------------------------------------------------------------------
Finished Constraint Validation : Time (s): cpu = 00:00:11 ; elapsed = 00:00:11 . Memory (MB): peak = 762.063 ; gain = 499.336
---------------------------------------------------------------------------------
---------------------------------------------------------------------------------
Start Loading Part and Timing Information
---------------------------------------------------------------------------------
Loading part: xc7a100tcsg324-1
---------------------------------------------------------------------------------
Finished Loading Part and Timing Information : Time (s): cpu = 00:00:11 ; elapsed = 00:00:12 . Memory (MB): peak = 762.063 ; gain = 499.336
---------------------------------------------------------------------------------
---------------------------------------------------------------------------------
Start Applying 'set_property' XDC Constraints
---------------------------------------------------------------------------------
---------------------------------------------------------------------------------
Finished applying 'set_property' XDC Constraints : Time (s): cpu = 00:00:11 ; elapsed = 00:00:12 . Memory (MB): peak = 762.063 ; gain = 499.336
---------------------------------------------------------------------------------
---------------------------------------------------------------------------------
Finished RTL Optimization Phase 2 : Time (s): cpu = 00:00:11 ; elapsed = 00:00:12 . Memory (MB): peak = 762.063 ; gain = 499.336
---------------------------------------------------------------------------------

Report RTL Partitions: 
+-+--------------+------------+----------+
| |RTL Partition |Replication |Instances |
+-+--------------+------------+----------+
+-+--------------+------------+----------+
---------------------------------------------------------------------------------
Start RTL Component Statistics 
---------------------------------------------------------------------------------
Detailed RTL Component Info : 
---------------------------------------------------------------------------------
Finished RTL Component Statistics 
---------------------------------------------------------------------------------
---------------------------------------------------------------------------------
Start RTL Hierarchical Component Statistics 
---------------------------------------------------------------------------------
Hierarchical RTL Component report 
---------------------------------------------------------------------------------
Finished RTL Hierarchical Component Statistics
---------------------------------------------------------------------------------
---------------------------------------------------------------------------------
Start Part Resource Summary
---------------------------------------------------------------------------------
Part Resources:
DSPs: 240 (col length:80)
BRAMs: 270 (col length: RAMB18 80 RAMB36 40)
---------------------------------------------------------------------------------
Finished Part Resource Summary
---------------------------------------------------------------------------------
---------------------------------------------------------------------------------
Start Cross Boundary and Area Optimization
---------------------------------------------------------------------------------
Warning: Parallel synthesis criteria is not met 
WARNING: [Synth 8-3917] design d7segDisplay has port AN[7] driven by constant 1
WARNING: [Synth 8-3917] design d7segDisplay has port AN[6] driven by constant 1
WARNING: [Synth 8-3917] design d7segDisplay has port AN[5] driven by constant 1
WARNING: [Synth 8-3917] design d7segDisplay has port AN[4] driven by constant 1
WARNING: [Synth 8-3917] design d7segDisplay has port AN[3] driven by constant 1
WARNING: [Synth 8-3917] design d7segDisplay has port AN[2] driven by constant 1
WARNING: [Synth 8-3917] design d7segDisplay has port AN[1] driven by constant 1
---------------------------------------------------------------------------------
Finished Cross Boundary and Area Optimization : Time (s): cpu = 00:00:11 ; elapsed = 00:00:13 . Memory (MB): peak = 762.063 ; gain = 499.336
---------------------------------------------------------------------------------

Report RTL Partitions: 
+-+--------------+------------+----------+
| |RTL Partition |Replication |Instances |
+-+--------------+------------+----------+
+-+--------------+------------+----------+
---------------------------------------------------------------------------------
Start Applying XDC Timing Constraints
---------------------------------------------------------------------------------
---------------------------------------------------------------------------------
Finished Applying XDC Timing Constraints : Time (s): cpu = 00:00:20 ; elapsed = 00:00:21 . Memory (MB): peak = 762.063 ; gain = 499.336
---------------------------------------------------------------------------------
---------------------------------------------------------------------------------
Start Timing Optimization
---------------------------------------------------------------------------------
---------------------------------------------------------------------------------
Finished Timing Optimization : Time (s): cpu = 00:00:20 ; elapsed = 00:00:21 . Memory (MB): peak = 762.063 ; gain = 499.336
---------------------------------------------------------------------------------

Report RTL Partitions: 
+-+--------------+------------+----------+
| |RTL Partition |Replication |Instances |
+-+--------------+------------+----------+
+-+--------------+------------+----------+
---------------------------------------------------------------------------------
Start Technology Mapping
---------------------------------------------------------------------------------
---------------------------------------------------------------------------------
Finished Technology Mapping : Time (s): cpu = 00:00:20 ; elapsed = 00:00:21 . Memory (MB): peak = 767.492 ; gain = 504.766
---------------------------------------------------------------------------------

Report RTL Partitions: 
+-+--------------+------------+----------+
| |RTL Partition |Replication |Instances |
+-+--------------+------------+----------+
+-+--------------+------------+----------+
---------------------------------------------------------------------------------
Start IO Insertion
---------------------------------------------------------------------------------
---------------------------------------------------------------------------------
Start Flattening Before IO Insertion
---------------------------------------------------------------------------------
---------------------------------------------------------------------------------
Finished Flattening Before IO Insertion
---------------------------------------------------------------------------------
---------------------------------------------------------------------------------
Start Final Netlist Cleanup
---------------------------------------------------------------------------------
---------------------------------------------------------------------------------
Finished Final Netlist Cleanup
---------------------------------------------------------------------------------
---------------------------------------------------------------------------------
Finished IO Insertion : Time (s): cpu = 00:00:21 ; elapsed = 00:00:22 . Memory (MB): peak = 767.492 ; gain = 504.766
---------------------------------------------------------------------------------

Report Check Netlist: 
+------+------------------+-------+---------+-------+------------------+
|      |Item              |Errors |Warnings |Status |Description       |
+------+------------------+-------+---------+-------+------------------+
|1     |multi_driven_nets |      0|        0|Passed |Multi driven nets |
+------+------------------+-------+---------+-------+------------------+
---------------------------------------------------------------------------------
Start Renaming Generated Instances
---------------------------------------------------------------------------------
---------------------------------------------------------------------------------
Finished Renaming Generated Instances : Time (s): cpu = 00:00:21 ; elapsed = 00:00:22 . Memory (MB): peak = 767.492 ; gain = 504.766
---------------------------------------------------------------------------------

Report RTL Partitions: 
+-+--------------+------------+----------+
| |RTL Partition |Replication |Instances |
+-+--------------+------------+----------+
+-+--------------+------------+----------+
---------------------------------------------------------------------------------
Start Rebuilding User Hierarchy
---------------------------------------------------------------------------------
---------------------------------------------------------------------------------
Finished Rebuilding User Hierarchy : Time (s): cpu = 00:00:21 ; elapsed = 00:00:22 . Memory (MB): peak = 767.492 ; gain = 504.766
---------------------------------------------------------------------------------
---------------------------------------------------------------------------------
Start Renaming Generated Ports
---------------------------------------------------------------------------------
---------------------------------------------------------------------------------
Finished Renaming Generated Ports : Time (s): cpu = 00:00:21 ; elapsed = 00:00:22 . Memory (MB): peak = 767.492 ; gain = 504.766
---------------------------------------------------------------------------------
---------------------------------------------------------------------------------
Start Handling Custom Attributes
---------------------------------------------------------------------------------
---------------------------------------------------------------------------------
Finished Handling Custom Attributes : Time (s): cpu = 00:00:21 ; elapsed = 00:00:22 . Memory (MB): peak = 767.492 ; gain = 504.766
---------------------------------------------------------------------------------
---------------------------------------------------------------------------------
Start Renaming Generated Nets
---------------------------------------------------------------------------------
---------------------------------------------------------------------------------
Finished Renaming Generated Nets : Time (s): cpu = 00:00:21 ; elapsed = 00:00:22 . Memory (MB): peak = 767.492 ; gain = 504.766
---------------------------------------------------------------------------------
---------------------------------------------------------------------------------
Start Writing Synthesis Report
---------------------------------------------------------------------------------

Report BlackBoxes: 
+-+--------------+----------+
| |BlackBox name |Instances |
+-+--------------+----------+
+-+--------------+----------+

Report Cell Usage: 
+------+------+------+
|      |Cell  |Count |
+------+------+------+
|1     |LUT1  |     2|
|2     |LUT2  |     1|
|3     |LUT4  |     7|
|4     |IBUF  |     6|
|5     |OBUF  |     9|
|6     |OBUFT |     7|
+------+------+------+

Report Instance Areas: 
+------+---------+-----------+------+
|      |Instance |Module     |Cells |
+------+---------+-----------+------+
|1     |top      |           |    32|
|2     |  i1     |m16x4Mux   |     1|
|3     |    m5   |m4x2Mux_16 |     1|
|4     |      I3 |m2x1Mux_17 |     1|
|5     |  i2     |m16x4Mux_0 |     1|
|6     |    m5   |m4x2Mux_14 |     1|
|7     |      I3 |m2x1Mux_15 |     1|
|8     |  i3     |m16x4Mux_1 |     1|
|9     |    m5   |m4x2Mux_12 |     1|
|10    |      I3 |m2x1Mux_13 |     1|
|11    |  i4     |m16x4Mux_2 |     1|
|12    |    m5   |m4x2Mux_10 |     1|
|13    |      I3 |m2x1Mux_11 |     1|
|14    |  i5     |m16x4Mux_3 |     1|
|15    |    m5   |m4x2Mux_8  |     1|
|16    |      I3 |m2x1Mux_9  |     1|
|17    |  i6     |m16x4Mux_4 |     1|
|18    |    m5   |m4x2Mux_6  |     1|
|19    |      I3 |m2x1Mux_7  |     1|
|20    |  i7     |m16x4Mux_5 |     1|
|21    |    m5   |m4x2Mux    |     1|
|22    |      I3 |m2x1Mux    |     1|
+------+---------+-----------+------+
---------------------------------------------------------------------------------
Finished Writing Synthesis Report : Time (s): cpu = 00:00:21 ; elapsed = 00:00:22 . Memory (MB): peak = 767.492 ; gain = 504.766
---------------------------------------------------------------------------------
Synthesis finished with 0 errors, 0 critical warnings and 7 warnings.
Synthesis Optimization Runtime : Time (s): cpu = 00:00:13 ; elapsed = 00:00:16 . Memory (MB): peak = 767.492 ; gain = 162.262
Synthesis Optimization Complete : Time (s): cpu = 00:00:21 ; elapsed = 00:00:22 . Memory (MB): peak = 767.492 ; gain = 504.766
INFO: [Project 1-571] Translating synthesized netlist
INFO: [Project 1-570] Preparing netlist for logic optimization
INFO: [Opt 31-138] Pushed 0 inverter(s) to 0 load pin(s).
Netlist sorting complete. Time (s): cpu = 00:00:00 ; elapsed = 00:00:00 . Memory (MB): peak = 781.359 ; gain = 0.000
INFO: [Project 1-111] Unisim Transformation Summary:
No Unisim elements were transformed.

INFO: [Common 17-83] Releasing license: Synthesis
20 Infos, 14 Warnings, 0 Critical Warnings and 0 Errors encountered.
synth_design completed successfully
synth_design: Time (s): cpu = 00:00:23 ; elapsed = 00:00:25 . Memory (MB): peak = 781.359 ; gain = 531.906
Netlist sorting complete. Time (s): cpu = 00:00:00 ; elapsed = 00:00:00 . Memory (MB): peak = 781.359 ; gain = 0.000
WARNING: [Constraints 18-5210] No constraints selected for write.
Resolution: This message can indicate that there are no constraints for the design, or it can indicate that the used_in flags are set such that the constraints are ignored. This later case is used when running synth_design to not write synthesis constraints to the resulting checkpoint. Instead, project constraints are read when the synthesized design is opened.
INFO: [Common 17-1381] The checkpoint 'D:/GitHub/ENES-246/-8SevenSegDisplays/3_d7SegDisplay/d7segDisplay.runs/synth_1/d7segDisplay.dcp' has been generated.
INFO: [runtcl-4] Executing : report_utilization -file d7segDisplay_utilization_synth.rpt -pb d7segDisplay_utilization_synth.pb
INFO: [Common 17-206] Exiting Vivado at Mon Mar  4 15:46:00 2019...
