#-----------------------------------------------------------
# Vivado v2018.3 (64-bit)
# SW Build 2405991 on Thu Dec  6 23:38:27 MST 2018
# IP Build 2404404 on Fri Dec  7 01:43:56 MST 2018
# Start of session at: Wed Feb  6 15:52:25 2019
# Process ID: 65280
# Current directory: D:/GitHub/ENES-246/-2VoltageControlledBuffer/MyOwnTristate
# Command line: vivado.exe -gui_launcher_event rodinguilauncherevent65848 D:\GitHub\ENES-246\-2VoltageControlledBuffer\MyOwnTristate\MyOwnTristate.xpr
# Log file: D:/GitHub/ENES-246/-2VoltageControlledBuffer/MyOwnTristate/vivado.log
# Journal file: D:/GitHub/ENES-246/-2VoltageControlledBuffer/MyOwnTristate\vivado.jou
#-----------------------------------------------------------
start_gui
open_project D:/GitHub/ENES-246/-2VoltageControlledBuffer/MyOwnTristate/MyOwnTristate.xpr
INFO: [Project 1-313] Project file moved from 'D:/GitHub/ENES-246/BufferVoltageControll/MyOwnTristate' since last save.
Scanning sources...
Finished scanning sources
INFO: [IP_Flow 19-234] Refreshing IP repositories
INFO: [IP_Flow 19-1704] No user IP repositories specified
INFO: [IP_Flow 19-2313] Loaded Vivado IP repository 'D:/Vivado/2018.3/data/ip'.
open_project: Time (s): cpu = 00:00:13 ; elapsed = 00:00:05 . Memory (MB): peak = 706.773 ; gain = 78.691
update_compile_order -fileset sources_1
exit
INFO: [Common 17-206] Exiting Vivado at Wed Feb  6 15:55:21 2019...
