#-----------------------------------------------------------
# Vivado v2018.3 (64-bit)
# SW Build 2405991 on Thu Dec  6 23:38:27 MST 2018
# IP Build 2404404 on Fri Dec  7 01:43:56 MST 2018
# Start of session at: Sun Mar 24 18:27:15 2019
# Process ID: 11608
# Current directory: C:/Users/FoersterGame/Documents/GitHub/ENES246/12ControlPathDoesDonts/6_BestClockDivider
# Command line: vivado.exe -gui_launcher_event rodinguilauncherevent6304 C:\Users\FoersterGame\Documents\GitHub\ENES246\12ControlPathDoesDonts\6_BestClockDivider\reset.xpr
# Log file: C:/Users/FoersterGame/Documents/GitHub/ENES246/12ControlPathDoesDonts/6_BestClockDivider/vivado.log
# Journal file: C:/Users/FoersterGame/Documents/GitHub/ENES246/12ControlPathDoesDonts/6_BestClockDivider\vivado.jou
#-----------------------------------------------------------
start_gui
open_project C:/Users/FoersterGame/Documents/GitHub/ENES246/12ControlPathDoesDonts/6_BestClockDivider/reset.xpr
INFO: [ProjectBase 1-489] The host OS only allows 260 characters in a normal path. The project is stored in a path with more than 80 characters. If you experience issues with IP, Block Designs, or files not being found, please consider moving the project to a location with a shorter path. Alternately consider using the OS subst command to map part of the path to a drive letter.
Current project path is 'C:/Users/FoersterGame/Documents/GitHub/ENES246/12ControlPathDoesDonts/6_BestClockDivider'
Scanning sources...
Finished scanning sources
INFO: [IP_Flow 19-234] Refreshing IP repositories
INFO: [IP_Flow 19-1704] No user IP repositories specified
INFO: [IP_Flow 19-2313] Loaded Vivado IP repository 'C:/Xilinx/Vivado/2018.3/data/ip'.
update_compile_order -fileset sources_1
open_hw
connect_hw_server
INFO: [Labtools 27-2285] Connecting to hw_server url TCP:localhost:3121
open_hw_target
INFO: [Labtoolstcl 44-466] Opening hw_target localhost:3121/xilinx_tcf/Digilent/210292A8B140A
set_property PROGRAM.FILE {C:/Users/FoersterGame/Documents/GitHub/ENES246/12ControlPathDoesDonts/6_BestClockDivider/reset.runs/impl_1/clkDivider.bit} [get_hw_devices xc7a100t_0]
current_hw_device [get_hw_devices xc7a100t_0]
refresh_hw_device -update_hw_probes false [lindex [get_hw_devices xc7a100t_0] 0]
INFO: [Labtools 27-1434] Device xc7a100t (JTAG device index = 0) is programmed with a design that has no supported debug core(s) in it.
set_property PROBES.FILE {} [get_hw_devices xc7a100t_0]
set_property FULL_PROBES.FILE {} [get_hw_devices xc7a100t_0]
set_property PROGRAM.FILE {C:/Users/FoersterGame/Documents/GitHub/ENES246/12ControlPathDoesDonts/6_BestClockDivider/reset.runs/impl_1/clkDivider.bit} [get_hw_devices xc7a100t_0]
program_hw_devices [get_hw_devices xc7a100t_0]
INFO: [Labtools 27-3164] End of startup status: HIGH
refresh_hw_device [lindex [get_hw_devices xc7a100t_0] 0]
INFO: [Labtools 27-1434] Device xc7a100t (JTAG device index = 0) is programmed with a design that has no supported debug core(s) in it.
exit
INFO: [Common 17-206] Exiting Vivado at Sun Mar 24 18:46:40 2019...
