
*** Running vivado
    with args -log SquareRoot.vdi -applog -m64 -product Vivado -messageDb vivado.pb -mode batch -source SquareRoot.tcl -notrace


****** Vivado v2018.3 (64-bit)
  **** SW Build 2405991 on Thu Dec  6 23:38:27 MST 2018
  **** IP Build 2404404 on Fri Dec  7 01:43:56 MST 2018
    ** Copyright 1986-2018 Xilinx, Inc. All Rights Reserved.

source SquareRoot.tcl -notrace
Command: link_design -top SquareRoot -part xc7a100tcsg324-1
Design is defaulting to srcset: sources_1
Design is defaulting to constrset: constrs_1
INFO: [Project 1-454] Reading design checkpoint 'c:/Users/FoersterGame/Documents/GitHub/ENES246/11IP/2_Square_Root_IP/SquareRootIP.srcs/sources_1/ip/cordic_0/cordic_0.dcp' for cell 'instan1'
INFO: [Netlist 29-17] Analyzing 30 Unisim elements for replacement
INFO: [Netlist 29-28] Unisim Transformation completed in 0 CPU seconds
INFO: [Project 1-479] Netlist was created with Vivado 2018.3
INFO: [Device 21-403] Loading part xc7a100tcsg324-1
INFO: [Project 1-570] Preparing netlist for logic optimization
Parsing XDC File [C:/Users/FoersterGame/Documents/GitHub/ENES246/11IP/2_Square_Root_IP/SquareRootIP.srcs/constrs_1/imports/ENES246/Nexys4DDR_Master.xdc]
WARNING: [Vivado 12-584] No ports matched 'data_i[14]'. [C:/Users/FoersterGame/Documents/GitHub/ENES246/11IP/2_Square_Root_IP/SquareRootIP.srcs/constrs_1/imports/ENES246/Nexys4DDR_Master.xdc:30]
CRITICAL WARNING: [Common 17-55] 'set_property' expects at least one object. [C:/Users/FoersterGame/Documents/GitHub/ENES246/11IP/2_Square_Root_IP/SquareRootIP.srcs/constrs_1/imports/ENES246/Nexys4DDR_Master.xdc:30]
Resolution: If [get_<value>] was used to populate the object, check to make sure this command returns at least one valid object.
WARNING: [Vivado 12-584] No ports matched 'data_i[15]'. [C:/Users/FoersterGame/Documents/GitHub/ENES246/11IP/2_Square_Root_IP/SquareRootIP.srcs/constrs_1/imports/ENES246/Nexys4DDR_Master.xdc:31]
CRITICAL WARNING: [Common 17-55] 'set_property' expects at least one object. [C:/Users/FoersterGame/Documents/GitHub/ENES246/11IP/2_Square_Root_IP/SquareRootIP.srcs/constrs_1/imports/ENES246/Nexys4DDR_Master.xdc:31]
Resolution: If [get_<value>] was used to populate the object, check to make sure this command returns at least one valid object.
Finished Parsing XDC File [C:/Users/FoersterGame/Documents/GitHub/ENES246/11IP/2_Square_Root_IP/SquareRootIP.srcs/constrs_1/imports/ENES246/Nexys4DDR_Master.xdc]
INFO: [Opt 31-138] Pushed 0 inverter(s) to 0 load pin(s).
Netlist sorting complete. Time (s): cpu = 00:00:00 ; elapsed = 00:00:00 . Memory (MB): peak = 604.672 ; gain = 0.000
INFO: [Project 1-111] Unisim Transformation Summary:
No Unisim elements were transformed.

8 Infos, 2 Warnings, 2 Critical Warnings and 0 Errors encountered.
link_design completed successfully
link_design: Time (s): cpu = 00:00:04 ; elapsed = 00:00:05 . Memory (MB): peak = 604.672 ; gain = 336.582
Command: opt_design
Attempting to get a license for feature 'Implementation' and/or device 'xc7a100t'
INFO: [Common 17-349] Got license for feature 'Implementation' and/or device 'xc7a100t'
Running DRC as a precondition to command opt_design

Starting DRC Task
INFO: [DRC 23-27] Running DRC with 2 threads
INFO: [Project 1-461] DRC finished with 0 Errors
INFO: [Project 1-462] Please refer to the DRC report (report_drc) for more information.

Time (s): cpu = 00:00:01 ; elapsed = 00:00:00.435 . Memory (MB): peak = 619.668 ; gain = 14.996

Starting Cache Timing Information Task
INFO: [Timing 38-35] Done setting XDC timing constraints.
Ending Cache Timing Information Task | Checksum: 11e5fd8bb

Time (s): cpu = 00:00:07 ; elapsed = 00:00:07 . Memory (MB): peak = 1179.012 ; gain = 559.344

Starting Logic Optimization Task

Phase 1 Retarget
INFO: [Opt 31-138] Pushed 0 inverter(s) to 0 load pin(s).
INFO: [Opt 31-49] Retargeted 0 cell(s).
Phase 1 Retarget | Checksum: 1661495a1

Time (s): cpu = 00:00:00 ; elapsed = 00:00:00.029 . Memory (MB): peak = 1274.688 ; gain = 0.000
INFO: [Opt 31-389] Phase Retarget created 0 cells and removed 5 cells

Phase 2 Constant propagation
INFO: [Opt 31-138] Pushed 0 inverter(s) to 0 load pin(s).
Phase 2 Constant propagation | Checksum: c5003f6a

Time (s): cpu = 00:00:01 ; elapsed = 00:00:00.052 . Memory (MB): peak = 1274.688 ; gain = 0.000
INFO: [Opt 31-389] Phase Constant propagation created 21 cells and removed 62 cells

Phase 3 Sweep
Phase 3 Sweep | Checksum: 109c39ef0

Time (s): cpu = 00:00:01 ; elapsed = 00:00:00.070 . Memory (MB): peak = 1274.688 ; gain = 0.000
INFO: [Opt 31-389] Phase Sweep created 0 cells and removed 3 cells

Phase 4 BUFG optimization
Phase 4 BUFG optimization | Checksum: 109c39ef0

Time (s): cpu = 00:00:01 ; elapsed = 00:00:00.080 . Memory (MB): peak = 1274.688 ; gain = 0.000
INFO: [Opt 31-662] Phase BUFG optimization created 0 cells of which 0 are BUFGs and removed 0 cells.

Phase 5 Shift Register Optimization
Phase 5 Shift Register Optimization | Checksum: 21b717206

Time (s): cpu = 00:00:01 ; elapsed = 00:00:00.123 . Memory (MB): peak = 1274.688 ; gain = 0.000
INFO: [Opt 31-389] Phase Shift Register Optimization created 0 cells and removed 0 cells

Phase 6 Post Processing Netlist
Phase 6 Post Processing Netlist | Checksum: 21b717206

Time (s): cpu = 00:00:01 ; elapsed = 00:00:00.129 . Memory (MB): peak = 1274.688 ; gain = 0.000
INFO: [Opt 31-389] Phase Post Processing Netlist created 0 cells and removed 0 cells
Opt_design Change Summary
=========================


-------------------------------------------------------------------------------------------------------------------------
|  Phase                        |  #Cells created  |  #Cells Removed  |  #Constrained objects preventing optimizations  |
-------------------------------------------------------------------------------------------------------------------------
|  Retarget                     |               0  |               5  |                                              0  |
|  Constant propagation         |              21  |              62  |                                              0  |
|  Sweep                        |               0  |               3  |                                              0  |
|  BUFG optimization            |               0  |               0  |                                              0  |
|  Shift Register Optimization  |               0  |               0  |                                              0  |
|  Post Processing Netlist      |               0  |               0  |                                              0  |
-------------------------------------------------------------------------------------------------------------------------



Starting Connectivity Check Task

Time (s): cpu = 00:00:00 ; elapsed = 00:00:00.001 . Memory (MB): peak = 1274.688 ; gain = 0.000
Ending Logic Optimization Task | Checksum: 21b717206

Time (s): cpu = 00:00:01 ; elapsed = 00:00:00.132 . Memory (MB): peak = 1274.688 ; gain = 0.000

Starting Power Optimization Task
INFO: [Pwropt 34-132] Skipping clock gating for clocks with a period < 2.00 ns.
Ending Power Optimization Task | Checksum: 21b717206

Time (s): cpu = 00:00:00 ; elapsed = 00:00:00.005 . Memory (MB): peak = 1274.688 ; gain = 0.000

Starting Final Cleanup Task
Ending Final Cleanup Task | Checksum: 21b717206

Time (s): cpu = 00:00:00 ; elapsed = 00:00:00 . Memory (MB): peak = 1274.688 ; gain = 0.000

Starting Netlist Obfuscation Task
Netlist sorting complete. Time (s): cpu = 00:00:00 ; elapsed = 00:00:00 . Memory (MB): peak = 1274.688 ; gain = 0.000
Ending Netlist Obfuscation Task | Checksum: 21b717206

Time (s): cpu = 00:00:00 ; elapsed = 00:00:00 . Memory (MB): peak = 1274.688 ; gain = 0.000
INFO: [Common 17-83] Releasing license: Implementation
24 Infos, 2 Warnings, 2 Critical Warnings and 0 Errors encountered.
opt_design completed successfully
opt_design: Time (s): cpu = 00:00:09 ; elapsed = 00:00:08 . Memory (MB): peak = 1274.688 ; gain = 670.016
Netlist sorting complete. Time (s): cpu = 00:00:00 ; elapsed = 00:00:00 . Memory (MB): peak = 1274.688 ; gain = 0.000
INFO: [Timing 38-480] Writing timing data to binary archive.
Writing placer database...
Writing XDEF routing.
Writing XDEF routing logical nets.
Writing XDEF routing special nets.
Write XDEF Complete: Time (s): cpu = 00:00:00 ; elapsed = 00:00:00.037 . Memory (MB): peak = 1274.688 ; gain = 0.000
Netlist sorting complete. Time (s): cpu = 00:00:00 ; elapsed = 00:00:00 . Memory (MB): peak = 1274.688 ; gain = 0.000
INFO: [Common 17-1381] The checkpoint 'C:/Users/FoersterGame/Documents/GitHub/ENES246/11IP/2_Square_Root_IP/SquareRootIP.runs/impl_1/SquareRoot_opt.dcp' has been generated.
INFO: [runtcl-4] Executing : report_drc -file SquareRoot_drc_opted.rpt -pb SquareRoot_drc_opted.pb -rpx SquareRoot_drc_opted.rpx
Command: report_drc -file SquareRoot_drc_opted.rpt -pb SquareRoot_drc_opted.pb -rpx SquareRoot_drc_opted.rpx
INFO: [IP_Flow 19-1839] IP Catalog is up to date.
INFO: [DRC 23-27] Running DRC with 2 threads
INFO: [Coretcl 2-168] The results of DRC are in file C:/Users/FoersterGame/Documents/GitHub/ENES246/11IP/2_Square_Root_IP/SquareRootIP.runs/impl_1/SquareRoot_drc_opted.rpt.
report_drc completed successfully
Command: place_design
Attempting to get a license for feature 'Implementation' and/or device 'xc7a100t'
INFO: [Common 17-349] Got license for feature 'Implementation' and/or device 'xc7a100t'
INFO: [DRC 23-27] Running DRC with 2 threads
INFO: [Vivado_Tcl 4-198] DRC finished with 0 Errors
INFO: [Vivado_Tcl 4-199] Please refer to the DRC report (report_drc) for more information.
Running DRC as a precondition to command place_design
INFO: [DRC 23-27] Running DRC with 2 threads
INFO: [Vivado_Tcl 4-198] DRC finished with 0 Errors
INFO: [Vivado_Tcl 4-199] Please refer to the DRC report (report_drc) for more information.

Starting Placer Task
INFO: [Place 30-611] Multithreading enabled for place_design using a maximum of 2 CPUs

Phase 1 Placer Initialization

Phase 1.1 Placer Initialization Netlist Sorting
Netlist sorting complete. Time (s): cpu = 00:00:00 ; elapsed = 00:00:00.001 . Memory (MB): peak = 1274.688 ; gain = 0.000
Phase 1.1 Placer Initialization Netlist Sorting | Checksum: 1390f1579

Time (s): cpu = 00:00:00 ; elapsed = 00:00:00.004 . Memory (MB): peak = 1274.688 ; gain = 0.000
Netlist sorting complete. Time (s): cpu = 00:00:00 ; elapsed = 00:00:00.001 . Memory (MB): peak = 1274.688 ; gain = 0.000

Phase 1.2 IO Placement/ Clock Placement/ Build Placer Device
INFO: [Timing 38-35] Done setting XDC timing constraints.
Phase 1.2 IO Placement/ Clock Placement/ Build Placer Device | Checksum: 1a734d409

Time (s): cpu = 00:00:01 ; elapsed = 00:00:00.714 . Memory (MB): peak = 1274.688 ; gain = 0.000

Phase 1.3 Build Placer Netlist Model
Phase 1.3 Build Placer Netlist Model | Checksum: 1e69da342

Time (s): cpu = 00:00:01 ; elapsed = 00:00:00.742 . Memory (MB): peak = 1274.688 ; gain = 0.000

Phase 1.4 Constrain Clocks/Macros
Phase 1.4 Constrain Clocks/Macros | Checksum: 1e69da342

Time (s): cpu = 00:00:01 ; elapsed = 00:00:00.744 . Memory (MB): peak = 1274.688 ; gain = 0.000
Phase 1 Placer Initialization | Checksum: 1e69da342

Time (s): cpu = 00:00:01 ; elapsed = 00:00:00.745 . Memory (MB): peak = 1274.688 ; gain = 0.000

Phase 2 Global Placement

Phase 2.1 Floorplanning
Phase 2.1 Floorplanning | Checksum: 1e69da342

Time (s): cpu = 00:00:01 ; elapsed = 00:00:00.748 . Memory (MB): peak = 1274.688 ; gain = 0.000
WARNING: [Place 46-29] place_design is not in timing mode. Skip physical synthesis in placer
Phase 2 Global Placement | Checksum: 203966532

Time (s): cpu = 00:00:02 ; elapsed = 00:00:01 . Memory (MB): peak = 1274.688 ; gain = 0.000

Phase 3 Detail Placement

Phase 3.1 Commit Multi Column Macros
Phase 3.1 Commit Multi Column Macros | Checksum: 203966532

Time (s): cpu = 00:00:02 ; elapsed = 00:00:01 . Memory (MB): peak = 1274.688 ; gain = 0.000

Phase 3.2 Commit Most Macros & LUTRAMs
Phase 3.2 Commit Most Macros & LUTRAMs | Checksum: fdbb2ac7

Time (s): cpu = 00:00:02 ; elapsed = 00:00:01 . Memory (MB): peak = 1274.688 ; gain = 0.000

Phase 3.3 Area Swap Optimization
Phase 3.3 Area Swap Optimization | Checksum: 157bc2b19

Time (s): cpu = 00:00:02 ; elapsed = 00:00:01 . Memory (MB): peak = 1274.688 ; gain = 0.000

Phase 3.4 Pipeline Register Optimization
Phase 3.4 Pipeline Register Optimization | Checksum: 157bc2b19

Time (s): cpu = 00:00:02 ; elapsed = 00:00:01 . Memory (MB): peak = 1274.688 ; gain = 0.000

Phase 3.5 Small Shape Detail Placement
Phase 3.5 Small Shape Detail Placement | Checksum: 2623f0111

Time (s): cpu = 00:00:02 ; elapsed = 00:00:01 . Memory (MB): peak = 1274.688 ; gain = 0.000

Phase 3.6 Re-assign LUT pins
Phase 3.6 Re-assign LUT pins | Checksum: 2623f0111

Time (s): cpu = 00:00:02 ; elapsed = 00:00:01 . Memory (MB): peak = 1274.688 ; gain = 0.000

Phase 3.7 Pipeline Register Optimization
Phase 3.7 Pipeline Register Optimization | Checksum: 2623f0111

Time (s): cpu = 00:00:02 ; elapsed = 00:00:01 . Memory (MB): peak = 1274.688 ; gain = 0.000
Phase 3 Detail Placement | Checksum: 2623f0111

Time (s): cpu = 00:00:02 ; elapsed = 00:00:01 . Memory (MB): peak = 1274.688 ; gain = 0.000

Phase 4 Post Placement Optimization and Clean-Up

Phase 4.1 Post Commit Optimization
Phase 4.1 Post Commit Optimization | Checksum: 2623f0111

Time (s): cpu = 00:00:02 ; elapsed = 00:00:01 . Memory (MB): peak = 1274.688 ; gain = 0.000

Phase 4.2 Post Placement Cleanup
Phase 4.2 Post Placement Cleanup | Checksum: 2623f0111

Time (s): cpu = 00:00:02 ; elapsed = 00:00:01 . Memory (MB): peak = 1274.688 ; gain = 0.000

Phase 4.3 Placer Reporting
Phase 4.3 Placer Reporting | Checksum: 2623f0111

Time (s): cpu = 00:00:02 ; elapsed = 00:00:01 . Memory (MB): peak = 1274.688 ; gain = 0.000

Phase 4.4 Final Placement Cleanup
Netlist sorting complete. Time (s): cpu = 00:00:00 ; elapsed = 00:00:00 . Memory (MB): peak = 1274.688 ; gain = 0.000
Phase 4.4 Final Placement Cleanup | Checksum: 2386e652c

Time (s): cpu = 00:00:02 ; elapsed = 00:00:01 . Memory (MB): peak = 1274.688 ; gain = 0.000
Phase 4 Post Placement Optimization and Clean-Up | Checksum: 2386e652c

Time (s): cpu = 00:00:02 ; elapsed = 00:00:01 . Memory (MB): peak = 1274.688 ; gain = 0.000
Ending Placer Task | Checksum: 1760a6201

Time (s): cpu = 00:00:02 ; elapsed = 00:00:01 . Memory (MB): peak = 1274.688 ; gain = 0.000
INFO: [Common 17-83] Releasing license: Implementation
40 Infos, 3 Warnings, 2 Critical Warnings and 0 Errors encountered.
place_design completed successfully
Netlist sorting complete. Time (s): cpu = 00:00:00 ; elapsed = 00:00:00 . Memory (MB): peak = 1274.688 ; gain = 0.000
INFO: [Timing 38-480] Writing timing data to binary archive.
Writing placer database...
Writing XDEF routing.
Writing XDEF routing logical nets.
Writing XDEF routing special nets.
Write XDEF Complete: Time (s): cpu = 00:00:01 ; elapsed = 00:00:00.068 . Memory (MB): peak = 1274.688 ; gain = 0.000
Netlist sorting complete. Time (s): cpu = 00:00:00 ; elapsed = 00:00:00.001 . Memory (MB): peak = 1274.688 ; gain = 0.000
INFO: [Common 17-1381] The checkpoint 'C:/Users/FoersterGame/Documents/GitHub/ENES246/11IP/2_Square_Root_IP/SquareRootIP.runs/impl_1/SquareRoot_placed.dcp' has been generated.
INFO: [runtcl-4] Executing : report_io -file SquareRoot_io_placed.rpt
report_io: Time (s): cpu = 00:00:00 ; elapsed = 00:00:00.043 . Memory (MB): peak = 1274.688 ; gain = 0.000
INFO: [runtcl-4] Executing : report_utilization -file SquareRoot_utilization_placed.rpt -pb SquareRoot_utilization_placed.pb
INFO: [runtcl-4] Executing : report_control_sets -verbose -file SquareRoot_control_sets_placed.rpt
report_control_sets: Time (s): cpu = 00:00:00 ; elapsed = 00:00:00.005 . Memory (MB): peak = 1274.688 ; gain = 0.000
Command: route_design
Attempting to get a license for feature 'Implementation' and/or device 'xc7a100t'
INFO: [Common 17-349] Got license for feature 'Implementation' and/or device 'xc7a100t'
Running DRC as a precondition to command route_design
INFO: [DRC 23-27] Running DRC with 2 threads
INFO: [Vivado_Tcl 4-198] DRC finished with 0 Errors
INFO: [Vivado_Tcl 4-199] Please refer to the DRC report (report_drc) for more information.


Starting Routing Task
INFO: [Route 35-254] Multithreading enabled for route_design using a maximum of 2 CPUs
Checksum: PlaceDB: bbd37dca ConstDB: 0 ShapeSum: ba36e437 RouteDB: 0

Phase 1 Build RT Design
Phase 1 Build RT Design | Checksum: 1b1e9884b

Time (s): cpu = 00:00:24 ; elapsed = 00:00:22 . Memory (MB): peak = 1422.543 ; gain = 147.855
Post Restoration Checksum: NetGraph: e6536ab8 NumContArr: cb961d93 Constraints: 0 Timing: 0

Phase 2 Router Initialization
INFO: [Route 35-64] No timing constraints were detected. The router will operate in resource-optimization mode.

Phase 2.1 Fix Topology Constraints
Phase 2.1 Fix Topology Constraints | Checksum: 1b1e9884b

Time (s): cpu = 00:00:24 ; elapsed = 00:00:22 . Memory (MB): peak = 1428.531 ; gain = 153.844

Phase 2.2 Pre Route Cleanup
Phase 2.2 Pre Route Cleanup | Checksum: 1b1e9884b

Time (s): cpu = 00:00:24 ; elapsed = 00:00:22 . Memory (MB): peak = 1428.531 ; gain = 153.844
 Number of Nodes with overlaps = 0
Phase 2 Router Initialization | Checksum: b3ff4451

Time (s): cpu = 00:00:25 ; elapsed = 00:00:22 . Memory (MB): peak = 1435.770 ; gain = 161.082

Phase 3 Initial Routing
Phase 3 Initial Routing | Checksum: 1084dee58

Time (s): cpu = 00:00:25 ; elapsed = 00:00:22 . Memory (MB): peak = 1435.973 ; gain = 161.285

Phase 4 Rip-up And Reroute

Phase 4.1 Global Iteration 0
 Number of Nodes with overlaps = 22
 Number of Nodes with overlaps = 0
Phase 4.1 Global Iteration 0 | Checksum: 11b1a3aff

Time (s): cpu = 00:00:25 ; elapsed = 00:00:22 . Memory (MB): peak = 1435.973 ; gain = 161.285
Phase 4 Rip-up And Reroute | Checksum: 11b1a3aff

Time (s): cpu = 00:00:25 ; elapsed = 00:00:22 . Memory (MB): peak = 1435.973 ; gain = 161.285

Phase 5 Delay and Skew Optimization
Phase 5 Delay and Skew Optimization | Checksum: 11b1a3aff

Time (s): cpu = 00:00:25 ; elapsed = 00:00:22 . Memory (MB): peak = 1435.973 ; gain = 161.285

Phase 6 Post Hold Fix

Phase 6.1 Hold Fix Iter
Phase 6.1 Hold Fix Iter | Checksum: 11b1a3aff

Time (s): cpu = 00:00:25 ; elapsed = 00:00:22 . Memory (MB): peak = 1435.973 ; gain = 161.285
Phase 6 Post Hold Fix | Checksum: 11b1a3aff

Time (s): cpu = 00:00:25 ; elapsed = 00:00:22 . Memory (MB): peak = 1435.973 ; gain = 161.285

Phase 7 Route finalize

Router Utilization Summary
  Global Vertical Routing Utilization    = 0.0520085 %
  Global Horizontal Routing Utilization  = 0.0434072 %
  Routable Net Status*
  *Does not include unroutable nets such as driverless and loadless.
  Run report_route_status for detailed report.
  Number of Failed Nets               = 0
  Number of Unrouted Nets             = 0
  Number of Partially Routed Nets     = 0
  Number of Node Overlaps             = 0

Congestion Report
North Dir 1x1 Area, Max Cong = 21.6216%, No Congested Regions.
South Dir 1x1 Area, Max Cong = 21.6216%, No Congested Regions.
East Dir 1x1 Area, Max Cong = 16.1765%, No Congested Regions.
West Dir 1x1 Area, Max Cong = 20.5882%, No Congested Regions.

------------------------------
Reporting congestion hotspots
------------------------------
Direction: North
----------------
Congested clusters found at Level 0
Effective congestion level: 0 Aspect Ratio: 1 Sparse Ratio: 0
Direction: South
----------------
Congested clusters found at Level 0
Effective congestion level: 0 Aspect Ratio: 1 Sparse Ratio: 0
Direction: East
----------------
Congested clusters found at Level 0
Effective congestion level: 0 Aspect Ratio: 1 Sparse Ratio: 0
Direction: West
----------------
Congested clusters found at Level 0
Effective congestion level: 0 Aspect Ratio: 1 Sparse Ratio: 0

Phase 7 Route finalize | Checksum: 11b1a3aff

Time (s): cpu = 00:00:25 ; elapsed = 00:00:22 . Memory (MB): peak = 1435.973 ; gain = 161.285

Phase 8 Verifying routed nets

 Verification completed successfully
Phase 8 Verifying routed nets | Checksum: 11b1a3aff

Time (s): cpu = 00:00:25 ; elapsed = 00:00:22 . Memory (MB): peak = 1437.980 ; gain = 163.293

Phase 9 Depositing Routes
Phase 9 Depositing Routes | Checksum: 18a325c51

Time (s): cpu = 00:00:25 ; elapsed = 00:00:22 . Memory (MB): peak = 1437.980 ; gain = 163.293
INFO: [Route 35-16] Router Completed Successfully

Time (s): cpu = 00:00:25 ; elapsed = 00:00:22 . Memory (MB): peak = 1437.980 ; gain = 163.293

Routing Is Done.
INFO: [Common 17-83] Releasing license: Implementation
53 Infos, 3 Warnings, 2 Critical Warnings and 0 Errors encountered.
route_design completed successfully
route_design: Time (s): cpu = 00:00:26 ; elapsed = 00:00:23 . Memory (MB): peak = 1437.980 ; gain = 163.293
Netlist sorting complete. Time (s): cpu = 00:00:00 ; elapsed = 00:00:00.001 . Memory (MB): peak = 1437.980 ; gain = 0.000
INFO: [Timing 38-480] Writing timing data to binary archive.
Writing placer database...
Writing XDEF routing.
Writing XDEF routing logical nets.
Writing XDEF routing special nets.
Write XDEF Complete: Time (s): cpu = 00:00:00 ; elapsed = 00:00:00.057 . Memory (MB): peak = 1437.980 ; gain = 0.000
Netlist sorting complete. Time (s): cpu = 00:00:00 ; elapsed = 00:00:00.001 . Memory (MB): peak = 1437.980 ; gain = 0.000
INFO: [Common 17-1381] The checkpoint 'C:/Users/FoersterGame/Documents/GitHub/ENES246/11IP/2_Square_Root_IP/SquareRootIP.runs/impl_1/SquareRoot_routed.dcp' has been generated.
INFO: [runtcl-4] Executing : report_drc -file SquareRoot_drc_routed.rpt -pb SquareRoot_drc_routed.pb -rpx SquareRoot_drc_routed.rpx
Command: report_drc -file SquareRoot_drc_routed.rpt -pb SquareRoot_drc_routed.pb -rpx SquareRoot_drc_routed.rpx
INFO: [IP_Flow 19-1839] IP Catalog is up to date.
INFO: [DRC 23-27] Running DRC with 2 threads
INFO: [Coretcl 2-168] The results of DRC are in file C:/Users/FoersterGame/Documents/GitHub/ENES246/11IP/2_Square_Root_IP/SquareRootIP.runs/impl_1/SquareRoot_drc_routed.rpt.
report_drc completed successfully
INFO: [runtcl-4] Executing : report_methodology -file SquareRoot_methodology_drc_routed.rpt -pb SquareRoot_methodology_drc_routed.pb -rpx SquareRoot_methodology_drc_routed.rpx
Command: report_methodology -file SquareRoot_methodology_drc_routed.rpt -pb SquareRoot_methodology_drc_routed.pb -rpx SquareRoot_methodology_drc_routed.rpx
INFO: [Timing 38-35] Done setting XDC timing constraints.
INFO: [DRC 23-133] Running Methodology with 2 threads
INFO: [Coretcl 2-1520] The results of Report Methodology are in file C:/Users/FoersterGame/Documents/GitHub/ENES246/11IP/2_Square_Root_IP/SquareRootIP.runs/impl_1/SquareRoot_methodology_drc_routed.rpt.
report_methodology completed successfully
INFO: [runtcl-4] Executing : report_power -file SquareRoot_power_routed.rpt -pb SquareRoot_power_summary_routed.pb -rpx SquareRoot_power_routed.rpx
Command: report_power -file SquareRoot_power_routed.rpt -pb SquareRoot_power_summary_routed.pb -rpx SquareRoot_power_routed.rpx
WARNING: [Power 33-232] No user defined clocks were found in the design!
Resolution: Please specify clocks using create_clock/create_generated_clock for sequential elements. For pure combinatorial circuits, please specify a virtual clock, otherwise the vectorless estimation might be inaccurate
INFO: [Timing 38-35] Done setting XDC timing constraints.
Running Vector-less Activity Propagation...

Finished Running Vector-less Activity Propagation
65 Infos, 4 Warnings, 2 Critical Warnings and 0 Errors encountered.
report_power completed successfully
INFO: [runtcl-4] Executing : report_route_status -file SquareRoot_route_status.rpt -pb SquareRoot_route_status.pb
INFO: [runtcl-4] Executing : report_timing_summary -max_paths 10 -file SquareRoot_timing_summary_routed.rpt -pb SquareRoot_timing_summary_routed.pb -rpx SquareRoot_timing_summary_routed.rpx -warn_on_violation 
INFO: [Timing 38-91] UpdateTimingParams: Speed grade: -1, Delay Type: min_max.
INFO: [Timing 38-191] Multithreading enabled for timing update using a maximum of 2 CPUs
WARNING: [Timing 38-313] There are no user specified timing constraints. Timing constraints are needed for proper timing analysis.
INFO: [runtcl-4] Executing : report_incremental_reuse -file SquareRoot_incremental_reuse_routed.rpt
INFO: [Vivado_Tcl 4-1062] Incremental flow is disabled. No incremental reuse Info to report.
INFO: [runtcl-4] Executing : report_clock_utilization -file SquareRoot_clock_utilization_routed.rpt
INFO: [runtcl-4] Executing : report_bus_skew -warn_on_violation -file SquareRoot_bus_skew_routed.rpt -pb SquareRoot_bus_skew_routed.pb -rpx SquareRoot_bus_skew_routed.rpx
INFO: [Timing 38-91] UpdateTimingParams: Speed grade: -1, Delay Type: min_max.
INFO: [Timing 38-191] Multithreading enabled for timing update using a maximum of 2 CPUs
Command: write_bitstream -force SquareRoot.bit
Attempting to get a license for feature 'Implementation' and/or device 'xc7a100t'
INFO: [Common 17-349] Got license for feature 'Implementation' and/or device 'xc7a100t'
Running DRC as a precondition to command write_bitstream
INFO: [IP_Flow 19-1839] IP Catalog is up to date.
INFO: [DRC 23-27] Running DRC with 2 threads
WARNING: [DRC PDRC-153] Gated clock check: Net instanciation/abc1_reg[1]_i_2_n_0 is a gated clock net sourced by a combinational pin instanciation/abc1_reg[1]_i_2/O, cell instanciation/abc1_reg[1]_i_2. This is not good design practice and will likely impact performance. For SLICE registers, for example, use the CE pin to control the loading of data.
WARNING: [DRC PDRC-153] Gated clock check: Net instanciation/abc2_reg[1]_i_2_n_0 is a gated clock net sourced by a combinational pin instanciation/abc2_reg[1]_i_2/O, cell instanciation/abc2_reg[1]_i_2. This is not good design practice and will likely impact performance. For SLICE registers, for example, use the CE pin to control the loading of data.
INFO: [Vivado 12-3199] DRC finished with 0 Errors, 2 Warnings
INFO: [Vivado 12-3200] Please refer to the DRC report (report_drc) for more information.
INFO: [Designutils 20-2272] Running write_bitstream with 2 threads.
Loading data files...
Loading site data...
Loading route data...
Processing options...
Creating bitmap...
Creating bitstream...
Writing bitstream ./SquareRoot.bit...
INFO: [Vivado 12-1842] Bitgen Completed Successfully.
INFO: [Project 1-120] WebTalk data collection is mandatory when using a WebPACK part without a full Vivado license. To see the specific WebTalk data collected for your design, open the usage_statistics_webtalk.html or usage_statistics_webtalk.xml file in the implementation directory.
INFO: [Common 17-83] Releasing license: Implementation
84 Infos, 7 Warnings, 2 Critical Warnings and 0 Errors encountered.
write_bitstream completed successfully
write_bitstream: Time (s): cpu = 00:00:12 ; elapsed = 00:00:11 . Memory (MB): peak = 1918.523 ; gain = 419.961
INFO: [Common 17-206] Exiting Vivado at Sat Mar  9 14:15:24 2019...
