#-----------------------------------------------------------
# Vivado v2018.3 (64-bit)
# SW Build 2405991 on Thu Dec  6 23:38:27 MST 2018
# IP Build 2404404 on Fri Dec  7 01:43:56 MST 2018
# Start of session at: Wed Feb  6 14:30:27 2019
# Process ID: 51956
# Current directory: D:/ENES246-master/ENES246-master/-1Buffers/project_1
# Command line: vivado.exe -gui_launcher_event rodinguilauncherevent51980 D:\ENES246-master\ENES246-master\-1Buffers\project_1\project_1.xpr
# Log file: D:/ENES246-master/ENES246-master/-1Buffers/project_1/vivado.log
# Journal file: D:/ENES246-master/ENES246-master/-1Buffers/project_1\vivado.jou
#-----------------------------------------------------------
start_gui
open_project D:/ENES246-master/ENES246-master/-1Buffers/project_1/project_1.xpr
Scanning sources...
Finished scanning sources
INFO: [IP_Flow 19-234] Refreshing IP repositories
INFO: [IP_Flow 19-1704] No user IP repositories specified
INFO: [IP_Flow 19-2313] Loaded Vivado IP repository 'D:/Vivado/2018.3/data/ip'.
open_project: Time (s): cpu = 00:00:15 ; elapsed = 00:00:05 . Memory (MB): peak = 730.801 ; gain = 90.691
update_compile_order -fileset sources_1
exit
INFO: [Common 17-206] Exiting Vivado at Wed Feb  6 14:31:54 2019...
