Copyright 1986-2018 Xilinx, Inc. All Rights Reserved.
-------------------------------------------------------------------------------------
| Tool Version : Vivado v.2018.3 (win64) Build 2405991 Thu Dec  6 23:38:27 MST 2018
| Date         : Fri Feb 15 12:55:20 2019
| Host         : DESKTOP-IRNLGB8 running 64-bit major release  (build 9200)
| Command      : report_control_sets -verbose -file m16x4Mux_control_sets_placed.rpt
| Design       : m16x4Mux
| Device       : xc7a100t
-------------------------------------------------------------------------------------

Control Set Information

Table of Contents
-----------------
1. Summary
2. Histogram
3. Flip-Flop Distribution
4. Detailed Control Set Information

1. Summary
----------

+----------------------------------------------------------+-------+
|                          Status                          | Count |
+----------------------------------------------------------+-------+
| Number of unique control sets                            |     3 |
| Unused register locations in slices containing registers |     0 |
+----------------------------------------------------------+-------+


2. Histogram
------------

+--------+--------------+
| Fanout | Control Sets |
+--------+--------------+
|      8 |            3 |
+--------+--------------+


3. Flip-Flop Distribution
-------------------------

+--------------+-----------------------+------------------------+-----------------+--------------+
| Clock Enable | Synchronous Set/Reset | Asynchronous Set/Reset | Total Registers | Total Slices |
+--------------+-----------------------+------------------------+-----------------+--------------+
| No           | No                    | No                     |               8 |            3 |
| No           | No                    | Yes                    |               0 |            0 |
| No           | Yes                   | No                     |              16 |            6 |
| Yes          | No                    | No                     |               0 |            0 |
| Yes          | No                    | Yes                    |               0 |            0 |
| Yes          | Yes                   | No                     |               0 |            0 |
+--------------+-----------------------+------------------------+-----------------+--------------+


4. Detailed Control Set Information
-----------------------------------

+---------------------------+---------------+------------------+------------------+----------------+
|        Clock Signal       | Enable Signal | Set/Reset Signal | Slice Load Count | Bel Load Count |
+---------------------------+---------------+------------------+------------------+----------------+
|  LED_reg[15]_i_2_n_0      |               |                  |                3 |              8 |
|  muxInput_reg[15]_i_1_n_0 |               | reset_IBUF       |                3 |              8 |
|  muxInput_reg[7]_i_1_n_0  |               | reset_IBUF       |                3 |              8 |
+---------------------------+---------------+------------------+------------------+----------------+


