#-----------------------------------------------------------
# Vivado v2018.3 (64-bit)
# SW Build 2405991 on Thu Dec  6 23:38:27 MST 2018
# IP Build 2404404 on Fri Dec  7 01:43:56 MST 2018
# Start of session at: Mon Mar 25 15:18:52 2019
# Process ID: 1220
# Current directory: C:/Users/SET253-11U/Documents/GitHub/ENES246/11IP/3_TimingConstraints
# Command line: vivado.exe -gui_launcher_event rodinguilauncherevent11512 C:\Users\SET253-11U\Documents\GitHub\ENES246\11IP\3_TimingConstraints\ClockIP.xpr
# Log file: C:/Users/SET253-11U/Documents/GitHub/ENES246/11IP/3_TimingConstraints/vivado.log
# Journal file: C:/Users/SET253-11U/Documents/GitHub/ENES246/11IP/3_TimingConstraints\vivado.jou
#-----------------------------------------------------------
start_gui
open_project C:/Users/SET253-11U/Documents/GitHub/ENES246/11IP/3_TimingConstraints/ClockIP.xpr
INFO: [Project 1-313] Project file moved from 'C:/Users/FoersterGame/Documents/GitHub/ENES246/11IP/3_TimingConstraints' since last save.
Scanning sources...
Finished scanning sources
WARNING: [filemgmt 56-2] IPUserFilesDir: Could not find the directory 'C:/Users/SET253-11U/Documents/GitHub/ENES246/11IP/3_TimingConstraints/ClockIP.ip_user_files', nor could it be found using path 'C:/Users/FoersterGame/Documents/GitHub/ENES246/11IP/3_TimingConstraints/ClockIP.ip_user_files'.
INFO: [IP_Flow 19-234] Refreshing IP repositories
INFO: [IP_Flow 19-1704] No user IP repositories specified
INFO: [IP_Flow 19-2313] Loaded Vivado IP repository 'C:/Xilinx/Vivado/2018.3/data/ip'.
open_project: Time (s): cpu = 00:00:11 ; elapsed = 00:00:06 . Memory (MB): peak = 737.344 ; gain = 132.492
update_compile_order -fileset sources_1
launch_runs impl_1 -to_step write_bitstream -jobs 2
[Mon Mar 25 15:19:39 2019] Launched synth_1...
Run output will be captured here: C:/Users/SET253-11U/Documents/GitHub/ENES246/11IP/3_TimingConstraints/ClockIP.runs/synth_1/runme.log
[Mon Mar 25 15:19:39 2019] Launched impl_1...
Run output will be captured here: C:/Users/SET253-11U/Documents/GitHub/ENES246/11IP/3_TimingConstraints/ClockIP.runs/impl_1/runme.log
exit
INFO: [Common 17-206] Exiting Vivado at Mon Mar 25 15:27:00 2019...
