#-----------------------------------------------------------
# Vivado v2018.3 (64-bit)
# SW Build 2405991 on Thu Dec  6 23:38:27 MST 2018
# IP Build 2404404 on Fri Dec  7 01:43:56 MST 2018
# Start of session at: Thu Jan 24 05:12:03 2019
# Process ID: 11168
# Current directory: C:/Users/FoersterGame/Documents/GitHub/ENES246/-5MuxOfMux/m16x4Mux
# Command line: vivado.exe -gui_launcher_event rodinguilauncherevent7048 C:\Users\FoersterGame\Documents\GitHub\ENES246\-5MuxOfMux\m16x4Mux\m16x4Mux.xpr
# Log file: C:/Users/FoersterGame/Documents/GitHub/ENES246/-5MuxOfMux/m16x4Mux/vivado.log
# Journal file: C:/Users/FoersterGame/Documents/GitHub/ENES246/-5MuxOfMux/m16x4Mux\vivado.jou
#-----------------------------------------------------------
start_gui
open_project C:/Users/FoersterGame/Documents/GitHub/ENES246/-5MuxOfMux/m16x4Mux/m16x4Mux.xpr
Scanning sources...
Finished scanning sources
INFO: [IP_Flow 19-234] Refreshing IP repositories
INFO: [IP_Flow 19-1704] No user IP repositories specified
INFO: [IP_Flow 19-2313] Loaded Vivado IP repository 'C:/Xilinx/Vivado/2018.3/data/ip'.
update_compile_order -fileset sources_1
synth_design -rtl -name rtl_1
Command: synth_design -rtl -name rtl_1
Starting synth_design
Using part: xc7a100tcsg324-1
Top: m16x4Mux
---------------------------------------------------------------------------------
Starting RTL Elaboration : Time (s): cpu = 00:00:02 ; elapsed = 00:00:02 . Memory (MB): peak = 857.273 ; gain = 0.000
---------------------------------------------------------------------------------
INFO: [Synth 8-6157] synthesizing module 'm16x4Mux' [C:/Users/FoersterGame/Documents/GitHub/ENES246/-5MuxOfMux/m16x4Mux/m16x4Mux.srcs/sources_1/new/m16x4Mux.v:3]
INFO: [Synth 8-6157] synthesizing module 'm4x2Mux' [C:/Users/FoersterGame/Documents/GitHub/ENES246/-5MuxOfMux/m16x4Mux/m16x4Mux.srcs/sources_1/imports/vivado/m4x2Mux/m4x2Mux/m4x2Mux.srcs/sources_1/new/m4x2Mux.v:3]
INFO: [Synth 8-6157] synthesizing module 'm2x1Mux' [C:/Users/FoersterGame/Documents/GitHub/ENES246/-5MuxOfMux/m16x4Mux/m16x4Mux.srcs/sources_1/imports/vivado/m2x1Mux/m2x1Mux/m2x1Mux.srcs/sources_1/new/m2x1mux.v:2]
INFO: [Synth 8-6155] done synthesizing module 'm2x1Mux' (1#1) [C:/Users/FoersterGame/Documents/GitHub/ENES246/-5MuxOfMux/m16x4Mux/m16x4Mux.srcs/sources_1/imports/vivado/m2x1Mux/m2x1Mux/m2x1Mux.srcs/sources_1/new/m2x1mux.v:2]
INFO: [Synth 8-6155] done synthesizing module 'm4x2Mux' (2#1) [C:/Users/FoersterGame/Documents/GitHub/ENES246/-5MuxOfMux/m16x4Mux/m16x4Mux.srcs/sources_1/imports/vivado/m4x2Mux/m4x2Mux/m4x2Mux.srcs/sources_1/new/m4x2Mux.v:3]
INFO: [Synth 8-6157] synthesizing module 'vcb' [C:/Users/FoersterGame/Documents/GitHub/ENES246/-5MuxOfMux/m16x4Mux/m16x4Mux.srcs/sources_1/imports/vivado/VoltageControlledBuffer/vcb/vcb.srcs/sources_1/new/vcb.v:3]
INFO: [Synth 8-6155] done synthesizing module 'vcb' (3#1) [C:/Users/FoersterGame/Documents/GitHub/ENES246/-5MuxOfMux/m16x4Mux/m16x4Mux.srcs/sources_1/imports/vivado/VoltageControlledBuffer/vcb/vcb.srcs/sources_1/new/vcb.v:3]
INFO: [Synth 8-6155] done synthesizing module 'm16x4Mux' (4#1) [C:/Users/FoersterGame/Documents/GitHub/ENES246/-5MuxOfMux/m16x4Mux/m16x4Mux.srcs/sources_1/new/m16x4Mux.v:3]
---------------------------------------------------------------------------------
Finished RTL Elaboration : Time (s): cpu = 00:00:02 ; elapsed = 00:00:02 . Memory (MB): peak = 857.273 ; gain = 0.000
---------------------------------------------------------------------------------

Report Check Netlist: 
+------+------------------+-------+---------+-------+------------------+
|      |Item              |Errors |Warnings |Status |Description       |
+------+------------------+-------+---------+-------+------------------+
|1     |multi_driven_nets |      0|        0|Passed |Multi driven nets |
+------+------------------+-------+---------+-------+------------------+
---------------------------------------------------------------------------------
Start Handling Custom Attributes
---------------------------------------------------------------------------------
---------------------------------------------------------------------------------
Finished Handling Custom Attributes : Time (s): cpu = 00:00:02 ; elapsed = 00:00:02 . Memory (MB): peak = 857.273 ; gain = 0.000
---------------------------------------------------------------------------------
---------------------------------------------------------------------------------
Finished RTL Optimization Phase 1 : Time (s): cpu = 00:00:02 ; elapsed = 00:00:02 . Memory (MB): peak = 857.273 ; gain = 0.000
---------------------------------------------------------------------------------
INFO: [Device 21-403] Loading part xc7a100tcsg324-1
INFO: [Project 1-570] Preparing netlist for logic optimization

Processing XDC Constraints
Initializing timing engine
Parsing XDC File [C:/Users/FoersterGame/Documents/GitHub/ENES246/-5MuxOfMux/m16x4Mux/m16x4Mux.srcs/constrs_1/imports/m16x4Mux/Nexys4DDR_Master.xdc]
Finished Parsing XDC File [C:/Users/FoersterGame/Documents/GitHub/ENES246/-5MuxOfMux/m16x4Mux/m16x4Mux.srcs/constrs_1/imports/m16x4Mux/Nexys4DDR_Master.xdc]
Completed Processing XDC Constraints

INFO: [Opt 31-138] Pushed 0 inverter(s) to 0 load pin(s).
Netlist sorting complete. Time (s): cpu = 00:00:00 ; elapsed = 00:00:00 . Memory (MB): peak = 1167.664 ; gain = 0.000
INFO: [Project 1-111] Unisim Transformation Summary:
No Unisim elements were transformed.

RTL Elaboration Complete:  : Time (s): cpu = 00:00:13 ; elapsed = 00:00:10 . Memory (MB): peak = 1211.379 ; gain = 354.105
12 Infos, 0 Warnings, 0 Critical Warnings and 0 Errors encountered.
synth_design completed successfully
synth_design: Time (s): cpu = 00:00:13 ; elapsed = 00:00:10 . Memory (MB): peak = 1211.379 ; gain = 354.105
close_design
reset_run synth_1
launch_runs synth_1 -jobs 4
WARNING: [HDL 9-3756] overwriting previous definition of module 'm2x1Mux' [C:/Users/FoersterGame/Documents/GitHub/ENES246/-5MuxOfMux/m16x4Mux/m16x4Mux.srcs/sources_1/imports/vivado/m2x1Mux/m2x1Mux/m2x1Mux.srcs/sources_1/new/m2x1mux.v:2]
WARNING: [filemgmt 20-1318] Duplicate Design Unit 'm2x1Mux()' found in library 'xil_defaultlib'
Duplicate found at line 2 of file C:/Users/FoersterGame/Documents/GitHub/ENES246/-5MuxOfMux/m16x4Mux/m16x4Mux.srcs/sources_1/imports/new/m2x1mux.v
	(Active) Duplicate found at line 2 of file C:/Users/FoersterGame/Documents/GitHub/ENES246/-5MuxOfMux/m16x4Mux/m16x4Mux.srcs/sources_1/imports/vivado/m2x1Mux/m2x1Mux/m2x1Mux.srcs/sources_1/new/m2x1mux.v
[Thu Jan 24 05:14:14 2019] Launched synth_1...
Run output will be captured here: C:/Users/FoersterGame/Documents/GitHub/ENES246/-5MuxOfMux/m16x4Mux/m16x4Mux.runs/synth_1/runme.log
open_run synth_1 -name synth_1
Design is defaulting to impl run constrset: constrs_1
Design is defaulting to synth run part: xc7a100tcsg324-1
INFO: [Netlist 29-17] Analyzing 3 Unisim elements for replacement
INFO: [Netlist 29-28] Unisim Transformation completed in 0 CPU seconds
INFO: [Project 1-479] Netlist was created with Vivado 2018.3
INFO: [Project 1-570] Preparing netlist for logic optimization
Parsing XDC File [C:/Users/FoersterGame/Documents/GitHub/ENES246/-5MuxOfMux/m16x4Mux/m16x4Mux.srcs/constrs_1/imports/m16x4Mux/Nexys4DDR_Master.xdc]
Finished Parsing XDC File [C:/Users/FoersterGame/Documents/GitHub/ENES246/-5MuxOfMux/m16x4Mux/m16x4Mux.srcs/constrs_1/imports/m16x4Mux/Nexys4DDR_Master.xdc]
INFO: [Opt 31-138] Pushed 0 inverter(s) to 0 load pin(s).
Netlist sorting complete. Time (s): cpu = 00:00:00 ; elapsed = 00:00:00 . Memory (MB): peak = 1217.258 ; gain = 0.000
INFO: [Project 1-111] Unisim Transformation Summary:
No Unisim elements were transformed.

launch_runs impl_1 -jobs 4
Netlist sorting complete. Time (s): cpu = 00:00:00 ; elapsed = 00:00:00 . Memory (MB): peak = 1718.320 ; gain = 0.000
INFO: [Timing 38-480] Writing timing data to binary archive.
Writing placer database...
Writing XDEF routing.
Writing XDEF routing logical nets.
Writing XDEF routing special nets.
Write XDEF Complete: Time (s): cpu = 00:00:00 ; elapsed = 00:00:00.030 . Memory (MB): peak = 1721.008 ; gain = 2.688
Netlist sorting complete. Time (s): cpu = 00:00:00 ; elapsed = 00:00:00 . Memory (MB): peak = 1724.016 ; gain = 0.000
[Thu Jan 24 05:15:28 2019] Launched impl_1...
Run output will be captured here: C:/Users/FoersterGame/Documents/GitHub/ENES246/-5MuxOfMux/m16x4Mux/m16x4Mux.runs/impl_1/runme.log
launch_runs impl_1 -to_step write_bitstream -jobs 4
[Thu Jan 24 05:16:25 2019] Launched impl_1...
Run output will be captured here: C:/Users/FoersterGame/Documents/GitHub/ENES246/-5MuxOfMux/m16x4Mux/m16x4Mux.runs/impl_1/runme.log
close_design
open_run impl_1
INFO: [Netlist 29-17] Analyzing 3 Unisim elements for replacement
INFO: [Netlist 29-28] Unisim Transformation completed in 0 CPU seconds
INFO: [Project 1-479] Netlist was created with Vivado 2018.3
INFO: [Project 1-570] Preparing netlist for logic optimization
INFO: [Timing 38-478] Restoring timing data from binary archive.
INFO: [Timing 38-479] Binary timing data restore complete.
INFO: [Project 1-856] Restoring constraints from binary archive.
INFO: [Project 1-853] Binary constraint restore complete.
Reading XDEF placement.
Reading placer database...
Reading XDEF routing.
Read XDEF File: Time (s): cpu = 00:00:00 ; elapsed = 00:00:00.028 . Memory (MB): peak = 1832.262 ; gain = 0.000
Restored from archive | CPU: 0.000000 secs | Memory: 0.000000 MB |
Finished XDEF File Restore: Time (s): cpu = 00:00:00 ; elapsed = 00:00:00.028 . Memory (MB): peak = 1832.262 ; gain = 0.000
Netlist sorting complete. Time (s): cpu = 00:00:00 ; elapsed = 00:00:00 . Memory (MB): peak = 1832.262 ; gain = 0.000
INFO: [Project 1-111] Unisim Transformation Summary:
No Unisim elements were transformed.

WARNING: [Timing 38-313] There are no user specified timing constraints. Timing constraints are needed for proper timing analysis.
update_compile_order -fileset sources_1
close_design
close_project
open_project C:/Users/FoersterGame/Documents/GitHub/ENES246/-5MuxOfMux/m16x4Mux/m16x4Mux.xpr
Scanning sources...
Finished scanning sources
INFO: [IP_Flow 19-234] Refreshing IP repositories
INFO: [IP_Flow 19-1704] No user IP repositories specified
INFO: [IP_Flow 19-2313] Loaded Vivado IP repository 'C:/Xilinx/Vivado/2018.3/data/ip'.
update_compile_order -fileset sources_1
synth_design -rtl -name rtl_1
Command: synth_design -rtl -name rtl_1
Starting synth_design
Using part: xc7a100tcsg324-1
Top: m16x4Mux
---------------------------------------------------------------------------------
Starting RTL Elaboration : Time (s): cpu = 00:00:03 ; elapsed = 00:00:02 . Memory (MB): peak = 2194.777 ; gain = 0.000
---------------------------------------------------------------------------------
INFO: [Synth 8-6157] synthesizing module 'm16x4Mux' [C:/Users/FoersterGame/Documents/GitHub/ENES246/-5MuxOfMux/m16x4Mux/m16x4Mux.srcs/sources_1/new/m16x4Mux.v:3]
INFO: [Synth 8-6157] synthesizing module 'm4x2Mux' [C:/Users/FoersterGame/Documents/GitHub/ENES246/-5MuxOfMux/m16x4Mux/m16x4Mux.srcs/sources_1/imports/vivado/m4x2Mux/m4x2Mux/m4x2Mux.srcs/sources_1/new/m4x2Mux.v:3]
INFO: [Synth 8-6157] synthesizing module 'm2x1Mux' [C:/Users/FoersterGame/Documents/GitHub/ENES246/-5MuxOfMux/m16x4Mux/m16x4Mux.srcs/sources_1/imports/vivado/m2x1Mux/m2x1Mux/m2x1Mux.srcs/sources_1/new/m2x1mux.v:2]
INFO: [Synth 8-6155] done synthesizing module 'm2x1Mux' (1#1) [C:/Users/FoersterGame/Documents/GitHub/ENES246/-5MuxOfMux/m16x4Mux/m16x4Mux.srcs/sources_1/imports/vivado/m2x1Mux/m2x1Mux/m2x1Mux.srcs/sources_1/new/m2x1mux.v:2]
INFO: [Synth 8-6155] done synthesizing module 'm4x2Mux' (2#1) [C:/Users/FoersterGame/Documents/GitHub/ENES246/-5MuxOfMux/m16x4Mux/m16x4Mux.srcs/sources_1/imports/vivado/m4x2Mux/m4x2Mux/m4x2Mux.srcs/sources_1/new/m4x2Mux.v:3]
INFO: [Synth 8-6155] done synthesizing module 'm16x4Mux' (3#1) [C:/Users/FoersterGame/Documents/GitHub/ENES246/-5MuxOfMux/m16x4Mux/m16x4Mux.srcs/sources_1/new/m16x4Mux.v:3]
---------------------------------------------------------------------------------
Finished RTL Elaboration : Time (s): cpu = 00:00:03 ; elapsed = 00:00:03 . Memory (MB): peak = 2194.777 ; gain = 0.000
---------------------------------------------------------------------------------

Report Check Netlist: 
+------+------------------+-------+---------+-------+------------------+
|      |Item              |Errors |Warnings |Status |Description       |
+------+------------------+-------+---------+-------+------------------+
|1     |multi_driven_nets |      0|        0|Passed |Multi driven nets |
+------+------------------+-------+---------+-------+------------------+
---------------------------------------------------------------------------------
Start Handling Custom Attributes
---------------------------------------------------------------------------------
---------------------------------------------------------------------------------
Finished Handling Custom Attributes : Time (s): cpu = 00:00:03 ; elapsed = 00:00:03 . Memory (MB): peak = 2194.777 ; gain = 0.000
---------------------------------------------------------------------------------
---------------------------------------------------------------------------------
Finished RTL Optimization Phase 1 : Time (s): cpu = 00:00:03 ; elapsed = 00:00:03 . Memory (MB): peak = 2194.777 ; gain = 0.000
---------------------------------------------------------------------------------
INFO: [Project 1-570] Preparing netlist for logic optimization

Processing XDC Constraints
Initializing timing engine
Parsing XDC File [C:/Users/FoersterGame/Documents/GitHub/ENES246/-5MuxOfMux/m16x4Mux/m16x4Mux.srcs/constrs_1/imports/m16x4Mux/Nexys4DDR_Master.xdc]
Finished Parsing XDC File [C:/Users/FoersterGame/Documents/GitHub/ENES246/-5MuxOfMux/m16x4Mux/m16x4Mux.srcs/constrs_1/imports/m16x4Mux/Nexys4DDR_Master.xdc]
Completed Processing XDC Constraints

INFO: [Opt 31-138] Pushed 0 inverter(s) to 0 load pin(s).
Netlist sorting complete. Time (s): cpu = 00:00:00 ; elapsed = 00:00:00 . Memory (MB): peak = 2194.777 ; gain = 0.000
INFO: [Project 1-111] Unisim Transformation Summary:
No Unisim elements were transformed.

RTL Elaboration Complete:  : Time (s): cpu = 00:00:06 ; elapsed = 00:00:04 . Memory (MB): peak = 2194.777 ; gain = 0.000
9 Infos, 0 Warnings, 0 Critical Warnings and 0 Errors encountered.
synth_design completed successfully
close_project
exit
INFO: [Common 17-206] Exiting Vivado at Thu Jan 24 08:16:29 2019...
