#-----------------------------------------------------------
# Vivado v2018.3 (64-bit)
# SW Build 2405991 on Thu Dec  6 23:38:27 MST 2018
# IP Build 2404404 on Fri Dec  7 01:43:56 MST 2018
# Start of session at: Wed Feb  6 15:20:36 2019
# Process ID: 56292
# Current directory: D:/GitHub/ENES-246/-2VoltageControlledBuffer/project_1
# Command line: vivado.exe -gui_launcher_event rodinguilauncherevent40260 D:\GitHub\ENES-246\-2VoltageControlledBuffer\project_1\project_1.xpr
# Log file: D:/GitHub/ENES-246/-2VoltageControlledBuffer/project_1/vivado.log
# Journal file: D:/GitHub/ENES-246/-2VoltageControlledBuffer/project_1\vivado.jou
#-----------------------------------------------------------
start_gui
open_project D:/GitHub/ENES-246/-2VoltageControlledBuffer/project_1/project_1.xpr
INFO: [Project 1-313] Project file moved from 'D:/ENES246-master/ENES246-master/-2VoltageControlledBuffer/project_1' since last save.
Scanning sources...
Finished scanning sources
WARNING: [filemgmt 56-2] IPUserFilesDir: Could not find the directory 'D:/GitHub/ENES-246/-2VoltageControlledBuffer/project_1/project_1.ip_user_files', nor could it be found using path 'D:/ENES246-master/ENES246-master/-2VoltageControlledBuffer/project_1/project_1.ip_user_files'.
INFO: [IP_Flow 19-234] Refreshing IP repositories
INFO: [IP_Flow 19-1704] No user IP repositories specified
INFO: [IP_Flow 19-2313] Loaded Vivado IP repository 'D:/Vivado/2018.3/data/ip'.
update_compile_order -fileset sources_1
exit
INFO: [Common 17-206] Exiting Vivado at Wed Feb  6 15:21:53 2019...
