#-----------------------------------------------------------
# Vivado v2018.3 (64-bit)
# SW Build 2405991 on Thu Dec  6 23:38:27 MST 2018
# IP Build 2404404 on Fri Dec  7 01:43:56 MST 2018
# Start of session at: Fri Jan 18 16:43:55 2019
# Process ID: 5408
# Current directory: C:/Users/Scott Foerster/Documents/GitHub/ENES246/-3AndNand/project_1
# Command line: vivado.exe -gui_launcher_event rodinguilauncherevent7272 C:\Users\Scott Foerster\Documents\GitHub\ENES246\-3AndNand\project_1\project_1.xpr
# Log file: C:/Users/Scott Foerster/Documents/GitHub/ENES246/-3AndNand/project_1/vivado.log
# Journal file: C:/Users/Scott Foerster/Documents/GitHub/ENES246/-3AndNand/project_1\vivado.jou
#-----------------------------------------------------------
start_gui
open_project {C:/Users/Scott Foerster/Documents/GitHub/ENES246/-3AndNand/project_1/project_1.xpr}
Scanning sources...
Finished scanning sources
INFO: [IP_Flow 19-234] Refreshing IP repositories
INFO: [IP_Flow 19-1704] No user IP repositories specified
INFO: [IP_Flow 19-2313] Loaded Vivado IP repository 'C:/Xilinx/Vivado/2018.3/data/ip'.
exit
INFO: [Common 17-206] Exiting Vivado at Fri Jan 18 16:44:09 2019...
