#-----------------------------------------------------------
# Vivado v2018.3 (64-bit)
# SW Build 2405991 on Thu Dec  6 23:38:27 MST 2018
# IP Build 2404404 on Fri Dec  7 01:43:56 MST 2018
# Start of session at: Sat Mar  9 14:06:42 2019
# Process ID: 12148
# Current directory: C:/Users/FoersterGame/Documents/GitHub/ENES246/11IP/2_Square_Root_IP
# Command line: vivado.exe -gui_launcher_event rodinguilauncherevent7568 C:\Users\FoersterGame\Documents\GitHub\ENES246\11IP\2_Square_Root_IP\SquareRootIP.xpr
# Log file: C:/Users/FoersterGame/Documents/GitHub/ENES246/11IP/2_Square_Root_IP/vivado.log
# Journal file: C:/Users/FoersterGame/Documents/GitHub/ENES246/11IP/2_Square_Root_IP\vivado.jou
#-----------------------------------------------------------
start_gui
open_project C:/Users/FoersterGame/Documents/GitHub/ENES246/11IP/2_Square_Root_IP/SquareRootIP.xpr
CRITICAL WARNING: [Project 1-19] Could not find the file 'C:/Users/FoersterGame/Documents/GitHub/ENES246/11IP/2_Square_Root_IP/SquareRootIP.srcs/sources_1/imports/5_reUseable7SegDisplay/Eight7SegDisplay.sv'.
Scanning sources...
Finished scanning sources
INFO: [IP_Flow 19-234] Refreshing IP repositories
INFO: [IP_Flow 19-1704] No user IP repositories specified
INFO: [IP_Flow 19-2313] Loaded Vivado IP repository 'C:/Xilinx/Vivado/2018.3/data/ip'.
update_compile_order -fileset sources_1
import_files -norecurse C:/Users/FoersterGame/Documents/GitHub/ENES246/-8SevenSegDisplays/6_7SegDoubleBlanking/7segSplit.srcs/sources_1/imports/6_7SegDoubleBlanking/7SegDisplaySplit.sv
update_compile_order -fileset sources_1
export_ip_user_files -of_objects  [get_files C:/Users/FoersterGame/Documents/GitHub/ENES246/11IP/2_Square_Root_IP/SquareRootIP.srcs/sources_1/imports/5_reUseable7SegDisplay/Eight7SegDisplay.sv] -no_script -reset -force -quiet
remove_files  C:/Users/FoersterGame/Documents/GitHub/ENES246/11IP/2_Square_Root_IP/SquareRootIP.srcs/sources_1/imports/5_reUseable7SegDisplay/Eight7SegDisplay.sv
reset_run synth_1
launch_runs impl_1 -to_step write_bitstream -jobs 4
[Sat Mar  9 14:08:26 2019] Launched synth_1...
Run output will be captured here: C:/Users/FoersterGame/Documents/GitHub/ENES246/11IP/2_Square_Root_IP/SquareRootIP.runs/synth_1/runme.log
[Sat Mar  9 14:08:26 2019] Launched impl_1...
Run output will be captured here: C:/Users/FoersterGame/Documents/GitHub/ENES246/11IP/2_Square_Root_IP/SquareRootIP.runs/impl_1/runme.log
open_hw
connect_hw_server
INFO: [Labtools 27-2285] Connecting to hw_server url TCP:localhost:3121
INFO: [Labtools 27-2222] Launching hw_server...
INFO: [Labtools 27-2221] Launch Output:

****** Xilinx hw_server v2018.3
  **** Build date : Dec  7 2018-00:40:27
    ** Copyright 1986-2018 Xilinx, Inc. All Rights Reserved.


open_hw_target
INFO: [Labtoolstcl 44-466] Opening hw_target localhost:3121/xilinx_tcf/Digilent/210292A8B140A
set_property PROGRAM.FILE {C:/Users/FoersterGame/Documents/GitHub/ENES246/11IP/2_Square_Root_IP/SquareRootIP.runs/impl_1/SquareRoot.bit} [get_hw_devices xc7a100t_0]
current_hw_device [get_hw_devices xc7a100t_0]
refresh_hw_device -update_hw_probes false [lindex [get_hw_devices xc7a100t_0] 0]
INFO: [Labtools 27-1434] Device xc7a100t (JTAG device index = 0) is programmed with a design that has no supported debug core(s) in it.
set_property PROBES.FILE {} [get_hw_devices xc7a100t_0]
set_property FULL_PROBES.FILE {} [get_hw_devices xc7a100t_0]
set_property PROGRAM.FILE {C:/Users/FoersterGame/Documents/GitHub/ENES246/11IP/2_Square_Root_IP/SquareRootIP.runs/impl_1/SquareRoot.bit} [get_hw_devices xc7a100t_0]
program_hw_devices [get_hw_devices xc7a100t_0]
INFO: [Labtools 27-3164] End of startup status: HIGH
refresh_hw_device [lindex [get_hw_devices xc7a100t_0] 0]
INFO: [Labtools 27-1434] Device xc7a100t (JTAG device index = 0) is programmed with a design that has no supported debug core(s) in it.
reset_run synth_1
launch_runs impl_1 -to_step write_bitstream -jobs 4
[Sat Mar  9 14:13:41 2019] Launched synth_1...
Run output will be captured here: C:/Users/FoersterGame/Documents/GitHub/ENES246/11IP/2_Square_Root_IP/SquareRootIP.runs/synth_1/runme.log
[Sat Mar  9 14:13:41 2019] Launched impl_1...
Run output will be captured here: C:/Users/FoersterGame/Documents/GitHub/ENES246/11IP/2_Square_Root_IP/SquareRootIP.runs/impl_1/runme.log
set_property PROBES.FILE {} [get_hw_devices xc7a100t_0]
set_property FULL_PROBES.FILE {} [get_hw_devices xc7a100t_0]
set_property PROGRAM.FILE {C:/Users/FoersterGame/Documents/GitHub/ENES246/11IP/2_Square_Root_IP/SquareRootIP.runs/impl_1/SquareRoot.bit} [get_hw_devices xc7a100t_0]
program_hw_devices [get_hw_devices xc7a100t_0]
INFO: [Labtools 27-3164] End of startup status: HIGH
refresh_hw_device [lindex [get_hw_devices xc7a100t_0] 0]
INFO: [Labtools 27-1434] Device xc7a100t (JTAG device index = 0) is programmed with a design that has no supported debug core(s) in it.
close_project
exit
INFO: [Common 17-206] Exiting Vivado at Sat Mar  9 14:48:51 2019...
