#-----------------------------------------------------------
# Vivado v2018.3 (64-bit)
# SW Build 2405991 on Thu Dec  6 23:38:27 MST 2018
# IP Build 2404404 on Fri Dec  7 01:43:56 MST 2018
# Start of session at: Sat Mar  9 07:59:46 2019
# Process ID: 15228
# Current directory: C:/Users/FoersterGame/Documents/GitHub/ENES246/11IP/2_Square_Root_IP
# Command line: vivado.exe -gui_launcher_event rodinguilauncherevent4704 C:\Users\FoersterGame\Documents\GitHub\ENES246\11IP\2_Square_Root_IP\SquareRootIP.xpr
# Log file: C:/Users/FoersterGame/Documents/GitHub/ENES246/11IP/2_Square_Root_IP/vivado.log
# Journal file: C:/Users/FoersterGame/Documents/GitHub/ENES246/11IP/2_Square_Root_IP\vivado.jou
#-----------------------------------------------------------
start_gui
open_project C:/Users/FoersterGame/Documents/GitHub/ENES246/11IP/2_Square_Root_IP/SquareRootIP.xpr
INFO: [Project 1-313] Project file moved from 'C:/Users/SET253-INS1U/Documents/GitHub/ENES246/11IP/2_Square_Root_IP' since last save.
Scanning sources...
Finished scanning sources
INFO: [IP_Flow 19-234] Refreshing IP repositories
INFO: [IP_Flow 19-1704] No user IP repositories specified
INFO: [IP_Flow 19-2313] Loaded Vivado IP repository 'C:/Xilinx/Vivado/2018.3/data/ip'.
update_compile_order -fileset sources_1
exit
INFO: [Common 17-206] Exiting Vivado at Sat Mar  9 08:04:29 2019...
