Copyright 1986-2018 Xilinx, Inc. All Rights Reserved.
---------------------------------------------------------------------------------------
| Tool Version : Vivado v.2018.3 (win64) Build 2405991 Thu Dec  6 23:38:27 MST 2018
| Date         : Sun Mar 17 15:24:12 2019
| Host         : DESKTOP-KB2R4MG running 64-bit major release  (build 9200)
| Command      : report_control_sets -verbose -file clkDivider_control_sets_placed.rpt
| Design       : clkDivider
| Device       : xc7a100t
---------------------------------------------------------------------------------------

Control Set Information

Table of Contents
-----------------
1. Summary
2. Histogram
3. Flip-Flop Distribution
4. Detailed Control Set Information

1. Summary
----------

+----------------------------------------------------------+-------+
|                          Status                          | Count |
+----------------------------------------------------------+-------+
| Number of unique control sets                            |     2 |
| Unused register locations in slices containing registers |     0 |
+----------------------------------------------------------+-------+


2. Histogram
------------

+--------+--------------+
| Fanout | Control Sets |
+--------+--------------+
|    16+ |            2 |
+--------+--------------+


3. Flip-Flop Distribution
-------------------------

+--------------+-----------------------+------------------------+-----------------+--------------+
| Clock Enable | Synchronous Set/Reset | Asynchronous Set/Reset | Total Registers | Total Slices |
+--------------+-----------------------+------------------------+-----------------+--------------+
| No           | No                    | No                     |               0 |            0 |
| No           | No                    | Yes                    |              32 |           12 |
| No           | Yes                   | No                     |               0 |            0 |
| Yes          | No                    | No                     |               0 |            0 |
| Yes          | No                    | Yes                    |              16 |            4 |
| Yes          | Yes                   | No                     |               0 |            0 |
+--------------+-----------------------+------------------------+-----------------+--------------+


4. Detailed Control Set Information
-----------------------------------

+----------------+---------------+-----------------------+------------------+----------------+
|  Clock Signal  | Enable Signal |    Set/Reset Signal   | Slice Load Count | Bel Load Count |
+----------------+---------------+-----------------------+------------------+----------------+
|  clk_IBUF_BUFG | count_up      | count_clk[31]_i_2_n_0 |                4 |             16 |
|  clk_IBUF_BUFG |               | count_clk[31]_i_2_n_0 |               12 |             32 |
+----------------+---------------+-----------------------+------------------+----------------+


