#-----------------------------------------------------------
# Vivado v2018.3 (64-bit)
# SW Build 2405991 on Thu Dec  6 23:38:27 MST 2018
# IP Build 2404404 on Fri Dec  7 01:43:56 MST 2018
# Start of session at: Wed Mar  6 16:48:08 2019
# Process ID: 43412
# Current directory: D:/GitHub/ENES-246/-9ClocksCounters/2_bitSlicing
# Command line: vivado.exe -gui_launcher_event rodinguilauncherevent35824 D:\GitHub\ENES-246\-9ClocksCounters\2_bitSlicing\bitSlicing.xpr
# Log file: D:/GitHub/ENES-246/-9ClocksCounters/2_bitSlicing/vivado.log
# Journal file: D:/GitHub/ENES-246/-9ClocksCounters/2_bitSlicing\vivado.jou
#-----------------------------------------------------------
start_gui
open_project D:/GitHub/ENES-246/-9ClocksCounters/2_bitSlicing/bitSlicing.xpr
INFO: [Project 1-313] Project file moved from 'C:/Users/FoersterGame/Documents/GitHub/ENES247/lab3-ReusableBCDhex7segDisplayCode/2_bitSlicing' since last save.
Scanning sources...
Finished scanning sources
WARNING: [filemgmt 56-2] IPUserFilesDir: Could not find the directory 'D:/GitHub/ENES-246/-9ClocksCounters/2_bitSlicing/bitSlicing.ip_user_files', nor could it be found using path 'C:/Users/FoersterGame/Documents/GitHub/ENES247/lab3-ReusableBCDhex7segDisplayCode/2_bitSlicing/bitSlicing.ip_user_files'.
CRITICAL WARNING: [Board 49-67] The board_part definition was not found for digilentinc.com:nexys4_ddr:part0:1.1. This can happen sometimes when you use custom board part. You can resolve this issue by setting 'board.repoPaths' parameter, pointing to the location of custom board files. Valid board_part values can be retrieved with the 'get_board_parts' Tcl command.
INFO: [IP_Flow 19-234] Refreshing IP repositories
INFO: [IP_Flow 19-1704] No user IP repositories specified
INFO: [IP_Flow 19-2313] Loaded Vivado IP repository 'D:/Vivado/2018.3/data/ip'.
open_project: Time (s): cpu = 00:00:15 ; elapsed = 00:00:05 . Memory (MB): peak = 727.480 ; gain = 112.285
update_compile_order -fileset sources_1
synth_design -rtl -name rtl_1
Command: synth_design -rtl -name rtl_1
Starting synth_design
Using part: xc7a100tcsg324-1
Top: bitSlice
---------------------------------------------------------------------------------
Starting RTL Elaboration : Time (s): cpu = 00:00:02 ; elapsed = 00:00:03 . Memory (MB): peak = 804.660 ; gain = 61.477
---------------------------------------------------------------------------------
INFO: [Synth 8-6157] synthesizing module 'bitSlice' [D:/GitHub/ENES-246/-9ClocksCounters/2_bitSlicing/bitSlicing.srcs/sources_1/imports/3_bitSlicing/bitSlicing.sv:3]
INFO: [Synth 8-6155] done synthesizing module 'bitSlice' (1#1) [D:/GitHub/ENES-246/-9ClocksCounters/2_bitSlicing/bitSlicing.srcs/sources_1/imports/3_bitSlicing/bitSlicing.sv:3]
---------------------------------------------------------------------------------
Finished RTL Elaboration : Time (s): cpu = 00:00:03 ; elapsed = 00:00:03 . Memory (MB): peak = 845.387 ; gain = 102.203
---------------------------------------------------------------------------------

Report Check Netlist: 
+------+------------------+-------+---------+-------+------------------+
|      |Item              |Errors |Warnings |Status |Description       |
+------+------------------+-------+---------+-------+------------------+
|1     |multi_driven_nets |      0|        0|Passed |Multi driven nets |
+------+------------------+-------+---------+-------+------------------+
---------------------------------------------------------------------------------
Start Handling Custom Attributes
---------------------------------------------------------------------------------
---------------------------------------------------------------------------------
Finished Handling Custom Attributes : Time (s): cpu = 00:00:03 ; elapsed = 00:00:03 . Memory (MB): peak = 845.387 ; gain = 102.203
---------------------------------------------------------------------------------
---------------------------------------------------------------------------------
Finished RTL Optimization Phase 1 : Time (s): cpu = 00:00:03 ; elapsed = 00:00:03 . Memory (MB): peak = 845.387 ; gain = 102.203
---------------------------------------------------------------------------------
INFO: [Device 21-403] Loading part xc7a100tcsg324-1
INFO: [Project 1-570] Preparing netlist for logic optimization

Processing XDC Constraints
Initializing timing engine
Parsing XDC File [D:/GitHub/ENES-246/-9ClocksCounters/2_bitSlicing/bitSlicing.srcs/constrs_1/imports/3_bitSlicing/Nexys4DDR_Master.xdc]
Finished Parsing XDC File [D:/GitHub/ENES-246/-9ClocksCounters/2_bitSlicing/bitSlicing.srcs/constrs_1/imports/3_bitSlicing/Nexys4DDR_Master.xdc]
Completed Processing XDC Constraints

INFO: [Opt 31-138] Pushed 0 inverter(s) to 0 load pin(s).
Netlist sorting complete. Time (s): cpu = 00:00:00 ; elapsed = 00:00:00 . Memory (MB): peak = 1104.637 ; gain = 0.000
INFO: [Project 1-111] Unisim Transformation Summary:
No Unisim elements were transformed.

RTL Elaboration Complete:  : Time (s): cpu = 00:00:20 ; elapsed = 00:00:13 . Memory (MB): peak = 1216.969 ; gain = 473.785
6 Infos, 0 Warnings, 0 Critical Warnings and 0 Errors encountered.
synth_design completed successfully
synth_design: Time (s): cpu = 00:00:20 ; elapsed = 00:00:13 . Memory (MB): peak = 1216.969 ; gain = 473.785
reset_run synth_1
launch_runs synth_1 -jobs 4
[Wed Mar  6 16:50:03 2019] Launched synth_1...
Run output will be captured here: D:/GitHub/ENES-246/-9ClocksCounters/2_bitSlicing/bitSlicing.runs/synth_1/runme.log
launch_runs impl_1 -jobs 4
[Wed Mar  6 16:50:48 2019] Launched impl_1...
Run output will be captured here: D:/GitHub/ENES-246/-9ClocksCounters/2_bitSlicing/bitSlicing.runs/impl_1/runme.log
launch_runs impl_1 -to_step write_bitstream -jobs 4
[Fri Mar  8 12:41:03 2019] Launched impl_1...
Run output will be captured here: D:/GitHub/ENES-246/-9ClocksCounters/2_bitSlicing/bitSlicing.runs/impl_1/runme.log
open_hw
connect_hw_server
INFO: [Labtools 27-2285] Connecting to hw_server url TCP:localhost:3121
INFO: [Labtools 27-2222] Launching hw_server...
INFO: [Labtools 27-2221] Launch Output:

****** Xilinx hw_server v2018.3
  **** Build date : Dec  7 2018-00:40:27
    ** Copyright 1986-2018 Xilinx, Inc. All Rights Reserved.


open_hw_target
INFO: [Labtoolstcl 44-466] Opening hw_target localhost:3121/xilinx_tcf/Digilent/210292A4023DA
set_property PROGRAM.FILE {D:/GitHub/ENES-246/-9ClocksCounters/2_bitSlicing/bitSlicing.runs/impl_1/bitSlice.bit} [get_hw_devices xc7a100t_0]
current_hw_device [get_hw_devices xc7a100t_0]
refresh_hw_device -update_hw_probes false [lindex [get_hw_devices xc7a100t_0] 0]
INFO: [Labtools 27-1434] Device xc7a100t (JTAG device index = 0) is programmed with a design that has no supported debug core(s) in it.
set_property PROBES.FILE {} [get_hw_devices xc7a100t_0]
set_property FULL_PROBES.FILE {} [get_hw_devices xc7a100t_0]
set_property PROGRAM.FILE {D:/GitHub/ENES-246/-9ClocksCounters/2_bitSlicing/bitSlicing.runs/impl_1/bitSlice.bit} [get_hw_devices xc7a100t_0]
program_hw_devices [get_hw_devices xc7a100t_0]
INFO: [Labtools 27-3164] End of startup status: HIGH
refresh_hw_device [lindex [get_hw_devices xc7a100t_0] 0]
INFO: [Labtools 27-1434] Device xc7a100t (JTAG device index = 0) is programmed with a design that has no supported debug core(s) in it.
reset_run synth_1
launch_runs synth_1 -jobs 4
[Fri Mar  8 12:48:48 2019] Launched synth_1...
Run output will be captured here: D:/GitHub/ENES-246/-9ClocksCounters/2_bitSlicing/bitSlicing.runs/synth_1/runme.log
launch_runs impl_1 -jobs 4
[Fri Mar  8 12:56:04 2019] Launched impl_1...
Run output will be captured here: D:/GitHub/ENES-246/-9ClocksCounters/2_bitSlicing/bitSlicing.runs/impl_1/runme.log
open_run synth_1 -name synth_1
Design is defaulting to impl run constrset: constrs_1
Design is defaulting to synth run part: xc7a100tcsg324-1
INFO: [Project 1-479] Netlist was created with Vivado 2018.3
INFO: [Project 1-570] Preparing netlist for logic optimization
Parsing XDC File [D:/GitHub/ENES-246/-9ClocksCounters/2_bitSlicing/bitSlicing.srcs/constrs_1/imports/3_bitSlicing/Nexys4DDR_Master.xdc]
Finished Parsing XDC File [D:/GitHub/ENES-246/-9ClocksCounters/2_bitSlicing/bitSlicing.srcs/constrs_1/imports/3_bitSlicing/Nexys4DDR_Master.xdc]
INFO: [Opt 31-138] Pushed 0 inverter(s) to 0 load pin(s).
Netlist sorting complete. Time (s): cpu = 00:00:00 ; elapsed = 00:00:00 . Memory (MB): peak = 2244.031 ; gain = 0.000
INFO: [Project 1-111] Unisim Transformation Summary:
No Unisim elements were transformed.

launch_runs impl_1 -to_step write_bitstream -jobs 4
[Fri Mar  8 12:57:22 2019] Launched impl_1...
Run output will be captured here: D:/GitHub/ENES-246/-9ClocksCounters/2_bitSlicing/bitSlicing.runs/impl_1/runme.log
set_property PROBES.FILE {} [get_hw_devices xc7a100t_0]
set_property FULL_PROBES.FILE {} [get_hw_devices xc7a100t_0]
set_property PROGRAM.FILE {D:/GitHub/ENES-246/-9ClocksCounters/2_bitSlicing/bitSlicing.runs/impl_1/bitSlice.bit} [get_hw_devices xc7a100t_0]
program_hw_devices [get_hw_devices xc7a100t_0]
INFO: [Labtools 27-3164] End of startup status: HIGH
refresh_hw_device [lindex [get_hw_devices xc7a100t_0] 0]
INFO: [Labtools 27-1434] Device xc7a100t (JTAG device index = 0) is programmed with a design that has no supported debug core(s) in it.
current_design rtl_1
current_design synth_1
close_design
open_run impl_1
INFO: [Project 1-479] Netlist was created with Vivado 2018.3
INFO: [Project 1-570] Preparing netlist for logic optimization
INFO: [Timing 38-478] Restoring timing data from binary archive.
INFO: [Timing 38-479] Binary timing data restore complete.
INFO: [Project 1-856] Restoring constraints from binary archive.
INFO: [Project 1-853] Binary constraint restore complete.
Reading XDEF placement.
Reading placer database...
Reading XDEF routing.
Read XDEF File: Time (s): cpu = 00:00:00 ; elapsed = 00:00:00.047 . Memory (MB): peak = 3012.152 ; gain = 0.000
Restored from archive | CPU: 0.000000 secs | Memory: 0.000000 MB |
Finished XDEF File Restore: Time (s): cpu = 00:00:00 ; elapsed = 00:00:00.047 . Memory (MB): peak = 3012.152 ; gain = 0.000
Netlist sorting complete. Time (s): cpu = 00:00:00 ; elapsed = 00:00:00 . Memory (MB): peak = 3012.152 ; gain = 0.000
INFO: [Project 1-111] Unisim Transformation Summary:
No Unisim elements were transformed.

WARNING: [Timing 38-313] There are no user specified timing constraints. Timing constraints are needed for proper timing analysis.
ERROR: [Labtoolstcl 44-513] HW Target shutdown. Closing target: localhost:3121/xilinx_tcf/Digilent/210292A4023DA
exit
INFO: [Common 17-206] Exiting Vivado at Fri Mar  8 20:29:12 2019...
