#-----------------------------------------------------------
# Vivado v2018.3 (64-bit)
# SW Build 2405991 on Thu Dec  6 23:38:27 MST 2018
# IP Build 2404404 on Fri Dec  7 01:43:56 MST 2018
# Start of session at: Tue Feb 12 15:43:50 2019
# Process ID: 5896
# Current directory: C:/Users/SET253-17U.HCCMAIN/Documents/GitHub/ENES246/-7FourSevenSegDisplays/3_d7SegDisplay
# Command line: vivado.exe -gui_launcher_event rodinguilauncherevent2340 C:\Users\SET253-17U.HCCMAIN\Documents\GitHub\ENES246\-7FourSevenSegDisplays\3_d7SegDisplay\d7segDisplay.xpr
# Log file: C:/Users/SET253-17U.HCCMAIN/Documents/GitHub/ENES246/-7FourSevenSegDisplays/3_d7SegDisplay/vivado.log
# Journal file: C:/Users/SET253-17U.HCCMAIN/Documents/GitHub/ENES246/-7FourSevenSegDisplays/3_d7SegDisplay\vivado.jou
#-----------------------------------------------------------
start_gui
open_project C:/Users/SET253-17U.HCCMAIN/Documents/GitHub/ENES246/-7FourSevenSegDisplays/3_d7SegDisplay/d7segDisplay.xpr
INFO: [ProjectBase 1-489] The host OS only allows 260 characters in a normal path. The project is stored in a path with more than 80 characters. If you experience issues with IP, Block Designs, or files not being found, please consider moving the project to a location with a shorter path. Alternately consider using the OS subst command to map part of the path to a drive letter.
Current project path is 'C:/Users/SET253-17U.HCCMAIN/Documents/GitHub/ENES246/-7FourSevenSegDisplays/3_d7SegDisplay'
Scanning sources...
Finished scanning sources
INFO: [IP_Flow 19-234] Refreshing IP repositories
INFO: [IP_Flow 19-1704] No user IP repositories specified
INFO: [IP_Flow 19-2313] Loaded Vivado IP repository 'C:/Xilinx/Vivado/2018.3/data/ip'.
open_project: Time (s): cpu = 00:00:13 ; elapsed = 00:00:06 . Memory (MB): peak = 749.398 ; gain = 142.031
update_compile_order -fileset sources_1
close_project
open_project C:/Users/SET253-17U.HCCMAIN/Documents/GitHub/ENES246/-7FourSevenSegDisplays/3_d7SegDisplay/d7segDisplay.xpr
INFO: [ProjectBase 1-489] The host OS only allows 260 characters in a normal path. The project is stored in a path with more than 80 characters. If you experience issues with IP, Block Designs, or files not being found, please consider moving the project to a location with a shorter path. Alternately consider using the OS subst command to map part of the path to a drive letter.
Current project path is 'C:/Users/SET253-17U.HCCMAIN/Documents/GitHub/ENES246/-7FourSevenSegDisplays/3_d7SegDisplay'
Scanning sources...
Finished scanning sources
INFO: [IP_Flow 19-234] Refreshing IP repositories
INFO: [IP_Flow 19-1704] No user IP repositories specified
INFO: [IP_Flow 19-2313] Loaded Vivado IP repository 'C:/Xilinx/Vivado/2018.3/data/ip'.
update_compile_order -fileset sources_1
close_project
exit
INFO: [Common 17-206] Exiting Vivado at Tue Feb 12 15:55:17 2019...
