#-----------------------------------------------------------
# Vivado v2018.3 (64-bit)
# SW Build 2405991 on Thu Dec  6 23:38:27 MST 2018
# IP Build 2404404 on Fri Dec  7 01:43:56 MST 2018
# Start of session at: Tue Feb 12 13:32:48 2019
# Process ID: 1364
# Current directory: C:/Users/SET253-17U.HCCMAIN/Documents/GitHub/ENES246/-7FourSevenSegDisplays/3_d7SegDisplay
# Command line: vivado.exe -gui_launcher_event rodinguilauncherevent11080 C:\Users\SET253-17U.HCCMAIN\Documents\GitHub\ENES246\-7FourSevenSegDisplays\3_d7SegDisplay\d7segDisplay.xpr
# Log file: C:/Users/SET253-17U.HCCMAIN/Documents/GitHub/ENES246/-7FourSevenSegDisplays/3_d7SegDisplay/vivado.log
# Journal file: C:/Users/SET253-17U.HCCMAIN/Documents/GitHub/ENES246/-7FourSevenSegDisplays/3_d7SegDisplay\vivado.jou
#-----------------------------------------------------------
start_gui
open_project C:/Users/SET253-17U.HCCMAIN/Documents/GitHub/ENES246/-7FourSevenSegDisplays/3_d7SegDisplay/d7segDisplay.xpr
INFO: [ProjectBase 1-489] The host OS only allows 260 characters in a normal path. The project is stored in a path with more than 80 characters. If you experience issues with IP, Block Designs, or files not being found, please consider moving the project to a location with a shorter path. Alternately consider using the OS subst command to map part of the path to a drive letter.
Current project path is 'C:/Users/SET253-17U.HCCMAIN/Documents/GitHub/ENES246/-7FourSevenSegDisplays/3_d7SegDisplay'
INFO: [Project 1-313] Project file moved from 'C:/Users/SET253-17U.HCCMAIN/Desktop/vivado/d7segDisplay/d7segDisplay' since last save.
Scanning sources...
Finished scanning sources
INFO: [Project 1-230] Project 'd7segDisplay.xpr' upgraded for this version of Vivado.
INFO: [IP_Flow 19-234] Refreshing IP repositories
INFO: [IP_Flow 19-1704] No user IP repositories specified
INFO: [IP_Flow 19-2313] Loaded Vivado IP repository 'C:/Xilinx/Vivado/2018.3/data/ip'.
open_project: Time (s): cpu = 00:00:17 ; elapsed = 00:00:09 . Memory (MB): peak = 714.895 ; gain = 153.102
update_compile_order -fileset sources_1
synth_design -rtl -name rtl_1
Command: synth_design -rtl -name rtl_1
Starting synth_design
Using part: xc7a100tcsg324-1
Top: d7segDisplay
---------------------------------------------------------------------------------
Starting RTL Elaboration : Time (s): cpu = 00:00:03 ; elapsed = 00:00:02 . Memory (MB): peak = 793.602 ; gain = 66.246
---------------------------------------------------------------------------------
INFO: [Synth 8-6157] synthesizing module 'd7segDisplay' [C:/Users/SET253-17U.HCCMAIN/Documents/GitHub/ENES246/-7FourSevenSegDisplays/3_d7SegDisplay/d7segDisplay.srcs/sources_1/new/d7segDisplay.v:3]
INFO: [Synth 8-6157] synthesizing module 'm16x4Mux' [C:/Users/SET253-17U.HCCMAIN/Documents/GitHub/ENES246/-7FourSevenSegDisplays/3_d7SegDisplay/d7segDisplay.srcs/sources_1/imports/new/m16x4Mux.v:3]
INFO: [Synth 8-6157] synthesizing module 'm4x2Mux' [C:/Users/SET253-17U.HCCMAIN/Documents/GitHub/ENES246/-7FourSevenSegDisplays/3_d7SegDisplay/d7segDisplay.srcs/sources_1/imports/new/m4x2Mux.v:3]
INFO: [Synth 8-6157] synthesizing module 'm2x1Mux' [C:/Users/SET253-17U.HCCMAIN/Documents/GitHub/ENES246/-7FourSevenSegDisplays/3_d7SegDisplay/d7segDisplay.srcs/sources_1/imports/new/m2x1mux.v:2]
INFO: [Synth 8-6155] done synthesizing module 'm2x1Mux' (1#1) [C:/Users/SET253-17U.HCCMAIN/Documents/GitHub/ENES246/-7FourSevenSegDisplays/3_d7SegDisplay/d7segDisplay.srcs/sources_1/imports/new/m2x1mux.v:2]
INFO: [Synth 8-6155] done synthesizing module 'm4x2Mux' (2#1) [C:/Users/SET253-17U.HCCMAIN/Documents/GitHub/ENES246/-7FourSevenSegDisplays/3_d7SegDisplay/d7segDisplay.srcs/sources_1/imports/new/m4x2Mux.v:3]
INFO: [Synth 8-6157] synthesizing module 'vcb' [C:/Users/SET253-17U.HCCMAIN/Documents/GitHub/ENES246/-7FourSevenSegDisplays/3_d7SegDisplay/d7segDisplay.srcs/sources_1/imports/new/vcb.v:3]
INFO: [Synth 8-6155] done synthesizing module 'vcb' (3#1) [C:/Users/SET253-17U.HCCMAIN/Documents/GitHub/ENES246/-7FourSevenSegDisplays/3_d7SegDisplay/d7segDisplay.srcs/sources_1/imports/new/vcb.v:3]
INFO: [Synth 8-6155] done synthesizing module 'm16x4Mux' (4#1) [C:/Users/SET253-17U.HCCMAIN/Documents/GitHub/ENES246/-7FourSevenSegDisplays/3_d7SegDisplay/d7segDisplay.srcs/sources_1/imports/new/m16x4Mux.v:3]
INFO: [Synth 8-6155] done synthesizing module 'd7segDisplay' (5#1) [C:/Users/SET253-17U.HCCMAIN/Documents/GitHub/ENES246/-7FourSevenSegDisplays/3_d7SegDisplay/d7segDisplay.srcs/sources_1/new/d7segDisplay.v:3]
WARNING: [Synth 8-3917] design d7segDisplay has port AN[7] driven by constant 1
WARNING: [Synth 8-3917] design d7segDisplay has port AN[6] driven by constant 1
WARNING: [Synth 8-3917] design d7segDisplay has port AN[5] driven by constant 1
WARNING: [Synth 8-3917] design d7segDisplay has port AN[4] driven by constant 1
WARNING: [Synth 8-3917] design d7segDisplay has port AN[3] driven by constant 1
WARNING: [Synth 8-3917] design d7segDisplay has port AN[2] driven by constant 1
WARNING: [Synth 8-3917] design d7segDisplay has port AN[1] driven by constant 1
---------------------------------------------------------------------------------
Finished RTL Elaboration : Time (s): cpu = 00:00:03 ; elapsed = 00:00:03 . Memory (MB): peak = 834.715 ; gain = 107.359
---------------------------------------------------------------------------------

Report Check Netlist: 
+------+------------------+-------+---------+-------+------------------+
|      |Item              |Errors |Warnings |Status |Description       |
+------+------------------+-------+---------+-------+------------------+
|1     |multi_driven_nets |      0|        0|Passed |Multi driven nets |
+------+------------------+-------+---------+-------+------------------+
---------------------------------------------------------------------------------
Start Handling Custom Attributes
---------------------------------------------------------------------------------
---------------------------------------------------------------------------------
Finished Handling Custom Attributes : Time (s): cpu = 00:00:03 ; elapsed = 00:00:03 . Memory (MB): peak = 834.715 ; gain = 107.359
---------------------------------------------------------------------------------
---------------------------------------------------------------------------------
Finished RTL Optimization Phase 1 : Time (s): cpu = 00:00:03 ; elapsed = 00:00:03 . Memory (MB): peak = 834.715 ; gain = 107.359
---------------------------------------------------------------------------------
INFO: [Device 21-403] Loading part xc7a100tcsg324-1
INFO: [Project 1-570] Preparing netlist for logic optimization
INFO: [Opt 31-141] Inserted 7 OBUFs to IO ports without IO buffers.

Processing XDC Constraints
Initializing timing engine
Parsing XDC File [C:/Users/SET253-17U.HCCMAIN/Documents/GitHub/ENES246/-7FourSevenSegDisplays/3_d7SegDisplay/d7segDisplay.srcs/constrs_1/imports/CONSTANTS/Nexys4DDR_Master.xdc]
Finished Parsing XDC File [C:/Users/SET253-17U.HCCMAIN/Documents/GitHub/ENES246/-7FourSevenSegDisplays/3_d7SegDisplay/d7segDisplay.srcs/constrs_1/imports/CONSTANTS/Nexys4DDR_Master.xdc]
Completed Processing XDC Constraints

INFO: [Opt 31-138] Pushed 0 inverter(s) to 0 load pin(s).
Netlist sorting complete. Time (s): cpu = 00:00:00 ; elapsed = 00:00:00.001 . Memory (MB): peak = 1173.301 ; gain = 0.000
INFO: [Project 1-111] Unisim Transformation Summary:
No Unisim elements were transformed.

RTL Elaboration Complete:  : Time (s): cpu = 00:00:18 ; elapsed = 00:00:13 . Memory (MB): peak = 1194.699 ; gain = 467.344
15 Infos, 7 Warnings, 0 Critical Warnings and 0 Errors encountered.
synth_design completed successfully
synth_design: Time (s): cpu = 00:00:18 ; elapsed = 00:00:13 . Memory (MB): peak = 1194.699 ; gain = 467.344
reset_run synth_1
launch_runs synth_1 -jobs 2
[Tue Feb 12 13:35:12 2019] Launched synth_1...
Run output will be captured here: C:/Users/SET253-17U.HCCMAIN/Documents/GitHub/ENES246/-7FourSevenSegDisplays/3_d7SegDisplay/d7segDisplay.runs/synth_1/runme.log
launch_runs impl_1 -jobs 2
[Tue Feb 12 13:35:52 2019] Launched impl_1...
Run output will be captured here: C:/Users/SET253-17U.HCCMAIN/Documents/GitHub/ENES246/-7FourSevenSegDisplays/3_d7SegDisplay/d7segDisplay.runs/impl_1/runme.log
launch_runs impl_1 -to_step write_bitstream -jobs 2
[Tue Feb 12 13:57:29 2019] Launched impl_1...
Run output will be captured here: C:/Users/SET253-17U.HCCMAIN/Documents/GitHub/ENES246/-7FourSevenSegDisplays/3_d7SegDisplay/d7segDisplay.runs/impl_1/runme.log
close_design
open_run impl_1
INFO: [Project 1-479] Netlist was created with Vivado 2018.3
INFO: [Project 1-570] Preparing netlist for logic optimization
INFO: [Timing 38-478] Restoring timing data from binary archive.
INFO: [Timing 38-479] Binary timing data restore complete.
INFO: [Project 1-856] Restoring constraints from binary archive.
INFO: [Project 1-853] Binary constraint restore complete.
Reading XDEF placement.
Reading placer database...
Reading XDEF routing.
Read XDEF File: Time (s): cpu = 00:00:00 ; elapsed = 00:00:00.044 . Memory (MB): peak = 1681.559 ; gain = 0.000
Restored from archive | CPU: 0.000000 secs | Memory: 0.000000 MB |
Finished XDEF File Restore: Time (s): cpu = 00:00:00 ; elapsed = 00:00:00.044 . Memory (MB): peak = 1681.559 ; gain = 0.000
Netlist sorting complete. Time (s): cpu = 00:00:00 ; elapsed = 00:00:00.001 . Memory (MB): peak = 1681.559 ; gain = 0.000
INFO: [Project 1-111] Unisim Transformation Summary:
No Unisim elements were transformed.

open_run: Time (s): cpu = 00:00:17 ; elapsed = 00:00:14 . Memory (MB): peak = 1778.211 ; gain = 573.965
WARNING: [Timing 38-313] There are no user specified timing constraints. Timing constraints are needed for proper timing analysis.
close_project
exit
INFO: [Common 17-206] Exiting Vivado at Tue Feb 12 14:15:33 2019...
