
*** Running vivado
    with args -log updown_ctr_behavior.vds -m64 -product Vivado -mode batch -messageDb vivado.pb -notrace -source updown_ctr_behavior.tcl


****** Vivado v2018.3 (64-bit)
  **** SW Build 2405991 on Thu Dec  6 23:38:27 MST 2018
  **** IP Build 2404404 on Fri Dec  7 01:43:56 MST 2018
    ** Copyright 1986-2018 Xilinx, Inc. All Rights Reserved.

source updown_ctr_behavior.tcl -notrace
Command: synth_design -top updown_ctr_behavior -part xc7a100tcsg324-1
Starting synth_design
Attempting to get a license for feature 'Synthesis' and/or device 'xc7a100t'
INFO: [Common 17-349] Got license for feature 'Synthesis' and/or device 'xc7a100t'
INFO: Launching helper process for spawning children vivado processes
INFO: Helper process launched with PID 9408 
WARNING: [Synth 8-2644] root scope declaration is not allowed in verilog 95/2K mode [C:/Users/SET253-11U/Documents/GitHub/ENES246/11IP/3_TimingConstraints/ClockIP.srcs/sources_1/imports/lab9_2_1/updown_ctr_behavior.v:6]
---------------------------------------------------------------------------------
Starting RTL Elaboration : Time (s): cpu = 00:00:02 ; elapsed = 00:00:03 . Memory (MB): peak = 387.711 ; gain = 112.672
---------------------------------------------------------------------------------
INFO: [Synth 8-6157] synthesizing module 'updown_ctr_behavior' [C:/Users/SET253-11U/Documents/GitHub/ENES246/11IP/3_TimingConstraints/ClockIP.srcs/sources_1/imports/lab9_2_1/updown_ctr_behavior.v:9]
WARNING: [Synth 8-5974] attribute "use_dsp48" has been deprecated, please use "use_dsp" instead 
ERROR: [Synth 8-439] module 'clk_5MHz' not found [C:/Users/SET253-11U/Documents/GitHub/ENES246/11IP/3_TimingConstraints/ClockIP.srcs/sources_1/imports/lab9_2_1/updown_ctr_behavior.v:19]
ERROR: [Synth 8-6156] failed synthesizing module 'updown_ctr_behavior' [C:/Users/SET253-11U/Documents/GitHub/ENES246/11IP/3_TimingConstraints/ClockIP.srcs/sources_1/imports/lab9_2_1/updown_ctr_behavior.v:9]
---------------------------------------------------------------------------------
Finished RTL Elaboration : Time (s): cpu = 00:00:02 ; elapsed = 00:00:03 . Memory (MB): peak = 420.773 ; gain = 145.734
---------------------------------------------------------------------------------
RTL Elaboration failed
INFO: [Common 17-83] Releasing license: Synthesis
3 Infos, 2 Warnings, 0 Critical Warnings and 3 Errors encountered.
synth_design failed
ERROR: [Common 17-69] Command failed: Synthesis failed - please see the console or run log file for details
INFO: [Common 17-206] Exiting Vivado at Mon Mar 25 15:19:50 2019...
