#-----------------------------------------------------------
# Vivado v2018.3 (64-bit)
# SW Build 2405991 on Thu Dec  6 23:38:27 MST 2018
# IP Build 2404404 on Fri Dec  7 01:43:56 MST 2018
# Start of session at: Sun Mar 24 08:19:15 2019
# Process ID: 2376
# Current directory: C:/Users/FoersterGame/Documents/GitHub/ENES246/12ControlPathDoesDonts/7_PUFbeauty
# Command line: vivado.exe -gui_launcher_event rodinguilauncherevent17404 C:\Users\FoersterGame\Documents\GitHub\ENES246\12ControlPathDoesDonts\7_PUFbeauty\puff.xpr
# Log file: C:/Users/FoersterGame/Documents/GitHub/ENES246/12ControlPathDoesDonts/7_PUFbeauty/vivado.log
# Journal file: C:/Users/FoersterGame/Documents/GitHub/ENES246/12ControlPathDoesDonts/7_PUFbeauty\vivado.jou
#-----------------------------------------------------------
start_gui
open_project C:/Users/FoersterGame/Documents/GitHub/ENES246/12ControlPathDoesDonts/7_PUFbeauty/puff.xpr
INFO: [ProjectBase 1-489] The host OS only allows 260 characters in a normal path. The project is stored in a path with more than 80 characters. If you experience issues with IP, Block Designs, or files not being found, please consider moving the project to a location with a shorter path. Alternately consider using the OS subst command to map part of the path to a drive letter.
Current project path is 'C:/Users/FoersterGame/Documents/GitHub/ENES246/12ControlPathDoesDonts/7_PUFbeauty'
INFO: [Project 1-313] Project file moved from 'C:/Users/FoersterGame/Documents/GitHub/ENES246/12ControlPathDoesDonts/6_ResetAsyncModule' since last save.
Scanning sources...
Finished scanning sources
INFO: [IP_Flow 19-234] Refreshing IP repositories
INFO: [IP_Flow 19-1704] No user IP repositories specified
INFO: [IP_Flow 19-2313] Loaded Vivado IP repository 'C:/Xilinx/Vivado/2018.3/data/ip'.
update_compile_order -fileset sources_1
exit
INFO: [Common 17-206] Exiting Vivado at Sun Mar 24 08:33:21 2019...
