#
# A fatal error has been detected by the Java Runtime Environment:
#
#  EXCEPTION_ACCESS_VIOLATION (0xc0000005) at pc=0x00007ff83d348310, pid=44876, tid=43320
#
# JRE version: Java(TM) SE Runtime Environment (9.0+11) (build 9.0.4+11)
# Java VM: Java HotSpot(TM) 64-Bit Server VM (9.0.4+11, mixed mode, tiered, compressed oops, g1 gc, windows-amd64)
# Problematic frame:
# C  [librdi_runsbase.dll+0x18310]
#
# No core dump will be written. Minidumps are not enabled by default on client versions of Windows
#
# If you would like to submit a bug report, please visit:
#   http://bugreport.java.com/bugreport/crash.jsp
# The crash happened outside the Java Virtual Machine in native code.
# See problematic frame for where to report the bug.
#

---------------  S U M M A R Y ------------

Command Line: -Dsun.java2d.pmoffscreen=false -Dsun.java2d.xrender=false -Dsun.java2d.d3d=false -Dsun.awt.nopixfmt=true -Dsun.java2d.dpiaware=true -Dsun.java2d.uiScale.enabled=false -Xverify:none -Dswing.aatext=true -XX:-UsePerfData -Djdk.map.althashing.threshold=512 -XX:StringTableSize=4072 --add-opens=java.base/java.nio=ALL-UNNAMED --add-opens=java.desktop/sun.swing=ALL-UNNAMED --add-opens=java.desktop/javax.swing=ALL-UNNAMED --add-opens=java.desktop/javax.swing.tree=ALL-UNNAMED --add-opens=java.desktop/javax.swing.plaf.basic=ALL-UNNAMED --add-opens=java.desktop/javax.swing.plaf.synth=ALL-UNNAMED --add-opens=java.desktop/com.sun.awt=ALL-UNNAMED -XX:NewSize=60m -XX:MaxNewSize=60m -Xms128m -Xmx3072m -Xss5m 

Host: Intel(R) Core(TM) i7-7700HQ CPU @ 2.80GHz, 8 cores, 15G,  Windows 10 , 64 bit Build 17134 (10.0.17134.556)
Time: Fri Mar 01 13:25:21 2019 Eastern Standard Time elapsed time: 4651 seconds (0d 1h 17m 31s)

---------------  T H R E A D  ---------------

Current thread (0x000002975da70000):  JavaThread "AWT-EventQueue-1" [_thread_in_native, id=43320, stack(0x0000009eee900000,0x0000009eeee00000)]

Stack: [0x0000009eee900000,0x0000009eeee00000],  sp=0x0000009eeedf2f18,  free space=5067k
Native frames: (J=compiled Java code, j=interpreted, Vv=VM code, C=native code)
C  [librdi_runsbase.dll+0x18310]

Java frames: (J=compiled Java code, j=interpreted, Vv=VM code)
J 17868  ui.project.projecti.ProjStateHelper_getBlingString(J)Ljava/lang/String; (0 bytes) @ 0x000002974d2ed5a1 [0x000002974d2ed560+0x0000000000000041]
J 17867 c1 ui.project.p.eoz()V (12 bytes) @ 0x000002974656e1bc [0x000002974656e140+0x000000000000007c]
j  ui.views.G.m.a(Ljava/util/AbstractList;Ljava/util/HashMap;)V+16
J 18641 c1 ui.views.G.m.fUJ()V (506 bytes) @ 0x00000297473fa35c [0x00000297473f5560+0x0000000000004dfc]
J 18768 c1 ui.views.G.n.da()V (8 bytes) @ 0x0000029744cc2c74 [0x0000029744cc2bc0+0x00000000000000b4]
J 19178 c2 ui.utils.C.actionPerformed(Ljava/awt/event/ActionEvent;)V (132 bytes) @ 0x000002974caac880 [0x000002974caac820+0x0000000000000060]
J 19044 c2 ui.utils.B.fireActionPerformed(Ljava/awt/event/ActionEvent;)V (49 bytes) @ 0x000002974c8a91a8 [0x000002974c8a9040+0x0000000000000168]
J 16852 c2 javax.swing.Timer$DoPostEvent.run()V java.desktop@9.0.4 (82 bytes) @ 0x000002974d1443ec [0x000002974d1440e0+0x000000000000030c]
J 13271 c2 java.awt.EventQueue$3.run()Ljava/lang/Object; java.desktop@9.0.4 (5 bytes) @ 0x000002974cb54c84 [0x000002974cb54b80+0x0000000000000104]
v  ~StubRoutines::call_stub
J 2970  java.security.AccessController.doPrivileged(Ljava/security/PrivilegedAction;Ljava/security/AccessControlContext;)Ljava/lang/Object; java.base@9.0.4 (0 bytes) @ 0x000002974c35fe46 [0x000002974c35fde0+0x0000000000000066]
J 13263 c2 ui.frmwork.b.d.dispatchEvent(Ljava/awt/AWTEvent;)V (34 bytes) @ 0x000002974cb4f80c [0x000002974cb4f2a0+0x000000000000056c]
J 18293 c2 java.awt.EventDispatchThread.pumpOneEventForFilters(I)V java.desktop@9.0.4 (218 bytes) @ 0x000002974d3a4dac [0x000002974d3a4a80+0x000000000000032c]
J 21687 c2 java.awt.EventDispatchThread.pumpEventsForFilter(ILjava/awt/Conditional;Ljava/awt/EventFilter;)V java.desktop@9.0.4 (47 bytes) @ 0x000002974d6a8adc [0x000002974d6a8960+0x000000000000017c]
j  java.awt.EventDispatchThread.pumpEventsForFilter(Ljava/awt/Conditional;Ljava/awt/EventFilter;)V+4 java.desktop@9.0.4
j  java.awt.WaitDispatchSupport$2.run()V+59 java.desktop@9.0.4
j  java.awt.WaitDispatchSupport$4.run()Ljava/lang/Void;+4 java.desktop@9.0.4
j  java.awt.WaitDispatchSupport$4.run()Ljava/lang/Object;+1 java.desktop@9.0.4
v  ~StubRoutines::call_stub
J 957  java.security.AccessController.doPrivileged(Ljava/security/PrivilegedAction;)Ljava/lang/Object; java.base@9.0.4 (0 bytes) @ 0x000002974c211832 [0x000002974c2117e0+0x0000000000000052]
j  java.awt.WaitDispatchSupport.enter()Z+260 java.desktop@9.0.4
j  java.awt.Dialog.show()V+225 java.desktop@9.0.4
J 26455 c1 java.awt.Window.setVisible(Z)V java.desktop@9.0.4 (6 bytes) @ 0x0000029747e35884 [0x0000029747e35660+0x0000000000000224]
j  java.awt.Dialog.setVisible(Z)V+2 java.desktop@9.0.4
j  ui.b.c.g.setVisible(Z)V+2
j  ui.b.c.bx.showDialog()V+64
j  ui.b.c.bE.actionPerformed(Ljava/awt/event/ActionEvent;)V+8
j  ui.b.c.bx.cHE()V+396
j  ui.b.o.t.a(Ljava/awt/Component;Lui/project/r;Ljava/util/Collection;ZLui/frmwork/T;)V+28
j  ui.views.G.e.fUG()V+107
j  ui.views.G.e.i(Lui/views/G/e;)V+1
j  ui.views.G.f.run()V+303
j  ui.views.S.Z.taskEnded(I)V+146
j  ui.views.x.a.y.b(I)V+37
j  ui.views.c.e.j.b(I)V+2
j  ui.b.c.bx.y()V+200
j  ui.b.c.bG.finished()V+4
J 15728 c1 ui.frmwork.x.run()V (15 bytes) @ 0x0000029746e8dc4c [0x0000029746e8dae0+0x000000000000016c]
J 13271 c2 java.awt.EventQueue$3.run()Ljava/lang/Object; java.desktop@9.0.4 (5 bytes) @ 0x000002974cb54c84 [0x000002974cb54b80+0x0000000000000104]
v  ~StubRoutines::call_stub
J 2970  java.security.AccessController.doPrivileged(Ljava/security/PrivilegedAction;Ljava/security/AccessControlContext;)Ljava/lang/Object; java.base@9.0.4 (0 bytes) @ 0x000002974c35fe46 [0x000002974c35fde0+0x0000000000000066]
J 13263 c2 ui.frmwork.b.d.dispatchEvent(Ljava/awt/AWTEvent;)V (34 bytes) @ 0x000002974cb4f80c [0x000002974cb4f2a0+0x000000000000056c]
J 18293 c2 java.awt.EventDispatchThread.pumpOneEventForFilters(I)V java.desktop@9.0.4 (218 bytes) @ 0x000002974d3a4dac [0x000002974d3a4a80+0x000000000000032c]
J 21687 c2 java.awt.EventDispatchThread.pumpEventsForFilter(ILjava/awt/Conditional;Ljava/awt/EventFilter;)V java.desktop@9.0.4 (47 bytes) @ 0x000002974d6a8adc [0x000002974d6a8960+0x000000000000017c]
j  java.awt.EventDispatchThread.pumpEventsForFilter(Ljava/awt/Conditional;Ljava/awt/EventFilter;)V+4 java.desktop@9.0.4
j  java.awt.WaitDispatchSupport$2.run()V+59 java.desktop@9.0.4
j  java.awt.WaitDispatchSupport$4.run()Ljava/lang/Void;+4 java.desktop@9.0.4
j  java.awt.WaitDispatchSupport$4.run()Ljava/lang/Object;+1 java.desktop@9.0.4
v  ~StubRoutines::call_stub
J 957  java.security.AccessController.doPrivileged(Ljava/security/PrivilegedAction;)Ljava/lang/Object; java.base@9.0.4 (0 bytes) @ 0x000002974c211832 [0x000002974c2117e0+0x0000000000000052]
j  java.awt.WaitDispatchSupport.enter()Z+260 java.desktop@9.0.4
j  java.awt.Dialog.show()V+225 java.desktop@9.0.4
J 26455 c1 java.awt.Window.setVisible(Z)V java.desktop@9.0.4 (6 bytes) @ 0x0000029747e35884 [0x0000029747e35660+0x0000000000000224]
j  java.awt.Dialog.setVisible(Z)V+2 java.desktop@9.0.4
j  ui.b.c.g.setVisible(Z)V+2
j  ui.b.c.bx.showDialog()V+64
j  ui.b.c.bE.actionPerformed(Ljava/awt/event/ActionEvent;)V+8
j  ui.b.c.bx.cHE()V+396
j  ui.views.S.X.a(Lui/views/S/al;)V+230
j  ui.views.S.X.a(Lui/views/S/al;Ljava/util/Collection;)V+43
j  ui.views.S.X.a(Ljava/lang/String;ZLjava/lang/Runnable;Ljava/lang/Runnable;)Z+234
j  ui.views.S.X.a(Ljava/lang/String;Ljava/lang/Runnable;Ljava/lang/Runnable;)Z+5
j  ui.views.S.X.b(Ljava/lang/String;Ljava/lang/Runnable;)Z+4
j  ui.views.G.e.dgQ()V+949
j  ui.views.G.e.run()V+1
j  ui.views.G.k.b(Lui/views/G/k;)V+1
j  ui.views.G.k.b(Ljava/util/ArrayList;Lui/data/experiment/w;)V+56
j  ui.views.G.k.run()V+123
j  ui.frmwork.a.dTt()Z+66
j  ui.views.S.b.k.Q(Lui/views/S/u;)V+41
j  ui.views.S.b.x.mouseReleased(Ljava/awt/event/MouseEvent;)V+92
J 17718 c1 java.awt.AWTEventMulticaster.mouseReleased(Ljava/awt/event/MouseEvent;)V java.desktop@9.0.4 (27 bytes) @ 0x00000297462d33c4 [0x00000297462d3000+0x00000000000003c4]
J 17718 c1 java.awt.AWTEventMulticaster.mouseReleased(Ljava/awt/event/MouseEvent;)V java.desktop@9.0.4 (27 bytes) @ 0x00000297462d320c [0x00000297462d3000+0x000000000000020c]
J 17718 c1 java.awt.AWTEventMulticaster.mouseReleased(Ljava/awt/event/MouseEvent;)V java.desktop@9.0.4 (27 bytes) @ 0x00000297462d320c [0x00000297462d3000+0x000000000000020c]
J 26345 c2 javax.swing.JComponent.processMouseEvent(Ljava/awt/event/MouseEvent;)V java.desktop@9.0.4 (27 bytes) @ 0x000002974d42ca90 [0x000002974d42c8a0+0x00000000000001f0]
J 25853 c1 java.awt.Component.processEvent(Ljava/awt/AWTEvent;)V java.desktop@9.0.4 (220 bytes) @ 0x0000029747c4d19c [0x0000029747c4cc80+0x000000000000051c]
J 15194 c1 ui.utils.o.x.L.processEvent(Ljava/awt/AWTEvent;)V (76 bytes) @ 0x0000029746cc840c [0x0000029746cc68e0+0x0000000000001b2c]
J 26101 c2 java.awt.Component.dispatchEventImpl(Ljava/awt/AWTEvent;)V java.desktop@9.0.4 (739 bytes) @ 0x000002974d2609d4 [0x000002974d260100+0x00000000000008d4]
J 18026 c2 java.awt.Container.dispatchEventImpl(Ljava/awt/AWTEvent;)V java.desktop@9.0.4 (129 bytes) @ 0x000002974ccfc938 [0x000002974ccfc8e0+0x0000000000000058]
J 19405 c2 java.awt.LightweightDispatcher.retargetMouseEvent(Ljava/awt/Component;ILjava/awt/event/MouseEvent;)V java.desktop@9.0.4 (350 bytes) @ 0x000002974cc6d1f4 [0x000002974cc6cc60+0x0000000000000594]
J 19666 c2 java.awt.LightweightDispatcher.processMouseEvent(Ljava/awt/event/MouseEvent;)Z java.desktop@9.0.4 (265 bytes) @ 0x000002974cde6a3c [0x000002974cde62a0+0x000000000000079c]
J 18026 c2 java.awt.Container.dispatchEventImpl(Ljava/awt/AWTEvent;)V java.desktop@9.0.4 (129 bytes) @ 0x000002974ccfcc10 [0x000002974ccfc8e0+0x0000000000000330]
J 17562 c2 java.awt.Window.dispatchEventImpl(Ljava/awt/AWTEvent;)V java.desktop@9.0.4 (23 bytes) @ 0x000002974d26760c [0x000002974d2675c0+0x000000000000004c]
J 13271 c2 java.awt.EventQueue$3.run()Ljava/lang/Object; java.desktop@9.0.4 (5 bytes) @ 0x000002974cb54d3c [0x000002974cb54b80+0x00000000000001bc]
v  ~StubRoutines::call_stub
J 2970  java.security.AccessController.doPrivileged(Ljava/security/PrivilegedAction;Ljava/security/AccessControlContext;)Ljava/lang/Object; java.base@9.0.4 (0 bytes) @ 0x000002974c35fe46 [0x000002974c35fde0+0x0000000000000066]
J 16505 c2 java.awt.EventQueue$4.run()Ljava/lang/Object; java.desktop@9.0.4 (5 bytes) @ 0x000002974d0c94c0 [0x000002974d0c9260+0x0000000000000260]
v  ~StubRoutines::call_stub
J 2970  java.security.AccessController.doPrivileged(Ljava/security/PrivilegedAction;Ljava/security/AccessControlContext;)Ljava/lang/Object; java.base@9.0.4 (0 bytes) @ 0x000002974c35fe46 [0x000002974c35fde0+0x0000000000000066]
J 13263 c2 ui.frmwork.b.d.dispatchEvent(Ljava/awt/AWTEvent;)V (34 bytes) @ 0x000002974cb4f634 [0x000002974cb4f2a0+0x0000000000000394]
J 18293 c2 java.awt.EventDispatchThread.pumpOneEventForFilters(I)V java.desktop@9.0.4 (218 bytes) @ 0x000002974d3a4dac [0x000002974d3a4a80+0x000000000000032c]
J 19647% c2 java.awt.EventDispatchThread.pumpEventsForFilter(ILjava/awt/Conditional;Ljava/awt/EventFilter;)V java.desktop@9.0.4 (47 bytes) @ 0x000002974cd46340 [0x000002974cd46240+0x0000000000000100]
j  java.awt.EventDispatchThread.pumpEventsForHierarchy(ILjava/awt/Conditional;Ljava/awt/Component;)V+11 java.desktop@9.0.4
j  java.awt.EventDispatchThread.pumpEvents(ILjava/awt/Conditional;)V+4 java.desktop@9.0.4
j  java.awt.EventDispatchThread.pumpEvents(Ljava/awt/Conditional;)V+3 java.desktop@9.0.4
j  java.awt.EventDispatchThread.run()V+9 java.desktop@9.0.4
v  ~StubRoutines::call_stub

siginfo: EXCEPTION_ACCESS_VIOLATION (0xc0000005), reading address 0x0000000000000028


Register to memory mapping:

RIP=0x00007ff83d348310 librdi_runsbase.dll
RAX=0x0000000000000001 is an unknown value
RBX=0x0000000000000000 is an unknown value
RCX=0x0000000000000000 is an unknown value
RDX=0x0000029732720000 is an unknown value
RSP=0x0000009eeedf2f18 is pointing into the stack for thread: 0x000002975da70000
RBP=0x0000009eeedf3020 is pointing into the stack for thread: 0x000002975da70000
RSI=0x0000029765286fc0 is an unknown value
RDI=0x0000029766585320 is an unknown value
R8 =0x0000029732822940 is an unknown value
R9 =0x0000000000008000 is an unknown value
R10=0x0000000000000000 is an unknown value
R11=0x0000009eeedf2ca0 is pointing into the stack for thread: 0x000002975da70000
R12=0x000002973280fc00 is an unknown value
R13=0x0000000000000009 is an unknown value
R14=0x0000000000000000 is an unknown value
R15=0x0000000000000009 is an unknown value


Registers:
RAX=0x0000000000000001, RBX=0x0000000000000000, RCX=0x0000000000000000, RDX=0x0000029732720000
RSP=0x0000009eeedf2f18, RBP=0x0000009eeedf3020, RSI=0x0000029765286fc0, RDI=0x0000029766585320
R8 =0x0000029732822940, R9 =0x0000000000008000, R10=0x0000000000000000, R11=0x0000009eeedf2ca0
R12=0x000002973280fc00, R13=0x0000000000000009, R14=0x0000000000000000, R15=0x0000000000000009
RIP=0x00007ff83d348310, EFLAGS=0x0000000000010206

Top of Stack: (sp=0x0000009eeedf2f18)
0x0000009eeedf2f18:   00007ff80f30816a 0000029765286fc0
0x0000009eeedf2f28:   0000029765287060 0000000000000000
0x0000009eeedf2f38:   0000029766587a50 000000035c7977a3
0x0000009eeedf2f48:   00007ff87f06922b 0000000000000040
0x0000009eeedf2f58:   0000000000000004 0000000000000070
0x0000009eeedf2f68:   0000000000000000 fffffffffffffffe
0x0000009eeedf2f78:   0000000000000002 0000009e00000002
0x0000009eeedf2f88:   0000000000000000 000002973280fc00
0x0000009eeedf2f98:   0000000000000000 0000000000000000
0x0000009eeedf2fa8:   0000000000000002 0000029764253510
0x0000009eeedf2fb8:   00007ff82a6b3e00 0000000000000001
0x0000009eeedf2fc8:   0000000000000002 0000029764253510
0x0000009eeedf2fd8:   00007ff8790c4bf3 0000000000000001
0x0000009eeedf2fe8:   00007ff82a6b7671 0000009eeedf3370
0x0000009eeedf2ff8:   0000000000000000 0000009eeedf3a00
0x0000009eeedf3008:   0000000000000009 000000000000006f 

Instructions: (pc=0x00007ff83d348310)
0x00007ff83d3482f0:   33 cc e8 69 17 05 00 48 8b 9c 24 d0 00 00 00 48
0x00007ff83d348300:   81 c4 a0 00 00 00 5f 5e 5d c3 cc cc cc cc cc cc
0x00007ff83d348310:   48 8b 41 28 c3 cc cc cc cc cc cc cc cc cc cc cc
0x00007ff83d348320:   40 53 48 83 ec 20 48 8b 59 48 48 89 6c 24 30 48 



---------------  P R O C E S S  ---------------

Java Threads: ( => current thread )
  0x0000029728aa6000 JavaThread "Resetting Runs" [_thread_blocked, id=41764, stack(0x0000009ef4400000,0x0000009ef4900000)]
  0x000002975f91f000 JavaThread "SyntheticaAnimation 50" daemon [_thread_blocked, id=32560, stack(0x0000009ef3f00000,0x0000009ef4400000)]
  0x000002975f923800 JavaThread "Monitor File Timestamp Swing Worker" [_thread_blocked, id=33672, stack(0x0000009ef1e00000,0x0000009ef2300000)]
  0x000002975f91d800 JavaThread "Timer-1" [_thread_blocked, id=23420, stack(0x0000009eeda00000,0x0000009eedf00000)]
  0x000002975f925000 JavaThread "Image Animator 0" daemon [_thread_blocked, id=44148, stack(0x0000009ef2e00000,0x0000009ef3300000)]
  0x000002975f91d000 JavaThread "SyntheticaAnimation 50" daemon [_thread_blocked, id=40060, stack(0x0000009ef0a00000,0x0000009ef0f00000)]
  0x00000297654fc000 JavaThread "hw_ila_monitor" [_thread_blocked, id=1216, stack(0x0000009eeee00000,0x0000009eef300000)]
  0x000002976008a800 JavaThread "Update Runs Swing Worker" [_thread_blocked, id=35684, stack(0x0000009ef1900000,0x0000009ef1e00000)]
  0x000002976008d800 JavaThread "Refresh Filesets Swing Worker" [_thread_blocked, id=34076, stack(0x0000009ef1400000,0x0000009ef1900000)]
  0x0000029760091800 JavaThread "SyntheticaAnimation 70" daemon [_thread_blocked, id=35892, stack(0x0000009ef0f00000,0x0000009ef1400000)]
  0x000002976008c000 JavaThread "SyntheticaAnimation 25" daemon [_thread_blocked, id=37656, stack(0x0000009ef0500000,0x0000009ef0a00000)]
  0x000002976008f000 JavaThread "SyntheticaAnimation 50" daemon [_thread_blocked, id=21468, stack(0x0000009ef0000000,0x0000009ef0500000)]
  0x0000029760090000 JavaThread "Monitor HEventQueue" [_thread_blocked, id=43464, stack(0x0000009eefb00000,0x0000009ef0000000)]
  0x000002976008e800 JavaThread "Batik CleanerThread" daemon [_thread_blocked, id=34016, stack(0x0000009eef300000,0x0000009eef800000)]
  0x000002976008d000 JavaThread "SyntheticaCleanerThread" daemon [_thread_blocked, id=19400, stack(0x0000009eedf00000,0x0000009eee400000)]
=>0x000002975da70000 JavaThread "AWT-EventQueue-1" [_thread_in_native, id=43320, stack(0x0000009eee900000,0x0000009eeee00000)]
  0x000002975dc26800 JavaThread "Process Messages" [_thread_blocked, id=39688, stack(0x0000009eee400000,0x0000009eee900000)]
  0x000002975e1ff800 JavaThread "Thread-1" [_thread_in_native, id=12960, stack(0x0000009ee7200000,0x0000009ee8600000)]
  0x000002975e273800 JavaThread "TimerQueue" daemon [_thread_blocked, id=43108, stack(0x0000009eed500000,0x0000009eeda00000)]
  0x000002975da1e800 JavaThread "AWT-Windows" daemon [_thread_in_native, id=43116, stack(0x0000009eed000000,0x0000009eed500000)]
  0x000002975d8b3800 JavaThread "AWT-Shutdown" [_thread_blocked, id=36660, stack(0x0000009eecb00000,0x0000009eed000000)]
  0x000002975d8b3000 JavaThread "Java2D Disposer" daemon [_thread_blocked, id=33076, stack(0x0000009eec600000,0x0000009eecb00000)]
  0x000002973920f800 JavaThread "Service Thread" daemon [_thread_blocked, id=44104, stack(0x0000009eec000000,0x0000009eec500000)]
  0x00000297385fe800 JavaThread "Common-Cleaner" daemon [_thread_blocked, id=44496, stack(0x0000009eebb00000,0x0000009eec000000)]
  0x0000029739390800 JavaThread "Sweeper thread" daemon [_thread_blocked, id=31788, stack(0x0000009eeb600000,0x0000009eebb00000)]
  0x0000029739390000 JavaThread "C1 CompilerThread3" daemon [_thread_blocked, id=43296, stack(0x0000009eeb500000,0x0000009eeb600000)]
  0x000002973966a800 JavaThread "C2 CompilerThread2" daemon [_thread_blocked, id=9916, stack(0x0000009eeb400000,0x0000009eeb500000)]
  0x000002973966a000 JavaThread "C2 CompilerThread1" daemon [_thread_blocked, id=10948, stack(0x0000009eeb300000,0x0000009eeb400000)]
  0x0000029738b3f800 JavaThread "C2 CompilerThread0" daemon [_thread_blocked, id=36040, stack(0x0000009eeb200000,0x0000009eeb300000)]
  0x0000029738b3e800 JavaThread "Attach Listener" daemon [_thread_blocked, id=44304, stack(0x0000009eead00000,0x0000009eeb200000)]
  0x0000029738b3e000 JavaThread "Signal Dispatcher" daemon [_thread_blocked, id=42128, stack(0x0000009eea800000,0x0000009eead00000)]
  0x0000029739301000 JavaThread "Finalizer" daemon [_thread_blocked, id=44916, stack(0x0000009eea300000,0x0000009eea800000)]
  0x0000029738940000 JavaThread "Reference Handler" daemon [_thread_blocked, id=28400, stack(0x0000009ee9e00000,0x0000009eea300000)]
  0x000002973d216800 JavaThread "main" [_thread_blocked, id=43644, stack(0x0000009ee8800000,0x0000009ee8900000)]

Other Threads:
  0x0000029738de4000 VMThread "VM Thread" [stack: 0x0000009ee9d00000,0x0000009ee9e00000] [id=27772]
  0x000002975d380800 WatcherThread [stack: 0x0000009eec500000,0x0000009eec600000] [id=44836]
  0x000002973d217000 GCTaskThread "GC Thread#0" [stack: 0x0000009ee8900000,0x0000009ee8a00000] [id=24936]
  0x000002973d001800 GCTaskThread "GC Thread#1" [stack: 0x0000009ee8a00000,0x0000009ee8b00000] [id=40844]
  0x000002973d002000 GCTaskThread "GC Thread#2" [stack: 0x0000009ee8b00000,0x0000009ee8c00000] [id=30880]
  0x000002973d44a800 GCTaskThread "GC Thread#3" [stack: 0x0000009ee8c00000,0x0000009ee8d00000] [id=44776]
  0x0000029738291000 GCTaskThread "GC Thread#4" [stack: 0x0000009ee8d00000,0x0000009ee8e00000] [id=25488]
  0x000002973891c800 GCTaskThread "GC Thread#5" [stack: 0x0000009ee8e00000,0x0000009ee8f00000] [id=42268]
  0x000002973db59800 GCTaskThread "GC Thread#6" [stack: 0x0000009ee8f00000,0x0000009ee9000000] [id=40444]
  0x000002973971b800 GCTaskThread "GC Thread#7" [stack: 0x0000009ee9000000,0x0000009ee9100000] [id=42612]
  0x0000029738bb4000 ConcurrentGCThread "G1 Main Marker" [stack: 0x0000009ee9a00000,0x0000009ee9b00000] [id=42212]
  0x0000029738bb4800 ConcurrentGCThread "G1 Marker#0" [stack: 0x0000009ee9b00000,0x0000009ee9c00000] [id=28152]
  0x000002973955a000 ConcurrentGCThread "G1 Marker#1" [stack: 0x0000009ee9c00000,0x0000009ee9d00000] [id=28136]
  0x000002973d163800 ConcurrentGCThread "G1 Refine#0" [stack: 0x0000009ee9800000,0x0000009ee9900000] [id=39888]
  0x000002973d164800 ConcurrentGCThread "G1 Refine#1" [stack: 0x0000009ee9700000,0x0000009ee9800000] [id=40792]
  0x000002973d163000 ConcurrentGCThread "G1 Refine#2" [stack: 0x0000009ee9600000,0x0000009ee9700000] [id=40332]
  0x00000297397f1800 ConcurrentGCThread "G1 Refine#3" [stack: 0x0000009ee9500000,0x0000009ee9600000] [id=41868]
  0x00000297397f0800 ConcurrentGCThread "G1 Refine#4" [stack: 0x0000009ee9400000,0x0000009ee9500000] [id=33732]
  0x00000297386df800 ConcurrentGCThread "G1 Refine#5" [stack: 0x0000009ee9300000,0x0000009ee9400000] [id=1320]
  0x0000029738408800 ConcurrentGCThread "G1 Refine#6" [stack: 0x0000009ee9200000,0x0000009ee9300000] [id=36680]
  0x0000029738407800 ConcurrentGCThread "G1 Refine#7" [stack: 0x0000009ee9100000,0x0000009ee9200000] [id=43180]
  0x00000297388d3800 ConcurrentGCThread "G1 Young RemSet Sampling" [stack: 0x0000009ee9900000,0x0000009ee9a00000] [id=32068]

Threads with active compile tasks:

VM state:not at safepoint (normal execution)

VM Mutex/Monitor currently owned by a thread: None

Heap address: 0x0000000700000000, size: 3072 MB, Compressed Oops mode: Zero based, Oop shift amount: 3
Narrow klass base: 0x0000000000000000, Narrow klass shift: 3
Compressed class space size: 1073741824 Address: 0x00000007c0000000

Heap:
 garbage-first heap   total 370688K, used 152856K [0x0000000700000000, 0x0000000700100b50, 0x00000007c0000000)
  region size 1024K, 40 young (40960K), 1 survivors (1024K)
 Metaspace       used 93899K, capacity 97136K, committed 102016K, reserved 1136640K
  class space    used 12859K, capacity 13464K, committed 14464K, reserved 1048576K
Heap Regions: E=young(eden), S=young(survivor), O=old, HS=humongous(starts), HC=humongous(continues), CS=collection set, F=free, A=archive, TS=gc time stamp, AC=allocation context, TAMS=top-at-mark-start (previous, next)
|   0|0x0000000700000000, 0x0000000700100000, 0x0000000700100000|100%|HS|  |TS  0|AC  0|TAMS 0x0000000700000000, 0x0000000700000000|
|   1|0x0000000700100000, 0x0000000700200000, 0x0000000700200000|100%|HS|  |TS  0|AC  0|TAMS 0x0000000700100000, 0x0000000700100000|
|   2|0x0000000700200000, 0x0000000700300000, 0x0000000700300000|100%|HC|  |TS  0|AC  0|TAMS 0x0000000700200000, 0x0000000700200000|
|   3|0x0000000700300000, 0x0000000700400000, 0x0000000700400000|100%|HS|  |TS  0|AC  0|TAMS 0x0000000700300000, 0x0000000700300000|
|   4|0x0000000700400000, 0x00000007004ffff0, 0x0000000700500000| 99%| O|  |TS  0|AC  0|TAMS 0x0000000700400000, 0x0000000700400000|
|   5|0x0000000700500000, 0x00000007005fffd0, 0x0000000700600000| 99%| O|  |TS  0|AC  0|TAMS 0x0000000700500000, 0x0000000700500000|
|   6|0x0000000700600000, 0x00000007006fffe8, 0x0000000700700000| 99%| O|  |TS  0|AC  0|TAMS 0x0000000700600000, 0x0000000700600000|
|   7|0x0000000700700000, 0x00000007007f6890, 0x0000000700800000| 96%| O|  |TS  0|AC  0|TAMS 0x0000000700700000, 0x0000000700700000|
|   8|0x0000000700800000, 0x0000000700900000, 0x0000000700900000|100%| O|  |TS  0|AC  0|TAMS 0x0000000700800000, 0x0000000700800000|
|   9|0x0000000700900000, 0x00000007009ffff0, 0x0000000700a00000| 99%| O|  |TS  0|AC  0|TAMS 0x0000000700900000, 0x0000000700900000|
|  10|0x0000000700a00000, 0x0000000700adf0d8, 0x0000000700b00000| 87%| O|  |TS  0|AC  0|TAMS 0x0000000700a00000, 0x0000000700a00000|
|  11|0x0000000700b00000, 0x0000000700be9788, 0x0000000700c00000| 91%| O|  |TS  0|AC  0|TAMS 0x0000000700b00000, 0x0000000700b00000|
|  12|0x0000000700c00000, 0x0000000700cfb418, 0x0000000700d00000| 98%| O|  |TS  0|AC  0|TAMS 0x0000000700c00000, 0x0000000700c00000|
|  13|0x0000000700d00000, 0x0000000700dcdfd8, 0x0000000700e00000| 80%| O|  |TS  0|AC  0|TAMS 0x0000000700d00000, 0x0000000700d00000|
|  14|0x0000000700e00000, 0x0000000700ee5cc0, 0x0000000700f00000| 89%| O|  |TS  0|AC  0|TAMS 0x0000000700e00000, 0x0000000700e00000|
|  15|0x0000000700f00000, 0x0000000700ffffe8, 0x0000000701000000| 99%| O|  |TS  0|AC  0|TAMS 0x0000000700f00000, 0x0000000700f00000|
|  16|0x0000000701000000, 0x00000007010fffe8, 0x0000000701100000| 99%| O|  |TS  0|AC  0|TAMS 0x0000000701000000, 0x0000000701000000|
|  17|0x0000000701100000, 0x00000007011ffff0, 0x0000000701200000| 99%| O|  |TS  0|AC  0|TAMS 0x0000000701100000, 0x0000000701100000|
|  18|0x0000000701200000, 0x00000007012ffff0, 0x0000000701300000| 99%| O|  |TS  0|AC  0|TAMS 0x0000000701200000, 0x0000000701200000|
|  19|0x0000000701300000, 0x00000007013ffff8, 0x0000000701400000| 99%| O|  |TS  0|AC  0|TAMS 0x0000000701300000, 0x0000000701300000|
|  20|0x0000000701400000, 0x00000007014f05c8, 0x0000000701500000| 93%| O|  |TS  0|AC  0|TAMS 0x0000000701400000, 0x0000000701400000|
|  21|0x0000000701500000, 0x00000007015ffdb0, 0x0000000701600000| 99%| O|  |TS  0|AC  0|TAMS 0x0000000701500000, 0x0000000701500000|
|  22|0x0000000701600000, 0x00000007016fffd8, 0x0000000701700000| 99%| O|  |TS  0|AC  0|TAMS 0x0000000701600000, 0x0000000701600000|
|  23|0x0000000701700000, 0x0000000701800000, 0x0000000701800000|100%| O|  |TS  0|AC  0|TAMS 0x0000000701700000, 0x0000000701700000|
|  24|0x0000000701800000, 0x00000007018ffd60, 0x0000000701900000| 99%| O|  |TS  0|AC  0|TAMS 0x0000000701800000, 0x0000000701800000|
|  25|0x0000000701900000, 0x00000007019ffff0, 0x0000000701a00000| 99%| O|  |TS  0|AC  0|TAMS 0x0000000701900000, 0x0000000701900000|
|  26|0x0000000701a00000, 0x0000000701affff8, 0x0000000701b00000| 99%| O|  |TS  0|AC  0|TAMS 0x0000000701a00000, 0x0000000701a00000|
|  27|0x0000000701b00000, 0x0000000701bfffc8, 0x0000000701c00000| 99%| O|  |TS  0|AC  0|TAMS 0x0000000701b00000, 0x0000000701b00000|
|  28|0x0000000701c00000, 0x0000000701cfffe8, 0x0000000701d00000| 99%| O|  |TS  0|AC  0|TAMS 0x0000000701c00000, 0x0000000701c00000|
|  29|0x0000000701d00000, 0x0000000701dfffe0, 0x0000000701e00000| 99%| O|  |TS  0|AC  0|TAMS 0x0000000701d00000, 0x0000000701d00000|
|  30|0x0000000701e00000, 0x0000000701efffd8, 0x0000000701f00000| 99%| O|  |TS  0|AC  0|TAMS 0x0000000701e00000, 0x0000000701e00000|
|  31|0x0000000701f00000, 0x0000000701ffe210, 0x0000000702000000| 99%| O|  |TS  0|AC  0|TAMS 0x0000000701f00000, 0x0000000701f00000|
|  32|0x0000000702000000, 0x00000007020ffff8, 0x0000000702100000| 99%| O|  |TS  0|AC  0|TAMS 0x0000000702000000, 0x0000000702000000|
|  33|0x0000000702100000, 0x00000007021ffff8, 0x0000000702200000| 99%| O|  |TS  0|AC  0|TAMS 0x0000000702100000, 0x0000000702100000|
|  34|0x0000000702200000, 0x00000007022a7a68, 0x0000000702300000| 65%| O|  |TS  0|AC  0|TAMS 0x0000000702200000, 0x0000000702200000|
|  35|0x0000000702300000, 0x00000007023ce8f0, 0x0000000702400000| 80%| O|  |TS  0|AC  0|TAMS 0x0000000702300000, 0x0000000702300000|
|  36|0x0000000702400000, 0x00000007024fff30, 0x0000000702500000| 99%| O|  |TS  0|AC  0|TAMS 0x0000000702400000, 0x0000000702400000|
|  37|0x0000000702500000, 0x00000007025ffff8, 0x0000000702600000| 99%| O|  |TS  0|AC  0|TAMS 0x0000000702500000, 0x0000000702500000|
|  38|0x0000000702600000, 0x00000007026ffff0, 0x0000000702700000| 99%| O|  |TS  0|AC  0|TAMS 0x0000000702600000, 0x0000000702600000|
|  39|0x0000000702700000, 0x00000007027fffe0, 0x0000000702800000| 99%| O|  |TS  0|AC  0|TAMS 0x0000000702700000, 0x0000000702700000|
|  40|0x0000000702800000, 0x00000007028ffec8, 0x0000000702900000| 99%| O|  |TS  0|AC  0|TAMS 0x0000000702800000, 0x0000000702800000|
|  41|0x0000000702900000, 0x00000007029fe018, 0x0000000702a00000| 99%| O|  |TS  0|AC  0|TAMS 0x0000000702900000, 0x0000000702900000|
|  42|0x0000000702a00000, 0x0000000702b00000, 0x0000000702b00000|100%|HS|  |TS  0|AC  0|TAMS 0x0000000702a00000, 0x0000000702a00000|
|  43|0x0000000702b00000, 0x0000000702c00000, 0x0000000702c00000|100%|HC|  |TS  0|AC  0|TAMS 0x0000000702b00000, 0x0000000702b00000|
|  44|0x0000000702c00000, 0x0000000702d00000, 0x0000000702d00000|100%|HC|  |TS  0|AC  0|TAMS 0x0000000702c00000, 0x0000000702c00000|
|  45|0x0000000702d00000, 0x0000000702e00000, 0x0000000702e00000|100%|HC|  |TS  0|AC  0|TAMS 0x0000000702d00000, 0x0000000702d00000|
|  46|0x0000000702e00000, 0x0000000702f00000, 0x0000000702f00000|100%|HC|  |TS  0|AC  0|TAMS 0x0000000702e00000, 0x0000000702e00000|
|  47|0x0000000702f00000, 0x0000000703000000, 0x0000000703000000|100%|HC|  |TS  0|AC  0|TAMS 0x0000000702f00000, 0x0000000702f00000|
|  48|0x0000000703000000, 0x0000000703100000, 0x0000000703100000|100%|HC|  |TS  0|AC  0|TAMS 0x0000000703000000, 0x0000000703000000|
|  49|0x0000000703100000, 0x0000000703200000, 0x0000000703200000|100%|HC|  |TS  0|AC  0|TAMS 0x0000000703100000, 0x0000000703100000|
|  50|0x0000000703200000, 0x00000007032fffa8, 0x0000000703300000| 99%| O|  |TS  0|AC  0|TAMS 0x0000000703200000, 0x0000000703200000|
|  51|0x0000000703300000, 0x00000007033fff70, 0x0000000703400000| 99%| O|  |TS  0|AC  0|TAMS 0x0000000703300000, 0x0000000703300000|
|  52|0x0000000703400000, 0x00000007034fffe0, 0x0000000703500000| 99%| O|  |TS  0|AC  0|TAMS 0x0000000703400000, 0x0000000703400000|
|  53|0x0000000703500000, 0x00000007035ffec0, 0x0000000703600000| 99%| O|  |TS  0|AC  0|TAMS 0x0000000703500000, 0x0000000703500000|
|  54|0x0000000703600000, 0x00000007036fff10, 0x0000000703700000| 99%| O|  |TS  0|AC  0|TAMS 0x0000000703600000, 0x0000000703600000|
|  55|0x0000000703700000, 0x00000007037fffd8, 0x0000000703800000| 99%| O|  |TS  0|AC  0|TAMS 0x0000000703700000, 0x0000000703700000|
|  56|0x0000000703800000, 0x00000007038ffff8, 0x0000000703900000| 99%| O|  |TS  0|AC  0|TAMS 0x0000000703800000, 0x0000000703800000|
|  57|0x0000000703900000, 0x00000007039fffc8, 0x0000000703a00000| 99%| O|  |TS  0|AC  0|TAMS 0x0000000703900000, 0x0000000703900000|
|  58|0x0000000703a00000, 0x0000000703afce38, 0x0000000703b00000| 98%| O|  |TS  0|AC  0|TAMS 0x0000000703a00000, 0x0000000703a00000|
|  59|0x0000000703b00000, 0x0000000703bffff8, 0x0000000703c00000| 99%| O|  |TS  0|AC  0|TAMS 0x0000000703b00000, 0x0000000703b00000|
|  60|0x0000000703c00000, 0x0000000703cfffe8, 0x0000000703d00000| 99%| O|  |TS  0|AC  0|TAMS 0x0000000703c00000, 0x0000000703c00000|
|  61|0x0000000703d00000, 0x0000000703dffff8, 0x0000000703e00000| 99%| O|  |TS  0|AC  0|TAMS 0x0000000703d00000, 0x0000000703d00000|
|  62|0x0000000703e00000, 0x0000000703efffb8, 0x0000000703f00000| 99%| O|  |TS  0|AC  0|TAMS 0x0000000703e00000, 0x0000000703e00000|
|  63|0x0000000703f00000, 0x0000000703fffff8, 0x0000000704000000| 99%| O|  |TS  0|AC  0|TAMS 0x0000000703f00000, 0x0000000703f00000|
|  64|0x0000000704000000, 0x0000000704100000, 0x0000000704100000|100%| O|  |TS  0|AC  0|TAMS 0x0000000704000000, 0x0000000704000000|
|  65|0x0000000704100000, 0x00000007041ffff0, 0x0000000704200000| 99%| O|  |TS  0|AC  0|TAMS 0x0000000704100000, 0x0000000704100000|
|  66|0x0000000704200000, 0x0000000704300000, 0x0000000704300000|100%| O|  |TS  0|AC  0|TAMS 0x0000000704200000, 0x0000000704200000|
|  67|0x0000000704300000, 0x00000007043fffe0, 0x0000000704400000| 99%| O|  |TS  0|AC  0|TAMS 0x0000000704300000, 0x0000000704300000|
|  68|0x0000000704400000, 0x0000000704500000, 0x0000000704500000|100%| O|  |TS  0|AC  0|TAMS 0x0000000704400000, 0x0000000704400000|
|  69|0x0000000704500000, 0x00000007045fffe8, 0x0000000704600000| 99%| O|  |TS  0|AC  0|TAMS 0x0000000704500000, 0x0000000704500000|
|  70|0x0000000704600000, 0x00000007046ffc20, 0x0000000704700000| 99%| O|  |TS  0|AC  0|TAMS 0x0000000704600000, 0x0000000704600000|
|  71|0x0000000704700000, 0x00000007047fff18, 0x0000000704800000| 99%| O|  |TS  0|AC  0|TAMS 0x0000000704700000, 0x0000000704700000|
|  72|0x0000000704800000, 0x0000000704900000, 0x0000000704900000|100%| O|  |TS  0|AC  0|TAMS 0x0000000704800000, 0x0000000704800000|
|  73|0x0000000704900000, 0x0000000704a00000, 0x0000000704a00000|100%| O|  |TS  0|AC  0|TAMS 0x0000000704900000, 0x0000000704900000|
|  74|0x0000000704a00000, 0x0000000704affff0, 0x0000000704b00000| 99%| O|  |TS  0|AC  0|TAMS 0x0000000704a00000, 0x0000000704a00000|
|  75|0x0000000704b00000, 0x0000000704c00000, 0x0000000704c00000|100%| O|  |TS  0|AC  0|TAMS 0x0000000704b00000, 0x0000000704b00000|
|  76|0x0000000704c00000, 0x0000000704d00000, 0x0000000704d00000|100%| O|  |TS  0|AC  0|TAMS 0x0000000704c00000, 0x0000000704c00000|
|  77|0x0000000704d00000, 0x0000000704dffff0, 0x0000000704e00000| 99%| O|  |TS  0|AC  0|TAMS 0x0000000704d00000, 0x0000000704d00000|
|  78|0x0000000704e00000, 0x0000000704efffc8, 0x0000000704f00000| 99%| O|  |TS  0|AC  0|TAMS 0x0000000704e00000, 0x0000000704e00000|
|  79|0x0000000704f00000, 0x0000000704fffff0, 0x0000000705000000| 99%| O|  |TS  0|AC  0|TAMS 0x0000000704f00000, 0x0000000704f00000|
|  80|0x0000000705000000, 0x00000007050ffff0, 0x0000000705100000| 99%| O|  |TS  0|AC  0|TAMS 0x0000000705000000, 0x0000000705000000|
|  81|0x0000000705100000, 0x0000000705200000, 0x0000000705200000|100%| O|  |TS  0|AC  0|TAMS 0x0000000705100000, 0x0000000705100000|
|  82|0x0000000705200000, 0x00000007052ffff0, 0x0000000705300000| 99%| O|  |TS  0|AC  0|TAMS 0x0000000705200000, 0x0000000705200000|
|  83|0x0000000705300000, 0x00000007053ffff8, 0x0000000705400000| 99%| O|  |TS  0|AC  0|TAMS 0x0000000705300000, 0x0000000705300000|
|  84|0x0000000705400000, 0x00000007054fffe8, 0x0000000705500000| 99%| O|  |TS  0|AC  0|TAMS 0x0000000705400000, 0x0000000705400000|
|  85|0x0000000705500000, 0x00000007055fffe8, 0x0000000705600000| 99%| O|  |TS  0|AC  0|TAMS 0x0000000705500000, 0x0000000705500000|
|  86|0x0000000705600000, 0x0000000705700000, 0x0000000705700000|100%| O|  |TS  0|AC  0|TAMS 0x0000000705600000, 0x0000000705600000|
|  87|0x0000000705700000, 0x00000007057fffe8, 0x0000000705800000| 99%| O|  |TS  0|AC  0|TAMS 0x0000000705700000, 0x0000000705700000|
|  88|0x0000000705800000, 0x0000000705900000, 0x0000000705900000|100%| O|  |TS  0|AC  0|TAMS 0x0000000705800000, 0x0000000705800000|
|  89|0x0000000705900000, 0x00000007059fffe0, 0x0000000705a00000| 99%| O|  |TS  0|AC  0|TAMS 0x0000000705900000, 0x0000000705900000|
|  90|0x0000000705a00000, 0x0000000705affff8, 0x0000000705b00000| 99%| O|  |TS  0|AC  0|TAMS 0x0000000705a00000, 0x0000000705a00000|
|  91|0x0000000705b00000, 0x0000000705bffff0, 0x0000000705c00000| 99%| O|  |TS  0|AC  0|TAMS 0x0000000705b00000, 0x0000000705b00000|
|  92|0x0000000705c00000, 0x0000000705cf85f8, 0x0000000705d00000| 97%| O|  |TS  0|AC  0|TAMS 0x0000000705c00000, 0x0000000705c00000|
|  93|0x0000000705d00000, 0x0000000705dffff0, 0x0000000705e00000| 99%| O|  |TS  0|AC  0|TAMS 0x0000000705d00000, 0x0000000705d00000|
|  94|0x0000000705e00000, 0x0000000705f00000, 0x0000000705f00000|100%| O|  |TS  0|AC  0|TAMS 0x0000000705e00000, 0x0000000705e00000|
|  95|0x0000000705f00000, 0x0000000706000000, 0x0000000706000000|100%| O|  |TS  0|AC  0|TAMS 0x0000000705f00000, 0x0000000705f00000|
|  96|0x0000000706000000, 0x00000007060ffff0, 0x0000000706100000| 99%| O|  |TS  0|AC  0|TAMS 0x0000000706000000, 0x0000000706000000|
|  97|0x0000000706100000, 0x00000007061fe170, 0x0000000706200000| 99%| O|  |TS  0|AC  0|TAMS 0x0000000706100000, 0x0000000706100000|
|  98|0x0000000706200000, 0x00000007062fffe8, 0x0000000706300000| 99%| O|  |TS  0|AC  0|TAMS 0x0000000706200000, 0x0000000706200000|
|  99|0x0000000706300000, 0x00000007063ffff0, 0x0000000706400000| 99%| O|  |TS  0|AC  0|TAMS 0x0000000706300000, 0x0000000706300000|
| 100|0x0000000706400000, 0x00000007064fff78, 0x0000000706500000| 99%| O|  |TS  0|AC  0|TAMS 0x0000000706400000, 0x0000000706400000|
| 101|0x0000000706500000, 0x00000007065ffff0, 0x0000000706600000| 99%| O|  |TS  0|AC  0|TAMS 0x0000000706500000, 0x0000000706500000|
| 102|0x0000000706600000, 0x00000007066ffff8, 0x0000000706700000| 99%| O|  |TS  0|AC  0|TAMS 0x0000000706600000, 0x0000000706600000|
| 103|0x0000000706700000, 0x00000007067fffc0, 0x0000000706800000| 99%| O|  |TS  0|AC  0|TAMS 0x0000000706700000, 0x0000000706700000|
| 104|0x0000000706800000, 0x00000007068ffff8, 0x0000000706900000| 99%| O|  |TS  0|AC  0|TAMS 0x0000000706800000, 0x0000000706800000|
| 105|0x0000000706900000, 0x00000007069fffd8, 0x0000000706a00000| 99%| O|  |TS  0|AC  0|TAMS 0x0000000706900000, 0x0000000706900000|
| 106|0x0000000706a00000, 0x0000000706ae64d8, 0x0000000706b00000| 89%| O|  |TS  0|AC  0|TAMS 0x0000000706a00000, 0x0000000706a00000|
| 107|0x0000000706b00000, 0x0000000706c00000, 0x0000000706c00000|100%|HS|  |TS  0|AC  0|TAMS 0x0000000706b00000, 0x0000000706b00000|
| 108|0x0000000706c00000, 0x0000000706d00000, 0x0000000706d00000|100%|HC|  |TS  0|AC  0|TAMS 0x0000000706c00000, 0x0000000706c00000|
| 109|0x0000000706d00000, 0x0000000706e00000, 0x0000000706e00000|100%|HC|  |TS  0|AC  0|TAMS 0x0000000706d00000, 0x0000000706d00000|
| 110|0x0000000706e00000, 0x0000000706e00000, 0x0000000706f00000|  0%| F|  |TS 11|AC  0|TAMS 0x0000000706e00000, 0x0000000706e00000|
| 111|0x0000000706f00000, 0x0000000706f00000, 0x0000000707000000|  0%| F|  |TS 11|AC  0|TAMS 0x0000000706f00000, 0x0000000706f00000|
| 112|0x0000000707000000, 0x0000000707000000, 0x0000000707100000|  0%| F|  |TS  9|AC  0|TAMS 0x0000000707000000, 0x0000000707000000|
| 113|0x0000000707100000, 0x0000000707100000, 0x0000000707200000|  0%| F|  |TS  9|AC  0|TAMS 0x0000000707100000, 0x0000000707100000|
| 114|0x0000000707200000, 0x0000000707200000, 0x0000000707300000|  0%| F|  |TS 11|AC  0|TAMS 0x0000000707200000, 0x0000000707200000|
| 115|0x0000000707300000, 0x0000000707300000, 0x0000000707400000|  0%| F|  |TS 11|AC  0|TAMS 0x0000000707300000, 0x0000000707300000|
| 116|0x0000000707400000, 0x0000000707500000, 0x0000000707500000|100%|HS|  |TS  0|AC  0|TAMS 0x0000000707400000, 0x0000000707400000|
| 117|0x0000000707500000, 0x0000000707600000, 0x0000000707600000|100%|HC|  |TS  0|AC  0|TAMS 0x0000000707500000, 0x0000000707500000|
| 118|0x0000000707600000, 0x0000000707600000, 0x0000000707700000|  0%| F|  |TS  0|AC  0|TAMS 0x0000000707600000, 0x0000000707600000|
| 119|0x0000000707700000, 0x0000000707700000, 0x0000000707800000|  0%| F|  |TS  0|AC  0|TAMS 0x0000000707700000, 0x0000000707700000|
| 120|0x0000000707800000, 0x0000000707800000, 0x0000000707900000|  0%| F|  |TS  0|AC  0|TAMS 0x0000000707800000, 0x0000000707800000|
| 121|0x0000000707900000, 0x0000000707900000, 0x0000000707a00000|  0%| F|  |TS  0|AC  0|TAMS 0x0000000707900000, 0x0000000707900000|
| 122|0x0000000707a00000, 0x0000000707a00000, 0x0000000707b00000|  0%| F|  |TS  0|AC  0|TAMS 0x0000000707a00000, 0x0000000707a00000|
| 123|0x0000000707b00000, 0x0000000707b00000, 0x0000000707c00000|  0%| F|  |TS  0|AC  0|TAMS 0x0000000707b00000, 0x0000000707b00000|
| 124|0x0000000707c00000, 0x0000000707c00000, 0x0000000707d00000|  0%| F|  |TS  0|AC  0|TAMS 0x0000000707c00000, 0x0000000707c00000|
| 125|0x0000000707d00000, 0x0000000707d00000, 0x0000000707e00000|  0%| F|  |TS  0|AC  0|TAMS 0x0000000707d00000, 0x0000000707d00000|
| 126|0x0000000707e00000, 0x0000000707e00000, 0x0000000707f00000|  0%| F|  |TS  0|AC  0|TAMS 0x0000000707e00000, 0x0000000707e00000|
| 127|0x0000000707f00000, 0x0000000707f00000, 0x0000000708000000|  0%| F|  |TS  0|AC  0|TAMS 0x0000000707f00000, 0x0000000707f00000|
| 128|0x0000000708000000, 0x0000000708000000, 0x0000000708100000|  0%| F|  |TS  0|AC  0|TAMS 0x0000000708000000, 0x0000000708000000|
| 129|0x0000000708100000, 0x0000000708100000, 0x0000000708200000|  0%| F|  |TS  0|AC  0|TAMS 0x0000000708100000, 0x0000000708100000|
| 130|0x0000000708200000, 0x0000000708200000, 0x0000000708300000|  0%| F|  |TS  0|AC  0|TAMS 0x0000000708200000, 0x0000000708200000|
| 131|0x0000000708300000, 0x0000000708300000, 0x0000000708400000|  0%| F|  |TS  0|AC  0|TAMS 0x0000000708300000, 0x0000000708300000|
| 132|0x0000000708400000, 0x0000000708400000, 0x0000000708500000|  0%| F|  |TS  0|AC  0|TAMS 0x0000000708400000, 0x0000000708400000|
| 133|0x0000000708500000, 0x0000000708500000, 0x0000000708600000|  0%| F|  |TS  0|AC  0|TAMS 0x0000000708500000, 0x0000000708500000|
| 134|0x0000000708600000, 0x0000000708600000, 0x0000000708700000|  0%| F|  |TS  0|AC  0|TAMS 0x0000000708600000, 0x0000000708600000|
| 135|0x0000000708700000, 0x0000000708700000, 0x0000000708800000|  0%| F|  |TS  0|AC  0|TAMS 0x0000000708700000, 0x0000000708700000|
| 136|0x0000000708800000, 0x0000000708800000, 0x0000000708900000|  0%| F|  |TS  0|AC  0|TAMS 0x0000000708800000, 0x0000000708800000|
| 137|0x0000000708900000, 0x0000000708900000, 0x0000000708a00000|  0%| F|  |TS  0|AC  0|TAMS 0x0000000708900000, 0x0000000708900000|
| 138|0x0000000708a00000, 0x0000000708a00000, 0x0000000708b00000|  0%| F|  |TS  0|AC  0|TAMS 0x0000000708a00000, 0x0000000708a00000|
| 139|0x0000000708b00000, 0x0000000708b00000, 0x0000000708c00000|  0%| F|  |TS  0|AC  0|TAMS 0x0000000708b00000, 0x0000000708b00000|
| 140|0x0000000708c00000, 0x0000000708c00000, 0x0000000708d00000|  0%| F|  |TS  0|AC  0|TAMS 0x0000000708c00000, 0x0000000708c00000|
| 141|0x0000000708d00000, 0x0000000708d00000, 0x0000000708e00000|  0%| F|  |TS  0|AC  0|TAMS 0x0000000708d00000, 0x0000000708d00000|
| 142|0x0000000708e00000, 0x0000000708e00000, 0x0000000708f00000|  0%| F|  |TS  0|AC  0|TAMS 0x0000000708e00000, 0x0000000708e00000|
| 143|0x0000000708f00000, 0x0000000708f00000, 0x0000000709000000|  0%| F|  |TS  0|AC  0|TAMS 0x0000000708f00000, 0x0000000708f00000|
| 144|0x0000000709000000, 0x0000000709000000, 0x0000000709100000|  0%| F|  |TS  0|AC  0|TAMS 0x0000000709000000, 0x0000000709000000|
| 145|0x0000000709100000, 0x0000000709100000, 0x0000000709200000|  0%| F|  |TS  0|AC  0|TAMS 0x0000000709100000, 0x0000000709100000|
| 146|0x0000000709200000, 0x0000000709200000, 0x0000000709300000|  0%| F|  |TS  0|AC  0|TAMS 0x0000000709200000, 0x0000000709200000|
| 147|0x0000000709300000, 0x0000000709300000, 0x0000000709400000|  0%| F|  |TS  0|AC  0|TAMS 0x0000000709300000, 0x0000000709300000|
| 148|0x0000000709400000, 0x0000000709400000, 0x0000000709500000|  0%| F|  |TS  0|AC  0|TAMS 0x0000000709400000, 0x0000000709400000|
| 149|0x0000000709500000, 0x0000000709500000, 0x0000000709600000|  0%| F|  |TS  0|AC  0|TAMS 0x0000000709500000, 0x0000000709500000|
| 150|0x0000000709600000, 0x0000000709600000, 0x0000000709700000|  0%| F|  |TS  0|AC  0|TAMS 0x0000000709600000, 0x0000000709600000|
| 151|0x0000000709700000, 0x0000000709700000, 0x0000000709800000|  0%| F|  |TS  0|AC  0|TAMS 0x0000000709700000, 0x0000000709700000|
| 152|0x0000000709800000, 0x0000000709800000, 0x0000000709900000|  0%| F|  |TS  0|AC  0|TAMS 0x0000000709800000, 0x0000000709800000|
| 153|0x0000000709900000, 0x0000000709900000, 0x0000000709a00000|  0%| F|  |TS  0|AC  0|TAMS 0x0000000709900000, 0x0000000709900000|
| 154|0x0000000709a00000, 0x0000000709a00000, 0x0000000709b00000|  0%| F|  |TS  0|AC  0|TAMS 0x0000000709a00000, 0x0000000709a00000|
| 155|0x0000000709b00000, 0x0000000709b00000, 0x0000000709c00000|  0%| F|  |TS  0|AC  0|TAMS 0x0000000709b00000, 0x0000000709b00000|
| 156|0x0000000709c00000, 0x0000000709c00000, 0x0000000709d00000|  0%| F|  |TS  0|AC  0|TAMS 0x0000000709c00000, 0x0000000709c00000|
| 157|0x0000000709d00000, 0x0000000709d00000, 0x0000000709e00000|  0%| F|  |TS  0|AC  0|TAMS 0x0000000709d00000, 0x0000000709d00000|
| 158|0x0000000709e00000, 0x0000000709e00000, 0x0000000709f00000|  0%| F|  |TS  0|AC  0|TAMS 0x0000000709e00000, 0x0000000709e00000|
| 159|0x0000000709f00000, 0x0000000709f00000, 0x000000070a000000|  0%| F|  |TS  0|AC  0|TAMS 0x0000000709f00000, 0x0000000709f00000|
| 160|0x000000070a000000, 0x000000070a000000, 0x000000070a100000|  0%| F|  |TS  0|AC  0|TAMS 0x000000070a000000, 0x000000070a000000|
| 161|0x000000070a100000, 0x000000070a100000, 0x000000070a200000|  0%| F|  |TS  0|AC  0|TAMS 0x000000070a100000, 0x000000070a100000|
| 162|0x000000070a200000, 0x000000070a200000, 0x000000070a300000|  0%| F|  |TS  0|AC  0|TAMS 0x000000070a200000, 0x000000070a200000|
| 163|0x000000070a300000, 0x000000070a300000, 0x000000070a400000|  0%| F|  |TS  0|AC  0|TAMS 0x000000070a300000, 0x000000070a300000|
| 164|0x000000070a400000, 0x000000070a400000, 0x000000070a500000|  0%| F|  |TS  0|AC  0|TAMS 0x000000070a400000, 0x000000070a400000|
| 165|0x000000070a500000, 0x000000070a500000, 0x000000070a600000|  0%| F|  |TS  0|AC  0|TAMS 0x000000070a500000, 0x000000070a500000|
| 166|0x000000070a600000, 0x000000070a600000, 0x000000070a700000|  0%| F|  |TS  0|AC  0|TAMS 0x000000070a600000, 0x000000070a600000|
| 167|0x000000070a700000, 0x000000070a700000, 0x000000070a800000|  0%| F|  |TS  0|AC  0|TAMS 0x000000070a700000, 0x000000070a700000|
| 168|0x000000070a800000, 0x000000070a800000, 0x000000070a900000|  0%| F|  |TS  0|AC  0|TAMS 0x000000070a800000, 0x000000070a800000|
| 169|0x000000070a900000, 0x000000070a900000, 0x000000070aa00000|  0%| F|  |TS  0|AC  0|TAMS 0x000000070a900000, 0x000000070a900000|
| 170|0x000000070aa00000, 0x000000070aa00000, 0x000000070ab00000|  0%| F|  |TS  0|AC  0|TAMS 0x000000070aa00000, 0x000000070aa00000|
| 171|0x000000070ab00000, 0x000000070ab00000, 0x000000070ac00000|  0%| F|  |TS  0|AC  0|TAMS 0x000000070ab00000, 0x000000070ab00000|
| 172|0x000000070ac00000, 0x000000070ac00000, 0x000000070ad00000|  0%| F|  |TS  0|AC  0|TAMS 0x000000070ac00000, 0x000000070ac00000|
| 173|0x000000070ad00000, 0x000000070ad00000, 0x000000070ae00000|  0%| F|  |TS  0|AC  0|TAMS 0x000000070ad00000, 0x000000070ad00000|
| 174|0x000000070ae00000, 0x000000070ae00000, 0x000000070af00000|  0%| F|  |TS  0|AC  0|TAMS 0x000000070ae00000, 0x000000070ae00000|
| 175|0x000000070af00000, 0x000000070af00000, 0x000000070b000000|  0%| F|  |TS  0|AC  0|TAMS 0x000000070af00000, 0x000000070af00000|
| 176|0x000000070b000000, 0x000000070b000000, 0x000000070b100000|  0%| F|  |TS  0|AC  0|TAMS 0x000000070b000000, 0x000000070b000000|
| 177|0x000000070b100000, 0x000000070b100000, 0x000000070b200000|  0%| F|  |TS  0|AC  0|TAMS 0x000000070b100000, 0x000000070b100000|
| 178|0x000000070b200000, 0x000000070b200000, 0x000000070b300000|  0%| F|  |TS  0|AC  0|TAMS 0x000000070b200000, 0x000000070b200000|
| 179|0x000000070b300000, 0x000000070b300000, 0x000000070b400000|  0%| F|  |TS  0|AC  0|TAMS 0x000000070b300000, 0x000000070b300000|
| 180|0x000000070b400000, 0x000000070b400000, 0x000000070b500000|  0%| F|  |TS  0|AC  0|TAMS 0x000000070b400000, 0x000000070b400000|
| 181|0x000000070b500000, 0x000000070b500000, 0x000000070b600000|  0%| F|  |TS  0|AC  0|TAMS 0x000000070b500000, 0x000000070b500000|
| 182|0x000000070b600000, 0x000000070b600000, 0x000000070b700000|  0%| F|  |TS  0|AC  0|TAMS 0x000000070b600000, 0x000000070b600000|
| 183|0x000000070b700000, 0x000000070b700000, 0x000000070b800000|  0%| F|  |TS  0|AC  0|TAMS 0x000000070b700000, 0x000000070b700000|
| 184|0x000000070b800000, 0x000000070b800000, 0x000000070b900000|  0%| F|  |TS  0|AC  0|TAMS 0x000000070b800000, 0x000000070b800000|
| 185|0x000000070b900000, 0x000000070b900000, 0x000000070ba00000|  0%| F|  |TS  0|AC  0|TAMS 0x000000070b900000, 0x000000070b900000|
| 186|0x000000070ba00000, 0x000000070ba00000, 0x000000070bb00000|  0%| F|  |TS  0|AC  0|TAMS 0x000000070ba00000, 0x000000070ba00000|
| 187|0x000000070bb00000, 0x000000070bb00000, 0x000000070bc00000|  0%| F|  |TS  0|AC  0|TAMS 0x000000070bb00000, 0x000000070bb00000|
| 188|0x000000070bc00000, 0x000000070bc00000, 0x000000070bd00000|  0%| F|  |TS  0|AC  0|TAMS 0x000000070bc00000, 0x000000070bc00000|
| 189|0x000000070bd00000, 0x000000070bd00000, 0x000000070be00000|  0%| F|  |TS  0|AC  0|TAMS 0x000000070bd00000, 0x000000070bd00000|
| 190|0x000000070be00000, 0x000000070be00000, 0x000000070bf00000|  0%| F|  |TS  0|AC  0|TAMS 0x000000070be00000, 0x000000070be00000|
| 191|0x000000070bf00000, 0x000000070bf00000, 0x000000070c000000|  0%| F|  |TS  0|AC  0|TAMS 0x000000070bf00000, 0x000000070bf00000|
| 192|0x000000070c000000, 0x000000070c000000, 0x000000070c100000|  0%| F|  |TS  0|AC  0|TAMS 0x000000070c000000, 0x000000070c000000|
| 193|0x000000070c100000, 0x000000070c100000, 0x000000070c200000|  0%| F|  |TS  0|AC  0|TAMS 0x000000070c100000, 0x000000070c100000|
| 194|0x000000070c200000, 0x000000070c200000, 0x000000070c300000|  0%| F|  |TS  0|AC  0|TAMS 0x000000070c200000, 0x000000070c200000|
| 195|0x000000070c300000, 0x000000070c300000, 0x000000070c400000|  0%| F|  |TS  0|AC  0|TAMS 0x000000070c300000, 0x000000070c300000|
| 196|0x000000070c400000, 0x000000070c400000, 0x000000070c500000|  0%| F|  |TS  0|AC  0|TAMS 0x000000070c400000, 0x000000070c400000|
| 197|0x000000070c500000, 0x000000070c500000, 0x000000070c600000|  0%| F|  |TS  0|AC  0|TAMS 0x000000070c500000, 0x000000070c500000|
| 198|0x000000070c600000, 0x000000070c600000, 0x000000070c700000|  0%| F|  |TS  0|AC  0|TAMS 0x000000070c600000, 0x000000070c600000|
| 199|0x000000070c700000, 0x000000070c700000, 0x000000070c800000|  0%| F|  |TS  0|AC  0|TAMS 0x000000070c700000, 0x000000070c700000|
| 200|0x000000070c800000, 0x000000070c800000, 0x000000070c900000|  0%| F|  |TS  0|AC  0|TAMS 0x000000070c800000, 0x000000070c800000|
| 201|0x000000070c900000, 0x000000070c900000, 0x000000070ca00000|  0%| F|  |TS  0|AC  0|TAMS 0x000000070c900000, 0x000000070c900000|
| 202|0x000000070ca00000, 0x000000070ca00000, 0x000000070cb00000|  0%| F|  |TS  0|AC  0|TAMS 0x000000070ca00000, 0x000000070ca00000|
| 203|0x000000070cb00000, 0x000000070cb00000, 0x000000070cc00000|  0%| F|  |TS  0|AC  0|TAMS 0x000000070cb00000, 0x000000070cb00000|
| 204|0x000000070cc00000, 0x000000070cc00000, 0x000000070cd00000|  0%| F|  |TS  0|AC  0|TAMS 0x000000070cc00000, 0x000000070cc00000|
| 205|0x000000070cd00000, 0x000000070cd00000, 0x000000070ce00000|  0%| F|  |TS  0|AC  0|TAMS 0x000000070cd00000, 0x000000070cd00000|
| 206|0x000000070ce00000, 0x000000070ce00000, 0x000000070cf00000|  0%| F|  |TS  0|AC  0|TAMS 0x000000070ce00000, 0x000000070ce00000|
| 207|0x000000070cf00000, 0x000000070cf00000, 0x000000070d000000|  0%| F|  |TS  0|AC  0|TAMS 0x000000070cf00000, 0x000000070cf00000|
| 208|0x000000070d000000, 0x000000070d000000, 0x000000070d100000|  0%| F|  |TS  0|AC  0|TAMS 0x000000070d000000, 0x000000070d000000|
| 209|0x000000070d100000, 0x000000070d100000, 0x000000070d200000|  0%| F|  |TS  0|AC  0|TAMS 0x000000070d100000, 0x000000070d100000|
| 210|0x000000070d200000, 0x000000070d200000, 0x000000070d300000|  0%| F|  |TS  0|AC  0|TAMS 0x000000070d200000, 0x000000070d200000|
| 211|0x000000070d300000, 0x000000070d300000, 0x000000070d400000|  0%| F|  |TS  0|AC  0|TAMS 0x000000070d300000, 0x000000070d300000|
| 212|0x000000070d400000, 0x000000070d400000, 0x000000070d500000|  0%| F|  |TS  0|AC  0|TAMS 0x000000070d400000, 0x000000070d400000|
| 213|0x000000070d500000, 0x000000070d500000, 0x000000070d600000|  0%| F|  |TS  0|AC  0|TAMS 0x000000070d500000, 0x000000070d500000|
| 214|0x000000070d600000, 0x000000070d600000, 0x000000070d700000|  0%| F|  |TS  0|AC  0|TAMS 0x000000070d600000, 0x000000070d600000|
| 215|0x000000070d700000, 0x000000070d700000, 0x000000070d800000|  0%| F|  |TS  0|AC  0|TAMS 0x000000070d700000, 0x000000070d700000|
| 216|0x000000070d800000, 0x000000070d800000, 0x000000070d900000|  0%| F|  |TS  0|AC  0|TAMS 0x000000070d800000, 0x000000070d800000|
| 217|0x000000070d900000, 0x000000070d900000, 0x000000070da00000|  0%| F|  |TS  0|AC  0|TAMS 0x000000070d900000, 0x000000070d900000|
| 218|0x000000070da00000, 0x000000070da00000, 0x000000070db00000|  0%| F|  |TS  0|AC  0|TAMS 0x000000070da00000, 0x000000070da00000|
| 219|0x000000070db00000, 0x000000070db00000, 0x000000070dc00000|  0%| F|  |TS  0|AC  0|TAMS 0x000000070db00000, 0x000000070db00000|
| 220|0x000000070dc00000, 0x000000070dc00000, 0x000000070dd00000|  0%| F|  |TS  0|AC  0|TAMS 0x000000070dc00000, 0x000000070dc00000|
| 221|0x000000070dd00000, 0x000000070dd00000, 0x000000070de00000|  0%| F|  |TS  0|AC  0|TAMS 0x000000070dd00000, 0x000000070dd00000|
| 222|0x000000070de00000, 0x000000070de00000, 0x000000070df00000|  0%| F|  |TS  0|AC  0|TAMS 0x000000070de00000, 0x000000070de00000|
| 223|0x000000070df00000, 0x000000070df00000, 0x000000070e000000|  0%| F|  |TS  0|AC  0|TAMS 0x000000070df00000, 0x000000070df00000|
| 224|0x000000070e000000, 0x000000070e000000, 0x000000070e100000|  0%| F|  |TS  0|AC  0|TAMS 0x000000070e000000, 0x000000070e000000|
| 225|0x000000070e100000, 0x000000070e100000, 0x000000070e200000|  0%| F|  |TS  0|AC  0|TAMS 0x000000070e100000, 0x000000070e100000|
| 226|0x000000070e200000, 0x000000070e200000, 0x000000070e300000|  0%| F|  |TS  0|AC  0|TAMS 0x000000070e200000, 0x000000070e200000|
| 227|0x000000070e300000, 0x000000070e300000, 0x000000070e400000|  0%| F|  |TS  0|AC  0|TAMS 0x000000070e300000, 0x000000070e300000|
| 228|0x000000070e400000, 0x000000070e400000, 0x000000070e500000|  0%| F|  |TS  0|AC  0|TAMS 0x000000070e400000, 0x000000070e400000|
| 229|0x000000070e500000, 0x000000070e500000, 0x000000070e600000|  0%| F|  |TS  0|AC  0|TAMS 0x000000070e500000, 0x000000070e500000|
| 230|0x000000070e600000, 0x000000070e600000, 0x000000070e700000|  0%| F|  |TS  0|AC  0|TAMS 0x000000070e600000, 0x000000070e600000|
| 231|0x000000070e700000, 0x000000070e700000, 0x000000070e800000|  0%| F|  |TS  0|AC  0|TAMS 0x000000070e700000, 0x000000070e700000|
| 232|0x000000070e800000, 0x000000070e800000, 0x000000070e900000|  0%| F|  |TS  0|AC  0|TAMS 0x000000070e800000, 0x000000070e800000|
| 233|0x000000070e900000, 0x000000070e900000, 0x000000070ea00000|  0%| F|  |TS  0|AC  0|TAMS 0x000000070e900000, 0x000000070e900000|
| 234|0x000000070ea00000, 0x000000070ea00000, 0x000000070eb00000|  0%| F|  |TS  0|AC  0|TAMS 0x000000070ea00000, 0x000000070ea00000|
| 235|0x000000070eb00000, 0x000000070eb00000, 0x000000070ec00000|  0%| F|  |TS  0|AC  0|TAMS 0x000000070eb00000, 0x000000070eb00000|
| 236|0x000000070ec00000, 0x000000070ec00000, 0x000000070ed00000|  0%| F|  |TS  0|AC  0|TAMS 0x000000070ec00000, 0x000000070ec00000|
| 237|0x000000070ed00000, 0x000000070ed00000, 0x000000070ee00000|  0%| F|  |TS  0|AC  0|TAMS 0x000000070ed00000, 0x000000070ed00000|
| 238|0x000000070ee00000, 0x000000070ee00000, 0x000000070ef00000|  0%| F|  |TS  0|AC  0|TAMS 0x000000070ee00000, 0x000000070ee00000|
| 239|0x000000070ef00000, 0x000000070ef00000, 0x000000070f000000|  0%| F|  |TS  0|AC  0|TAMS 0x000000070ef00000, 0x000000070ef00000|
| 240|0x000000070f000000, 0x000000070f000000, 0x000000070f100000|  0%| F|  |TS  0|AC  0|TAMS 0x000000070f000000, 0x000000070f000000|
| 241|0x000000070f100000, 0x000000070f100000, 0x000000070f200000|  0%| F|  |TS  0|AC  0|TAMS 0x000000070f100000, 0x000000070f100000|
| 242|0x000000070f200000, 0x000000070f200000, 0x000000070f300000|  0%| F|  |TS  0|AC  0|TAMS 0x000000070f200000, 0x000000070f200000|
| 243|0x000000070f300000, 0x000000070f300000, 0x000000070f400000|  0%| F|  |TS  0|AC  0|TAMS 0x000000070f300000, 0x000000070f300000|
| 244|0x000000070f400000, 0x000000070f400000, 0x000000070f500000|  0%| F|  |TS  0|AC  0|TAMS 0x000000070f400000, 0x000000070f400000|
| 245|0x000000070f500000, 0x000000070f500000, 0x000000070f600000|  0%| F|  |TS  0|AC  0|TAMS 0x000000070f500000, 0x000000070f500000|
| 246|0x000000070f600000, 0x000000070f600000, 0x000000070f700000|  0%| F|  |TS  0|AC  0|TAMS 0x000000070f600000, 0x000000070f600000|
| 247|0x000000070f700000, 0x000000070f700000, 0x000000070f800000|  0%| F|  |TS  0|AC  0|TAMS 0x000000070f700000, 0x000000070f700000|
| 248|0x000000070f800000, 0x000000070f800000, 0x000000070f900000|  0%| F|  |TS  0|AC  0|TAMS 0x000000070f800000, 0x000000070f800000|
| 249|0x000000070f900000, 0x000000070f900000, 0x000000070fa00000|  0%| F|  |TS  0|AC  0|TAMS 0x000000070f900000, 0x000000070f900000|
| 250|0x000000070fa00000, 0x000000070fa00000, 0x000000070fb00000|  0%| F|  |TS  0|AC  0|TAMS 0x000000070fa00000, 0x000000070fa00000|
| 251|0x000000070fb00000, 0x000000070fb00000, 0x000000070fc00000|  0%| F|  |TS  0|AC  0|TAMS 0x000000070fb00000, 0x000000070fb00000|
| 252|0x000000070fc00000, 0x000000070fc00000, 0x000000070fd00000|  0%| F|  |TS  0|AC  0|TAMS 0x000000070fc00000, 0x000000070fc00000|
| 253|0x000000070fd00000, 0x000000070fd00000, 0x000000070fe00000|  0%| F|  |TS  0|AC  0|TAMS 0x000000070fd00000, 0x000000070fd00000|
| 254|0x000000070fe00000, 0x000000070fe00000, 0x000000070ff00000|  0%| F|  |TS  0|AC  0|TAMS 0x000000070fe00000, 0x000000070fe00000|
| 255|0x000000070ff00000, 0x000000070ff00000, 0x0000000710000000|  0%| F|  |TS  0|AC  0|TAMS 0x000000070ff00000, 0x000000070ff00000|
| 256|0x0000000710000000, 0x0000000710000000, 0x0000000710100000|  0%| F|  |TS  0|AC  0|TAMS 0x0000000710000000, 0x0000000710000000|
| 257|0x0000000710100000, 0x0000000710100000, 0x0000000710200000|  0%| F|  |TS  0|AC  0|TAMS 0x0000000710100000, 0x0000000710100000|
| 258|0x0000000710200000, 0x0000000710200000, 0x0000000710300000|  0%| F|  |TS  0|AC  0|TAMS 0x0000000710200000, 0x0000000710200000|
| 259|0x0000000710300000, 0x0000000710300000, 0x0000000710400000|  0%| F|  |TS  0|AC  0|TAMS 0x0000000710300000, 0x0000000710300000|
| 260|0x0000000710400000, 0x0000000710400000, 0x0000000710500000|  0%| F|  |TS  0|AC  0|TAMS 0x0000000710400000, 0x0000000710400000|
| 261|0x0000000710500000, 0x0000000710500000, 0x0000000710600000|  0%| F|  |TS  0|AC  0|TAMS 0x0000000710500000, 0x0000000710500000|
| 262|0x0000000710600000, 0x0000000710600000, 0x0000000710700000|  0%| F|  |TS  0|AC  0|TAMS 0x0000000710600000, 0x0000000710600000|
| 263|0x0000000710700000, 0x0000000710700000, 0x0000000710800000|  0%| F|  |TS  0|AC  0|TAMS 0x0000000710700000, 0x0000000710700000|
| 264|0x0000000710800000, 0x0000000710800000, 0x0000000710900000|  0%| F|  |TS  0|AC  0|TAMS 0x0000000710800000, 0x0000000710800000|
| 265|0x0000000710900000, 0x0000000710900000, 0x0000000710a00000|  0%| F|  |TS  0|AC  0|TAMS 0x0000000710900000, 0x0000000710900000|
| 266|0x0000000710a00000, 0x0000000710a00000, 0x0000000710b00000|  0%| F|  |TS  0|AC  0|TAMS 0x0000000710a00000, 0x0000000710a00000|
| 267|0x0000000710b00000, 0x0000000710b00000, 0x0000000710c00000|  0%| F|  |TS  0|AC  0|TAMS 0x0000000710b00000, 0x0000000710b00000|
| 268|0x0000000710c00000, 0x0000000710c00000, 0x0000000710d00000|  0%| F|  |TS  0|AC  0|TAMS 0x0000000710c00000, 0x0000000710c00000|
| 269|0x0000000710d00000, 0x0000000710d00000, 0x0000000710e00000|  0%| F|  |TS  0|AC  0|TAMS 0x0000000710d00000, 0x0000000710d00000|
| 270|0x0000000710e00000, 0x0000000710e00000, 0x0000000710f00000|  0%| F|  |TS  0|AC  0|TAMS 0x0000000710e00000, 0x0000000710e00000|
| 271|0x0000000710f00000, 0x0000000710f00000, 0x0000000711000000|  0%| F|  |TS  0|AC  0|TAMS 0x0000000710f00000, 0x0000000710f00000|
| 272|0x0000000711000000, 0x0000000711000000, 0x0000000711100000|  0%| F|  |TS  0|AC  0|TAMS 0x0000000711000000, 0x0000000711000000|
| 273|0x0000000711100000, 0x0000000711100000, 0x0000000711200000|  0%| F|  |TS  0|AC  0|TAMS 0x0000000711100000, 0x0000000711100000|
| 274|0x0000000711200000, 0x0000000711200000, 0x0000000711300000|  0%| F|  |TS  0|AC  0|TAMS 0x0000000711200000, 0x0000000711200000|
| 275|0x0000000711300000, 0x0000000711300000, 0x0000000711400000|  0%| F|  |TS  0|AC  0|TAMS 0x0000000711300000, 0x0000000711300000|
| 276|0x0000000711400000, 0x0000000711400000, 0x0000000711500000|  0%| F|  |TS  0|AC  0|TAMS 0x0000000711400000, 0x0000000711400000|
| 277|0x0000000711500000, 0x0000000711500000, 0x0000000711600000|  0%| F|  |TS  0|AC  0|TAMS 0x0000000711500000, 0x0000000711500000|
| 278|0x0000000711600000, 0x0000000711600000, 0x0000000711700000|  0%| F|  |TS  0|AC  0|TAMS 0x0000000711600000, 0x0000000711600000|
| 279|0x0000000711700000, 0x0000000711700000, 0x0000000711800000|  0%| F|  |TS  0|AC  0|TAMS 0x0000000711700000, 0x0000000711700000|
| 280|0x0000000711800000, 0x0000000711800000, 0x0000000711900000|  0%| F|  |TS  0|AC  0|TAMS 0x0000000711800000, 0x0000000711800000|
| 281|0x0000000711900000, 0x0000000711900000, 0x0000000711a00000|  0%| F|  |TS  0|AC  0|TAMS 0x0000000711900000, 0x0000000711900000|
| 282|0x0000000711a00000, 0x0000000711a00000, 0x0000000711b00000|  0%| F|  |TS  0|AC  0|TAMS 0x0000000711a00000, 0x0000000711a00000|
| 283|0x0000000711b00000, 0x0000000711b00000, 0x0000000711c00000|  0%| F|  |TS  0|AC  0|TAMS 0x0000000711b00000, 0x0000000711b00000|
| 284|0x0000000711c00000, 0x0000000711c00000, 0x0000000711d00000|  0%| F|  |TS  0|AC  0|TAMS 0x0000000711c00000, 0x0000000711c00000|
| 285|0x0000000711d00000, 0x0000000711d00000, 0x0000000711e00000|  0%| F|  |TS  0|AC  0|TAMS 0x0000000711d00000, 0x0000000711d00000|
| 286|0x0000000711e00000, 0x0000000711e00000, 0x0000000711f00000|  0%| F|  |TS  0|AC  0|TAMS 0x0000000711e00000, 0x0000000711e00000|
| 287|0x0000000711f00000, 0x0000000711f00000, 0x0000000712000000|  0%| F|  |TS  0|AC  0|TAMS 0x0000000711f00000, 0x0000000711f00000|
| 288|0x0000000712000000, 0x0000000712000000, 0x0000000712100000|  0%| F|  |TS  0|AC  0|TAMS 0x0000000712000000, 0x0000000712000000|
| 289|0x0000000712100000, 0x0000000712100000, 0x0000000712200000|  0%| F|  |TS  0|AC  0|TAMS 0x0000000712100000, 0x0000000712100000|
| 290|0x0000000712200000, 0x0000000712200000, 0x0000000712300000|  0%| F|  |TS  0|AC  0|TAMS 0x0000000712200000, 0x0000000712200000|
| 291|0x0000000712300000, 0x0000000712300000, 0x0000000712400000|  0%| F|  |TS  0|AC  0|TAMS 0x0000000712300000, 0x0000000712300000|
| 292|0x0000000712400000, 0x0000000712400000, 0x0000000712500000|  0%| F|  |TS  0|AC  0|TAMS 0x0000000712400000, 0x0000000712400000|
| 293|0x0000000712500000, 0x0000000712500000, 0x0000000712600000|  0%| F|  |TS  0|AC  0|TAMS 0x0000000712500000, 0x0000000712500000|
| 294|0x0000000712600000, 0x0000000712600000, 0x0000000712700000|  0%| F|  |TS  0|AC  0|TAMS 0x0000000712600000, 0x0000000712600000|
| 295|0x0000000712700000, 0x0000000712700000, 0x0000000712800000|  0%| F|  |TS  0|AC  0|TAMS 0x0000000712700000, 0x0000000712700000|
| 296|0x0000000712800000, 0x0000000712800000, 0x0000000712900000|  0%| F|  |TS  0|AC  0|TAMS 0x0000000712800000, 0x0000000712800000|
| 297|0x0000000712900000, 0x0000000712900000, 0x0000000712a00000|  0%| F|  |TS  0|AC  0|TAMS 0x0000000712900000, 0x0000000712900000|
| 298|0x0000000712a00000, 0x0000000712a00000, 0x0000000712b00000|  0%| F|  |TS  0|AC  0|TAMS 0x0000000712a00000, 0x0000000712a00000|
| 299|0x0000000712b00000, 0x0000000712b00000, 0x0000000712c00000|  0%| F|  |TS  0|AC  0|TAMS 0x0000000712b00000, 0x0000000712b00000|
| 300|0x0000000712c00000, 0x0000000712c00000, 0x0000000712d00000|  0%| F|  |TS  0|AC  0|TAMS 0x0000000712c00000, 0x0000000712c00000|
| 301|0x0000000712d00000, 0x0000000712d00000, 0x0000000712e00000|  0%| F|  |TS 19|AC  0|TAMS 0x0000000712d00000, 0x0000000712d00000|
| 302|0x0000000712e00000, 0x0000000712e9cde0, 0x0000000712f00000| 61%| S|CS|TS 19|AC  0|TAMS 0x0000000712e00000, 0x0000000712e00000|
| 303|0x0000000712f00000, 0x0000000712f00000, 0x0000000713000000|  0%| F|  |TS 19|AC  0|TAMS 0x0000000712f00000, 0x0000000712f00000|
| 304|0x0000000713000000, 0x0000000713000000, 0x0000000713100000|  0%| F|  |TS 19|AC  0|TAMS 0x0000000713000000, 0x0000000713000000|
| 305|0x0000000713100000, 0x0000000713100000, 0x0000000713200000|  0%| F|  |TS 19|AC  0|TAMS 0x0000000713100000, 0x0000000713100000|
| 306|0x0000000713200000, 0x0000000713200000, 0x0000000713300000|  0%| F|  |TS 19|AC  0|TAMS 0x0000000713200000, 0x0000000713200000|
| 307|0x0000000713300000, 0x0000000713300000, 0x0000000713400000|  0%| F|  |TS 19|AC  0|TAMS 0x0000000713300000, 0x0000000713300000|
| 308|0x0000000713400000, 0x0000000713400000, 0x0000000713500000|  0%| F|  |TS 19|AC  0|TAMS 0x0000000713400000, 0x0000000713400000|
| 309|0x0000000713500000, 0x0000000713500000, 0x0000000713600000|  0%| F|  |TS 19|AC  0|TAMS 0x0000000713500000, 0x0000000713500000|
| 310|0x0000000713600000, 0x0000000713600000, 0x0000000713700000|  0%| F|  |TS 19|AC  0|TAMS 0x0000000713600000, 0x0000000713600000|
| 311|0x0000000713700000, 0x0000000713700000, 0x0000000713800000|  0%| F|  |TS 19|AC  0|TAMS 0x0000000713700000, 0x0000000713700000|
| 312|0x0000000713800000, 0x0000000713800000, 0x0000000713900000|  0%| F|  |TS 19|AC  0|TAMS 0x0000000713800000, 0x0000000713800000|
| 313|0x0000000713900000, 0x0000000713900000, 0x0000000713a00000|  0%| F|  |TS 19|AC  0|TAMS 0x0000000713900000, 0x0000000713900000|
| 314|0x0000000713a00000, 0x0000000713a00000, 0x0000000713b00000|  0%| F|  |TS 19|AC  0|TAMS 0x0000000713a00000, 0x0000000713a00000|
| 315|0x0000000713b00000, 0x0000000713b00000, 0x0000000713c00000|  0%| F|  |TS 19|AC  0|TAMS 0x0000000713b00000, 0x0000000713b00000|
| 316|0x0000000713c00000, 0x0000000713c00000, 0x0000000713d00000|  0%| F|  |TS 19|AC  0|TAMS 0x0000000713c00000, 0x0000000713c00000|
| 317|0x0000000713d00000, 0x0000000713d00000, 0x0000000713e00000|  0%| F|  |TS 19|AC  0|TAMS 0x0000000713d00000, 0x0000000713d00000|
| 318|0x0000000713e00000, 0x0000000713e00000, 0x0000000713f00000|  0%| F|  |TS 19|AC  0|TAMS 0x0000000713e00000, 0x0000000713e00000|
| 319|0x0000000713f00000, 0x0000000713f00000, 0x0000000714000000|  0%| F|  |TS 19|AC  0|TAMS 0x0000000713f00000, 0x0000000713f00000|
| 320|0x0000000714000000, 0x0000000714000000, 0x0000000714100000|  0%| F|  |TS 19|AC  0|TAMS 0x0000000714000000, 0x0000000714000000|
| 321|0x0000000714100000, 0x0000000714100000, 0x0000000714200000|  0%| F|  |TS 19|AC  0|TAMS 0x0000000714100000, 0x0000000714100000|
| 322|0x0000000714200000, 0x0000000714200000, 0x0000000714300000|  0%| F|  |TS 19|AC  0|TAMS 0x0000000714200000, 0x0000000714200000|
| 323|0x0000000714300000, 0x00000007143ae430, 0x0000000714400000| 68%| E|  |TS 19|AC  0|TAMS 0x0000000714300000, 0x0000000714300000|
| 324|0x0000000714400000, 0x0000000714500000, 0x0000000714500000|100%| E|CS|TS 19|AC  0|TAMS 0x0000000714400000, 0x0000000714400000|
| 325|0x0000000714500000, 0x0000000714600000, 0x0000000714600000|100%| E|CS|TS 19|AC  0|TAMS 0x0000000714500000, 0x0000000714500000|
| 326|0x0000000714600000, 0x0000000714700000, 0x0000000714700000|100%| E|CS|TS 19|AC  0|TAMS 0x0000000714600000, 0x0000000714600000|
| 327|0x0000000714700000, 0x0000000714800000, 0x0000000714800000|100%| E|CS|TS 19|AC  0|TAMS 0x0000000714700000, 0x0000000714700000|
| 328|0x0000000714800000, 0x0000000714900000, 0x0000000714900000|100%| E|CS|TS 19|AC  0|TAMS 0x0000000714800000, 0x0000000714800000|
| 329|0x0000000714900000, 0x0000000714a00000, 0x0000000714a00000|100%| E|CS|TS 19|AC  0|TAMS 0x0000000714900000, 0x0000000714900000|
| 330|0x0000000714a00000, 0x0000000714b00000, 0x0000000714b00000|100%| E|CS|TS 19|AC  0|TAMS 0x0000000714a00000, 0x0000000714a00000|
| 331|0x0000000714b00000, 0x0000000714c00000, 0x0000000714c00000|100%| E|CS|TS 19|AC  0|TAMS 0x0000000714b00000, 0x0000000714b00000|
| 332|0x0000000714c00000, 0x0000000714d00000, 0x0000000714d00000|100%| E|CS|TS 19|AC  0|TAMS 0x0000000714c00000, 0x0000000714c00000|
| 333|0x0000000714d00000, 0x0000000714e00000, 0x0000000714e00000|100%| E|CS|TS 19|AC  0|TAMS 0x0000000714d00000, 0x0000000714d00000|
| 334|0x0000000714e00000, 0x0000000714f00000, 0x0000000714f00000|100%| E|CS|TS 19|AC  0|TAMS 0x0000000714e00000, 0x0000000714e00000|
| 335|0x0000000714f00000, 0x0000000715000000, 0x0000000715000000|100%| E|CS|TS 19|AC  0|TAMS 0x0000000714f00000, 0x0000000714f00000|
| 336|0x0000000715000000, 0x0000000715100000, 0x0000000715100000|100%| E|CS|TS 19|AC  0|TAMS 0x0000000715000000, 0x0000000715000000|
| 337|0x0000000715100000, 0x0000000715200000, 0x0000000715200000|100%| E|CS|TS 19|AC  0|TAMS 0x0000000715100000, 0x0000000715100000|
| 338|0x0000000715200000, 0x0000000715300000, 0x0000000715300000|100%| E|CS|TS 19|AC  0|TAMS 0x0000000715200000, 0x0000000715200000|
| 339|0x0000000715300000, 0x0000000715400000, 0x0000000715400000|100%| E|CS|TS 19|AC  0|TAMS 0x0000000715300000, 0x0000000715300000|
| 340|0x0000000715400000, 0x0000000715500000, 0x0000000715500000|100%| E|CS|TS 19|AC  0|TAMS 0x0000000715400000, 0x0000000715400000|
| 341|0x0000000715500000, 0x0000000715600000, 0x0000000715600000|100%| E|CS|TS 19|AC  0|TAMS 0x0000000715500000, 0x0000000715500000|
| 342|0x0000000715600000, 0x0000000715700000, 0x0000000715700000|100%| E|CS|TS 19|AC  0|TAMS 0x0000000715600000, 0x0000000715600000|
| 343|0x0000000715700000, 0x0000000715800000, 0x0000000715800000|100%| E|CS|TS 19|AC  0|TAMS 0x0000000715700000, 0x0000000715700000|
| 344|0x0000000715800000, 0x0000000715900000, 0x0000000715900000|100%| E|CS|TS 19|AC  0|TAMS 0x0000000715800000, 0x0000000715800000|
| 345|0x0000000715900000, 0x0000000715a00000, 0x0000000715a00000|100%| E|CS|TS 19|AC  0|TAMS 0x0000000715900000, 0x0000000715900000|
| 346|0x0000000715a00000, 0x0000000715b00000, 0x0000000715b00000|100%| E|CS|TS 19|AC  0|TAMS 0x0000000715a00000, 0x0000000715a00000|
| 347|0x0000000715b00000, 0x0000000715c00000, 0x0000000715c00000|100%| E|CS|TS 19|AC  0|TAMS 0x0000000715b00000, 0x0000000715b00000|
| 348|0x0000000715c00000, 0x0000000715d00000, 0x0000000715d00000|100%| E|CS|TS 19|AC  0|TAMS 0x0000000715c00000, 0x0000000715c00000|
| 349|0x0000000715d00000, 0x0000000715e00000, 0x0000000715e00000|100%| E|CS|TS 19|AC  0|TAMS 0x0000000715d00000, 0x0000000715d00000|
| 350|0x0000000715e00000, 0x0000000715f00000, 0x0000000715f00000|100%| E|CS|TS 19|AC  0|TAMS 0x0000000715e00000, 0x0000000715e00000|
| 351|0x0000000715f00000, 0x0000000716000000, 0x0000000716000000|100%| E|CS|TS 19|AC  0|TAMS 0x0000000715f00000, 0x0000000715f00000|
| 352|0x0000000716000000, 0x0000000716100000, 0x0000000716100000|100%| E|CS|TS 19|AC  0|TAMS 0x0000000716000000, 0x0000000716000000|
| 353|0x0000000716100000, 0x0000000716200000, 0x0000000716200000|100%| E|CS|TS 19|AC  0|TAMS 0x0000000716100000, 0x0000000716100000|
| 354|0x0000000716200000, 0x0000000716300000, 0x0000000716300000|100%| E|CS|TS 19|AC  0|TAMS 0x0000000716200000, 0x0000000716200000|
| 355|0x0000000716300000, 0x0000000716400000, 0x0000000716400000|100%| E|CS|TS 19|AC  0|TAMS 0x0000000716300000, 0x0000000716300000|
| 356|0x0000000716400000, 0x0000000716500000, 0x0000000716500000|100%| E|CS|TS 19|AC  0|TAMS 0x0000000716400000, 0x0000000716400000|
| 357|0x0000000716500000, 0x0000000716600000, 0x0000000716600000|100%| E|CS|TS 19|AC  0|TAMS 0x0000000716500000, 0x0000000716500000|
| 358|0x0000000716600000, 0x0000000716700000, 0x0000000716700000|100%| E|CS|TS 19|AC  0|TAMS 0x0000000716600000, 0x0000000716600000|
| 359|0x0000000716700000, 0x0000000716800000, 0x0000000716800000|100%| E|CS|TS 19|AC  0|TAMS 0x0000000716700000, 0x0000000716700000|
| 360|0x0000000716800000, 0x0000000716900000, 0x0000000716900000|100%| E|CS|TS 19|AC  0|TAMS 0x0000000716800000, 0x0000000716800000|
| 361|0x0000000716900000, 0x0000000716a00000, 0x0000000716a00000|100%| E|CS|TS 19|AC  0|TAMS 0x0000000716900000, 0x0000000716900000|

Card table byte_map: [0x00000297536f0000,0x0000029753cf0000] byte_map_base: 0x000002974fef0000

Marking Bits (Prev, Next): (CMBitMap*) 0x0000029737ece6b0, (CMBitMap*) 0x0000029737ece6e8
 Prev Bits: [0x00000297542f0000, 0x00000297572f0000)
 Next Bits: [0x00000297572f0000, 0x000002975a2f0000)

Polling page: 0x0000029734020000

CodeHeap 'non-profiled nmethods': size=120000Kb used=26603Kb max_used=26756Kb free=93396Kb
 bounds [0x000002974c1c0000, 0x000002974dc10000, 0x00000297536f0000]
CodeHeap 'profiled nmethods': size=120000Kb used=50732Kb max_used=50732Kb free=69267Kb
 bounds [0x0000029744c90000, 0x0000029747e60000, 0x000002974c1c0000]
CodeHeap 'non-nmethods': size=5760Kb used=1863Kb max_used=1925Kb free=3896Kb
 bounds [0x00000297446f0000, 0x0000029744960000, 0x0000029744c90000]
 total_blobs=39145 nmethods=20305 adapters=1238
 compilation: enabled

Compilation events (10 events):
Event: 4651.033 Thread 0x0000029739390000 26487       3       com.jidesoft.grid.TableColumnChooser::a (208 bytes)
Event: 4651.034 Thread 0x0000029739390000 nmethod 26487 0x0000029747e5ac90 code [0x0000029747e5af80, 0x0000029747e5c1a0]
Event: 4651.034 Thread 0x0000029739390000 26488       3       ui.utils.o.p.y::setOpaque (6 bytes)
Event: 4651.035 Thread 0x0000029739390000 nmethod 26488 0x0000029747e5c690 code [0x0000029747e5c8c0, 0x0000029747e5d130]
Event: 4651.038 Thread 0x0000029739390000 26489       3       java.util.stream.Collectors$CollectorImpl::<init> (13 bytes)
Event: 4651.039 Thread 0x0000029739390000 nmethod 26489 0x0000029747e5d390 code [0x0000029747e5d580, 0x0000029747e5dbf8]
Event: 4651.039 Thread 0x0000029739390000 26490       3       java.util.stream.Collectors::access$000 (4 bytes)
Event: 4651.039 Thread 0x0000029739390000 nmethod 26490 0x0000029747e5de10 code [0x0000029747e5dfe0, 0x0000029747e5e318]
Event: 4651.048 Thread 0x000002973966a800 26491       4       com.jidesoft.grid.QuickTableFilterField::shouldColumnBeIncluded (172 bytes)
Event: 4651.058 Thread 0x000002973966a800 nmethod 26491 0x000002974d4ee510 code [0x000002974d4ee700, 0x000002974d4ef238]

GC Heap History (10 events):
Event: 4641.894 GC heap before
{Heap before GC invocations=581 (full 13):
 garbage-first heap   total 370688K, used 178530K [0x0000000700000000, 0x0000000700100b50, 0x00000007c0000000)
  region size 1024K, 60 young (61440K), 1 survivors (1024K)
 Metaspace       used 93867K, capacity 97068K, committed 102016K, reserved 1136640K
  class space    used 12859K, capacity 13464K, committed 14464K, reserved 1048576K
}
Event: 4641.895 GC heap after
{Heap after GC invocations=582 (full 13):
 garbage-first heap   total 370688K, used 113945K [0x0000000700000000, 0x0000000700100b50, 0x00000007c0000000)
  region size 1024K, 1 young (1024K), 1 survivors (1024K)
 Metaspace       used 93867K, capacity 97068K, committed 102016K, reserved 1136640K
  class space    used 12859K, capacity 13464K, committed 14464K, reserved 1048576K
}
Event: 4648.143 GC heap before
{Heap before GC invocations=582 (full 13):
 garbage-first heap   total 370688K, used 174361K [0x0000000700000000, 0x0000000700100b50, 0x00000007c0000000)
  region size 1024K, 60 young (61440K), 1 survivors (1024K)
 Metaspace       used 93870K, capacity 97068K, committed 102016K, reserved 1136640K
  class space    used 12859K, capacity 13464K, committed 14464K, reserved 1048576K
}
Event: 4648.145 GC heap after
{Heap after GC invocations=583 (full 13):
 garbage-first heap   total 370688K, used 113935K [0x0000000700000000, 0x0000000700100b50, 0x00000007c0000000)
  region size 1024K, 1 young (1024K), 1 survivors (1024K)
 Metaspace       used 93870K, capacity 97068K, committed 102016K, reserved 1136640K
  class space    used 12859K, capacity 13464K, committed 14464K, reserved 1048576K
}
Event: 4648.312 GC heap before
{Heap before GC invocations=583 (full 13):
 garbage-first heap   total 370688K, used 174351K [0x0000000700000000, 0x0000000700100b50, 0x00000007c0000000)
  region size 1024K, 60 young (61440K), 1 survivors (1024K)
 Metaspace       used 93871K, capacity 97068K, committed 102016K, reserved 1136640K
  class space    used 12859K, capacity 13464K, committed 14464K, reserved 1048576K
}
Event: 4648.314 GC heap after
{Heap after GC invocations=584 (full 13):
 garbage-first heap   total 370688K, used 113921K [0x0000000700000000, 0x0000000700100b50, 0x00000007c0000000)
  region size 1024K, 1 young (1024K), 1 survivors (1024K)
 Metaspace       used 93871K, capacity 97068K, committed 102016K, reserved 1136640K
  class space    used 12859K, capacity 13464K, committed 14464K, reserved 1048576K
}
Event: 4648.477 GC heap before
{Heap before GC invocations=584 (full 13):
 garbage-first heap   total 370688K, used 174337K [0x0000000700000000, 0x0000000700100b50, 0x00000007c0000000)
  region size 1024K, 60 young (61440K), 1 survivors (1024K)
 Metaspace       used 93871K, capacity 97068K, committed 102016K, reserved 1136640K
  class space    used 12859K, capacity 13464K, committed 14464K, reserved 1048576K
}
Event: 4648.479 GC heap after
{Heap after GC invocations=585 (full 13):
 garbage-first heap   total 370688K, used 113927K [0x0000000700000000, 0x0000000700100b50, 0x00000007c0000000)
  region size 1024K, 1 young (1024K), 1 survivors (1024K)
 Metaspace       used 93871K, capacity 97068K, committed 102016K, reserved 1136640K
  class space    used 12859K, capacity 13464K, committed 14464K, reserved 1048576K
}
Event: 4648.641 GC heap before
{Heap before GC invocations=585 (full 13):
 garbage-first heap   total 370688K, used 174343K [0x0000000700000000, 0x0000000700100b50, 0x00000007c0000000)
  region size 1024K, 60 young (61440K), 1 survivors (1024K)
 Metaspace       used 93871K, capacity 97068K, committed 102016K, reserved 1136640K
  class space    used 12859K, capacity 13464K, committed 14464K, reserved 1048576K
}
Event: 4648.643 GC heap after
{Heap after GC invocations=586 (full 13):
 garbage-first heap   total 370688K, used 113944K [0x0000000700000000, 0x0000000700100b50, 0x00000007c0000000)
  region size 1024K, 1 young (1024K), 1 survivors (1024K)
 Metaspace       used 93871K, capacity 97068K, committed 102016K, reserved 1136640K
  class space    used 12859K, capacity 13464K, committed 14464K, reserved 1048576K
}

Deoptimization events (10 events):
Event: 4552.319 Thread 0x000002975da70000 Uncommon trap: reason=bimorphic_or_optimized_type_check action=maybe_recompile pc=0x000002974d7e05f0 method=java.awt.Component.updateCursorImmediately()V @ 30 c2
Event: 4552.327 Thread 0x000002975da70000 Uncommon trap: reason=bimorphic_or_optimized_type_check action=maybe_recompile pc=0x000002974d7e05f0 method=java.awt.Component.updateCursorImmediately()V @ 30 c2
Event: 4557.354 Thread 0x000002975da70000 Uncommon trap: reason=unstable_if action=reinterpret pc=0x000002974d0082b8 method=jdk.internal.math.FloatingDecimal$BinaryToASCIIBuffer.dtoa(IJIZ)V @ 379 c2
Event: 4557.354 Thread 0x000002975da70000 Uncommon trap: reason=unstable_if action=reinterpret pc=0x000002974d206c80 method=java.text.DigitList.set(ZLjava/lang/String;ZZIZ)V @ 222 c2
Event: 4574.176 Thread 0x000002975da70000 Uncommon trap: reason=bimorphic_or_optimized_type_check action=maybe_recompile pc=0x000002974d6676fc method=java.awt.Component.processMouseEvent(Ljava/awt/event/MouseEvent;)V @ 74 c2
Event: 4574.752 Thread 0x000002975da70000 Uncommon trap: reason=bimorphic_or_optimized_type_check action=maybe_recompile pc=0x000002974ccfaf08 method=java.awt.Component.updateCursorImmediately()V @ 30 c2
Event: 4577.200 Thread 0x000002975da70000 Uncommon trap: reason=class_check action=maybe_recompile pc=0x000002974c89359c method=com.jidesoft.swing.JideSwingUtilities.getRecursively0(Ljava/awt/Component;Lcom/jidesoft/swing/JideSwingUtilities$GetHandler;)Ljava/awt/Component; @ 2 c2
Event: 4588.509 Thread 0x000002975da70000 Uncommon trap: reason=bimorphic_or_optimized_type_check action=maybe_recompile pc=0x000002974d6676fc method=java.awt.Component.processMouseEvent(Ljava/awt/event/MouseEvent;)V @ 74 c2
Event: 4641.878 Thread 0x000002975da70000 Uncommon trap: reason=unstable_if action=reinterpret pc=0x000002974d22cb94 method=javax.swing.text.GapContent.findMarkAdjustIndex(I)I @ 51 c2
Event: 4641.878 Thread 0x000002975da70000 Uncommon trap: reason=unstable_if action=reinterpret pc=0x000002974cea891c method=javax.swing.text.GapContent.findMarkAdjustIndex(I)I @ 51 c2

Classes redefined (0 events):
No events

Internal exceptions (10 events):
Event: 4291.090 Thread 0x000002975da70000 Implicit null exception at 0x000002974d31a1b1 to 0x000002974d31aa81
Event: 4291.470 Thread 0x000002975da70000 Implicit null exception at 0x000002974d8448ef to 0x000002974d844afb
Event: 4291.608 Thread 0x000002975da70000 Implicit null exception at 0x000002974d2b7f6f to 0x000002974d2b82a8
Event: 4292.098 Thread 0x000002975da70000 Implicit null exception at 0x000002974d507c9a to 0x000002974d50879d
Event: 4295.309 Thread 0x000002975da70000 Exception <a 'de/concept/nlview/NlviewException'{0x000000070ee436b0}> (0x000000070ee436b0) thrown at [t:/workspace/hotspot/src/share/vm/prims/jni.cpp, line 604]
Event: 4295.320 Thread 0x000002975da70000 Exception <a 'de/concept/nlview/NlviewException'{0x000000070eeee618}> (0x000000070eeee618) thrown at [t:/workspace/hotspot/src/share/vm/prims/jni.cpp, line 604]
Event: 4295.337 Thread 0x000002975da70000 Exception <a 'de/concept/nlview/NlviewException'{0x000000070edbcb98}> (0x000000070edbcb98) thrown at [t:/workspace/hotspot/src/share/vm/prims/jni.cpp, line 604]
Event: 4356.962 Thread 0x0000029728aa2800 Exception <a 'java/lang/InterruptedException'{0x000000070ecb1998}: sleep interrupted> (0x000000070ecb1998) thrown at [t:/workspace/hotspot/src/share/vm/prims/jvm.cpp, line 2984]
Event: 4413.745 Thread 0x0000029728aa2800 Exception <a 'java/lang/InterruptedException'{0x000000070f700748}: sleep interrupted> (0x000000070f700748) thrown at [t:/workspace/hotspot/src/share/vm/prims/jvm.cpp, line 2984]
Event: 4413.902 Thread 0x000002975da70000 Implicit null exception at 0x000002974cf80e0c to 0x000002974cf80e99

Events (10 events):
Event: 4650.852 Thread 0x0000029728aa6000 Thread added: 0x0000029728aa6000
Event: 4650.854 Executing VM operation: RevokeBias
Event: 4650.854 Executing VM operation: RevokeBias done
Event: 4650.854 Executing VM operation: RevokeBias
Event: 4650.854 Executing VM operation: RevokeBias done
Event: 4650.884 Thread 0x0000029728aa2800 Thread added: 0x0000029728aa2800
Event: 4650.887 Thread 0x0000029728aa2800 Thread exited: 0x0000029728aa2800
Event: 4650.918 Thread 0x000002975da70000 DEOPT PACKING pc=0x00000297463c83f1 sp=0x0000009eeedf3490
Event: 4650.918 Thread 0x000002975da70000 DEOPT UNPACKING pc=0x000002974473dd3f sp=0x0000009eeedf28c8 mode 0
Event: 4650.945 Thread 0x0000029728aa4000 Thread exited: 0x0000029728aa4000


Dynamic libraries:
0x00007ff7a3430000 - 0x00007ff7a3460000 	D:\Vivado\2018.3\bin\unwrapped\win64.o\vivado.exe
0x00007ff87f050000 - 0x00007ff87f231000 	C:\WINDOWS\SYSTEM32\ntdll.dll
0x00007ff87ded0000 - 0x00007ff87df82000 	C:\WINDOWS\System32\KERNEL32.DLL
0x00007ff87c100000 - 0x00007ff87c373000 	C:\WINDOWS\System32\KERNELBASE.dll
0x00007ff87bf60000 - 0x00007ff87c05a000 	C:\WINDOWS\System32\ucrtbase.dll
0x00007ff879070000 - 0x00007ff879117000 	C:\WINDOWS\SYSTEM32\MSVCP140.dll
0x00007ff876ab0000 - 0x00007ff876ac4000 	D:\Vivado\2018.3\lib\win64.o\libboost_signals.dll
0x00007ff879120000 - 0x00007ff879136000 	C:\WINDOWS\SYSTEM32\VCRUNTIME140.dll
0x00007ff8705b0000 - 0x00007ff8705c4000 	D:\Vivado\2018.3\lib\win64.o\librdi_commonmain.dll
0x00007ff82a670000 - 0x00007ff82b504000 	D:\Vivado\2018.3\lib\win64.o\librdi_common.dll
0x00007ff87eb70000 - 0x00007ff87ed00000 	C:\WINDOWS\System32\USER32.dll
0x00007ff87c0e0000 - 0x00007ff87c100000 	C:\WINDOWS\System32\win32u.dll
0x00007ff87c600000 - 0x00007ff87c628000 	C:\WINDOWS\System32\GDI32.dll
0x00007ff85d220000 - 0x00007ff85d246000 	D:\Vivado\2018.3\lib\win64.o\libboost_filesystem.dll
0x00007ff87bb30000 - 0x00007ff87bcc2000 	C:\WINDOWS\System32\gdi32full.dll
0x00007ff87e0f0000 - 0x00007ff87e191000 	C:\WINDOWS\System32\ADVAPI32.dll
0x00007ff87bec0000 - 0x00007ff87bf5f000 	C:\WINDOWS\System32\msvcp_win.dll
0x00007ff87ef20000 - 0x00007ff87efbe000 	C:\WINDOWS\System32\msvcrt.dll
0x00007ff87eaa0000 - 0x00007ff87eafb000 	C:\WINDOWS\System32\sechost.dll
0x00007ff87ca90000 - 0x00007ff87ded0000 	C:\WINDOWS\System32\SHELL32.dll
0x00007ff87e1a0000 - 0x00007ff87e2c4000 	C:\WINDOWS\System32\RPCRT4.dll
0x00007ff87c380000 - 0x00007ff87c3c9000 	C:\WINDOWS\System32\cfgmgr32.dll
0x00007ff87c550000 - 0x00007ff87c5f9000 	C:\WINDOWS\System32\shcore.dll
0x00007ff87e2d0000 - 0x00007ff87e5f2000 	C:\WINDOWS\System32\combase.dll
0x00007ff842cf0000 - 0x00007ff842e11000 	D:\Vivado\2018.3\lib\win64.o\librdi_commonxillic.dll
0x00007ff877790000 - 0x00007ff87779a000 	D:\Vivado\2018.3\lib\win64.o\librdi_commonversion.dll
0x00007ff87c060000 - 0x00007ff87c0da000 	C:\WINDOWS\System32\bcryptPrimitives.dll
0x00007ff87b420000 - 0x00007ff87bb2d000 	C:\WINDOWS\System32\windows.storage.dll
0x000000005e3d0000 - 0x000000005e4fb000 	D:\Vivado\2018.3\lib\win64.o\tcl85t.dll
0x00007ff87efc0000 - 0x00007ff87f011000 	C:\WINDOWS\System32\shlwapi.dll
0x00007ff87eb00000 - 0x00007ff87eb6c000 	C:\WINDOWS\System32\WS2_32.dll
0x00007ff87b3e0000 - 0x00007ff87b3f1000 	C:\WINDOWS\System32\kernel.appcore.dll
0x00007ff842980000 - 0x00007ff842cee000 	D:\Vivado\2018.3\lib\win64.o\libCOIN-all.dll
0x00007ff87b400000 - 0x00007ff87b41f000 	C:\WINDOWS\System32\profapi.dll
0x00007ff87b370000 - 0x00007ff87b3bc000 	C:\WINDOWS\System32\powrprof.dll
0x00007ff87b360000 - 0x00007ff87b36a000 	C:\WINDOWS\System32\FLTLIB.DLL
0x00007ff867770000 - 0x00007ff867784000 	D:\Vivado\2018.3\lib\win64.o\libboost_date_time.dll
0x00007ff844270000 - 0x00007ff8442ef000 	D:\Vivado\2018.3\lib\win64.o\libboost_program_options.dll
0x00007ff842500000 - 0x00007ff842614000 	D:\Vivado\2018.3\lib\win64.o\libboost_regex.dll
0x00007ff83ee90000 - 0x00007ff83f145000 	D:\Vivado\2018.3\lib\win64.o\libXil_lmgr11.dll
0x00007ff876e80000 - 0x00007ff876e8b000 	D:\Vivado\2018.3\lib\win64.o\libboost_system.dll
0x00007ff87e980000 - 0x00007ff87ea6d000 	C:\WINDOWS\System32\COMDLG32.dll
0x00007ff859650000 - 0x00007ff859671000 	D:\Vivado\2018.3\lib\win64.o\libboost_thread.dll
0x00007ff87e7e0000 - 0x00007ff87e8a3000 	C:\WINDOWS\System32\OLEAUT32.dll
0x00007ff8428f0000 - 0x00007ff842972000 	D:\Vivado\2018.3\lib\win64.o\libhdlpsolve.dll
0x00007ff87df90000 - 0x00007ff87e0e1000 	C:\WINDOWS\System32\ole32.dll
0x00007ff842290000 - 0x00007ff842335000 	D:\Vivado\2018.3\lib\win64.o\libhdxml.dll
0x00007ff87c480000 - 0x00007ff87c4d7000 	C:\WINDOWS\System32\WINTRUST.dll
0x00007ff87b3c0000 - 0x00007ff87b3d2000 	C:\WINDOWS\System32\MSASN1.dll
0x00007ff87bcd0000 - 0x00007ff87beb2000 	C:\WINDOWS\System32\CRYPT32.dll
0x00007ff8743e0000 - 0x00007ff8743ef000 	D:\Vivado\2018.3\lib\win64.o\libboost_xilinx.dll
0x00007ff829e20000 - 0x00007ff82a66e600 	D:\Vivado\2018.3\lib\win64.o\libisl_iostreams.dll
0x00007ff84b2e0000 - 0x00007ff84b30e000 	D:\Vivado\2018.3\lib\win64.o\libisl_sysinfo.dll
0x00007ff8433d0000 - 0x00007ff843435000 	D:\Vivado\2018.3\lib\win64.o\liblmx6.0.dll
0x00007ff85d2a0000 - 0x00007ff85d2bc000 	D:\Vivado\2018.3\lib\win64.o\librdiconfig.dll
0x00007ff85d1c0000 - 0x00007ff85d1da000 	D:\Vivado\2018.3\lib\win64.o\pthreadVC2.dll
0x00007ff84b2b0000 - 0x00007ff84b2d1000 	D:\Vivado\2018.3\lib\win64.o\librdizlib.dll
0x0000000012000000 - 0x0000000012272000 	D:\Vivado\2018.3\lib\win64.o\xerces-c_3_1.dll
0x00007ff867520000 - 0x00007ff867537000 	C:\WINDOWS\SYSTEM32\NETAPI32.dll
0x00007ff8749a0000 - 0x00007ff874a7d000 	C:\WINDOWS\SYSTEM32\WINHTTP.dll
0x00007ff860f90000 - 0x00007ff86144d000 	C:\WINDOWS\SYSTEM32\WININET.dll
0x00007ff86a620000 - 0x00007ff86a7e9000 	C:\WINDOWS\SYSTEM32\urlmon.dll
0x00007ff8674b0000 - 0x00007ff8674b9000 	C:\WINDOWS\SYSTEM32\WSOCK32.dll
0x00007ff828f80000 - 0x00007ff829e11000 	D:\Vivado\2018.3\lib\win64.o\gurobi65.dll
0x00007ff84a3f0000 - 0x00007ff84a41e000 	C:\WINDOWS\SYSTEM32\VCOMP140.DLL
0x00007ff868430000 - 0x00007ff86843d000 	D:\Vivado\2018.3\lib\win64.o\libboost_chrono.dll
0x00007ff8727a0000 - 0x00007ff872847000 	C:\WINDOWS\WinSxS\amd64_microsoft.windows.common-controls_6595b64144ccf1df_5.82.17134.590_none_f957b8d13090c3f9\COMCTL32.dll
0x00007ff8734b0000 - 0x00007ff8734ca000 	C:\WINDOWS\SYSTEM32\dhcpcsvc.DLL
0x00007ff859630000 - 0x00007ff85964b000 	D:\Vivado\2018.3\lib\win64.o\libboost_iostreams.dll
0x00007ff87c630000 - 0x00007ff87c638000 	C:\WINDOWS\System32\NSI.dll
0x00007ff86afe0000 - 0x00007ff86b285000 	C:\WINDOWS\SYSTEM32\iertutil.dll
0x00007ff87ad50000 - 0x00007ff87ad5b000 	C:\WINDOWS\SYSTEM32\CRYPTBASE.DLL
0x00007ff87aa00000 - 0x00007ff87aa0e000 	C:\WINDOWS\SYSTEM32\NETUTILS.DLL
0x00007ff8485c0000 - 0x00007ff8485e5000 	D:\Vivado\2018.3\lib\win64.o\libisl_iosutils.dll
0x00007ff87ea70000 - 0x00007ff87ea9d000 	C:\WINDOWS\System32\IMM32.DLL
0x00007ff83e850000 - 0x00007ff83ed45000 	D:\Vivado\2018.3\lib\win64.o\librdi_commontasks.dll
0x00007ff8739e0000 - 0x00007ff8739ea000 	C:\WINDOWS\SYSTEM32\VERSION.dll
0x000000005d9a0000 - 0x000000005e3c5000 	D:\Vivado\2018.3\tps\win64\jre9.0.4\bin\server\jvm.dll
0x00007ff87e8b0000 - 0x00007ff87e8b8000 	C:\WINDOWS\System32\PSAPI.DLL
0x00007ff877760000 - 0x00007ff877783000 	C:\WINDOWS\SYSTEM32\WINMM.dll
0x00007ff8404c0000 - 0x00007ff8405af000 	C:\WINDOWS\SYSTEM32\MSVCR120.dll
0x00007ff83dfc0000 - 0x00007ff83e23f000 	D:\Vivado\2018.3\lib\win64.o\librdi_sio.dll
0x00007ff877730000 - 0x00007ff87775a000 	C:\WINDOWS\SYSTEM32\winmmbase.dll
0x00007ff87a900000 - 0x00007ff87a938000 	C:\WINDOWS\SYSTEM32\IPHLPAPI.DLL
0x00007ff87ab80000 - 0x00007ff87abe6000 	C:\WINDOWS\SYSTEM32\MSWSOCK.DLL
0x00007ffff8d70000 - 0x00007ffffb132000 	D:\Vivado\2018.3\lib\win64.o\librdi_tcltasks.dll
0x00007ff839e40000 - 0x00007ff83a21c000 	D:\Vivado\2018.3\lib\win64.o\librdi_bitstream.dll
0x00007ff843170000 - 0x00007ff8431da000 	D:\Vivado\2018.3\lib\win64.o\librdi_boarddep.dll
0x00007ff83db00000 - 0x00007ff83dc7e000 	D:\Vivado\2018.3\lib\win64.o\librdi_board.dll
0x00007ff8403e0000 - 0x00007ff8404bc000 	D:\Vivado\2018.3\lib\win64.o\librdi_chipscope.dll
0x00007ff83e3b0000 - 0x00007ff83e4f8000 	D:\Vivado\2018.3\lib\win64.o\librdi_containers.dll
0x00007ff83d410000 - 0x00007ff83d5c9000 	D:\Vivado\2018.3\lib\win64.o\librdi_chipscopeimpl.dll
0x00007ffff7460000 - 0x00007ffff8d65000 	D:\Vivado\2018.3\lib\win64.o\librdi_constraints.dll
0x00007ffff5640000 - 0x00007ffff745f000 	D:\Vivado\2018.3\lib\win64.o\librdi_coregen.dll
0x00007fffe48e0000 - 0x00007ffff5632000 	D:\Vivado\2018.3\lib\win64.o\librdi_device.dll
0x00007ff8288a0000 - 0x00007ff828f7a000 	D:\Vivado\2018.3\lib\win64.o\librdi_coregenipxact.dll
0x00007fffe0ae0000 - 0x00007fffe48db000 	D:\Vivado\2018.3\lib\win64.o\librdi_designutils.dll
0x00007ff839b20000 - 0x00007ff839e3b000 	D:\Vivado\2018.3\lib\win64.o\librdi_dlyest.dll
0x00007ff812eb0000 - 0x00007ff8134ef000 	D:\Vivado\2018.3\lib\win64.o\librdi_filemgmt.dll
0x00007ff82d060000 - 0x00007ff82d5c0000 	D:\Vivado\2018.3\lib\win64.o\librdi_drc.dll
0x00007ff83e780000 - 0x00007ff83e842000 	D:\Vivado\2018.3\lib\win64.o\librdi_dsp.dll
0x00007ff830a60000 - 0x00007ff830d3a000 	D:\Vivado\2018.3\lib\win64.o\librdi_guitools.dll
0x00007ff842ec0000 - 0x00007ff842f1d000 	D:\Vivado\2018.3\lib\win64.o\librdi_hdf.dll
0x00007fffe04c0000 - 0x00007fffe0ad5000 	D:\Vivado\2018.3\lib\win64.o\librdi_memdata.dll
0x00007fffdf120000 - 0x00007fffe04b1000 	D:\Vivado\2018.3\lib\win64.o\librdi_implflow.dll
0x00007ff840360000 - 0x00007ff8403d1000 	D:\Vivado\2018.3\lib\win64.o\librdi_memoryarray.dll
0x00007fffdb770000 - 0x00007fffdf11c000 	D:\Vivado\2018.3\lib\win64.o\librdi_mig.dll
0x00007fffdb130000 - 0x00007fffdb76b000 	D:\Vivado\2018.3\lib\win64.o\librdi_netlist.dll
0x00007fffd8c10000 - 0x00007fffdb124000 	D:\Vivado\2018.3\lib\win64.o\librdi_place.dll
0x00007ff8424b0000 - 0x00007ff842500000 	D:\Vivado\2018.3\lib\win64.o\librdi_pfi.dll
0x00007fffd7fb0000 - 0x00007fffd8506000 	D:\Vivado\2018.3\lib\win64.o\librdi_project.dll
0x00007fffd8510000 - 0x00007fffd8c05000 	D:\Vivado\2018.3\lib\win64.o\librdi_power.dll
0x00007ff828590000 - 0x00007ff828897000 	D:\Vivado\2018.3\lib\win64.o\librdi_platform.dll
0x00007fffd71d0000 - 0x00007fffd78c3000 	D:\Vivado\2018.3\lib\win64.o\librdi_psta.dll
0x00007ff82dc80000 - 0x00007ff82dea8000 	D:\Vivado\2018.3\lib\win64.o\librdi_simdata.dll
0x00007fffd78d0000 - 0x00007fffd7fa9000 	D:\Vivado\2018.3\lib\win64.o\librdi_rsb.dll
0x00007ff83d330000 - 0x00007ff83d408000 	D:\Vivado\2018.3\lib\win64.o\librdi_runsbase.dll
0x00007ff80f280000 - 0x00007ff80f657000 	D:\Vivado\2018.3\lib\win64.o\librdi_runs.dll
0x00007fffd6440000 - 0x00007fffd71cd000 	D:\Vivado\2018.3\lib\win64.o\librdi_timing.dll
0x00007ff83c0a0000 - 0x00007ff83c1f4000 	D:\Vivado\2018.3\lib\win64.o\librdi_advchipscopeimpl.dll
0x00007ff842240000 - 0x00007ff84228c000 	D:\Vivado\2018.3\lib\win64.o\libboost_serialization.dll
0x00007ff83c9e0000 - 0x00007ff83ca98000 	D:\Vivado\2018.3\lib\win64.o\librdi_hip_devdesign.dll
0x00007ff83df10000 - 0x00007ff83dfbb000 	D:\Vivado\2018.3\lib\win64.o\librdi_ipconfig_readwrite.dll
0x00007ff840320000 - 0x00007ff840358000 	D:\Vivado\2018.3\lib\win64.o\librdi_noc_frameworks.dll
0x00007ff83d290000 - 0x00007ff83d32e000 	D:\Vivado\2018.3\lib\win64.o\libise.dll
0x00007fffd58f0000 - 0x00007fffd6437000 	D:\Vivado\2018.3\lib\win64.o\libverific.dll
0x00007fffd4db0000 - 0x00007fffd52fe000 	D:\Vivado\2018.3\lib\win64.o\librdi_xdm.dll
0x00007ff802200000 - 0x00007ff8025b5000 	D:\Vivado\2018.3\lib\win64.o\librdi_hip_config.dll

VM Arguments:
jvm_args: -Dsun.java2d.pmoffscreen=false -Dsun.java2d.xrender=false -Dsun.java2d.d3d=false -Dsun.awt.nopixfmt=true -Dsun.java2d.dpiaware=true -Dsun.java2d.uiScale.enabled=false -Xverify:none -Dswing.aatext=true -XX:-UsePerfData -Djdk.map.althashing.threshold=512 -XX:StringTableSize=4072 --add-opens=java.base/java.nio=ALL-UNNAMED --add-opens=java.desktop/sun.swing=ALL-UNNAMED --add-opens=java.desktop/javax.swing=ALL-UNNAMED --add-opens=java.desktop/javax.swing.tree=ALL-UNNAMED --add-opens=java.desktop/javax.swing.plaf.basic=ALL-UNNAMED --add-opens=java.desktop/javax.swing.plaf.synth=ALL-UNNAMED --add-opens=java.desktop/com.sun.awt=ALL-UNNAMED -XX:NewSize=60m -XX:MaxNewSize=60m -Xms128m -Xmx3072m -Xss5m 
java_command: <unknown>
java_class_path (initial): D:/Vivado/2018.3\lib\classes\alloy.jar;D:/Vivado/2018.3\lib\classes\autopilot.scelaborator.jar;D:/Vivado/2018.3\lib\classes\autopilot.sourceprocessor.jar;D:/Vivado/2018.3\lib\classes\autopilot.tbprocessor.jar;D:/Vivado/2018.3\lib\classes\batik-anim.jar;D:/Vivado/2018.3\lib\classes\batik-awt-util.jar;D:/Vivado/2018.3\lib\classes\batik-bridge.jar;D:/Vivado/2018.3\lib\classes\batik-codec.jar;D:/Vivado/2018.3\lib\classes\batik-css.jar;D:/Vivado/2018.3\lib\classes\batik-dom.jar;D:/Vivado/2018.3\lib\classes\batik-ext.jar;D:/Vivado/2018.3\lib\classes\batik-gui-util.jar;D:/Vivado/2018.3\lib\classes\batik-gvt.jar;D:/Vivado/2018.3\lib\classes\batik-parser.jar;D:/Vivado/2018.3\lib\classes\batik-script.jar;D:/Vivado/2018.3\lib\classes\batik-svg-dom.jar;D:/Vivado/2018.3\lib\classes\batik-swing.jar;D:/Vivado/2018.3\lib\classes\batik-transcoder.jar;D:/Vivado/2018.3\lib\classes\batik-util.jar;D:/Vivado/2018.3\lib\classes\batik-xml.jar;D:/Vivado/2018.3\lib\classes\com.ibm.icu_4.4.2.v20110208.jar;D:/Vivado/2018.3\lib\classes\commons-collections4-4.1.jar;D:/Vivado/2018.3\lib\classes\commons-math-2.2.jar;D:/Vivado/2018.3\lib\classes\dom4j-1.6.1.jar;D:/Vivado/2018.3\lib\classes\guava-18.0.jar;D:/Vivado/2018.3\lib\classes\help.jar;D:/Vivado/2018.3\lib\classes\hsqldb.jar;D:/Vivado/2018.3\lib\classes\jargs.jar;D:/Vivado/2018.3\lib\classes\jaxb-api-2.3.0.jar;D:/Vivado/2018.3\lib\classes\jh.jar;D:/Vivado/2018.3\lib\classes\jide-action.jar;D:/Vivado/2018.3\lib\classes\jide-charts.jar;D:/Vivado/2018.3\lib\classes\jide-common.jar;D:/Vivado/2018.3\lib\classes\jide-components.jar;D:/Vivado/2018.3\lib\classes\jide-dashboard.jar;D:/Vivado/2018.3\lib\classes\jide-data.jar;D:/Vivado/2018.3\lib\classes\jide-dialogs.jar;D:/Vivado/2018.3\lib\classes\jide-diff.jar;D:/Vivado/2018.3\lib\classes\jide-dock.jar;D:/Vivado/2018.3\lib\classes\jide-editor.jar;D:/Vivado/2018.3\lib\classes\jide-gantt.jar;D:/Vivado/2018.3\lib\classes\jide-grids.jar;D:/Vivado/2018.3\lib\classes\jide-pivot
Launcher Type: generic

Logging:
Log output configuration:
#0: stdout all=warning uptime,level,tags
#1: stderr all=off uptime,level,tags

Environment Variables:
PATH=D:/Vivado/2018.3/bin;D:/Vivado/2018.3/lib/win64.o;D:/Vivado/2018.3/tps/win64/jre9.0.4/bin/server;D:/Vivado/2018.3/tps/win64/jre9.0.4/bin;D:/SDK/2018.3/bin;D:/Vivado/2018.3/ids_lite/ISE/bin/nt64;D:/Vivado/2018.3/ids_lite/ISE/lib/nt64;C:\Program Files (x86)\Intel\iCLS Client\;C:\ProgramData\Oracle\Java\javapath;C:\Program Files\Intel\iCLS Client\;C:\Windows\system32;C:\Windows;C:\Windows\System32\Wbem;C:\Windows\System32\WindowsPowerShell\v1.0\;C:\Program Files (x86)\NVIDIA Corporation\PhysX\Common;C:\Program Files (x86)\Intel\Intel(R) Management Engine Components\DAL;C:\Program Files\Intel\Intel(R) Management Engine Components\DAL;C:\Program Files (x86)\Intel\Intel(R) Management Engine Components\IPT;C:\Program Files\Intel\Intel(R) Management Engine Components\IPT;C:\WINDOWS\System32\OpenSSH\;C:\Users\Ross Wenzel\AppData\Local\Microsoft\WindowsApps;C:\Users\Ross Wenzel\AppData\Local\GitHubDesktop\bin;D:/Vivado/2018.3\tps\mingw\6.2.0\win64.o\nt\bin;D:/Vivado/2018.3\tps\mingw\6.2.0\win64.o\nt\libexec\gcc\x86_64-w64-mingw32\6.2.0
USERNAME=Ross Wenzel
OS=Windows_NT
PROCESSOR_IDENTIFIER=Intel64 Family 6 Model 158 Stepping 9, GenuineIntel



---------------  S Y S T E M  ---------------

OS: Windows 10 , 64 bit Build 17134 (10.0.17134.556)

CPU:total 8 (initial active 8) (4 cores per cpu, 2 threads per core) family 6 model 158 stepping 9, cmov, cx8, fxsr, mmx, sse, sse2, sse3, ssse3, sse4.1, sse4.2, popcnt, avx, avx2, aes, clmul, erms, 3dnowpref, lzcnt, ht, tsc, tscinvbit, bmi1, bmi2, adx, fma

Memory: 4k page, physical 16647196k(6954224k free), swap 21627932k(5619792k free)

vm_info: Java HotSpot(TM) 64-Bit Server VM (9.0.4+11) for windows-amd64 JRE (9.0.4+11), built on Dec 20 2017 02:18:54 by "mach5one" with MS VC++ 12.0 (VS2013)

END.
