Copyright 1986-2018 Xilinx, Inc. All Rights Reserved.
----------------------------------------------------------------------------------------------------------------------------------------------------------------
| Tool Version     : Vivado v.2018.3 (win64) Build 2405991 Thu Dec  6 23:38:27 MST 2018
| Date             : Mon Mar  4 16:03:31 2019
| Host             : DESKTOP-IRNLGB8 running 64-bit major release  (build 9200)
| Command          : report_power -file d3x7segDisplay_power_routed.rpt -pb d3x7segDisplay_power_summary_routed.pb -rpx d3x7segDisplay_power_routed.rpx
| Design           : d3x7segDisplay
| Device           : xc7a100tcsg324-1
| Design State     : routed
| Grade            : commercial
| Process          : typical
| Characterization : Production
----------------------------------------------------------------------------------------------------------------------------------------------------------------

Power Report

Table of Contents
-----------------
1. Summary
1.1 On-Chip Components
1.2 Power Supply Summary
1.3 Confidence Level
2. Settings
2.1 Environment
2.2 Clock Constraints
3. Detailed Reports
3.1 By Hierarchy

1. Summary
----------

+--------------------------+--------------+
| Total On-Chip Power (W)  | 10.394       |
| Design Power Budget (W)  | Unspecified* |
| Power Budget Margin (W)  | NA           |
| Dynamic (W)              | 10.196       |
| Device Static (W)        | 0.198        |
| Effective TJA (C/W)      | 4.6          |
| Max Ambient (C)          | 37.6         |
| Junction Temperature (C) | 72.4         |
| Confidence Level         | Low          |
| Setting File             | ---          |
| Simulation Activity File | ---          |
| Design Nets Matched      | NA           |
+--------------------------+--------------+
* Specify Design Power Budget using, set_operating_conditions -design_power_budget <value in Watts>


1.1 On-Chip Components
----------------------

+----------------+-----------+----------+-----------+-----------------+
| On-Chip        | Power (W) | Used     | Available | Utilization (%) |
+----------------+-----------+----------+-----------+-----------------+
| Slice Logic    |     0.201 |       66 |       --- |             --- |
|   LUT as Logic |     0.201 |       45 |     63400 |            0.07 |
|   Others       |     0.000 |        1 |       --- |             --- |
| Signals        |     0.381 |       81 |       --- |             --- |
| I/O            |     9.614 |       32 |       210 |           15.24 |
| Static Power   |     0.198 |          |           |                 |
| Total          |    10.394 |          |           |                 |
+----------------+-----------+----------+-----------+-----------------+


1.2 Power Supply Summary
------------------------

+-----------+-------------+-----------+-------------+------------+
| Source    | Voltage (V) | Total (A) | Dynamic (A) | Static (A) |
+-----------+-------------+-----------+-------------+------------+
| Vccint    |       1.000 |     0.742 |       0.646 |      0.096 |
| Vccaux    |       1.800 |     0.378 |       0.350 |      0.028 |
| Vcco33    |       3.300 |     2.707 |       2.703 |      0.004 |
| Vcco25    |       2.500 |     0.000 |       0.000 |      0.000 |
| Vcco18    |       1.800 |     0.000 |       0.000 |      0.000 |
| Vcco15    |       1.500 |     0.000 |       0.000 |      0.000 |
| Vcco135   |       1.350 |     0.000 |       0.000 |      0.000 |
| Vcco12    |       1.200 |     0.000 |       0.000 |      0.000 |
| Vccaux_io |       1.800 |     0.000 |       0.000 |      0.000 |
| Vccbram   |       1.000 |     0.002 |       0.000 |      0.002 |
| MGTAVcc   |       1.000 |     0.000 |       0.000 |      0.000 |
| MGTAVtt   |       1.200 |     0.000 |       0.000 |      0.000 |
| Vccadc    |       1.800 |     0.020 |       0.000 |      0.020 |
+-----------+-------------+-----------+-------------+------------+


1.3 Confidence Level
--------------------

+-----------------------------+------------+--------------------------------------------------------+------------------------------------------------------------------------------------------------------------+
| User Input Data             | Confidence | Details                                                | Action                                                                                                     |
+-----------------------------+------------+--------------------------------------------------------+------------------------------------------------------------------------------------------------------------+
| Design implementation state | High       | Design is routed                                       |                                                                                                            |
| Clock nodes activity        | High       | User specified more than 95% of clocks                 |                                                                                                            |
| I/O nodes activity          | Low        | More than 75% of inputs are missing user specification | Provide missing input activity with simulation results or by editing the "By Resource Type -> I/Os" view   |
| Internal nodes activity     | Medium     | User specified less than 25% of internal nodes         | Provide missing internal nodes activity with simulation results or by editing the "By Resource Type" views |
| Device models               | High       | Device models are Production                           |                                                                                                            |
|                             |            |                                                        |                                                                                                            |
| Overall confidence level    | Low        |                                                        |                                                                                                            |
+-----------------------------+------------+--------------------------------------------------------+------------------------------------------------------------------------------------------------------------+


2. Settings
-----------

2.1 Environment
---------------

+-----------------------+--------------------------+
| Ambient Temp (C)      | 25.0                     |
| ThetaJA (C/W)         | 4.6                      |
| Airflow (LFM)         | 250                      |
| Heat Sink             | medium (Medium Profile)  |
| ThetaSA (C/W)         | 4.6                      |
| Board Selection       | medium (10"x10")         |
| # of Board Layers     | 12to15 (12 to 15 Layers) |
| Board Temperature (C) | 25.0                     |
+-----------------------+--------------------------+


2.2 Clock Constraints
---------------------

+-------+--------+-----------------+
| Clock | Domain | Constraint (ns) |
+-------+--------+-----------------+


3. Detailed Reports
-------------------

3.1 By Hierarchy
----------------

+----------------+-----------+
| Name           | Power (W) |
+----------------+-----------+
| d3x7segDisplay |    10.196 |
|   d1           |     0.153 |
|   u0           |     0.182 |
|     i1         |     0.031 |
|       m5       |     0.031 |
|     i2         |     0.028 |
|       m5       |     0.028 |
|     i3         |     0.024 |
|       m5       |     0.024 |
|     i4         |     0.034 |
|       m5       |     0.034 |
|     i5         |     0.019 |
|       m5       |     0.019 |
|     i6         |     0.023 |
|       m5       |     0.023 |
|     i7         |     0.023 |
|       m5       |     0.023 |
|   u1           |     0.027 |
|     i1         |     0.004 |
|       m5       |     0.004 |
|     i2         |     0.004 |
|       m5       |     0.004 |
|     i3         |     0.003 |
|       m5       |     0.003 |
|     i4         |     0.004 |
|       m5       |     0.004 |
|     i5         |     0.005 |
|       m5       |     0.005 |
|     i6         |     0.004 |
|       m5       |     0.004 |
|     i7         |     0.003 |
|       m5       |     0.003 |
+----------------+-----------+


