Copyright 1986-2016 Xilinx, Inc. All Rights Reserved.
-----------------------------------------------------------------------------------------------
| Tool Version : Vivado v.2016.4 (win64) Build 1756540 Mon Jan 23 19:11:23 MST 2017
| Date         : Sun May 14 19:48:31 2017
| Host         : Brendan-PC running 64-bit Service Pack 1  (build 7601)
| Command      : report_clock_utilization -file Nexys4DdrUserDemo_clock_utilization_routed.rpt
| Design       : Nexys4DdrUserDemo
| Device       : 7a100t-csg324
| Speed File   : -1  PRODUCTION 1.16 2016-11-09
-----------------------------------------------------------------------------------------------

Clock Utilization Report

Table of Contents
-----------------
1. Clock Primitive Utilization
2. Global Clock Resources
3. Global Clock Source Details
4. Local Clock Details
5. Clock Regions: Key Resource Utilization
6. Clock Regions : Global Clock Summary
7. Cell Type Counts per Global Clock: Region X0Y0
8. Cell Type Counts per Global Clock: Region X1Y0
9. Cell Type Counts per Global Clock: Region X0Y1
10. Cell Type Counts per Global Clock: Region X1Y1
11. Cell Type Counts per Global Clock: Region X0Y2
12. Cell Type Counts per Global Clock: Region X1Y2
13. Cell Type Counts per Global Clock: Region X1Y3
14. Load Cell Placement Summary for Global Clock g0
15. Load Cell Placement Summary for Global Clock g1
16. Load Cell Placement Summary for Global Clock g2
17. Load Cell Placement Summary for Global Clock g3
18. Load Cell Placement Summary for Global Clock g4
19. Load Cell Placement Summary for Global Clock g5
20. Load Cell Placement Summary for Global Clock g6

1. Clock Primitive Utilization
------------------------------

+----------+------+-----------+-----+--------------+--------+
| Type     | Used | Available | LOC | Clock Region | Pblock |
+----------+------+-----------+-----+--------------+--------+
| BUFGCTRL |    6 |        32 |   0 |            0 |      0 |
| BUFH     |    1 |        96 |   0 |            0 |      0 |
| BUFIO    |    0 |        24 |   0 |            0 |      0 |
| BUFMR    |    0 |        12 |   0 |            0 |      0 |
| BUFR     |    0 |        24 |   0 |            0 |      0 |
| MMCM     |    3 |         6 |   1 |            0 |      0 |
| PLL      |    1 |         6 |   1 |            0 |      0 |
+----------+------+-----------+-----+--------------+--------+


2. Global Clock Resources
-------------------------

+-----------+-----------+-----------------+------------+----------------+--------------+------+-------------------+-------------------+-------------+-----------------+--------------+----------+---------------------------------------------------------------------------+------------------------------------------------------------------+
| Global Id | Source Id | Driver Type/Pin | Constraint | Site           | Clock Region | Root | Clock Delay Group | Load Clock Region | Clock Loads | Non-Clock Loads | Clock Period | Clock    | Driver Pin                                                                | Net                                                              |
+-----------+-----------+-----------------+------------+----------------+--------------+------+-------------------+-------------------+-------------+-----------------+--------------+----------+---------------------------------------------------------------------------+------------------------------------------------------------------+
| g0        | src0      | BUFG/O          | None       | BUFGCTRL_X0Y0  | n/a          |      |                   |                 3 |        3482 |               0 |       13.333 | Multiple | Inst_Audio/DDR/Inst_DDR/u_ddr_mig/u_ddr2_infrastructure/u_bufg_clkdiv0/O  | Inst_Audio/DDR/Inst_DDR/u_ddr_mig/u_ddr2_infrastructure/CLK      |
| g1        | src1      | BUFG/O          | None       | BUFGCTRL_X0Y17 | n/a          |      |                   |                 6 |        1798 |               0 |       10.000 | Multiple | Inst_ClkGen/inst/clkout1_buf/O                                            | Inst_ClkGen/inst/clk_100MHz_o                                    |
| g2        | src2      | BUFG/O          | None       | BUFGCTRL_X0Y1  | n/a          |      |                   |                 6 |         894 |               0 |        9.259 | Multiple | Inst_VGA/Inst_PxlClkGen/inst/clkout1_buf/O                                | Inst_VGA/Inst_PxlClkGen/inst/CLK_OUT1                            |
| g3        | src1      | BUFG/O          | None       | BUFGCTRL_X0Y16 | n/a          |      |                   |                 1 |          20 |               0 |        5.000 | Multiple | Inst_ClkGen/inst/clkout2_buf/O                                            | Inst_ClkGen/inst/clk_200MHz_o                                    |
| g4        | src3      | BUFH/O          | None       | BUFHCE_X1Y12   | X1Y1         |      |                   |                 1 |           1 |               0 |       13.333 | Multiple | Inst_Audio/DDR/Inst_DDR/u_ddr_mig/u_ddr2_infrastructure/u_bufh_pll_clk3/O | Inst_Audio/DDR/Inst_DDR/u_ddr_mig/u_ddr2_infrastructure/pll_clk3 |
| g5        | src1      | BUFG/O          | None       | BUFGCTRL_X0Y18 | n/a          |      |                   |                 1 |           1 |               0 |       10.000 | Multiple | Inst_ClkGen/inst/clkf_buf/O                                               | Inst_ClkGen/inst/clkfbout_buf_ClkGen                             |
| g6        | src2      | BUFG/O          | None       | BUFGCTRL_X0Y2  | n/a          |      |                   |                 1 |           1 |               0 |       10.000 | Multiple | Inst_VGA/Inst_PxlClkGen/inst/clkf_buf/O                                   | Inst_VGA/Inst_PxlClkGen/inst/clkfbout_buf_PxlClkGen              |
+-----------+-----------+-----------------+------------+----------------+--------------+------+-------------------+-------------------+-------------+-----------------+--------------+----------+---------------------------------------------------------------------------+------------------------------------------------------------------+
* Clock Loads column represents the clock pin loads (pin count)
** Non-Clock Loads column represents the non-clock pin loads (pin count)


3. Global Clock Source Details
------------------------------

+-----------+-----------+---------------------+-----------------+-----------------+--------------+-------------+-----------------+---------------------+--------------+----------------------------------------------------------------------------------+----------------------------------------------------------------------+
| Source Id | Global Id | Driver Type/Pin     | Constraint      | Site            | Clock Region | Clock Loads | Non-Clock Loads | Source Clock Period | Source Clock | Driver Pin                                                                       | Net                                                                  |
+-----------+-----------+---------------------+-----------------+-----------------+--------------+-------------+-----------------+---------------------+--------------+----------------------------------------------------------------------------------+----------------------------------------------------------------------+
| src0      | g0        | MMCME2_ADV/CLKFBOUT | MMCME2_ADV_X1Y1 | MMCME2_ADV_X1Y1 | X1Y1         |           1 |               0 |              13.333 | Multiple     | Inst_Audio/DDR/Inst_DDR/u_ddr_mig/u_ddr2_infrastructure/gen_mmcm.mmcm_i/CLKFBOUT | Inst_Audio/DDR/Inst_DDR/u_ddr_mig/u_ddr2_infrastructure/clk_pll_i    |
| src1      | g1        | MMCME2_ADV/CLKOUT0  | None            | MMCME2_ADV_X1Y2 | X1Y2         |           1 |               0 |              10.000 | Multiple     | Inst_ClkGen/inst/mmcm_adv_inst/CLKOUT0                                           | Inst_ClkGen/inst/clk_100MHz_o_ClkGen                                 |
| src1      | g3        | MMCME2_ADV/CLKOUT1  | None            | MMCME2_ADV_X1Y2 | X1Y2         |           1 |               0 |               5.000 | Multiple     | Inst_ClkGen/inst/mmcm_adv_inst/CLKOUT1                                           | Inst_ClkGen/inst/clk_200MHz_o_ClkGen                                 |
| src1      | g5        | MMCME2_ADV/CLKFBOUT | None            | MMCME2_ADV_X1Y2 | X1Y2         |           1 |               0 |              10.000 | Multiple     | Inst_ClkGen/inst/mmcm_adv_inst/CLKFBOUT                                          | Inst_ClkGen/inst/clkfbout_ClkGen                                     |
| src2      | g2        | MMCME2_ADV/CLKOUT0  | None            | MMCME2_ADV_X0Y0 | X0Y0         |           1 |               0 |               9.259 | Multiple     | Inst_VGA/Inst_PxlClkGen/inst/mmcm_adv_inst/CLKOUT0                               | Inst_VGA/Inst_PxlClkGen/inst/CLK_OUT1_PxlClkGen                      |
| src2      | g6        | MMCME2_ADV/CLKFBOUT | None            | MMCME2_ADV_X0Y0 | X0Y0         |           1 |               0 |              10.000 | Multiple     | Inst_VGA/Inst_PxlClkGen/inst/mmcm_adv_inst/CLKFBOUT                              | Inst_VGA/Inst_PxlClkGen/inst/clkfbout_PxlClkGen                      |
| src3      | g4        | PLLE2_ADV/CLKOUT3   | PLLE2_ADV_X1Y1  | PLLE2_ADV_X1Y1  | X1Y1         |           1 |               0 |              13.333 | Multiple     | Inst_Audio/DDR/Inst_DDR/u_ddr_mig/u_ddr2_infrastructure/plle2_i/CLKOUT3          | Inst_Audio/DDR/Inst_DDR/u_ddr_mig/u_ddr2_infrastructure/pll_clk3_out |
+-----------+-----------+---------------------+-----------------+-----------------+--------------+-------------+-----------------+---------------------+--------------+----------------------------------------------------------------------------------+----------------------------------------------------------------------+
* Clock Loads column represents the clock pin loads (pin count)
** Non-Clock Loads column represents the non-clock pin loads (pin count)


4. Local Clock Details
----------------------

+----------+----------------------------+---------------------+------------------------------------+--------------+-------------+-----------------+--------------+----------+--------------------------------------------------------------------------------------------------------------------------------------------------------------------------------------------------------+-----------------------------------------------------------------------------------------------------------------------------------------------------------------------------------------------------+
| Local Id | Driver Type/Pin            | Constraint          | Site/BEL                           | Clock Region | Clock Loads | Non-Clock Loads | Clock Period | Clock    | Driver Pin                                                                                                                                                                                             | Net                                                                                                                                                                                                 |
+----------+----------------------------+---------------------+------------------------------------+--------------+-------------+-----------------+--------------+----------+--------------------------------------------------------------------------------------------------------------------------------------------------------------------------------------------------------+-----------------------------------------------------------------------------------------------------------------------------------------------------------------------------------------------------+
| 0        | PLLE2_ADV/CLKOUT0          | PLLE2_ADV_X1Y1      | PLLE2_ADV_X1Y1/PLLE2_ADV           | X1Y1         |           5 |               2 |        1.667 | Multiple | Inst_Audio/DDR/Inst_DDR/u_ddr_mig/u_ddr2_infrastructure/plle2_i/CLKOUT0                                                                                                                                | Inst_Audio/DDR/Inst_DDR/u_ddr_mig/u_ddr2_infrastructure/freq_refclk                                                                                                                                 |
| 1        | PHASER_OUT_PHY/OCLKDELAYED | PHASER_OUT_PHY_X1Y4 | PHASER_OUT_PHY_X1Y4/PHASER_OUT_PHY | X1Y1         |           2 |               0 |        3.333 | Multiple | Inst_Audio/DDR/Inst_DDR/u_ddr_mig/u_memc_ui_top_std/mem_intfc0/ddr_phy_top0/u_ddr_mc_phy_wrapper/u_ddr_mc_phy/ddr_phy_4lanes_0.u_ddr_phy_4lanes/ddr_byte_lane_A.ddr_byte_lane_A/phaser_out/OCLKDELAYED | Inst_Audio/DDR/Inst_DDR/u_ddr_mig/u_memc_ui_top_std/mem_intfc0/ddr_phy_top0/u_ddr_mc_phy_wrapper/u_ddr_mc_phy/ddr_phy_4lanes_0.u_ddr_phy_4lanes/ddr_byte_lane_A.ddr_byte_lane_A/oserdes_clk_delayed |
| 2        | PHASER_OUT_PHY/OCLKDELAYED | PHASER_OUT_PHY_X1Y6 | PHASER_OUT_PHY_X1Y6/PHASER_OUT_PHY | X1Y1         |           2 |               0 |        3.333 | Multiple | Inst_Audio/DDR/Inst_DDR/u_ddr_mig/u_memc_ui_top_std/mem_intfc0/ddr_phy_top0/u_ddr_mc_phy_wrapper/u_ddr_mc_phy/ddr_phy_4lanes_0.u_ddr_phy_4lanes/ddr_byte_lane_C.ddr_byte_lane_C/phaser_out/OCLKDELAYED | Inst_Audio/DDR/Inst_DDR/u_ddr_mig/u_memc_ui_top_std/mem_intfc0/ddr_phy_top0/u_ddr_mc_phy_wrapper/u_ddr_mc_phy/ddr_phy_4lanes_0.u_ddr_phy_4lanes/ddr_byte_lane_C.ddr_byte_lane_C/oserdes_clk_delayed |
| 3        | PLLE2_ADV/CLKOUT1          | PLLE2_ADV_X1Y1      | PLLE2_ADV_X1Y1/PLLE2_ADV           | X1Y1         |           1 |               6 |        3.333 | Multiple | Inst_Audio/DDR/Inst_DDR/u_ddr_mig/u_ddr2_infrastructure/plle2_i/CLKOUT1                                                                                                                                | Inst_Audio/DDR/Inst_DDR/u_ddr_mig/u_ddr2_infrastructure/mem_refclk                                                                                                                                  |
+----------+----------------------------+---------------------+------------------------------------+--------------+-------------+-----------------+--------------+----------+--------------------------------------------------------------------------------------------------------------------------------------------------------------------------------------------------------+-----------------------------------------------------------------------------------------------------------------------------------------------------------------------------------------------------+
* Local Clocks in this context represents only clocks driven by non-global buffers
** Clock Loads column represents the clock pin loads (pin count)
*** Non-Clock Loads column represents the non-clock pin loads (pin count)


5. Clock Regions: Key Resource Utilization
------------------------------------------

+-------------------+--------------+--------------+--------------+--------------+--------------+--------------+--------------+--------------+--------------+--------------+--------------+--------------+--------------+--------------+--------------+
|                   | Global Clock |     BUFRs    |    BUFMRs    |    BUFIOs    |     MMCM     |      PLL     |      GT      |      PCI     |    ILOGIC    |    OLOGIC    |      FF      |     LUTM     |    RAMB18    |    RAMB36    |    DSP48E2   |
+-------------------+------+-------+------+-------+------+-------+------+-------+------+-------+------+-------+------+-------+------+-------+------+-------+------+-------+------+-------+------+-------+------+-------+------+-------+------+-------+
| Clock Region Name | Used | Avail | Used | Avail | Used | Avail | Used | Avail | Used | Avail | Used | Avail | Used | Avail | Used | Avail | Used | Avail | Used | Avail | Used | Avail | Used | Avail | Used | Avail | Used | Avail | Used | Avail |
+-------------------+------+-------+------+-------+------+-------+------+-------+------+-------+------+-------+------+-------+------+-------+------+-------+------+-------+------+-------+------+-------+------+-------+------+-------+------+-------+
| X0Y0              |    2 |    12 |    0 |     4 |    0 |     2 |    0 |     4 |    1 |     1 |    0 |     1 |    0 |     0 |    0 |     0 |    0 |    50 |    0 |    50 |    0 |  2600 |    0 |   600 |    0 |    20 |    0 |    10 |    0 |    20 |
| X1Y0              |    3 |    12 |    0 |     0 |    0 |     0 |    0 |     0 |    0 |     0 |    0 |     0 |    0 |     4 |    0 |     0 |    0 |     0 |    0 |     0 |  327 |  1500 |  128 |   550 |    0 |    40 |    1 |    20 |    0 |    40 |
| X0Y1              |    3 |    12 |    0 |     4 |    0 |     2 |    0 |     4 |    0 |     1 |    0 |     1 |    0 |     0 |    0 |     0 |    0 |    50 |    0 |    50 | 1041 |  2000 |  333 |   600 |    0 |    20 |    4 |    10 |    4 |    20 |
| X1Y1              |    5 |    12 |    0 |     4 |    0 |     2 |    0 |     4 |    1 |     1 |    1 |     1 |    0 |     0 |    0 |     0 |    0 |    50 |    4 |    50 | 3583 |  1900 | 1242 |   650 |    0 |    60 |   27 |    30 |    0 |    40 |
| X0Y2              |    2 |    12 |    0 |     4 |    0 |     2 |    0 |     4 |    0 |     1 |    0 |     1 |    0 |     0 |    0 |     0 |    0 |    50 |    0 |    50 |  432 |  2000 |  109 |   600 |    0 |    20 |    0 |    10 |    0 |    20 |
| X1Y2              |    3 |    12 |    0 |     4 |    0 |     2 |    0 |     4 |    1 |     1 |    0 |     1 |    0 |     0 |    0 |     0 |    0 |    50 |    0 |    50 |  532 |  1900 |  198 |   650 |    0 |    60 |   12 |    30 |    0 |    40 |
| X0Y3              |    0 |    12 |    0 |     4 |    0 |     2 |    0 |     4 |    0 |     1 |    0 |     1 |    0 |     0 |    0 |     0 |    0 |    50 |    0 |    50 |    0 |  2600 |    0 |   600 |    0 |    20 |    0 |    10 |    0 |    20 |
| X1Y3              |    1 |    12 |    0 |     0 |    0 |     0 |    0 |     0 |    0 |     0 |    0 |     0 |    0 |     4 |    0 |     1 |    0 |     0 |    0 |     0 |    1 |  1350 |    1 |   500 |    0 |    30 |    0 |    15 |    0 |    40 |
+-------------------+------+-------+------+-------+------+-------+------+-------+------+-------+------+-------+------+-------+------+-------+------+-------+------+-------+------+-------+------+-------+------+-------+------+-------+------+-------+
* Global Clock column represents track count; while other columns represents cell counts


6. Clock Regions : Global Clock Summary
---------------------------------------

+----+----+----+
|    | X0 | X1 |
+----+----+----+
| Y3 |  0 |  1 |
| Y2 |  2 |  3 |
| Y1 |  3 |  5 |
| Y0 |  2 |  3 |
+----+----+----+


7. Cell Type Counts per Global Clock: Region X0Y0
-------------------------------------------------

+-----------+-------+-----------------+------------+-------------+-----------------+----+--------+------+-----+----+------+-----+---------+-----------------------------------------------------+
| Global Id | Track | Driver Type/Pin | Constraint | Clock Loads | Non-Clock Loads | FF | LUTRAM | RAMB | DSP | GT | MMCM | PLL | Hard IP | Net                                                 |
+-----------+-------+-----------------+------------+-------------+-----------------+----+--------+------+-----+----+------+-----+---------+-----------------------------------------------------+
| g1        | n/a   | BUFG/O          | None       |           1 |               0 |  0 |      0 |    0 |   0 |  0 |    1 |   0 |       0 | Inst_ClkGen/inst/clk_100MHz_o                       |
| g6        | n/a   | BUFG/O          | None       |           1 |               0 |  0 |      0 |    0 |   0 |  0 |    1 |   0 |       0 | Inst_VGA/Inst_PxlClkGen/inst/clkfbout_buf_PxlClkGen |
+-----------+-------+-----------------+------------+-------------+-----------------+----+--------+------+-----+----+------+-----+---------+-----------------------------------------------------+
* Clock Loads column represents the clock pin loads (pin count)
** Non-Clock Loads column represents the non-clock pin loads (pin count)
*** Columns FF, LUTRAM, RAMB through 'Hard IP' represents load cell counts


8. Cell Type Counts per Global Clock: Region X1Y0
-------------------------------------------------

+-----------+-------+-----------------+------------+-------------+-----------------+-----+--------+------+-----+----+------+-----+---------+-------------------------------------------------------------+
| Global Id | Track | Driver Type/Pin | Constraint | Clock Loads | Non-Clock Loads | FF  | LUTRAM | RAMB | DSP | GT | MMCM | PLL | Hard IP | Net                                                         |
+-----------+-------+-----------------+------------+-------------+-----------------+-----+--------+------+-----+----+------+-----+---------+-------------------------------------------------------------+
| g0        | n/a   | BUFG/O          | None       |         258 |               0 | 258 |      0 |    0 |   0 |  0 |    0 |   0 |       0 | Inst_Audio/DDR/Inst_DDR/u_ddr_mig/u_ddr2_infrastructure/CLK |
| g1        | n/a   | BUFG/O          | None       |          69 |               0 |  69 |      0 |    0 |   0 |  0 |    0 |   0 |       0 | Inst_ClkGen/inst/clk_100MHz_o                               |
| g2        | n/a   | BUFG/O          | None       |           1 |               0 |   0 |      0 |    1 |   0 |  0 |    0 |   0 |       0 | Inst_VGA/Inst_PxlClkGen/inst/CLK_OUT1                       |
+-----------+-------+-----------------+------------+-------------+-----------------+-----+--------+------+-----+----+------+-----+---------+-------------------------------------------------------------+
* Clock Loads column represents the clock pin loads (pin count)
** Non-Clock Loads column represents the non-clock pin loads (pin count)
*** Columns FF, LUTRAM, RAMB through 'Hard IP' represents load cell counts


9. Cell Type Counts per Global Clock: Region X0Y1
-------------------------------------------------

+-----------+-------+-----------------+------------+-------------+-----------------+-----+--------+------+-----+----+------+-----+---------+-------------------------------------------------------------+
| Global Id | Track | Driver Type/Pin | Constraint | Clock Loads | Non-Clock Loads | FF  | LUTRAM | RAMB | DSP | GT | MMCM | PLL | Hard IP | Net                                                         |
+-----------+-------+-----------------+------------+-------------+-----------------+-----+--------+------+-----+----+------+-----+---------+-------------------------------------------------------------+
| g0        | n/a   | BUFG/O          | None       |          93 |               0 |  93 |      0 |    0 |   0 |  0 |    0 |   0 |       0 | Inst_Audio/DDR/Inst_DDR/u_ddr_mig/u_ddr2_infrastructure/CLK |
| g1        | n/a   | BUFG/O          | None       |         786 |               0 | 767 |     16 |    0 |   3 |  0 |    0 |   0 |       0 | Inst_ClkGen/inst/clk_100MHz_o                               |
| g2        | n/a   | BUFG/O          | None       |         187 |               0 | 181 |      0 |    4 |   1 |  0 |    0 |   0 |       0 | Inst_VGA/Inst_PxlClkGen/inst/CLK_OUT1                       |
+-----------+-------+-----------------+------------+-------------+-----------------+-----+--------+------+-----+----+------+-----+---------+-------------------------------------------------------------+
* Clock Loads column represents the clock pin loads (pin count)
** Non-Clock Loads column represents the non-clock pin loads (pin count)
*** Columns FF, LUTRAM, RAMB through 'Hard IP' represents load cell counts


10. Cell Type Counts per Global Clock: Region X1Y1
--------------------------------------------------

+-----------+-------+-----------------+------------+-------------+-----------------+------+--------+------+-----+----+------+-----+---------+------------------------------------------------------------------+
| Global Id | Track | Driver Type/Pin | Constraint | Clock Loads | Non-Clock Loads | FF   | LUTRAM | RAMB | DSP | GT | MMCM | PLL | Hard IP | Net                                                              |
+-----------+-------+-----------------+------------+-------------+-----------------+------+--------+------+-----+----+------+-----+---------+------------------------------------------------------------------+
| g0        | n/a   | BUFG/O          | None       |        3026 |               0 | 2979 |     17 |    0 |   0 |  0 |    1 |   0 |       0 | Inst_Audio/DDR/Inst_DDR/u_ddr_mig/u_ddr2_infrastructure/CLK      |
| g1        | n/a   | BUFG/O          | None       |         436 |               0 |  436 |      0 |    0 |   0 |  0 |    0 |   0 |       0 | Inst_ClkGen/inst/clk_100MHz_o                                    |
| g2        | n/a   | BUFG/O          | None       |         189 |               0 |  150 |     12 |   27 |   0 |  0 |    0 |   0 |       0 | Inst_VGA/Inst_PxlClkGen/inst/CLK_OUT1                            |
| g3        | n/a   | BUFG/O          | None       |          20 |               0 |   18 |      0 |    0 |   0 |  0 |    0 |   1 |       0 | Inst_ClkGen/inst/clk_200MHz_o                                    |
| g4        | n/a   | BUFH/O          | None       |           1 |               0 |    0 |      0 |    0 |   0 |  0 |    1 |   0 |       0 | Inst_Audio/DDR/Inst_DDR/u_ddr_mig/u_ddr2_infrastructure/pll_clk3 |
+-----------+-------+-----------------+------------+-------------+-----------------+------+--------+------+-----+----+------+-----+---------+------------------------------------------------------------------+
* Clock Loads column represents the clock pin loads (pin count)
** Non-Clock Loads column represents the non-clock pin loads (pin count)
*** Columns FF, LUTRAM, RAMB through 'Hard IP' represents load cell counts


11. Cell Type Counts per Global Clock: Region X0Y2
--------------------------------------------------

+-----------+-------+-----------------+------------+-------------+-----------------+-----+--------+------+-----+----+------+-----+---------+---------------------------------------+
| Global Id | Track | Driver Type/Pin | Constraint | Clock Loads | Non-Clock Loads | FF  | LUTRAM | RAMB | DSP | GT | MMCM | PLL | Hard IP | Net                                   |
+-----------+-------+-----------------+------------+-------------+-----------------+-----+--------+------+-----+----+------+-----+---------+---------------------------------------+
| g1        | n/a   | BUFG/O          | None       |         274 |               0 | 273 |      0 |    0 |   0 |  0 |    0 |   0 |       0 | Inst_ClkGen/inst/clk_100MHz_o         |
| g2        | n/a   | BUFG/O          | None       |         159 |               0 | 159 |      0 |    0 |   0 |  0 |    0 |   0 |       0 | Inst_VGA/Inst_PxlClkGen/inst/CLK_OUT1 |
+-----------+-------+-----------------+------------+-------------+-----------------+-----+--------+------+-----+----+------+-----+---------+---------------------------------------+
* Clock Loads column represents the clock pin loads (pin count)
** Non-Clock Loads column represents the non-clock pin loads (pin count)
*** Columns FF, LUTRAM, RAMB through 'Hard IP' represents load cell counts


12. Cell Type Counts per Global Clock: Region X1Y2
--------------------------------------------------

+-----------+-------+-----------------+------------+-------------+-----------------+-----+--------+------+-----+----+------+-----+---------+---------------------------------------+
| Global Id | Track | Driver Type/Pin | Constraint | Clock Loads | Non-Clock Loads | FF  | LUTRAM | RAMB | DSP | GT | MMCM | PLL | Hard IP | Net                                   |
+-----------+-------+-----------------+------------+-------------+-----------------+-----+--------+------+-----+----+------+-----+---------+---------------------------------------+
| g1        | n/a   | BUFG/O          | None       |         232 |               0 | 232 |      0 |    0 |   0 |  0 |    0 |   0 |       0 | Inst_ClkGen/inst/clk_100MHz_o         |
| g2        | n/a   | BUFG/O          | None       |         312 |               0 | 300 |      0 |   12 |   0 |  0 |    0 |   0 |       0 | Inst_VGA/Inst_PxlClkGen/inst/CLK_OUT1 |
| g5        | n/a   | BUFG/O          | None       |           1 |               0 |   0 |      0 |    0 |   0 |  0 |    1 |   0 |       0 | Inst_ClkGen/inst/clkfbout_buf_ClkGen  |
+-----------+-------+-----------------+------------+-------------+-----------------+-----+--------+------+-----+----+------+-----+---------+---------------------------------------+
* Clock Loads column represents the clock pin loads (pin count)
** Non-Clock Loads column represents the non-clock pin loads (pin count)
*** Columns FF, LUTRAM, RAMB through 'Hard IP' represents load cell counts


13. Cell Type Counts per Global Clock: Region X1Y3
--------------------------------------------------

+-----------+-------+-----------------+------------+-------------+-----------------+----+--------+------+-----+----+------+-----+---------+---------------------------------------+
| Global Id | Track | Driver Type/Pin | Constraint | Clock Loads | Non-Clock Loads | FF | LUTRAM | RAMB | DSP | GT | MMCM | PLL | Hard IP | Net                                   |
+-----------+-------+-----------------+------------+-------------+-----------------+----+--------+------+-----+----+------+-----+---------+---------------------------------------+
| g2        | n/a   | BUFG/O          | None       |           1 |               0 |  1 |      0 |    0 |   0 |  0 |    0 |   0 |       0 | Inst_VGA/Inst_PxlClkGen/inst/CLK_OUT1 |
+-----------+-------+-----------------+------------+-------------+-----------------+----+--------+------+-----+----+------+-----+---------+---------------------------------------+
* Clock Loads column represents the clock pin loads (pin count)
** Non-Clock Loads column represents the non-clock pin loads (pin count)
*** Columns FF, LUTRAM, RAMB through 'Hard IP' represents load cell counts


14. Load Cell Placement Summary for Global Clock g0
---------------------------------------------------

+-----------+-----------------+-------------------+----------+-------------+---------------+----------+-------------+----------+----------------+----------+-------------------------------------------------------------+
| Global Id | Driver Type/Pin | Driver Region (D) | Clock    | Period (ns) | Waveform (ns) | Root (R) | Slice Loads | IO Loads | Clocking Loads | GT Loads | Net                                                         |
+-----------+-----------------+-------------------+----------+-------------+---------------+----------+-------------+----------+----------------+----------+-------------------------------------------------------------+
| g0        | BUFG/O          | n/a               | Multiple |      13.333 | {0.000 6.667} |          |        3376 |        0 |              1 |        0 | Inst_Audio/DDR/Inst_DDR/u_ddr_mig/u_ddr2_infrastructure/CLK |
+-----------+-----------------+-------------------+----------+-------------+---------------+----------+-------------+----------+----------------+----------+-------------------------------------------------------------+
* Slice Loads column represents load cell count of all cell types other than IO, GT and clock resources
** IO Loads column represents load cell count of IO types
*** Clocking Loads column represents load cell count that are clock resources (global clock buffer, MMCM, PLL, etc)
**** GT Loads column represents load cell count of GT types


+----+-----+-------+
|    | X0  | X1    |
+----+-----+-------+
| Y3 |   0 |     0 |
| Y2 |   0 |     0 |
| Y1 |  93 |  3026 |
| Y0 |   0 |   258 |
+----+-----+-------+


15. Load Cell Placement Summary for Global Clock g1
---------------------------------------------------

+-----------+-----------------+-------------------+----------+-------------+---------------+----------+-------------+----------+----------------+----------+-------------------------------+
| Global Id | Driver Type/Pin | Driver Region (D) | Clock    | Period (ns) | Waveform (ns) | Root (R) | Slice Loads | IO Loads | Clocking Loads | GT Loads | Net                           |
+-----------+-----------------+-------------------+----------+-------------+---------------+----------+-------------+----------+----------------+----------+-------------------------------+
| g1        | BUFG/O          | n/a               | Multiple |      10.000 | {0.000 5.000} |          |        1797 |        0 |              1 |        0 | Inst_ClkGen/inst/clk_100MHz_o |
+-----------+-----------------+-------------------+----------+-------------+---------------+----------+-------------+----------+----------------+----------+-------------------------------+
* Slice Loads column represents load cell count of all cell types other than IO, GT and clock resources
** IO Loads column represents load cell count of IO types
*** Clocking Loads column represents load cell count that are clock resources (global clock buffer, MMCM, PLL, etc)
**** GT Loads column represents load cell count of GT types


+----+------+------+
|    | X0   | X1   |
+----+------+------+
| Y3 |    0 |    0 |
| Y2 |  274 |  232 |
| Y1 |  786 |  436 |
| Y0 |    1 |   69 |
+----+------+------+


16. Load Cell Placement Summary for Global Clock g2
---------------------------------------------------

+-----------+-----------------+-------------------+----------+-------------+---------------+----------+-------------+----------+----------------+----------+---------------------------------------+
| Global Id | Driver Type/Pin | Driver Region (D) | Clock    | Period (ns) | Waveform (ns) | Root (R) | Slice Loads | IO Loads | Clocking Loads | GT Loads | Net                                   |
+-----------+-----------------+-------------------+----------+-------------+---------------+----------+-------------+----------+----------------+----------+---------------------------------------+
| g2        | BUFG/O          | n/a               | Multiple |       9.259 | {0.000 4.630} |          |         849 |        0 |              0 |        0 | Inst_VGA/Inst_PxlClkGen/inst/CLK_OUT1 |
+-----------+-----------------+-------------------+----------+-------------+---------------+----------+-------------+----------+----------------+----------+---------------------------------------+
* Slice Loads column represents load cell count of all cell types other than IO, GT and clock resources
** IO Loads column represents load cell count of IO types
*** Clocking Loads column represents load cell count that are clock resources (global clock buffer, MMCM, PLL, etc)
**** GT Loads column represents load cell count of GT types


+----+------+------+
|    | X0   | X1   |
+----+------+------+
| Y3 |    0 |    1 |
| Y2 |  159 |  312 |
| Y1 |  187 |  189 |
| Y0 |    0 |    1 |
+----+------+------+


17. Load Cell Placement Summary for Global Clock g3
---------------------------------------------------

+-----------+-----------------+-------------------+----------+-------------+---------------+----------+-------------+----------+----------------+----------+-------------------------------+
| Global Id | Driver Type/Pin | Driver Region (D) | Clock    | Period (ns) | Waveform (ns) | Root (R) | Slice Loads | IO Loads | Clocking Loads | GT Loads | Net                           |
+-----------+-----------------+-------------------+----------+-------------+---------------+----------+-------------+----------+----------------+----------+-------------------------------+
| g3        | BUFG/O          | n/a               | Multiple |       5.000 | {0.000 2.500} |          |          19 |        0 |              1 |        0 | Inst_ClkGen/inst/clk_200MHz_o |
+-----------+-----------------+-------------------+----------+-------------+---------------+----------+-------------+----------+----------------+----------+-------------------------------+
* Slice Loads column represents load cell count of all cell types other than IO, GT and clock resources
** IO Loads column represents load cell count of IO types
*** Clocking Loads column represents load cell count that are clock resources (global clock buffer, MMCM, PLL, etc)
**** GT Loads column represents load cell count of GT types


+----+----+-----+
|    | X0 | X1  |
+----+----+-----+
| Y3 |  0 |   0 |
| Y2 |  0 |   0 |
| Y1 |  0 |  20 |
| Y0 |  0 |   0 |
+----+----+-----+


18. Load Cell Placement Summary for Global Clock g4
---------------------------------------------------

+-----------+-----------------+-------------------+----------+-------------+---------------+----------+-------------+----------+----------------+----------+------------------------------------------------------------------+
| Global Id | Driver Type/Pin | Driver Region (D) | Clock    | Period (ns) | Waveform (ns) | Root (R) | Slice Loads | IO Loads | Clocking Loads | GT Loads | Net                                                              |
+-----------+-----------------+-------------------+----------+-------------+---------------+----------+-------------+----------+----------------+----------+------------------------------------------------------------------+
| g4        | BUFH/O          | X1Y1              | Multiple |      13.333 | {0.000 6.667} |          |           0 |        0 |              1 |        0 | Inst_Audio/DDR/Inst_DDR/u_ddr_mig/u_ddr2_infrastructure/pll_clk3 |
+-----------+-----------------+-------------------+----------+-------------+---------------+----------+-------------+----------+----------------+----------+------------------------------------------------------------------+
* Slice Loads column represents load cell count of all cell types other than IO, GT and clock resources
** IO Loads column represents load cell count of IO types
*** Clocking Loads column represents load cell count that are clock resources (global clock buffer, MMCM, PLL, etc)
**** GT Loads column represents load cell count of GT types


+----+----+--------+
|    | X0 | X1     |
+----+----+--------+
| Y3 |  0 |      0 |
| Y2 |  0 |      0 |
| Y1 |  0 |  (D) 1 |
| Y0 |  0 |      0 |
+----+----+--------+


19. Load Cell Placement Summary for Global Clock g5
---------------------------------------------------

+-----------+-----------------+-------------------+----------+-------------+---------------+----------+-------------+----------+----------------+----------+--------------------------------------+
| Global Id | Driver Type/Pin | Driver Region (D) | Clock    | Period (ns) | Waveform (ns) | Root (R) | Slice Loads | IO Loads | Clocking Loads | GT Loads | Net                                  |
+-----------+-----------------+-------------------+----------+-------------+---------------+----------+-------------+----------+----------------+----------+--------------------------------------+
| g5        | BUFG/O          | n/a               | Multiple |      10.000 | {0.000 5.000} |          |           0 |        0 |              1 |        0 | Inst_ClkGen/inst/clkfbout_buf_ClkGen |
+-----------+-----------------+-------------------+----------+-------------+---------------+----------+-------------+----------+----------------+----------+--------------------------------------+
* Slice Loads column represents load cell count of all cell types other than IO, GT and clock resources
** IO Loads column represents load cell count of IO types
*** Clocking Loads column represents load cell count that are clock resources (global clock buffer, MMCM, PLL, etc)
**** GT Loads column represents load cell count of GT types


+----+----+----+
|    | X0 | X1 |
+----+----+----+
| Y3 |  0 |  0 |
| Y2 |  0 |  1 |
| Y1 |  0 |  0 |
| Y0 |  0 |  0 |
+----+----+----+


20. Load Cell Placement Summary for Global Clock g6
---------------------------------------------------

+-----------+-----------------+-------------------+----------+-------------+---------------+----------+-------------+----------+----------------+----------+-----------------------------------------------------+
| Global Id | Driver Type/Pin | Driver Region (D) | Clock    | Period (ns) | Waveform (ns) | Root (R) | Slice Loads | IO Loads | Clocking Loads | GT Loads | Net                                                 |
+-----------+-----------------+-------------------+----------+-------------+---------------+----------+-------------+----------+----------------+----------+-----------------------------------------------------+
| g6        | BUFG/O          | n/a               | Multiple |      10.000 | {0.000 5.000} |          |           0 |        0 |              1 |        0 | Inst_VGA/Inst_PxlClkGen/inst/clkfbout_buf_PxlClkGen |
+-----------+-----------------+-------------------+----------+-------------+---------------+----------+-------------+----------+----------------+----------+-----------------------------------------------------+
* Slice Loads column represents load cell count of all cell types other than IO, GT and clock resources
** IO Loads column represents load cell count of IO types
*** Clocking Loads column represents load cell count that are clock resources (global clock buffer, MMCM, PLL, etc)
**** GT Loads column represents load cell count of GT types


+----+----+----+
|    | X0 | X1 |
+----+----+----+
| Y3 |  0 |  0 |
| Y2 |  0 |  0 |
| Y1 |  0 |  0 |
| Y0 |  1 |  0 |
+----+----+----+



# Location of BUFG Primitives 
set_property LOC BUFGCTRL_X0Y2 [get_cells Inst_VGA/Inst_PxlClkGen/inst/clkf_buf]
set_property LOC BUFGCTRL_X0Y1 [get_cells Inst_VGA/Inst_PxlClkGen/inst/clkout1_buf]
set_property LOC BUFGCTRL_X0Y18 [get_cells Inst_ClkGen/inst/clkf_buf]
set_property LOC BUFGCTRL_X0Y16 [get_cells Inst_ClkGen/inst/clkout2_buf]
set_property LOC BUFGCTRL_X0Y17 [get_cells Inst_ClkGen/inst/clkout1_buf]
set_property LOC BUFGCTRL_X0Y0 [get_cells Inst_Audio/DDR/Inst_DDR/u_ddr_mig/u_ddr2_infrastructure/u_bufg_clkdiv0]

# Location of BUFH Primitives 
set_property LOC BUFHCE_X1Y12 [get_cells Inst_Audio/DDR/Inst_DDR/u_ddr_mig/u_ddr2_infrastructure/u_bufh_pll_clk3]

# Location of IO Primitives which is load of clock spine

# Location of clock ports
set_property LOC IOB_X1Y126 [get_ports clk_i]

# Clock net "Inst_VGA/Inst_PxlClkGen/inst/CLK_OUT1" driven by instance "Inst_VGA/Inst_PxlClkGen/inst/clkout1_buf" located at site "BUFGCTRL_X0Y1"
#startgroup
create_pblock {CLKAG_Inst_VGA/Inst_PxlClkGen/inst/CLK_OUT1}
add_cells_to_pblock [get_pblocks  {CLKAG_Inst_VGA/Inst_PxlClkGen/inst/CLK_OUT1}] [get_cells -filter { PRIMITIVE_GROUP != I/O && IS_PRIMITIVE==1 && PRIMITIVE_LEVEL !=INTERNAL } -of_object [get_pins -filter {DIRECTION==IN} -of_objects [get_nets -hierarchical -filter {PARENT=="Inst_VGA/Inst_PxlClkGen/inst/CLK_OUT1"}]]]
resize_pblock [get_pblocks {CLKAG_Inst_VGA/Inst_PxlClkGen/inst/CLK_OUT1}] -add {CLOCKREGION_X0Y1:CLOCKREGION_X0Y1 CLOCKREGION_X0Y2:CLOCKREGION_X0Y2 CLOCKREGION_X1Y0:CLOCKREGION_X1Y0 CLOCKREGION_X1Y1:CLOCKREGION_X1Y1 CLOCKREGION_X1Y2:CLOCKREGION_X1Y2 CLOCKREGION_X1Y3:CLOCKREGION_X1Y3}
#endgroup

# Clock net "Inst_ClkGen/inst/clk_200MHz_o" driven by instance "Inst_ClkGen/inst/clkout2_buf" located at site "BUFGCTRL_X0Y16"
#startgroup
create_pblock {CLKAG_Inst_ClkGen/inst/clk_200MHz_o}
add_cells_to_pblock [get_pblocks  {CLKAG_Inst_ClkGen/inst/clk_200MHz_o}] [get_cells -filter { PRIMITIVE_GROUP != I/O && IS_PRIMITIVE==1 && PRIMITIVE_LEVEL !=INTERNAL && NAME!=Inst_Audio/DDR/Inst_DDR/u_ddr_mig/u_ddr2_infrastructure/plle2_i} -of_object [get_pins -filter {DIRECTION==IN} -of_objects [get_nets -hierarchical -filter {PARENT=="Inst_ClkGen/inst/clk_200MHz_o"}]]]
resize_pblock [get_pblocks {CLKAG_Inst_ClkGen/inst/clk_200MHz_o}] -add {CLOCKREGION_X1Y1:CLOCKREGION_X1Y1}
#endgroup

# Clock net "Inst_ClkGen/inst/clk_100MHz_o" driven by instance "Inst_ClkGen/inst/clkout1_buf" located at site "BUFGCTRL_X0Y17"
#startgroup
create_pblock {CLKAG_Inst_ClkGen/inst/clk_100MHz_o}
add_cells_to_pblock [get_pblocks  {CLKAG_Inst_ClkGen/inst/clk_100MHz_o}] [get_cells -filter { PRIMITIVE_GROUP != I/O && IS_PRIMITIVE==1 && PRIMITIVE_LEVEL !=INTERNAL && NAME!=Inst_VGA/Inst_PxlClkGen/inst/mmcm_adv_inst} -of_object [get_pins -filter {DIRECTION==IN} -of_objects [get_nets -hierarchical -filter {PARENT=="Inst_ClkGen/inst/clk_100MHz_o"}]]]
resize_pblock [get_pblocks {CLKAG_Inst_ClkGen/inst/clk_100MHz_o}] -add {CLOCKREGION_X0Y1:CLOCKREGION_X0Y1 CLOCKREGION_X0Y2:CLOCKREGION_X0Y2 CLOCKREGION_X1Y0:CLOCKREGION_X1Y0 CLOCKREGION_X1Y1:CLOCKREGION_X1Y1 CLOCKREGION_X1Y2:CLOCKREGION_X1Y2}
#endgroup

# Clock net "Inst_Audio/DDR/Inst_DDR/u_ddr_mig/u_ddr2_infrastructure/CLK" driven by instance "Inst_Audio/DDR/Inst_DDR/u_ddr_mig/u_ddr2_infrastructure/u_bufg_clkdiv0" located at site "BUFGCTRL_X0Y0"
#startgroup
create_pblock {CLKAG_Inst_Audio/DDR/Inst_DDR/u_ddr_mig/u_ddr2_infrastructure/CLK}
add_cells_to_pblock [get_pblocks  {CLKAG_Inst_Audio/DDR/Inst_DDR/u_ddr_mig/u_ddr2_infrastructure/CLK}] [get_cells -filter { PRIMITIVE_GROUP != I/O && IS_PRIMITIVE==1 && PRIMITIVE_LEVEL !=INTERNAL && NAME!=Inst_Audio/DDR/Inst_DDR/u_ddr_mig/u_ddr2_infrastructure/gen_mmcm.mmcm_i} -of_object [get_pins -filter {DIRECTION==IN} -of_objects [get_nets -hierarchical -filter {PARENT=="Inst_Audio/DDR/Inst_DDR/u_ddr_mig/u_ddr2_infrastructure/CLK"}]]]
resize_pblock [get_pblocks {CLKAG_Inst_Audio/DDR/Inst_DDR/u_ddr_mig/u_ddr2_infrastructure/CLK}] -add {CLOCKREGION_X0Y1:CLOCKREGION_X0Y1 CLOCKREGION_X1Y0:CLOCKREGION_X1Y0 CLOCKREGION_X1Y1:CLOCKREGION_X1Y1}
#endgroup
