#-----------------------------------------------------------
# Vivado v2018.3 (64-bit)
# SW Build 2405991 on Thu Dec  6 23:38:27 MST 2018
# IP Build 2404404 on Fri Dec  7 01:43:56 MST 2018
# Start of session at: Wed Mar 13 15:21:13 2019
# Process ID: 19204
# Current directory: D:/GitHub/ENES-246/-9ClocksCounters/5_clockUsing7segDisplay
# Command line: vivado.exe -gui_launcher_event rodinguilauncherevent8860 D:\GitHub\ENES-246\-9ClocksCounters\5_clockUsing7segDisplay\HexOrBCD7segDisplay.xpr
# Log file: D:/GitHub/ENES-246/-9ClocksCounters/5_clockUsing7segDisplay/vivado.log
# Journal file: D:/GitHub/ENES-246/-9ClocksCounters/5_clockUsing7segDisplay\vivado.jou
#-----------------------------------------------------------
start_gui
open_project D:/GitHub/ENES-246/-9ClocksCounters/5_clockUsing7segDisplay/HexOrBCD7segDisplay.xpr
INFO: [Project 1-313] Project file moved from 'C:/Users/FoersterGame/Documents/GitHub/ENES246/-9ClocksCounters/5_clockUsing7segDisplay' since last save.
Scanning sources...
Finished scanning sources
WARNING: [filemgmt 56-2] IPUserFilesDir: Could not find the directory 'D:/GitHub/ENES-246/-9ClocksCounters/5_clockUsing7segDisplay/HexOrBCD7segDisplay.ip_user_files', nor could it be found using path 'C:/Users/FoersterGame/Documents/GitHub/ENES246/-9ClocksCounters/5_clockUsing7segDisplay/HexOrBCD7segDisplay.ip_user_files'.
CRITICAL WARNING: [Board 49-67] The board_part definition was not found for digilentinc.com:nexys4_ddr:part0:1.1. This can happen sometimes when you use custom board part. You can resolve this issue by setting 'board.repoPaths' parameter, pointing to the location of custom board files. Valid board_part values can be retrieved with the 'get_board_parts' Tcl command.
INFO: [IP_Flow 19-234] Refreshing IP repositories
INFO: [IP_Flow 19-1704] No user IP repositories specified
INFO: [IP_Flow 19-2313] Loaded Vivado IP repository 'D:/Vivado/2018.3/data/ip'.
open_project: Time (s): cpu = 00:00:19 ; elapsed = 00:00:14 . Memory (MB): peak = 703.438 ; gain = 123.617
update_compile_order -fileset sources_1
exit
INFO: [Common 17-206] Exiting Vivado at Wed Mar 13 15:27:54 2019...
