#-----------------------------------------------------------
# Vivado v2018.3 (64-bit)
# SW Build 2405991 on Thu Dec  6 23:38:27 MST 2018
# IP Build 2404404 on Fri Dec  7 01:43:56 MST 2018
# Start of session at: Sat Feb 23 10:25:21 2019
# Process ID: 16168
# Current directory: C:/Users/FoersterGame/Documents/GitHub/ENES246/-9ClocksCounters/5_clockUsing7segDisplay
# Command line: vivado.exe -gui_launcher_event rodinguilauncherevent18292 C:\Users\FoersterGame\Documents\GitHub\ENES246\-9ClocksCounters\5_clockUsing7segDisplay\HexOrBCD7segDisplay.xpr
# Log file: C:/Users/FoersterGame/Documents/GitHub/ENES246/-9ClocksCounters/5_clockUsing7segDisplay/vivado.log
# Journal file: C:/Users/FoersterGame/Documents/GitHub/ENES246/-9ClocksCounters/5_clockUsing7segDisplay\vivado.jou
#-----------------------------------------------------------
start_gui
open_project C:/Users/FoersterGame/Documents/GitHub/ENES246/-9ClocksCounters/5_clockUsing7segDisplay/HexOrBCD7segDisplay.xpr
INFO: [ProjectBase 1-489] The host OS only allows 260 characters in a normal path. The project is stored in a path with more than 80 characters. If you experience issues with IP, Block Designs, or files not being found, please consider moving the project to a location with a shorter path. Alternately consider using the OS subst command to map part of the path to a drive letter.
Current project path is 'C:/Users/FoersterGame/Documents/GitHub/ENES246/-9ClocksCounters/5_clockUsing7segDisplay'
INFO: [Project 1-313] Project file moved from 'C:/Users/FoersterGame/Documents/GitHub/ENES246/-9ClocksCounters/4_7segWithZeroBlank' since last save.
Scanning sources...
Finished scanning sources
WARNING: [filemgmt 56-2] IPUserFilesDir: Could not find the directory 'C:/Users/FoersterGame/Documents/GitHub/ENES246/-9ClocksCounters/5_clockUsing7segDisplay/HexOrBCD7segDisplay.ip_user_files', nor could it be found using path 'C:/Users/FoersterGame/Documents/GitHub/ENES246/-9ClocksCounters/4_7segWithZeroBlank/HexOrBCD7segDisplay.ip_user_files'.
INFO: [IP_Flow 19-234] Refreshing IP repositories
INFO: [IP_Flow 19-1704] No user IP repositories specified
INFO: [IP_Flow 19-2313] Loaded Vivado IP repository 'C:/Xilinx/Vivado/2018.3/data/ip'.
update_compile_order -fileset sources_1
file mkdir C:/Users/FoersterGame/Documents/GitHub/ENES246/-9ClocksCounters/5_clockUsing7segDisplay/HexOrBCD7segDisplay.srcs/sources_1/new
close [ open C:/Users/FoersterGame/Documents/GitHub/ENES246/-9ClocksCounters/5_clockUsing7segDisplay/HexOrBCD7segDisplay.srcs/sources_1/new/Counter.sv w ]
add_files C:/Users/FoersterGame/Documents/GitHub/ENES246/-9ClocksCounters/5_clockUsing7segDisplay/HexOrBCD7segDisplay.srcs/sources_1/new/Counter.sv
update_compile_order -fileset sources_1
update_compile_order -fileset sources_1
update_compile_order -fileset sources_1
update_compile_order -fileset sources_1
update_compile_order -fileset sources_1
close_project
exit
INFO: [Common 17-206] Exiting Vivado at Sat Feb 23 11:16:04 2019...
