#-----------------------------------------------------------
# Vivado v2018.3 (64-bit)
# SW Build 2405991 on Thu Dec  6 23:38:27 MST 2018
# IP Build 2404404 on Fri Dec  7 01:43:56 MST 2018
# Start of session at: Thu Jan 31 07:43:02 2019
# Process ID: 3792
# Current directory: C:/Users/FoersterGame/Documents/GitHub/ENES246/-1Buffers/multipleLEDs
# Command line: vivado.exe -gui_launcher_event rodinguilauncherevent9272 C:\Users\FoersterGame\Documents\GitHub\ENES246\-1Buffers\multipleLEDs\buffers.xpr
# Log file: C:/Users/FoersterGame/Documents/GitHub/ENES246/-1Buffers/multipleLEDs/vivado.log
# Journal file: C:/Users/FoersterGame/Documents/GitHub/ENES246/-1Buffers/multipleLEDs\vivado.jou
#-----------------------------------------------------------
start_gui
open_project C:/Users/FoersterGame/Documents/GitHub/ENES246/-1Buffers/multipleLEDs/buffers.xpr
INFO: [Project 1-313] Project file moved from 'C:/Users/scott/Documents/GitHub/ENES246/-1Buffers/multipleLEDs' since last save.
Scanning sources...
Finished scanning sources
INFO: [IP_Flow 19-234] Refreshing IP repositories
INFO: [IP_Flow 19-1704] No user IP repositories specified
INFO: [IP_Flow 19-2313] Loaded Vivado IP repository 'C:/Xilinx/Vivado/2018.3/data/ip'.
update_compile_order -fileset sources_1
synth_design -rtl -name rtl_1
Command: synth_design -rtl -name rtl_1
Starting synth_design
Using part: xc7a100tcsg324-1
Top: switchLED
---------------------------------------------------------------------------------
Starting RTL Elaboration : Time (s): cpu = 00:00:01 ; elapsed = 00:00:02 . Memory (MB): peak = 817.355 ; gain = 76.020
---------------------------------------------------------------------------------
INFO: [Synth 8-6157] synthesizing module 'switchLED' [C:/Users/FoersterGame/Documents/GitHub/ENES246/-1Buffers/multipleLEDs/buffers.srcs/sources_1/imports/RTL/Lab1-1Buffers.v:12]
INFO: [Synth 8-6155] done synthesizing module 'switchLED' (1#1) [C:/Users/FoersterGame/Documents/GitHub/ENES246/-1Buffers/multipleLEDs/buffers.srcs/sources_1/imports/RTL/Lab1-1Buffers.v:12]
WARNING: [Synth 8-3330] design switchLED has an empty top module
WARNING: [Synth 8-3917] design switchLED has port LED[15] driven by constant 0
WARNING: [Synth 8-3917] design switchLED has port LED[14] driven by constant 0
WARNING: [Synth 8-3917] design switchLED has port LED[13] driven by constant 0
WARNING: [Synth 8-3917] design switchLED has port LED[12] driven by constant 0
WARNING: [Synth 8-3917] design switchLED has port LED[11] driven by constant 0
WARNING: [Synth 8-3917] design switchLED has port LED[10] driven by constant 0
WARNING: [Synth 8-3917] design switchLED has port LED[9] driven by constant 0
WARNING: [Synth 8-3917] design switchLED has port LED[8] driven by constant 0
WARNING: [Synth 8-3917] design switchLED has port LED[7] driven by constant 0
WARNING: [Synth 8-3917] design switchLED has port LED[6] driven by constant 0
WARNING: [Synth 8-3917] design switchLED has port LED[5] driven by constant 0
WARNING: [Synth 8-3917] design switchLED has port LED[4] driven by constant 0
WARNING: [Synth 8-3917] design switchLED has port LED[3] driven by constant 0
WARNING: [Synth 8-3917] design switchLED has port LED[2] driven by constant 0
WARNING: [Synth 8-3917] design switchLED has port LED[1] driven by constant 0
---------------------------------------------------------------------------------
Finished RTL Elaboration : Time (s): cpu = 00:00:02 ; elapsed = 00:00:02 . Memory (MB): peak = 856.988 ; gain = 115.652
---------------------------------------------------------------------------------

Report Check Netlist: 
+------+------------------+-------+---------+-------+------------------+
|      |Item              |Errors |Warnings |Status |Description       |
+------+------------------+-------+---------+-------+------------------+
|1     |multi_driven_nets |      0|        0|Passed |Multi driven nets |
+------+------------------+-------+---------+-------+------------------+
---------------------------------------------------------------------------------
Start Handling Custom Attributes
---------------------------------------------------------------------------------
---------------------------------------------------------------------------------
Finished Handling Custom Attributes : Time (s): cpu = 00:00:02 ; elapsed = 00:00:02 . Memory (MB): peak = 856.988 ; gain = 115.652
---------------------------------------------------------------------------------
---------------------------------------------------------------------------------
Finished RTL Optimization Phase 1 : Time (s): cpu = 00:00:02 ; elapsed = 00:00:02 . Memory (MB): peak = 856.988 ; gain = 115.652
---------------------------------------------------------------------------------
INFO: [Device 21-403] Loading part xc7a100tcsg324-1
INFO: [Project 1-570] Preparing netlist for logic optimization
INFO: [Opt 31-140] Inserted 1 IBUFs to IO ports without IO buffers.
INFO: [Opt 31-141] Inserted 16 OBUFs to IO ports without IO buffers.

Processing XDC Constraints
Initializing timing engine
Parsing XDC File [C:/Users/FoersterGame/Documents/GitHub/ENES246/-1Buffers/multipleLEDs/buffers.srcs/constrs_1/imports/Vivado_RTL/buffers.xdc]
Finished Parsing XDC File [C:/Users/FoersterGame/Documents/GitHub/ENES246/-1Buffers/multipleLEDs/buffers.srcs/constrs_1/imports/Vivado_RTL/buffers.xdc]
Completed Processing XDC Constraints

INFO: [Opt 31-138] Pushed 0 inverter(s) to 0 load pin(s).
Netlist sorting complete. Time (s): cpu = 00:00:00 ; elapsed = 00:00:00 . Memory (MB): peak = 1154.840 ; gain = 0.000
INFO: [Project 1-111] Unisim Transformation Summary:
No Unisim elements were transformed.

RTL Elaboration Complete:  : Time (s): cpu = 00:00:13 ; elapsed = 00:00:10 . Memory (MB): peak = 1220.164 ; gain = 478.828
8 Infos, 16 Warnings, 0 Critical Warnings and 0 Errors encountered.
synth_design completed successfully
synth_design: Time (s): cpu = 00:00:14 ; elapsed = 00:00:11 . Memory (MB): peak = 1220.164 ; gain = 478.828
reset_run synth_1
launch_runs synth_1 -jobs 4
[Thu Jan 31 07:47:56 2019] Launched synth_1...
Run output will be captured here: C:/Users/FoersterGame/Documents/GitHub/ENES246/-1Buffers/multipleLEDs/buffers.runs/synth_1/runme.log
close_design
open_run synth_1 -name synth_1
Design is defaulting to impl run constrset: constrs_1
Design is defaulting to synth run part: xc7a100tcsg324-1
INFO: [Project 1-479] Netlist was created with Vivado 2018.3
INFO: [Project 1-570] Preparing netlist for logic optimization
Parsing XDC File [C:/Users/FoersterGame/Documents/GitHub/ENES246/-1Buffers/multipleLEDs/buffers.srcs/constrs_1/imports/Vivado_RTL/buffers.xdc]
Finished Parsing XDC File [C:/Users/FoersterGame/Documents/GitHub/ENES246/-1Buffers/multipleLEDs/buffers.srcs/constrs_1/imports/Vivado_RTL/buffers.xdc]
INFO: [Opt 31-138] Pushed 0 inverter(s) to 0 load pin(s).
Netlist sorting complete. Time (s): cpu = 00:00:00 ; elapsed = 00:00:00 . Memory (MB): peak = 1225.379 ; gain = 0.000
INFO: [Project 1-111] Unisim Transformation Summary:
No Unisim elements were transformed.

exit
INFO: [Common 17-206] Exiting Vivado at Thu Jan 31 09:33:45 2019...
